[3.162s] Invoking command in '/home/epiibots/ros2_ws/build/carrinho_base': DEBUGINFOD_URLS=https://debuginfod.ubuntu.com PYTHONPATH=/home/epiibots/ros2_ws/build/carrinho_base/prefix_override:/usr/lib/python3/dist-packages/colcon_core/task/python/colcon_distutils_commands:/home/epiibots/ros2_ws/install/carrinho_base/lib/python3.12/site-packages:${PYTHONPATH} /usr/bin/python3 -W ignore:setup.py install is deprecated -W ignore:easy_install command is deprecated setup.py develop --uninstall --editable --build-directory /home/epiibots/ros2_ws/build/carrinho_base/build
[3.844s] running develop
[4.176s] Removing /home/epiibots/ros2_ws/install/carrinho_base/lib/python3.12/site-packages/carrinho-base.egg-link (link to .)
[4.477s] Invoked command in '/home/epiibots/ros2_ws/build/carrinho_base' returned '0': DEBUGINFOD_URLS=https://debuginfod.ubuntu.com PYTHONPATH=/home/epiibots/ros2_ws/build/carrinho_base/prefix_override:/usr/lib/python3/dist-packages/colcon_core/task/python/colcon_distutils_commands:/home/epiibots/ros2_ws/install/carrinho_base/lib/python3.12/site-packages:${PYTHONPATH} /usr/bin/python3 -W ignore:setup.py install is deprecated -W ignore:easy_install command is deprecated setup.py develop --uninstall --editable --build-directory /home/epiibots/ros2_ws/build/carrinho_base/build
[4.478s] Invoking command in '/home/epiibots/ros2_ws/src/carrinho_base': DEBUGINFOD_URLS=https://debuginfod.ubuntu.com PYTHONPATH=/home/epiibots/ros2_ws/build/carrinho_base/prefix_override:/usr/lib/python3/dist-packages/colcon_core/task/python/colcon_distutils_commands:/home/epiibots/ros2_ws/install/carrinho_base/lib/python3.12/site-packages:${PYTHONPATH} /usr/bin/python3 -W ignore:setup.py install is deprecated -W ignore:easy_install command is deprecated setup.py egg_info --egg-base ../../build/carrinho_base build --build-base /home/epiibots/ros2_ws/build/carrinho_base/build install --record /home/epiibots/ros2_ws/build/carrinho_base/install.log --single-version-externally-managed install_data --force
[5.103s] running egg_info
[5.136s] writing ../../build/carrinho_base/carrinho_base.egg-info/PKG-INFO
[5.136s] writing dependency_links to ../../build/carrinho_base/carrinho_base.egg-info/dependency_links.txt
[5.139s] writing entry points to ../../build/carrinho_base/carrinho_base.egg-info/entry_points.txt
[5.140s] writing requirements to ../../build/carrinho_base/carrinho_base.egg-info/requires.txt
[5.141s] writing top-level names to ../../build/carrinho_base/carrinho_base.egg-info/top_level.txt
[5.209s] reading manifest file '../../build/carrinho_base/carrinho_base.egg-info/SOURCES.txt'
[5.211s] writing manifest file '../../build/carrinho_base/carrinho_base.egg-info/SOURCES.txt'
[5.213s] running build
[5.213s] running build_py
[5.215s] running install
[5.230s] running install_lib
[5.264s] creating /home/epiibots/ros2_ws/install/carrinho_base/lib/python3.12/site-packages/carrinho_base
[5.265s] copying /home/epiibots/ros2_ws/build/carrinho_base/build/lib/carrinho_base/__init__.py -> /home/epiibots/ros2_ws/install/carrinho_base/lib/python3.12/site-packages/carrinho_base
[5.265s] copying /home/epiibots/ros2_ws/build/carrinho_base/build/lib/carrinho_base/motor_control.py -> /home/epiibots/ros2_ws/install/carrinho_base/lib/python3.12/site-packages/carrinho_base
[5.270s] byte-compiling /home/epiibots/ros2_ws/install/carrinho_base/lib/python3.12/site-packages/carrinho_base/__init__.py to __init__.cpython-312.pyc
[5.273s] byte-compiling /home/epiibots/ros2_ws/install/carrinho_base/lib/python3.12/site-packages/carrinho_base/motor_control.py to motor_control.cpython-312.pyc
[5.274s] running install_data
[5.274s] copying resource/carrinho_base -> /home/epiibots/ros2_ws/install/carrinho_base/share/ament_index/resource_index/packages
[5.275s] copying package.xml -> /home/epiibots/ros2_ws/install/carrinho_base/share/carrinho_base
[5.275s] running install_egg_info
[5.312s] Copying ../../build/carrinho_base/carrinho_base.egg-info to /home/epiibots/ros2_ws/install/carrinho_base/lib/python3.12/site-packages/carrinho_base-0.0.0-py3.12.egg-info
[5.317s] running install_scripts
[5.581s] Installing motor_control script to /home/epiibots/ros2_ws/install/carrinho_base/lib/carrinho_base
[5.584s] writing list of installed files to '/home/epiibots/ros2_ws/build/carrinho_base/install.log'
[5.870s] Invoked command in '/home/epiibots/ros2_ws/src/carrinho_base' returned '0': DEBUGINFOD_URLS=https://debuginfod.ubuntu.com PYTHONPATH=/home/epiibots/ros2_ws/build/carrinho_base/prefix_override:/usr/lib/python3/dist-packages/colcon_core/task/python/colcon_distutils_commands:/home/epiibots/ros2_ws/install/carrinho_base/lib/python3.12/site-packages:${PYTHONPATH} /usr/bin/python3 -W ignore:setup.py install is deprecated -W ignore:easy_install command is deprecated setup.py egg_info --egg-base ../../build/carrinho_base build --build-base /home/epiibots/ros2_ws/build/carrinho_base/build install --record /home/epiibots/ros2_ws/build/carrinho_base/install.log --single-version-externally-managed install_data --force
