[0.037s] Invoking command in '/microros_ws/build/micro_ros_msgs': CMAKE_PREFIX_PATH=${CMAKE_PREFIX_PATH}:/opt/ros/humble /usr/bin/cmake /microros_ws/src/uros/micro_ros_msgs -DCMAKE_INSTALL_PREFIX=/microros_ws/install/micro_ros_msgs
[0.191s] -- The C compiler identification is GNU 11.4.0
[0.371s] -- The CXX compiler identification is GNU 11.4.0
[0.385s] -- Detecting C compiler ABI info
[0.549s] -- Detecting C compiler ABI info - done
[0.561s] -- Check for working C compiler: /usr/bin/cc - skipped
[0.561s] -- Detecting C compile features
[0.561s] -- Detecting C compile features - done
[0.567s] -- Detecting CXX compiler ABI info
[0.787s] -- Detecting CXX compiler ABI info - done
[0.798s] -- Check for working CXX compiler: /usr/bin/c++ - skipped
[0.798s] -- Detecting CXX compile features
[0.799s] -- Detecting CXX compile features - done
[0.802s] -- Found ament_cmake: 1.3.13 (/opt/ros/humble/share/ament_cmake/cmake)
[1.084s] -- Found Python3: /usr/bin/python3 (found version "3.10.12") found components: Interpreter 
[1.276s] -- Found rosidl_default_generators: 1.2.0 (/opt/ros/humble/share/rosidl_default_generators/cmake)
[1.278s] -- Using all available rosidl_typesupport_c: rosidl_typesupport_fastrtps_c;rosidl_typesupport_introspection_c
[1.287s] -- Found rosidl_adapter: 3.1.8 (/opt/ros/humble/share/rosidl_adapter/cmake)
[1.348s] -- Using all available rosidl_typesupport_cpp: rosidl_typesupport_fastrtps_cpp;rosidl_typesupport_introspection_cpp
[1.399s] -- Found ament_lint_auto: 0.12.15 (/opt/ros/humble/share/ament_lint_auto/cmake)
[1.887s] -- Found ament_cmake_ros: 0.10.0 (/opt/ros/humble/share/ament_cmake_ros/cmake)
[2.165s] -- Using all available rosidl_typesupport_c: rosidl_typesupport_fastrtps_c;rosidl_typesupport_introspection_c
[2.569s] -- Using all available rosidl_typesupport_cpp: rosidl_typesupport_fastrtps_cpp;rosidl_typesupport_introspection_cpp
[2.640s] -- Found PythonInterp: /usr/bin/python3 (found suitable version "3.10.12", minimum required is "3.6") 
[2.645s] -- Found python_cmake_module: 0.10.0 (/opt/ros/humble/share/python_cmake_module/cmake)
[2.721s] -- Found PythonLibs: /usr/lib/aarch64-linux-gnu/libpython3.10.so (found suitable version "3.10.12", minimum required is "3.5") 
[2.739s] -- Using PYTHON_EXECUTABLE: /usr/bin/python3
[2.740s] -- Using PYTHON_INCLUDE_DIRS: /usr/include/python3.10
[2.740s] -- Using PYTHON_LIBRARIES: /usr/lib/aarch64-linux-gnu/libpython3.10.so
[2.805s] -- Found PythonExtra: .so  
[2.947s] -- Added test 'copyright' to check source files copyright and LICENSE
[2.986s] -- Added test 'lint_cmake' to check CMake code style
[3.010s] -- Added test 'xmllint' to check XML markup files
[3.054s] -- Configuring done
[3.258s] -- Generating done
[3.318s] -- Build files have been written to: /microros_ws/build/micro_ros_msgs
[3.368s] Invoked command in '/microros_ws/build/micro_ros_msgs' returned '0': CMAKE_PREFIX_PATH=${CMAKE_PREFIX_PATH}:/opt/ros/humble /usr/bin/cmake /microros_ws/src/uros/micro_ros_msgs -DCMAKE_INSTALL_PREFIX=/microros_ws/install/micro_ros_msgs
[3.376s] Invoking command in '/microros_ws/build/micro_ros_msgs': CMAKE_PREFIX_PATH=${CMAKE_PREFIX_PATH}:/opt/ros/humble /usr/bin/cmake --build /microros_ws/build/micro_ros_msgs -- -j4 -l4
[3.597s] [  2%] [34m[1mGenerating C code for ROS interfaces[0m
[3.652s] [  4%] [34m[1mGenerating C++ code for ROS interfaces[0m
[3.707s] [  4%] Built target ament_cmake_python_copy_micro_ros_msgs
[4.462s] running egg_info
[4.468s] creating micro_ros_msgs.egg-info
[4.468s] writing micro_ros_msgs.egg-info/PKG-INFO
[4.475s] writing dependency_links to micro_ros_msgs.egg-info/dependency_links.txt
[4.475s] writing top-level names to micro_ros_msgs.egg-info/top_level.txt
[4.475s] writing manifest file 'micro_ros_msgs.egg-info/SOURCES.txt'
[4.486s] reading manifest file 'micro_ros_msgs.egg-info/SOURCES.txt'
[4.486s] writing manifest file 'micro_ros_msgs.egg-info/SOURCES.txt'
[4.677s] [  4%] Built target ament_cmake_python_build_micro_ros_msgs_egg
[5.360s] [  4%] Built target micro_ros_msgs__cpp
[5.445s] [  6%] [34m[1mGenerating C++ type support for eProsima Fast-RTPS[0m
[5.488s] [  8%] [34m[1mGenerating C++ introspection for ROS interfaces[0m
[5.494s] [ 10%] [34m[1mGenerating C++ type support dispatch for ROS interfaces[0m
[5.550s] [ 12%] [32mBuilding C object CMakeFiles/micro_ros_msgs__rosidl_generator_c.dir/rosidl_generator_c/micro_ros_msgs/msg/detail/graph__functions.c.o[0m
[6.020s] [ 14%] [32mBuilding C object CMakeFiles/micro_ros_msgs__rosidl_generator_c.dir/rosidl_generator_c/micro_ros_msgs/msg/detail/node__functions.c.o[0m
[6.175s] [ 17%] [32mBuilding C object CMakeFiles/micro_ros_msgs__rosidl_generator_c.dir/rosidl_generator_c/micro_ros_msgs/msg/detail/entity__functions.c.o[0m
[6.433s] [ 19%] [32m[1mLinking C shared library libmicro_ros_msgs__rosidl_generator_c.so[0m
[6.661s] [ 19%] Built target micro_ros_msgs__rosidl_generator_c
[6.730s] [ 21%] [34m[1mGenerating C type support for eProsima Fast-RTPS[0m
[7.318s] [ 23%] [32mBuilding CXX object CMakeFiles/micro_ros_msgs__rosidl_typesupport_introspection_cpp.dir/rosidl_typesupport_introspection_cpp/micro_ros_msgs/msg/detail/graph__type_support.cpp.o[0m
[7.337s] [ 25%] [32mBuilding CXX object CMakeFiles/micro_ros_msgs__rosidl_typesupport_fastrtps_cpp.dir/rosidl_typesupport_fastrtps_cpp/micro_ros_msgs/msg/detail/dds_fastrtps/graph__type_support.cpp.o[0m
[7.497s] [ 27%] [32mBuilding CXX object CMakeFiles/micro_ros_msgs__rosidl_typesupport_cpp.dir/rosidl_typesupport_cpp/micro_ros_msgs/msg/graph__type_support.cpp.o[0m
[8.911s] [ 29%] [32mBuilding CXX object CMakeFiles/micro_ros_msgs__rosidl_typesupport_fastrtps_c.dir/rosidl_typesupport_fastrtps_c/micro_ros_msgs/msg/detail/graph__type_support_c.cpp.o[0m
[8.983s] [ 31%] [32mBuilding CXX object CMakeFiles/micro_ros_msgs__rosidl_typesupport_cpp.dir/rosidl_typesupport_cpp/micro_ros_msgs/msg/node__type_support.cpp.o[0m
[9.758s] [ 34%] [32mBuilding CXX object CMakeFiles/micro_ros_msgs__rosidl_typesupport_fastrtps_cpp.dir/rosidl_typesupport_fastrtps_cpp/micro_ros_msgs/msg/detail/dds_fastrtps/node__type_support.cpp.o[0m
[10.166s] [ 36%] [32mBuilding CXX object CMakeFiles/micro_ros_msgs__rosidl_typesupport_introspection_cpp.dir/rosidl_typesupport_introspection_cpp/micro_ros_msgs/msg/detail/node__type_support.cpp.o[0m
[10.522s] [ 38%] [32mBuilding CXX object CMakeFiles/micro_ros_msgs__rosidl_typesupport_cpp.dir/rosidl_typesupport_cpp/micro_ros_msgs/msg/entity__type_support.cpp.o[0m
[11.028s] [ 40%] [32mBuilding CXX object CMakeFiles/micro_ros_msgs__rosidl_typesupport_fastrtps_c.dir/rosidl_typesupport_fastrtps_c/micro_ros_msgs/msg/detail/node__type_support_c.cpp.o[0m
[11.633s] [ 42%] [32m[1mLinking CXX shared library libmicro_ros_msgs__rosidl_typesupport_cpp.so[0m
[11.833s] [ 42%] Built target micro_ros_msgs__rosidl_typesupport_cpp
[11.872s] [ 44%] [32mBuilding CXX object CMakeFiles/micro_ros_msgs__rosidl_typesupport_fastrtps_c.dir/rosidl_typesupport_fastrtps_c/micro_ros_msgs/msg/detail/entity__type_support_c.cpp.o[0m
[11.890s] [ 46%] [32mBuilding CXX object CMakeFiles/micro_ros_msgs__rosidl_typesupport_fastrtps_cpp.dir/rosidl_typesupport_fastrtps_cpp/micro_ros_msgs/msg/detail/dds_fastrtps/entity__type_support.cpp.o[0m
[12.447s] [ 48%] [32mBuilding CXX object CMakeFiles/micro_ros_msgs__rosidl_typesupport_introspection_cpp.dir/rosidl_typesupport_introspection_cpp/micro_ros_msgs/msg/detail/entity__type_support.cpp.o[0m
[12.971s] [ 51%] [34m[1mGenerating C introspection for ROS interfaces[0m
[13.411s] [ 53%] [32m[1mLinking CXX shared library libmicro_ros_msgs__rosidl_typesupport_fastrtps_c.so[0m
[13.745s] [ 53%] Built target micro_ros_msgs__rosidl_typesupport_fastrtps_c
[13.806s] [ 55%] [34m[1mGenerating C type support dispatch for ROS interfaces[0m
[14.008s] [ 57%] [32m[1mLinking CXX shared library libmicro_ros_msgs__rosidl_typesupport_fastrtps_cpp.so[0m
[14.020s] [ 59%] [32m[1mLinking CXX shared library libmicro_ros_msgs__rosidl_typesupport_introspection_cpp.so[0m
[14.315s] [ 59%] Built target micro_ros_msgs__rosidl_typesupport_fastrtps_cpp
[14.355s] [ 61%] [32mBuilding C object CMakeFiles/micro_ros_msgs__rosidl_typesupport_introspection_c.dir/rosidl_typesupport_introspection_c/micro_ros_msgs/msg/detail/graph__type_support.c.o[0m
[14.358s] [ 63%] [32mBuilding C object CMakeFiles/micro_ros_msgs__rosidl_typesupport_introspection_c.dir/rosidl_typesupport_introspection_c/micro_ros_msgs/msg/detail/node__type_support.c.o[0m
[14.509s] [ 63%] Built target micro_ros_msgs__rosidl_typesupport_introspection_cpp
[14.512s] [ 65%] [32mBuilding C object CMakeFiles/micro_ros_msgs__rosidl_typesupport_introspection_c.dir/rosidl_typesupport_introspection_c/micro_ros_msgs/msg/detail/entity__type_support.c.o[0m
[14.687s] [ 68%] [32m[1mLinking C shared library libmicro_ros_msgs__rosidl_typesupport_introspection_c.so[0m
[14.848s] [ 68%] Built target micro_ros_msgs__rosidl_typesupport_introspection_c
[14.974s] [ 70%] [32mBuilding CXX object CMakeFiles/micro_ros_msgs__rosidl_typesupport_c.dir/rosidl_typesupport_c/micro_ros_msgs/msg/graph__type_support.cpp.o[0m
[15.011s] [ 74%] [32mBuilding CXX object CMakeFiles/micro_ros_msgs__rosidl_typesupport_c.dir/rosidl_typesupport_c/micro_ros_msgs/msg/entity__type_support.cpp.o[0m
[15.011s] [ 74%] [32mBuilding CXX object CMakeFiles/micro_ros_msgs__rosidl_typesupport_c.dir/rosidl_typesupport_c/micro_ros_msgs/msg/node__type_support.cpp.o[0m
[15.126s] [ 76%] [32m[1mLinking CXX shared library libmicro_ros_msgs__rosidl_typesupport_c.so[0m
[15.228s] [ 76%] Built target micro_ros_msgs__rosidl_typesupport_c
[15.335s] [ 76%] Built target micro_ros_msgs
[15.401s] [ 78%] [34m[1mGenerating Python code for ROS interfaces[0m
[16.915s] [ 78%] Built target micro_ros_msgs__py
[17.030s] [ 80%] [32mBuilding C object CMakeFiles/micro_ros_msgs__rosidl_generator_py.dir/rosidl_generator_py/micro_ros_msgs/msg/_graph_s.c.o[0m
[17.034s] [ 82%] [32mBuilding C object CMakeFiles/micro_ros_msgs__rosidl_generator_py.dir/rosidl_generator_py/micro_ros_msgs/msg/_entity_s.c.o[0m
[17.034s] [ 85%] [32mBuilding C object CMakeFiles/micro_ros_msgs__rosidl_generator_py.dir/rosidl_generator_py/micro_ros_msgs/msg/_node_s.c.o[0m
[17.578s] [ 87%] [32m[1mLinking C shared library rosidl_generator_py/micro_ros_msgs/libmicro_ros_msgs__rosidl_generator_py.so[0m
[17.786s] [ 87%] Built target micro_ros_msgs__rosidl_generator_py
[17.894s] [ 89%] [32mBuilding C object CMakeFiles/micro_ros_msgs__rosidl_typesupport_fastrtps_c__pyext.dir/rosidl_generator_py/micro_ros_msgs/_micro_ros_msgs_s.ep.rosidl_typesupport_fastrtps_c.c.o[0m
[17.895s] [ 91%] [32mBuilding C object CMakeFiles/micro_ros_msgs__rosidl_typesupport_introspection_c__pyext.dir/rosidl_generator_py/micro_ros_msgs/_micro_ros_msgs_s.ep.rosidl_typesupport_introspection_c.c.o[0m
[17.900s] [ 93%] [32mBuilding C object CMakeFiles/micro_ros_msgs__rosidl_typesupport_c__pyext.dir/rosidl_generator_py/micro_ros_msgs/_micro_ros_msgs_s.ep.rosidl_typesupport_c.c.o[0m
[18.356s] [ 95%] [32m[1mLinking C shared library rosidl_generator_py/micro_ros_msgs/micro_ros_msgs_s__rosidl_typesupport_introspection_c.cpython-310-aarch64-linux-gnu.so[0m
[18.359s] [ 97%] [32m[1mLinking C shared library rosidl_generator_py/micro_ros_msgs/micro_ros_msgs_s__rosidl_typesupport_c.cpython-310-aarch64-linux-gnu.so[0m
[18.413s] [100%] [32m[1mLinking C shared library rosidl_generator_py/micro_ros_msgs/micro_ros_msgs_s__rosidl_typesupport_fastrtps_c.cpython-310-aarch64-linux-gnu.so[0m
[18.541s] [100%] Built target micro_ros_msgs__rosidl_typesupport_c__pyext
[18.553s] [100%] Built target micro_ros_msgs__rosidl_typesupport_introspection_c__pyext
[18.607s] [100%] Built target micro_ros_msgs__rosidl_typesupport_fastrtps_c__pyext
[18.668s] Invoked command in '/microros_ws/build/micro_ros_msgs' returned '0': CMAKE_PREFIX_PATH=${CMAKE_PREFIX_PATH}:/opt/ros/humble /usr/bin/cmake --build /microros_ws/build/micro_ros_msgs -- -j4 -l4
[18.676s] Invoking command in '/microros_ws/build/micro_ros_msgs': CMAKE_PREFIX_PATH=${CMAKE_PREFIX_PATH}:/opt/ros/humble /usr/bin/cmake --install /microros_ws/build/micro_ros_msgs
[18.711s] -- Install configuration: ""
[18.711s] -- Installing: /microros_ws/install/micro_ros_msgs/share/ament_index/resource_index/rosidl_interfaces/micro_ros_msgs
[18.711s] -- Installing: /microros_ws/install/micro_ros_msgs/include/micro_ros_msgs/micro_ros_msgs
[18.715s] -- Installing: /microros_ws/install/micro_ros_msgs/include/micro_ros_msgs/micro_ros_msgs/msg
[18.719s] -- Installing: /microros_ws/install/micro_ros_msgs/include/micro_ros_msgs/micro_ros_msgs/msg/entity.h
[18.719s] -- Installing: /microros_ws/install/micro_ros_msgs/include/micro_ros_msgs/micro_ros_msgs/msg/graph.h
[18.719s] -- Installing: /microros_ws/install/micro_ros_msgs/include/micro_ros_msgs/micro_ros_msgs/msg/node.h
[18.719s] -- Installing: /microros_ws/install/micro_ros_msgs/include/micro_ros_msgs/micro_ros_msgs/msg/rosidl_generator_c__visibility_control.h
[18.719s] -- Installing: /microros_ws/install/micro_ros_msgs/include/micro_ros_msgs/micro_ros_msgs/msg/detail
[18.720s] -- Installing: /microros_ws/install/micro_ros_msgs/include/micro_ros_msgs/micro_ros_msgs/msg/detail/graph__struct.h
[18.720s] -- Installing: /microros_ws/install/micro_ros_msgs/include/micro_ros_msgs/micro_ros_msgs/msg/detail/node__functions.h
[18.720s] -- Installing: /microros_ws/install/micro_ros_msgs/include/micro_ros_msgs/micro_ros_msgs/msg/detail/entity__type_support.h
[18.720s] -- Installing: /microros_ws/install/micro_ros_msgs/include/micro_ros_msgs/micro_ros_msgs/msg/detail/node__struct.h
[18.721s] -- Installing: /microros_ws/install/micro_ros_msgs/include/micro_ros_msgs/micro_ros_msgs/msg/detail/graph__type_support.h
[18.722s] -- Installing: /microros_ws/install/micro_ros_msgs/include/micro_ros_msgs/micro_ros_msgs/msg/detail/graph__functions.h
[18.722s] -- Installing: /microros_ws/install/micro_ros_msgs/include/micro_ros_msgs/micro_ros_msgs/msg/detail/entity__functions.c
[18.722s] -- Installing: /microros_ws/install/micro_ros_msgs/include/micro_ros_msgs/micro_ros_msgs/msg/detail/graph__functions.c
[18.723s] -- Installing: /microros_ws/install/micro_ros_msgs/include/micro_ros_msgs/micro_ros_msgs/msg/detail/node__functions.c
[18.726s] -- Installing: /microros_ws/install/micro_ros_msgs/include/micro_ros_msgs/micro_ros_msgs/msg/detail/entity__struct.h
[18.728s] -- Installing: /microros_ws/install/micro_ros_msgs/include/micro_ros_msgs/micro_ros_msgs/msg/detail/node__type_support.h
[18.728s] -- Installing: /microros_ws/install/micro_ros_msgs/include/micro_ros_msgs/micro_ros_msgs/msg/detail/entity__functions.h
[18.728s] -- Installing: /microros_ws/install/micro_ros_msgs/share/micro_ros_msgs/environment/library_path.sh
[18.729s] -- Installing: /microros_ws/install/micro_ros_msgs/share/micro_ros_msgs/environment/library_path.dsv
[18.729s] -- Installing: /microros_ws/install/micro_ros_msgs/lib/libmicro_ros_msgs__rosidl_generator_c.so
[18.735s] -- Set runtime path of "/microros_ws/install/micro_ros_msgs/lib/libmicro_ros_msgs__rosidl_generator_c.so" to ""
[18.736s] -- Up-to-date: /microros_ws/install/micro_ros_msgs/include/micro_ros_msgs/micro_ros_msgs
[18.737s] -- Up-to-date: /microros_ws/install/micro_ros_msgs/include/micro_ros_msgs/micro_ros_msgs/msg
[18.738s] -- Installing: /microros_ws/install/micro_ros_msgs/include/micro_ros_msgs/micro_ros_msgs/msg/rosidl_typesupport_fastrtps_c__visibility_control.h
[18.738s] -- Up-to-date: /microros_ws/install/micro_ros_msgs/include/micro_ros_msgs/micro_ros_msgs/msg/detail
[18.741s] -- Installing: /microros_ws/install/micro_ros_msgs/include/micro_ros_msgs/micro_ros_msgs/msg/detail/node__rosidl_typesupport_fastrtps_c.h
[18.741s] -- Installing: /microros_ws/install/micro_ros_msgs/include/micro_ros_msgs/micro_ros_msgs/msg/detail/graph__rosidl_typesupport_fastrtps_c.h
[18.741s] -- Installing: /microros_ws/install/micro_ros_msgs/include/micro_ros_msgs/micro_ros_msgs/msg/detail/entity__rosidl_typesupport_fastrtps_c.h
[18.742s] -- Installing: /microros_ws/install/micro_ros_msgs/lib/libmicro_ros_msgs__rosidl_typesupport_fastrtps_c.so
[18.745s] -- Set runtime path of "/microros_ws/install/micro_ros_msgs/lib/libmicro_ros_msgs__rosidl_typesupport_fastrtps_c.so" to ""
[18.745s] -- Up-to-date: /microros_ws/install/micro_ros_msgs/include/micro_ros_msgs/micro_ros_msgs
[18.746s] -- Up-to-date: /microros_ws/install/micro_ros_msgs/include/micro_ros_msgs/micro_ros_msgs/msg
[18.746s] -- Installing: /microros_ws/install/micro_ros_msgs/include/micro_ros_msgs/micro_ros_msgs/msg/rosidl_typesupport_introspection_c__visibility_control.h
[18.746s] -- Up-to-date: /microros_ws/install/micro_ros_msgs/include/micro_ros_msgs/micro_ros_msgs/msg/detail
[18.747s] -- Installing: /microros_ws/install/micro_ros_msgs/include/micro_ros_msgs/micro_ros_msgs/msg/detail/graph__rosidl_typesupport_introspection_c.h
[18.748s] -- Installing: /microros_ws/install/micro_ros_msgs/include/micro_ros_msgs/micro_ros_msgs/msg/detail/entity__rosidl_typesupport_introspection_c.h
[18.748s] -- Installing: /microros_ws/install/micro_ros_msgs/include/micro_ros_msgs/micro_ros_msgs/msg/detail/node__type_support.c
[18.748s] -- Installing: /microros_ws/install/micro_ros_msgs/include/micro_ros_msgs/micro_ros_msgs/msg/detail/node__rosidl_typesupport_introspection_c.h
[18.749s] -- Installing: /microros_ws/install/micro_ros_msgs/include/micro_ros_msgs/micro_ros_msgs/msg/detail/entity__type_support.c
[18.752s] -- Installing: /microros_ws/install/micro_ros_msgs/include/micro_ros_msgs/micro_ros_msgs/msg/detail/graph__type_support.c
[18.752s] -- Installing: /microros_ws/install/micro_ros_msgs/lib/libmicro_ros_msgs__rosidl_typesupport_introspection_c.so
[18.752s] -- Set runtime path of "/microros_ws/install/micro_ros_msgs/lib/libmicro_ros_msgs__rosidl_typesupport_introspection_c.so" to ""
[18.752s] -- Installing: /microros_ws/install/micro_ros_msgs/lib/libmicro_ros_msgs__rosidl_typesupport_c.so
[18.752s] -- Set runtime path of "/microros_ws/install/micro_ros_msgs/lib/libmicro_ros_msgs__rosidl_typesupport_c.so" to ""
[18.755s] -- Up-to-date: /microros_ws/install/micro_ros_msgs/include/micro_ros_msgs/micro_ros_msgs
[18.755s] -- Up-to-date: /microros_ws/install/micro_ros_msgs/include/micro_ros_msgs/micro_ros_msgs/msg
[18.756s] -- Installing: /microros_ws/install/micro_ros_msgs/include/micro_ros_msgs/micro_ros_msgs/msg/entity.hpp
[18.758s] -- Installing: /microros_ws/install/micro_ros_msgs/include/micro_ros_msgs/micro_ros_msgs/msg/rosidl_generator_cpp__visibility_control.hpp
[18.761s] -- Installing: /microros_ws/install/micro_ros_msgs/include/micro_ros_msgs/micro_ros_msgs/msg/graph.hpp
[18.761s] -- Up-to-date: /microros_ws/install/micro_ros_msgs/include/micro_ros_msgs/micro_ros_msgs/msg/detail
[18.761s] -- Installing: /microros_ws/install/micro_ros_msgs/include/micro_ros_msgs/micro_ros_msgs/msg/detail/graph__type_support.hpp
[18.761s] -- Installing: /microros_ws/install/micro_ros_msgs/include/micro_ros_msgs/micro_ros_msgs/msg/detail/node__builder.hpp
[18.762s] -- Installing: /microros_ws/install/micro_ros_msgs/include/micro_ros_msgs/micro_ros_msgs/msg/detail/graph__traits.hpp
[18.762s] -- Installing: /microros_ws/install/micro_ros_msgs/include/micro_ros_msgs/micro_ros_msgs/msg/detail/graph__builder.hpp
[18.762s] -- Installing: /microros_ws/install/micro_ros_msgs/include/micro_ros_msgs/micro_ros_msgs/msg/detail/entity__type_support.hpp
[18.762s] -- Installing: /microros_ws/install/micro_ros_msgs/include/micro_ros_msgs/micro_ros_msgs/msg/detail/node__type_support.hpp
[18.764s] -- Installing: /microros_ws/install/micro_ros_msgs/include/micro_ros_msgs/micro_ros_msgs/msg/detail/entity__traits.hpp
[18.764s] -- Installing: /microros_ws/install/micro_ros_msgs/include/micro_ros_msgs/micro_ros_msgs/msg/detail/node__struct.hpp
[18.766s] -- Installing: /microros_ws/install/micro_ros_msgs/include/micro_ros_msgs/micro_ros_msgs/msg/detail/entity__struct.hpp
[18.766s] -- Installing: /microros_ws/install/micro_ros_msgs/include/micro_ros_msgs/micro_ros_msgs/msg/detail/node__traits.hpp
[18.772s] -- Installing: /microros_ws/install/micro_ros_msgs/include/micro_ros_msgs/micro_ros_msgs/msg/detail/entity__builder.hpp
[18.772s] -- Installing: /microros_ws/install/micro_ros_msgs/include/micro_ros_msgs/micro_ros_msgs/msg/detail/graph__struct.hpp
[18.772s] -- Installing: /microros_ws/install/micro_ros_msgs/include/micro_ros_msgs/micro_ros_msgs/msg/node.hpp
[18.772s] -- Up-to-date: /microros_ws/install/micro_ros_msgs/include/micro_ros_msgs/micro_ros_msgs
[18.772s] -- Up-to-date: /microros_ws/install/micro_ros_msgs/include/micro_ros_msgs/micro_ros_msgs/msg
[18.772s] -- Installing: /microros_ws/install/micro_ros_msgs/include/micro_ros_msgs/micro_ros_msgs/msg/rosidl_typesupport_fastrtps_cpp__visibility_control.h
[18.773s] -- Up-to-date: /microros_ws/install/micro_ros_msgs/include/micro_ros_msgs/micro_ros_msgs/msg/detail
[18.773s] -- Installing: /microros_ws/install/micro_ros_msgs/include/micro_ros_msgs/micro_ros_msgs/msg/detail/entity__rosidl_typesupport_fastrtps_cpp.hpp
[18.773s] -- Installing: /microros_ws/install/micro_ros_msgs/include/micro_ros_msgs/micro_ros_msgs/msg/detail/graph__rosidl_typesupport_fastrtps_cpp.hpp
[18.776s] -- Installing: /microros_ws/install/micro_ros_msgs/include/micro_ros_msgs/micro_ros_msgs/msg/detail/node__rosidl_typesupport_fastrtps_cpp.hpp
[18.776s] -- Installing: /microros_ws/install/micro_ros_msgs/include/micro_ros_msgs/micro_ros_msgs/msg/detail/dds_fastrtps
[18.779s] -- Installing: /microros_ws/install/micro_ros_msgs/lib/libmicro_ros_msgs__rosidl_typesupport_fastrtps_cpp.so
[18.779s] -- Set runtime path of "/microros_ws/install/micro_ros_msgs/lib/libmicro_ros_msgs__rosidl_typesupport_fastrtps_cpp.so" to ""
[18.779s] -- Up-to-date: /microros_ws/install/micro_ros_msgs/include/micro_ros_msgs/micro_ros_msgs
[18.780s] -- Up-to-date: /microros_ws/install/micro_ros_msgs/include/micro_ros_msgs/micro_ros_msgs/msg
[18.780s] -- Up-to-date: /microros_ws/install/micro_ros_msgs/include/micro_ros_msgs/micro_ros_msgs/msg/detail
[18.780s] -- Installing: /microros_ws/install/micro_ros_msgs/include/micro_ros_msgs/micro_ros_msgs/msg/detail/graph__type_support.cpp
[18.781s] -- Installing: /microros_ws/install/micro_ros_msgs/include/micro_ros_msgs/micro_ros_msgs/msg/detail/graph__rosidl_typesupport_introspection_cpp.hpp
[18.781s] -- Installing: /microros_ws/install/micro_ros_msgs/include/micro_ros_msgs/micro_ros_msgs/msg/detail/node__type_support.cpp
[18.782s] -- Installing: /microros_ws/install/micro_ros_msgs/include/micro_ros_msgs/micro_ros_msgs/msg/detail/node__rosidl_typesupport_introspection_cpp.hpp
[18.782s] -- Installing: /microros_ws/install/micro_ros_msgs/include/micro_ros_msgs/micro_ros_msgs/msg/detail/entity__rosidl_typesupport_introspection_cpp.hpp
[18.785s] -- Installing: /microros_ws/install/micro_ros_msgs/include/micro_ros_msgs/micro_ros_msgs/msg/detail/entity__type_support.cpp
[18.787s] -- Installing: /microros_ws/install/micro_ros_msgs/lib/libmicro_ros_msgs__rosidl_typesupport_introspection_cpp.so
[18.787s] -- Set runtime path of "/microros_ws/install/micro_ros_msgs/lib/libmicro_ros_msgs__rosidl_typesupport_introspection_cpp.so" to ""
[18.787s] -- Installing: /microros_ws/install/micro_ros_msgs/lib/libmicro_ros_msgs__rosidl_typesupport_cpp.so
[18.790s] -- Set runtime path of "/microros_ws/install/micro_ros_msgs/lib/libmicro_ros_msgs__rosidl_typesupport_cpp.so" to ""
[18.790s] -- Installing: /microros_ws/install/micro_ros_msgs/share/micro_ros_msgs/environment/pythonpath.sh
[18.791s] -- Installing: /microros_ws/install/micro_ros_msgs/share/micro_ros_msgs/environment/pythonpath.dsv
[18.791s] -- Installing: /microros_ws/install/micro_ros_msgs/local/lib/python3.10/dist-packages/micro_ros_msgs-3.0.1-py3.10.egg-info
[18.794s] -- Installing: /microros_ws/install/micro_ros_msgs/local/lib/python3.10/dist-packages/micro_ros_msgs-3.0.1-py3.10.egg-info/top_level.txt
[18.794s] -- Installing: /microros_ws/install/micro_ros_msgs/local/lib/python3.10/dist-packages/micro_ros_msgs-3.0.1-py3.10.egg-info/PKG-INFO
[18.794s] -- Installing: /microros_ws/install/micro_ros_msgs/local/lib/python3.10/dist-packages/micro_ros_msgs-3.0.1-py3.10.egg-info/SOURCES.txt
[18.795s] -- Installing: /microros_ws/install/micro_ros_msgs/local/lib/python3.10/dist-packages/micro_ros_msgs-3.0.1-py3.10.egg-info/dependency_links.txt
[18.795s] -- Installing: /microros_ws/install/micro_ros_msgs/local/lib/python3.10/dist-packages/micro_ros_msgs
[18.795s] -- Installing: /microros_ws/install/micro_ros_msgs/local/lib/python3.10/dist-packages/micro_ros_msgs/msg
[18.795s] -- Installing: /microros_ws/install/micro_ros_msgs/local/lib/python3.10/dist-packages/micro_ros_msgs/msg/_entity_s.c
[18.795s] -- Installing: /microros_ws/install/micro_ros_msgs/local/lib/python3.10/dist-packages/micro_ros_msgs/msg/__init__.py
[18.796s] -- Installing: /microros_ws/install/micro_ros_msgs/local/lib/python3.10/dist-packages/micro_ros_msgs/msg/_entity.py
[18.796s] -- Installing: /microros_ws/install/micro_ros_msgs/local/lib/python3.10/dist-packages/micro_ros_msgs/msg/_graph.py
[18.802s] -- Installing: /microros_ws/install/micro_ros_msgs/local/lib/python3.10/dist-packages/micro_ros_msgs/msg/_node_s.c
[18.802s] -- Installing: /microros_ws/install/micro_ros_msgs/local/lib/python3.10/dist-packages/micro_ros_msgs/msg/_graph_s.c
[18.802s] -- Installing: /microros_ws/install/micro_ros_msgs/local/lib/python3.10/dist-packages/micro_ros_msgs/msg/_node.py
[18.802s] -- Installing: /microros_ws/install/micro_ros_msgs/local/lib/python3.10/dist-packages/micro_ros_msgs/__init__.py
[18.802s] -- Installing: /microros_ws/install/micro_ros_msgs/local/lib/python3.10/dist-packages/micro_ros_msgs/_micro_ros_msgs_s.ep.rosidl_typesupport_c.c
[18.802s] -- Installing: /microros_ws/install/micro_ros_msgs/local/lib/python3.10/dist-packages/micro_ros_msgs/micro_ros_msgs_s__rosidl_typesupport_introspection_c.cpython-310-aarch64-linux-gnu.so
[18.802s] -- Installing: /microros_ws/install/micro_ros_msgs/local/lib/python3.10/dist-packages/micro_ros_msgs/libmicro_ros_msgs__rosidl_generator_py.so
[18.802s] -- Installing: /microros_ws/install/micro_ros_msgs/local/lib/python3.10/dist-packages/micro_ros_msgs/_micro_ros_msgs_s.ep.rosidl_typesupport_introspection_c.c
[18.806s] -- Installing: /microros_ws/install/micro_ros_msgs/local/lib/python3.10/dist-packages/micro_ros_msgs/micro_ros_msgs_s__rosidl_typesupport_c.cpython-310-aarch64-linux-gnu.so
[18.806s] -- Installing: /microros_ws/install/micro_ros_msgs/local/lib/python3.10/dist-packages/micro_ros_msgs/micro_ros_msgs_s__rosidl_typesupport_fastrtps_c.cpython-310-aarch64-linux-gnu.so
[18.806s] -- Installing: /microros_ws/install/micro_ros_msgs/local/lib/python3.10/dist-packages/micro_ros_msgs/_micro_ros_msgs_s.ep.rosidl_typesupport_fastrtps_c.c
[19.047s] Listing '/microros_ws/install/micro_ros_msgs/local/lib/python3.10/dist-packages/micro_ros_msgs'...
[19.048s] Compiling '/microros_ws/install/micro_ros_msgs/local/lib/python3.10/dist-packages/micro_ros_msgs/__init__.py'...
[19.052s] Listing '/microros_ws/install/micro_ros_msgs/local/lib/python3.10/dist-packages/micro_ros_msgs/msg'...
[19.053s] Compiling '/microros_ws/install/micro_ros_msgs/local/lib/python3.10/dist-packages/micro_ros_msgs/msg/__init__.py'...
[19.053s] Compiling '/microros_ws/install/micro_ros_msgs/local/lib/python3.10/dist-packages/micro_ros_msgs/msg/_entity.py'...
[19.053s] Compiling '/microros_ws/install/micro_ros_msgs/local/lib/python3.10/dist-packages/micro_ros_msgs/msg/_graph.py'...
[19.053s] Compiling '/microros_ws/install/micro_ros_msgs/local/lib/python3.10/dist-packages/micro_ros_msgs/msg/_node.py'...
[19.099s] -- Installing: /microros_ws/install/micro_ros_msgs/local/lib/python3.10/dist-packages/micro_ros_msgs/micro_ros_msgs_s__rosidl_typesupport_fastrtps_c.cpython-310-aarch64-linux-gnu.so
[19.100s] -- Set runtime path of "/microros_ws/install/micro_ros_msgs/local/lib/python3.10/dist-packages/micro_ros_msgs/micro_ros_msgs_s__rosidl_typesupport_fastrtps_c.cpython-310-aarch64-linux-gnu.so" to ""
[19.101s] -- Installing: /microros_ws/install/micro_ros_msgs/local/lib/python3.10/dist-packages/micro_ros_msgs/micro_ros_msgs_s__rosidl_typesupport_introspection_c.cpython-310-aarch64-linux-gnu.so
[19.105s] -- Set runtime path of "/microros_ws/install/micro_ros_msgs/local/lib/python3.10/dist-packages/micro_ros_msgs/micro_ros_msgs_s__rosidl_typesupport_introspection_c.cpython-310-aarch64-linux-gnu.so" to ""
[19.105s] -- Installing: /microros_ws/install/micro_ros_msgs/local/lib/python3.10/dist-packages/micro_ros_msgs/micro_ros_msgs_s__rosidl_typesupport_c.cpython-310-aarch64-linux-gnu.so
[19.106s] -- Set runtime path of "/microros_ws/install/micro_ros_msgs/local/lib/python3.10/dist-packages/micro_ros_msgs/micro_ros_msgs_s__rosidl_typesupport_c.cpython-310-aarch64-linux-gnu.so" to ""
[19.107s] -- Installing: /microros_ws/install/micro_ros_msgs/lib/libmicro_ros_msgs__rosidl_generator_py.so
[19.108s] -- Set runtime path of "/microros_ws/install/micro_ros_msgs/lib/libmicro_ros_msgs__rosidl_generator_py.so" to ""
[19.113s] -- Installing: /microros_ws/install/micro_ros_msgs/share/micro_ros_msgs/msg/Graph.idl
[19.113s] -- Installing: /microros_ws/install/micro_ros_msgs/share/micro_ros_msgs/msg/Node.idl
[19.113s] -- Installing: /microros_ws/install/micro_ros_msgs/share/micro_ros_msgs/msg/Entity.idl
[19.113s] -- Installing: /microros_ws/install/micro_ros_msgs/share/micro_ros_msgs/msg/Graph.msg
[19.120s] -- Installing: /microros_ws/install/micro_ros_msgs/share/micro_ros_msgs/msg/Node.msg
[19.120s] -- Installing: /microros_ws/install/micro_ros_msgs/share/micro_ros_msgs/msg/Entity.msg
[19.120s] -- Installing: /microros_ws/install/micro_ros_msgs/share/ament_index/resource_index/package_run_dependencies/micro_ros_msgs
[19.120s] -- Installing: /microros_ws/install/micro_ros_msgs/share/ament_index/resource_index/parent_prefix_path/micro_ros_msgs
[19.120s] -- Installing: /microros_ws/install/micro_ros_msgs/share/micro_ros_msgs/environment/ament_prefix_path.sh
[19.123s] -- Installing: /microros_ws/install/micro_ros_msgs/share/micro_ros_msgs/environment/ament_prefix_path.dsv
[19.123s] -- Installing: /microros_ws/install/micro_ros_msgs/share/micro_ros_msgs/environment/path.sh
[19.124s] -- Installing: /microros_ws/install/micro_ros_msgs/share/micro_ros_msgs/environment/path.dsv
[19.129s] -- Installing: /microros_ws/install/micro_ros_msgs/share/micro_ros_msgs/local_setup.bash
[19.129s] -- Installing: /microros_ws/install/micro_ros_msgs/share/micro_ros_msgs/local_setup.sh
[19.129s] -- Installing: /microros_ws/install/micro_ros_msgs/share/micro_ros_msgs/local_setup.zsh
[19.130s] -- Installing: /microros_ws/install/micro_ros_msgs/share/micro_ros_msgs/local_setup.dsv
[19.131s] -- Installing: /microros_ws/install/micro_ros_msgs/share/micro_ros_msgs/package.dsv
[19.133s] -- Installing: /microros_ws/install/micro_ros_msgs/share/ament_index/resource_index/packages/micro_ros_msgs
[19.133s] -- Installing: /microros_ws/install/micro_ros_msgs/share/micro_ros_msgs/cmake/export_micro_ros_msgs__rosidl_generator_cExport.cmake
[19.136s] -- Installing: /microros_ws/install/micro_ros_msgs/share/micro_ros_msgs/cmake/export_micro_ros_msgs__rosidl_generator_cExport-noconfig.cmake
[19.136s] -- Installing: /microros_ws/install/micro_ros_msgs/share/micro_ros_msgs/cmake/export_micro_ros_msgs__rosidl_typesupport_fastrtps_cExport.cmake
[19.140s] -- Installing: /microros_ws/install/micro_ros_msgs/share/micro_ros_msgs/cmake/export_micro_ros_msgs__rosidl_typesupport_fastrtps_cExport-noconfig.cmake
[19.145s] -- Installing: /microros_ws/install/micro_ros_msgs/share/micro_ros_msgs/cmake/micro_ros_msgs__rosidl_typesupport_introspection_cExport.cmake
[19.145s] -- Installing: /microros_ws/install/micro_ros_msgs/share/micro_ros_msgs/cmake/micro_ros_msgs__rosidl_typesupport_introspection_cExport-noconfig.cmake
[19.148s] -- Installing: /microros_ws/install/micro_ros_msgs/share/micro_ros_msgs/cmake/micro_ros_msgs__rosidl_typesupport_cExport.cmake
[19.152s] -- Installing: /microros_ws/install/micro_ros_msgs/share/micro_ros_msgs/cmake/micro_ros_msgs__rosidl_typesupport_cExport-noconfig.cmake
[19.152s] -- Installing: /microros_ws/install/micro_ros_msgs/share/micro_ros_msgs/cmake/export_micro_ros_msgs__rosidl_generator_cppExport.cmake
[19.153s] -- Installing: /microros_ws/install/micro_ros_msgs/share/micro_ros_msgs/cmake/export_micro_ros_msgs__rosidl_typesupport_fastrtps_cppExport.cmake
[19.153s] -- Installing: /microros_ws/install/micro_ros_msgs/share/micro_ros_msgs/cmake/export_micro_ros_msgs__rosidl_typesupport_fastrtps_cppExport-noconfig.cmake
[19.159s] -- Installing: /microros_ws/install/micro_ros_msgs/share/micro_ros_msgs/cmake/micro_ros_msgs__rosidl_typesupport_introspection_cppExport.cmake
[19.164s] -- Installing: /microros_ws/install/micro_ros_msgs/share/micro_ros_msgs/cmake/micro_ros_msgs__rosidl_typesupport_introspection_cppExport-noconfig.cmake
[19.164s] -- Installing: /microros_ws/install/micro_ros_msgs/share/micro_ros_msgs/cmake/micro_ros_msgs__rosidl_typesupport_cppExport.cmake
[19.165s] -- Installing: /microros_ws/install/micro_ros_msgs/share/micro_ros_msgs/cmake/micro_ros_msgs__rosidl_typesupport_cppExport-noconfig.cmake
[19.170s] -- Installing: /microros_ws/install/micro_ros_msgs/share/micro_ros_msgs/cmake/export_micro_ros_msgs__rosidl_generator_pyExport.cmake
[19.170s] -- Installing: /microros_ws/install/micro_ros_msgs/share/micro_ros_msgs/cmake/export_micro_ros_msgs__rosidl_generator_pyExport-noconfig.cmake
[19.170s] -- Installing: /microros_ws/install/micro_ros_msgs/share/micro_ros_msgs/cmake/rosidl_cmake-extras.cmake
[19.171s] -- Installing: /microros_ws/install/micro_ros_msgs/share/micro_ros_msgs/cmake/ament_cmake_export_include_directories-extras.cmake
[19.171s] -- Installing: /microros_ws/install/micro_ros_msgs/share/micro_ros_msgs/cmake/ament_cmake_export_libraries-extras.cmake
[19.175s] -- Installing: /microros_ws/install/micro_ros_msgs/share/micro_ros_msgs/cmake/ament_cmake_export_targets-extras.cmake
[19.176s] -- Installing: /microros_ws/install/micro_ros_msgs/share/micro_ros_msgs/cmake/rosidl_cmake_export_typesupport_targets-extras.cmake
[19.177s] -- Installing: /microros_ws/install/micro_ros_msgs/share/micro_ros_msgs/cmake/ament_cmake_export_dependencies-extras.cmake
[19.177s] -- Installing: /microros_ws/install/micro_ros_msgs/share/micro_ros_msgs/cmake/rosidl_cmake_export_typesupport_libraries-extras.cmake
[19.177s] -- Installing: /microros_ws/install/micro_ros_msgs/share/micro_ros_msgs/cmake/micro_ros_msgsConfig.cmake
[19.177s] -- Installing: /microros_ws/install/micro_ros_msgs/share/micro_ros_msgs/cmake/micro_ros_msgsConfig-version.cmake
[19.183s] -- Installing: /microros_ws/install/micro_ros_msgs/share/micro_ros_msgs/package.xml
[19.189s] Invoked command in '/microros_ws/build/micro_ros_msgs' returned '0': CMAKE_PREFIX_PATH=${CMAKE_PREFIX_PATH}:/opt/ros/humble /usr/bin/cmake --install /microros_ws/build/micro_ros_msgs
