[2.124s] Invoking command in '/home/epiibots/ros2_ws/src/bno055': DEBUGINFOD_URLS=https://debuginfod.ubuntu.com PYTHONPATH=/home/epiibots/ros2_ws/build/bno055/prefix_override:/usr/lib/python3/dist-packages/colcon_core/task/python/colcon_distutils_commands:/home/epiibots/ros2_ws/install/bno055/lib/python3.12/site-packages:${PYTHONPATH} /usr/bin/python3 -W ignore:setup.py install is deprecated -W ignore:easy_install command is deprecated setup.py egg_info --egg-base ../../build/bno055 build --build-base /home/epiibots/ros2_ws/build/bno055/build install --record /home/epiibots/ros2_ws/build/bno055/install.log --single-version-externally-managed install_data
[2.853s] running egg_info
[2.883s] writing ../../build/bno055/bno055.egg-info/PKG-INFO
[2.884s] writing dependency_links to ../../build/bno055/bno055.egg-info/dependency_links.txt
[2.888s] writing entry points to ../../build/bno055/bno055.egg-info/entry_points.txt
[2.889s] writing requirements to ../../build/bno055/bno055.egg-info/requires.txt
[2.892s] writing top-level names to ../../build/bno055/bno055.egg-info/top_level.txt
[3.052s] reading manifest file '../../build/bno055/bno055.egg-info/SOURCES.txt'
[3.056s] adding license file 'LICENSE'
[3.056s] adding license file 'AUTHORS'
[3.059s] writing manifest file '../../build/bno055/bno055.egg-info/SOURCES.txt'
[3.061s] running build
[3.063s] running build_py
[3.072s] running install
[3.096s] running install_lib
[3.164s] running install_data
[3.166s] running install_egg_info
[3.282s] removing '/home/epiibots/ros2_ws/install/bno055/lib/python3.12/site-packages/bno055-0.5.0-py3.12.egg-info' (and everything under it)
[3.282s] Copying ../../build/bno055/bno055.egg-info to /home/epiibots/ros2_ws/install/bno055/lib/python3.12/site-packages/bno055-0.5.0-py3.12.egg-info
[3.288s] running install_scripts
[3.645s] Installing bno055 script to /home/epiibots/ros2_ws/install/bno055/lib/bno055
[3.647s] writing list of installed files to '/home/epiibots/ros2_ws/build/bno055/install.log'
[3.901s] Invoked command in '/home/epiibots/ros2_ws/src/bno055' returned '0': DEBUGINFOD_URLS=https://debuginfod.ubuntu.com PYTHONPATH=/home/epiibots/ros2_ws/build/bno055/prefix_override:/usr/lib/python3/dist-packages/colcon_core/task/python/colcon_distutils_commands:/home/epiibots/ros2_ws/install/bno055/lib/python3.12/site-packages:${PYTHONPATH} /usr/bin/python3 -W ignore:setup.py install is deprecated -W ignore:easy_install command is deprecated setup.py egg_info --egg-base ../../build/bno055 build --build-base /home/epiibots/ros2_ws/build/bno055/build install --record /home/epiibots/ros2_ws/build/bno055/install.log --single-version-externally-managed install_data
