[0.142s] DEBUG:colcon:Command line arguments: ['/usr/bin/colcon', 'build', '--packages-select', 'rplidar_ros']
[0.142s] DEBUG:colcon:Parsed command line arguments: Namespace(log_base=None, log_level=None, verb_name='build', build_base='build', install_base='install', merge_install=False, symlink_install=False, test_result_base=None, continue_on_error=False, executor='parallel', parallel_workers=4, event_handlers=None, ignore_user_meta=False, metas=['./colcon.meta'], base_paths=['.'], packages_ignore=None, packages_ignore_regex=None, paths=None, packages_up_to=None, packages_up_to_regex=None, packages_above=None, packages_above_and_dependencies=None, packages_above_depth=None, packages_select_by_dep=None, packages_skip_by_dep=None, packages_skip_up_to=None, packages_select_build_failed=False, packages_skip_build_finished=False, packages_select_test_failures=False, packages_skip_test_passed=False, packages_select=['rplidar_ros'], packages_skip=None, packages_select_regex=None, packages_skip_regex=None, packages_start=None, packages_end=None, allow_overriding=[], cmake_args=None, cmake_target=None, cmake_target_skip_unavailable=False, cmake_clean_cache=False, cmake_clean_first=False, cmake_force_configure=False, ament_cmake_args=None, catkin_cmake_args=None, catkin_skip_building_tests=False, mixin_files=None, mixin=None, verb_parser=<colcon_mixin.mixin.mixin_argument.MixinArgumentDecorator object at 0xffffa98c6f60>, verb_extension=<colcon_core.verb.build.BuildVerb object at 0xffffa9a7b3b0>, main=<bound method BuildVerb.main of <colcon_core.verb.build.BuildVerb object at 0xffffa9a7b3b0>>, mixin_verb=('build',))
[0.197s] Level 1:colcon.colcon_core.package_discovery:discover_packages(colcon_meta) check parameters
[0.197s] Level 1:colcon.colcon_core.package_discovery:discover_packages(recursive) check parameters
[0.197s] Level 1:colcon.colcon_core.package_discovery:discover_packages(ignore) check parameters
[0.197s] Level 1:colcon.colcon_core.package_discovery:discover_packages(path) check parameters
[0.197s] Level 1:colcon.colcon_core.package_discovery:discover_packages(colcon_meta) discover
[0.198s] Level 1:colcon.colcon_core.package_discovery:discover_packages(recursive) discover
[0.198s] INFO:colcon.colcon_core.package_discovery:Crawling recursively for packages in '/home/epiibots/ros2_ws'
[0.198s] Level 1:colcon.colcon_core.package_identification:_identify(.) by extensions ['ignore', 'ignore_ament_install']
[0.198s] Level 1:colcon.colcon_core.package_identification:_identify(.) by extension 'ignore'
[0.198s] Level 1:colcon.colcon_core.package_identification:_identify(.) by extension 'ignore_ament_install'
[0.198s] Level 1:colcon.colcon_core.package_identification:_identify(.) by extensions ['colcon_pkg']
[0.198s] Level 1:colcon.colcon_core.package_identification:_identify(.) by extension 'colcon_pkg'
[0.198s] Level 1:colcon.colcon_core.package_identification:_identify(.) by extensions ['colcon_meta']
[0.198s] Level 1:colcon.colcon_core.package_identification:_identify(.) by extension 'colcon_meta'
[0.198s] Level 1:colcon.colcon_core.package_identification:_identify(.) by extensions ['ros']
[0.198s] Level 1:colcon.colcon_core.package_identification:_identify(.) by extension 'ros'
[0.235s] Level 1:colcon.colcon_core.package_identification:_identify(.) by extensions ['cmake', 'python']
[0.235s] Level 1:colcon.colcon_core.package_identification:_identify(.) by extension 'cmake'
[0.235s] Level 1:colcon.colcon_core.package_identification:_identify(.) by extension 'python'
[0.236s] Level 1:colcon.colcon_core.package_identification:_identify(.) by extensions ['python_setup_py']
[0.236s] Level 1:colcon.colcon_core.package_identification:_identify(.) by extension 'python_setup_py'
[0.236s] Level 1:colcon.colcon_core.package_identification:_identify(build) by extensions ['ignore', 'ignore_ament_install']
[0.236s] Level 1:colcon.colcon_core.package_identification:_identify(build) by extension 'ignore'
[0.236s] Level 1:colcon.colcon_core.package_identification:_identify(build) ignored
[0.236s] Level 1:colcon.colcon_core.package_identification:_identify(install) by extensions ['ignore', 'ignore_ament_install']
[0.236s] Level 1:colcon.colcon_core.package_identification:_identify(install) by extension 'ignore'
[0.236s] Level 1:colcon.colcon_core.package_identification:_identify(install) ignored
[0.236s] Level 1:colcon.colcon_core.package_identification:_identify(log) by extensions ['ignore', 'ignore_ament_install']
[0.237s] Level 1:colcon.colcon_core.package_identification:_identify(log) by extension 'ignore'
[0.237s] Level 1:colcon.colcon_core.package_identification:_identify(log) ignored
[0.237s] Level 1:colcon.colcon_core.package_identification:_identify(src) by extensions ['ignore', 'ignore_ament_install']
[0.237s] Level 1:colcon.colcon_core.package_identification:_identify(src) by extension 'ignore'
[0.237s] Level 1:colcon.colcon_core.package_identification:_identify(src) by extension 'ignore_ament_install'
[0.237s] Level 1:colcon.colcon_core.package_identification:_identify(src) by extensions ['colcon_pkg']
[0.237s] Level 1:colcon.colcon_core.package_identification:_identify(src) by extension 'colcon_pkg'
[0.237s] Level 1:colcon.colcon_core.package_identification:_identify(src) by extensions ['colcon_meta']
[0.237s] Level 1:colcon.colcon_core.package_identification:_identify(src) by extension 'colcon_meta'
[0.237s] Level 1:colcon.colcon_core.package_identification:_identify(src) by extensions ['ros']
[0.237s] Level 1:colcon.colcon_core.package_identification:_identify(src) by extension 'ros'
[0.237s] Level 1:colcon.colcon_core.package_identification:_identify(src) by extensions ['cmake', 'python']
[0.237s] Level 1:colcon.colcon_core.package_identification:_identify(src) by extension 'cmake'
[0.237s] Level 1:colcon.colcon_core.package_identification:_identify(src) by extension 'python'
[0.237s] Level 1:colcon.colcon_core.package_identification:_identify(src) by extensions ['python_setup_py']
[0.237s] Level 1:colcon.colcon_core.package_identification:_identify(src) by extension 'python_setup_py'
[0.238s] Level 1:colcon.colcon_core.package_identification:_identify(src/autonomous-miniature-vehicle-development-visual-localization-stage) by extensions ['ignore', 'ignore_ament_install']
[0.238s] Level 1:colcon.colcon_core.package_identification:_identify(src/autonomous-miniature-vehicle-development-visual-localization-stage) by extension 'ignore'
[0.238s] Level 1:colcon.colcon_core.package_identification:_identify(src/autonomous-miniature-vehicle-development-visual-localization-stage) by extension 'ignore_ament_install'
[0.238s] Level 1:colcon.colcon_core.package_identification:_identify(src/autonomous-miniature-vehicle-development-visual-localization-stage) by extensions ['colcon_pkg']
[0.238s] Level 1:colcon.colcon_core.package_identification:_identify(src/autonomous-miniature-vehicle-development-visual-localization-stage) by extension 'colcon_pkg'
[0.238s] Level 1:colcon.colcon_core.package_identification:_identify(src/autonomous-miniature-vehicle-development-visual-localization-stage) by extensions ['colcon_meta']
[0.238s] Level 1:colcon.colcon_core.package_identification:_identify(src/autonomous-miniature-vehicle-development-visual-localization-stage) by extension 'colcon_meta'
[0.238s] Level 1:colcon.colcon_core.package_identification:_identify(src/autonomous-miniature-vehicle-development-visual-localization-stage) by extensions ['ros']
[0.238s] Level 1:colcon.colcon_core.package_identification:_identify(src/autonomous-miniature-vehicle-development-visual-localization-stage) by extension 'ros'
[0.238s] Level 1:colcon.colcon_core.package_identification:_identify(src/autonomous-miniature-vehicle-development-visual-localization-stage) by extensions ['cmake', 'python']
[0.238s] Level 1:colcon.colcon_core.package_identification:_identify(src/autonomous-miniature-vehicle-development-visual-localization-stage) by extension 'cmake'
[0.238s] Level 1:colcon.colcon_core.package_identification:_identify(src/autonomous-miniature-vehicle-development-visual-localization-stage) by extension 'python'
[0.238s] Level 1:colcon.colcon_core.package_identification:_identify(src/autonomous-miniature-vehicle-development-visual-localization-stage) by extensions ['python_setup_py']
[0.238s] Level 1:colcon.colcon_core.package_identification:_identify(src/autonomous-miniature-vehicle-development-visual-localization-stage) by extension 'python_setup_py'
[0.238s] Level 1:colcon.colcon_core.package_identification:_identify(src/autonomous-miniature-vehicle-development-visual-localization-stage/build) by extensions ['ignore', 'ignore_ament_install']
[0.239s] Level 1:colcon.colcon_core.package_identification:_identify(src/autonomous-miniature-vehicle-development-visual-localization-stage/build) by extension 'ignore'
[0.239s] Level 1:colcon.colcon_core.package_identification:_identify(src/autonomous-miniature-vehicle-development-visual-localization-stage/build) ignored
[0.239s] Level 1:colcon.colcon_core.package_identification:_identify(src/autonomous-miniature-vehicle-development-visual-localization-stage/install) by extensions ['ignore', 'ignore_ament_install']
[0.239s] Level 1:colcon.colcon_core.package_identification:_identify(src/autonomous-miniature-vehicle-development-visual-localization-stage/install) by extension 'ignore'
[0.239s] Level 1:colcon.colcon_core.package_identification:_identify(src/autonomous-miniature-vehicle-development-visual-localization-stage/install) ignored
[0.239s] Level 1:colcon.colcon_core.package_identification:_identify(src/autonomous-miniature-vehicle-development-visual-localization-stage/log) by extensions ['ignore', 'ignore_ament_install']
[0.239s] Level 1:colcon.colcon_core.package_identification:_identify(src/autonomous-miniature-vehicle-development-visual-localization-stage/log) by extension 'ignore'
[0.239s] Level 1:colcon.colcon_core.package_identification:_identify(src/autonomous-miniature-vehicle-development-visual-localization-stage/log) ignored
[0.239s] Level 1:colcon.colcon_core.package_identification:_identify(src/autonomous-miniature-vehicle-development-visual-localization-stage/src) by extensions ['ignore', 'ignore_ament_install']
[0.239s] Level 1:colcon.colcon_core.package_identification:_identify(src/autonomous-miniature-vehicle-development-visual-localization-stage/src) by extension 'ignore'
[0.239s] Level 1:colcon.colcon_core.package_identification:_identify(src/autonomous-miniature-vehicle-development-visual-localization-stage/src) by extension 'ignore_ament_install'
[0.239s] Level 1:colcon.colcon_core.package_identification:_identify(src/autonomous-miniature-vehicle-development-visual-localization-stage/src) by extensions ['colcon_pkg']
[0.240s] Level 1:colcon.colcon_core.package_identification:_identify(src/autonomous-miniature-vehicle-development-visual-localization-stage/src) by extension 'colcon_pkg'
[0.240s] Level 1:colcon.colcon_core.package_identification:_identify(src/autonomous-miniature-vehicle-development-visual-localization-stage/src) by extensions ['colcon_meta']
[0.240s] Level 1:colcon.colcon_core.package_identification:_identify(src/autonomous-miniature-vehicle-development-visual-localization-stage/src) by extension 'colcon_meta'
[0.240s] Level 1:colcon.colcon_core.package_identification:_identify(src/autonomous-miniature-vehicle-development-visual-localization-stage/src) by extensions ['ros']
[0.240s] Level 1:colcon.colcon_core.package_identification:_identify(src/autonomous-miniature-vehicle-development-visual-localization-stage/src) by extension 'ros'
[0.240s] Level 1:colcon.colcon_core.package_identification:_identify(src/autonomous-miniature-vehicle-development-visual-localization-stage/src) by extensions ['cmake', 'python']
[0.240s] Level 1:colcon.colcon_core.package_identification:_identify(src/autonomous-miniature-vehicle-development-visual-localization-stage/src) by extension 'cmake'
[0.240s] Level 1:colcon.colcon_core.package_identification:_identify(src/autonomous-miniature-vehicle-development-visual-localization-stage/src) by extension 'python'
[0.240s] Level 1:colcon.colcon_core.package_identification:_identify(src/autonomous-miniature-vehicle-development-visual-localization-stage/src) by extensions ['python_setup_py']
[0.240s] Level 1:colcon.colcon_core.package_identification:_identify(src/autonomous-miniature-vehicle-development-visual-localization-stage/src) by extension 'python_setup_py'
[0.240s] Level 1:colcon.colcon_core.package_identification:_identify(src/autonomous-miniature-vehicle-development-visual-localization-stage/src/bno055) by extensions ['ignore', 'ignore_ament_install']
[0.240s] Level 1:colcon.colcon_core.package_identification:_identify(src/autonomous-miniature-vehicle-development-visual-localization-stage/src/bno055) by extension 'ignore'
[0.240s] Level 1:colcon.colcon_core.package_identification:_identify(src/autonomous-miniature-vehicle-development-visual-localization-stage/src/bno055) by extension 'ignore_ament_install'
[0.240s] Level 1:colcon.colcon_core.package_identification:_identify(src/autonomous-miniature-vehicle-development-visual-localization-stage/src/bno055) by extensions ['colcon_pkg']
[0.240s] Level 1:colcon.colcon_core.package_identification:_identify(src/autonomous-miniature-vehicle-development-visual-localization-stage/src/bno055) by extension 'colcon_pkg'
[0.240s] Level 1:colcon.colcon_core.package_identification:_identify(src/autonomous-miniature-vehicle-development-visual-localization-stage/src/bno055) by extensions ['colcon_meta']
[0.240s] Level 1:colcon.colcon_core.package_identification:_identify(src/autonomous-miniature-vehicle-development-visual-localization-stage/src/bno055) by extension 'colcon_meta'
[0.241s] Level 1:colcon.colcon_core.package_identification:_identify(src/autonomous-miniature-vehicle-development-visual-localization-stage/src/bno055) by extensions ['ros']
[0.241s] Level 1:colcon.colcon_core.package_identification:_identify(src/autonomous-miniature-vehicle-development-visual-localization-stage/src/bno055) by extension 'ros'
[0.241s] Level 1:colcon.colcon_core.package_identification:_identify(src/autonomous-miniature-vehicle-development-visual-localization-stage/src/bno055) by extensions ['cmake', 'python']
[0.241s] Level 1:colcon.colcon_core.package_identification:_identify(src/autonomous-miniature-vehicle-development-visual-localization-stage/src/bno055) by extension 'cmake'
[0.241s] Level 1:colcon.colcon_core.package_identification:_identify(src/autonomous-miniature-vehicle-development-visual-localization-stage/src/bno055) by extension 'python'
[0.241s] Level 1:colcon.colcon_core.package_identification:_identify(src/autonomous-miniature-vehicle-development-visual-localization-stage/src/bno055) by extensions ['python_setup_py']
[0.241s] Level 1:colcon.colcon_core.package_identification:_identify(src/autonomous-miniature-vehicle-development-visual-localization-stage/src/bno055) by extension 'python_setup_py'
[0.241s] Level 1:colcon.colcon_core.package_identification:_identify(src/autonomous-miniature-vehicle-development-visual-localization-stage/src/computervision) by extensions ['ignore', 'ignore_ament_install']
[0.241s] Level 1:colcon.colcon_core.package_identification:_identify(src/autonomous-miniature-vehicle-development-visual-localization-stage/src/computervision) by extension 'ignore'
[0.241s] Level 1:colcon.colcon_core.package_identification:_identify(src/autonomous-miniature-vehicle-development-visual-localization-stage/src/computervision) by extension 'ignore_ament_install'
[0.241s] Level 1:colcon.colcon_core.package_identification:_identify(src/autonomous-miniature-vehicle-development-visual-localization-stage/src/computervision) by extensions ['colcon_pkg']
[0.241s] Level 1:colcon.colcon_core.package_identification:_identify(src/autonomous-miniature-vehicle-development-visual-localization-stage/src/computervision) by extension 'colcon_pkg'
[0.241s] Level 1:colcon.colcon_core.package_identification:_identify(src/autonomous-miniature-vehicle-development-visual-localization-stage/src/computervision) by extensions ['colcon_meta']
[0.241s] Level 1:colcon.colcon_core.package_identification:_identify(src/autonomous-miniature-vehicle-development-visual-localization-stage/src/computervision) by extension 'colcon_meta'
[0.241s] Level 1:colcon.colcon_core.package_identification:_identify(src/autonomous-miniature-vehicle-development-visual-localization-stage/src/computervision) by extensions ['ros']
[0.241s] Level 1:colcon.colcon_core.package_identification:_identify(src/autonomous-miniature-vehicle-development-visual-localization-stage/src/computervision) by extension 'ros'
[0.242s] Level 1:colcon.colcon_core.package_identification:_identify(src/autonomous-miniature-vehicle-development-visual-localization-stage/src/computervision) by extensions ['cmake', 'python']
[0.242s] Level 1:colcon.colcon_core.package_identification:_identify(src/autonomous-miniature-vehicle-development-visual-localization-stage/src/computervision) by extension 'cmake'
[0.242s] Level 1:colcon.colcon_core.package_identification:_identify(src/autonomous-miniature-vehicle-development-visual-localization-stage/src/computervision) by extension 'python'
[0.242s] Level 1:colcon.colcon_core.package_identification:_identify(src/autonomous-miniature-vehicle-development-visual-localization-stage/src/computervision) by extensions ['python_setup_py']
[0.242s] Level 1:colcon.colcon_core.package_identification:_identify(src/autonomous-miniature-vehicle-development-visual-localization-stage/src/computervision) by extension 'python_setup_py'
[0.242s] Level 1:colcon.colcon_core.package_identification:_identify(src/autonomous-miniature-vehicle-development-visual-localization-stage/src/computervision/aruco) by extensions ['ignore', 'ignore_ament_install']
[0.242s] Level 1:colcon.colcon_core.package_identification:_identify(src/autonomous-miniature-vehicle-development-visual-localization-stage/src/computervision/aruco) by extension 'ignore'
[0.242s] Level 1:colcon.colcon_core.package_identification:_identify(src/autonomous-miniature-vehicle-development-visual-localization-stage/src/computervision/aruco) by extension 'ignore_ament_install'
[0.242s] Level 1:colcon.colcon_core.package_identification:_identify(src/autonomous-miniature-vehicle-development-visual-localization-stage/src/computervision/aruco) by extensions ['colcon_pkg']
[0.242s] Level 1:colcon.colcon_core.package_identification:_identify(src/autonomous-miniature-vehicle-development-visual-localization-stage/src/computervision/aruco) by extension 'colcon_pkg'
[0.242s] Level 1:colcon.colcon_core.package_identification:_identify(src/autonomous-miniature-vehicle-development-visual-localization-stage/src/computervision/aruco) by extensions ['colcon_meta']
[0.242s] Level 1:colcon.colcon_core.package_identification:_identify(src/autonomous-miniature-vehicle-development-visual-localization-stage/src/computervision/aruco) by extension 'colcon_meta'
[0.242s] Level 1:colcon.colcon_core.package_identification:_identify(src/autonomous-miniature-vehicle-development-visual-localization-stage/src/computervision/aruco) by extensions ['ros']
[0.242s] Level 1:colcon.colcon_core.package_identification:_identify(src/autonomous-miniature-vehicle-development-visual-localization-stage/src/computervision/aruco) by extension 'ros'
[0.242s] Level 1:colcon.colcon_core.package_identification:_identify(src/autonomous-miniature-vehicle-development-visual-localization-stage/src/computervision/aruco) by extensions ['cmake', 'python']
[0.242s] Level 1:colcon.colcon_core.package_identification:_identify(src/autonomous-miniature-vehicle-development-visual-localization-stage/src/computervision/aruco) by extension 'cmake'
[0.243s] Level 1:colcon.colcon_core.package_identification:_identify(src/autonomous-miniature-vehicle-development-visual-localization-stage/src/computervision/aruco) by extension 'python'
[0.243s] Level 1:colcon.colcon_core.package_identification:_identify(src/autonomous-miniature-vehicle-development-visual-localization-stage/src/computervision/aruco) by extensions ['python_setup_py']
[0.243s] Level 1:colcon.colcon_core.package_identification:_identify(src/autonomous-miniature-vehicle-development-visual-localization-stage/src/computervision/aruco) by extension 'python_setup_py'
[0.243s] Level 1:colcon.colcon_core.package_identification:_identify(src/autonomous-miniature-vehicle-development-visual-localization-stage/src/detector) by extensions ['ignore', 'ignore_ament_install']
[0.243s] Level 1:colcon.colcon_core.package_identification:_identify(src/autonomous-miniature-vehicle-development-visual-localization-stage/src/detector) by extension 'ignore'
[0.243s] Level 1:colcon.colcon_core.package_identification:_identify(src/autonomous-miniature-vehicle-development-visual-localization-stage/src/detector) by extension 'ignore_ament_install'
[0.243s] Level 1:colcon.colcon_core.package_identification:_identify(src/autonomous-miniature-vehicle-development-visual-localization-stage/src/detector) by extensions ['colcon_pkg']
[0.243s] Level 1:colcon.colcon_core.package_identification:_identify(src/autonomous-miniature-vehicle-development-visual-localization-stage/src/detector) by extension 'colcon_pkg'
[0.243s] Level 1:colcon.colcon_core.package_identification:_identify(src/autonomous-miniature-vehicle-development-visual-localization-stage/src/detector) by extensions ['colcon_meta']
[0.243s] Level 1:colcon.colcon_core.package_identification:_identify(src/autonomous-miniature-vehicle-development-visual-localization-stage/src/detector) by extension 'colcon_meta'
[0.243s] Level 1:colcon.colcon_core.package_identification:_identify(src/autonomous-miniature-vehicle-development-visual-localization-stage/src/detector) by extensions ['ros']
[0.243s] Level 1:colcon.colcon_core.package_identification:_identify(src/autonomous-miniature-vehicle-development-visual-localization-stage/src/detector) by extension 'ros'
[0.246s] DEBUG:colcon.colcon_core.package_identification:Package 'src/autonomous-miniature-vehicle-development-visual-localization-stage/src/detector' with type 'ros.ament_python' and name 'detector'
[0.246s] Level 1:colcon.colcon_core.package_identification:_identify(src/autonomous-miniature-vehicle-development-visual-localization-stage/src/lidar_teste) by extensions ['ignore', 'ignore_ament_install']
[0.247s] Level 1:colcon.colcon_core.package_identification:_identify(src/autonomous-miniature-vehicle-development-visual-localization-stage/src/lidar_teste) by extension 'ignore'
[0.247s] Level 1:colcon.colcon_core.package_identification:_identify(src/autonomous-miniature-vehicle-development-visual-localization-stage/src/lidar_teste) by extension 'ignore_ament_install'
[0.247s] Level 1:colcon.colcon_core.package_identification:_identify(src/autonomous-miniature-vehicle-development-visual-localization-stage/src/lidar_teste) by extensions ['colcon_pkg']
[0.247s] Level 1:colcon.colcon_core.package_identification:_identify(src/autonomous-miniature-vehicle-development-visual-localization-stage/src/lidar_teste) by extension 'colcon_pkg'
[0.247s] Level 1:colcon.colcon_core.package_identification:_identify(src/autonomous-miniature-vehicle-development-visual-localization-stage/src/lidar_teste) by extensions ['colcon_meta']
[0.247s] Level 1:colcon.colcon_core.package_identification:_identify(src/autonomous-miniature-vehicle-development-visual-localization-stage/src/lidar_teste) by extension 'colcon_meta'
[0.247s] Level 1:colcon.colcon_core.package_identification:_identify(src/autonomous-miniature-vehicle-development-visual-localization-stage/src/lidar_teste) by extensions ['ros']
[0.247s] Level 1:colcon.colcon_core.package_identification:_identify(src/autonomous-miniature-vehicle-development-visual-localization-stage/src/lidar_teste) by extension 'ros'
[0.248s] DEBUG:colcon.colcon_core.package_identification:Package 'src/autonomous-miniature-vehicle-development-visual-localization-stage/src/lidar_teste' with type 'ros.ament_python' and name 'lidar_teste'
[0.248s] Level 1:colcon.colcon_core.package_identification:_identify(src/autonomous-miniature-vehicle-development-visual-localization-stage/src/microros_ws) by extensions ['ignore', 'ignore_ament_install']
[0.248s] Level 1:colcon.colcon_core.package_identification:_identify(src/autonomous-miniature-vehicle-development-visual-localization-stage/src/microros_ws) by extension 'ignore'
[0.248s] Level 1:colcon.colcon_core.package_identification:_identify(src/autonomous-miniature-vehicle-development-visual-localization-stage/src/microros_ws) by extension 'ignore_ament_install'
[0.248s] Level 1:colcon.colcon_core.package_identification:_identify(src/autonomous-miniature-vehicle-development-visual-localization-stage/src/microros_ws) by extensions ['colcon_pkg']
[0.248s] Level 1:colcon.colcon_core.package_identification:_identify(src/autonomous-miniature-vehicle-development-visual-localization-stage/src/microros_ws) by extension 'colcon_pkg'
[0.248s] Level 1:colcon.colcon_core.package_identification:_identify(src/autonomous-miniature-vehicle-development-visual-localization-stage/src/microros_ws) by extensions ['colcon_meta']
[0.248s] Level 1:colcon.colcon_core.package_identification:_identify(src/autonomous-miniature-vehicle-development-visual-localization-stage/src/microros_ws) by extension 'colcon_meta'
[0.248s] Level 1:colcon.colcon_core.package_identification:_identify(src/autonomous-miniature-vehicle-development-visual-localization-stage/src/microros_ws) by extensions ['ros']
[0.248s] Level 1:colcon.colcon_core.package_identification:_identify(src/autonomous-miniature-vehicle-development-visual-localization-stage/src/microros_ws) by extension 'ros'
[0.248s] Level 1:colcon.colcon_core.package_identification:_identify(src/autonomous-miniature-vehicle-development-visual-localization-stage/src/microros_ws) by extensions ['cmake', 'python']
[0.248s] Level 1:colcon.colcon_core.package_identification:_identify(src/autonomous-miniature-vehicle-development-visual-localization-stage/src/microros_ws) by extension 'cmake'
[0.248s] Level 1:colcon.colcon_core.package_identification:_identify(src/autonomous-miniature-vehicle-development-visual-localization-stage/src/microros_ws) by extension 'python'
[0.249s] Level 1:colcon.colcon_core.package_identification:_identify(src/autonomous-miniature-vehicle-development-visual-localization-stage/src/microros_ws) by extensions ['python_setup_py']
[0.249s] Level 1:colcon.colcon_core.package_identification:_identify(src/autonomous-miniature-vehicle-development-visual-localization-stage/src/microros_ws) by extension 'python_setup_py'
[0.249s] Level 1:colcon.colcon_core.package_identification:_identify(src/autonomous-miniature-vehicle-development-visual-localization-stage/src/microros_ws/build) by extensions ['ignore', 'ignore_ament_install']
[0.249s] Level 1:colcon.colcon_core.package_identification:_identify(src/autonomous-miniature-vehicle-development-visual-localization-stage/src/microros_ws/build) by extension 'ignore'
[0.249s] Level 1:colcon.colcon_core.package_identification:_identify(src/autonomous-miniature-vehicle-development-visual-localization-stage/src/microros_ws/build) ignored
[0.249s] Level 1:colcon.colcon_core.package_identification:_identify(src/autonomous-miniature-vehicle-development-visual-localization-stage/src/microros_ws/install) by extensions ['ignore', 'ignore_ament_install']
[0.249s] Level 1:colcon.colcon_core.package_identification:_identify(src/autonomous-miniature-vehicle-development-visual-localization-stage/src/microros_ws/install) by extension 'ignore'
[0.249s] Level 1:colcon.colcon_core.package_identification:_identify(src/autonomous-miniature-vehicle-development-visual-localization-stage/src/microros_ws/install) ignored
[0.249s] Level 1:colcon.colcon_core.package_identification:_identify(src/autonomous-miniature-vehicle-development-visual-localization-stage/src/microros_ws/log) by extensions ['ignore', 'ignore_ament_install']
[0.249s] Level 1:colcon.colcon_core.package_identification:_identify(src/autonomous-miniature-vehicle-development-visual-localization-stage/src/microros_ws/log) by extension 'ignore'
[0.249s] Level 1:colcon.colcon_core.package_identification:_identify(src/autonomous-miniature-vehicle-development-visual-localization-stage/src/microros_ws/log) ignored
[0.250s] Level 1:colcon.colcon_core.package_identification:_identify(src/autonomous-miniature-vehicle-development-visual-localization-stage/src/microros_ws/src) by extensions ['ignore', 'ignore_ament_install']
[0.250s] Level 1:colcon.colcon_core.package_identification:_identify(src/autonomous-miniature-vehicle-development-visual-localization-stage/src/microros_ws/src) by extension 'ignore'
[0.250s] Level 1:colcon.colcon_core.package_identification:_identify(src/autonomous-miniature-vehicle-development-visual-localization-stage/src/microros_ws/src) by extension 'ignore_ament_install'
[0.250s] Level 1:colcon.colcon_core.package_identification:_identify(src/autonomous-miniature-vehicle-development-visual-localization-stage/src/microros_ws/src) by extensions ['colcon_pkg']
[0.250s] Level 1:colcon.colcon_core.package_identification:_identify(src/autonomous-miniature-vehicle-development-visual-localization-stage/src/microros_ws/src) by extension 'colcon_pkg'
[0.250s] Level 1:colcon.colcon_core.package_identification:_identify(src/autonomous-miniature-vehicle-development-visual-localization-stage/src/microros_ws/src) by extensions ['colcon_meta']
[0.250s] Level 1:colcon.colcon_core.package_identification:_identify(src/autonomous-miniature-vehicle-development-visual-localization-stage/src/microros_ws/src) by extension 'colcon_meta'
[0.250s] Level 1:colcon.colcon_core.package_identification:_identify(src/autonomous-miniature-vehicle-development-visual-localization-stage/src/microros_ws/src) by extensions ['ros']
[0.250s] Level 1:colcon.colcon_core.package_identification:_identify(src/autonomous-miniature-vehicle-development-visual-localization-stage/src/microros_ws/src) by extension 'ros'
[0.250s] Level 1:colcon.colcon_core.package_identification:_identify(src/autonomous-miniature-vehicle-development-visual-localization-stage/src/microros_ws/src) by extensions ['cmake', 'python']
[0.250s] Level 1:colcon.colcon_core.package_identification:_identify(src/autonomous-miniature-vehicle-development-visual-localization-stage/src/microros_ws/src) by extension 'cmake'
[0.250s] Level 1:colcon.colcon_core.package_identification:_identify(src/autonomous-miniature-vehicle-development-visual-localization-stage/src/microros_ws/src) by extension 'python'
[0.250s] Level 1:colcon.colcon_core.package_identification:_identify(src/autonomous-miniature-vehicle-development-visual-localization-stage/src/microros_ws/src) by extensions ['python_setup_py']
[0.250s] Level 1:colcon.colcon_core.package_identification:_identify(src/autonomous-miniature-vehicle-development-visual-localization-stage/src/microros_ws/src) by extension 'python_setup_py'
[0.250s] Level 1:colcon.colcon_core.package_identification:_identify(src/autonomous-miniature-vehicle-development-visual-localization-stage/src/microros_ws/src/micro_ros_setup) by extensions ['ignore', 'ignore_ament_install']
[0.251s] Level 1:colcon.colcon_core.package_identification:_identify(src/autonomous-miniature-vehicle-development-visual-localization-stage/src/microros_ws/src/micro_ros_setup) by extension 'ignore'
[0.251s] Level 1:colcon.colcon_core.package_identification:_identify(src/autonomous-miniature-vehicle-development-visual-localization-stage/src/microros_ws/src/micro_ros_setup) by extension 'ignore_ament_install'
[0.251s] Level 1:colcon.colcon_core.package_identification:_identify(src/autonomous-miniature-vehicle-development-visual-localization-stage/src/microros_ws/src/micro_ros_setup) by extensions ['colcon_pkg']
[0.251s] Level 1:colcon.colcon_core.package_identification:_identify(src/autonomous-miniature-vehicle-development-visual-localization-stage/src/microros_ws/src/micro_ros_setup) by extension 'colcon_pkg'
[0.251s] Level 1:colcon.colcon_core.package_identification:_identify(src/autonomous-miniature-vehicle-development-visual-localization-stage/src/microros_ws/src/micro_ros_setup) by extensions ['colcon_meta']
[0.251s] Level 1:colcon.colcon_core.package_identification:_identify(src/autonomous-miniature-vehicle-development-visual-localization-stage/src/microros_ws/src/micro_ros_setup) by extension 'colcon_meta'
[0.251s] Level 1:colcon.colcon_core.package_identification:_identify(src/autonomous-miniature-vehicle-development-visual-localization-stage/src/microros_ws/src/micro_ros_setup) by extensions ['ros']
[0.251s] Level 1:colcon.colcon_core.package_identification:_identify(src/autonomous-miniature-vehicle-development-visual-localization-stage/src/microros_ws/src/micro_ros_setup) by extension 'ros'
[0.251s] Level 1:colcon.colcon_core.package_identification:_identify(src/autonomous-miniature-vehicle-development-visual-localization-stage/src/microros_ws/src/micro_ros_setup) by extensions ['cmake', 'python']
[0.251s] Level 1:colcon.colcon_core.package_identification:_identify(src/autonomous-miniature-vehicle-development-visual-localization-stage/src/microros_ws/src/micro_ros_setup) by extension 'cmake'
[0.251s] Level 1:colcon.colcon_core.package_identification:_identify(src/autonomous-miniature-vehicle-development-visual-localization-stage/src/microros_ws/src/micro_ros_setup) by extension 'python'
[0.251s] Level 1:colcon.colcon_core.package_identification:_identify(src/autonomous-miniature-vehicle-development-visual-localization-stage/src/microros_ws/src/micro_ros_setup) by extensions ['python_setup_py']
[0.251s] Level 1:colcon.colcon_core.package_identification:_identify(src/autonomous-miniature-vehicle-development-visual-localization-stage/src/microros_ws/src/micro_ros_setup) by extension 'python_setup_py'
[0.251s] Level 1:colcon.colcon_core.package_identification:_identify(src/autonomous-miniature-vehicle-development-visual-localization-stage/src/microros_ws/src/uros) by extensions ['ignore', 'ignore_ament_install']
[0.251s] Level 1:colcon.colcon_core.package_identification:_identify(src/autonomous-miniature-vehicle-development-visual-localization-stage/src/microros_ws/src/uros) by extension 'ignore'
[0.251s] Level 1:colcon.colcon_core.package_identification:_identify(src/autonomous-miniature-vehicle-development-visual-localization-stage/src/microros_ws/src/uros) by extension 'ignore_ament_install'
[0.252s] Level 1:colcon.colcon_core.package_identification:_identify(src/autonomous-miniature-vehicle-development-visual-localization-stage/src/microros_ws/src/uros) by extensions ['colcon_pkg']
[0.252s] Level 1:colcon.colcon_core.package_identification:_identify(src/autonomous-miniature-vehicle-development-visual-localization-stage/src/microros_ws/src/uros) by extension 'colcon_pkg'
[0.252s] Level 1:colcon.colcon_core.package_identification:_identify(src/autonomous-miniature-vehicle-development-visual-localization-stage/src/microros_ws/src/uros) by extensions ['colcon_meta']
[0.252s] Level 1:colcon.colcon_core.package_identification:_identify(src/autonomous-miniature-vehicle-development-visual-localization-stage/src/microros_ws/src/uros) by extension 'colcon_meta'
[0.252s] Level 1:colcon.colcon_core.package_identification:_identify(src/autonomous-miniature-vehicle-development-visual-localization-stage/src/microros_ws/src/uros) by extensions ['ros']
[0.252s] Level 1:colcon.colcon_core.package_identification:_identify(src/autonomous-miniature-vehicle-development-visual-localization-stage/src/microros_ws/src/uros) by extension 'ros'
[0.252s] Level 1:colcon.colcon_core.package_identification:_identify(src/autonomous-miniature-vehicle-development-visual-localization-stage/src/microros_ws/src/uros) by extensions ['cmake', 'python']
[0.252s] Level 1:colcon.colcon_core.package_identification:_identify(src/autonomous-miniature-vehicle-development-visual-localization-stage/src/microros_ws/src/uros) by extension 'cmake'
[0.252s] Level 1:colcon.colcon_core.package_identification:_identify(src/autonomous-miniature-vehicle-development-visual-localization-stage/src/microros_ws/src/uros) by extension 'python'
[0.252s] Level 1:colcon.colcon_core.package_identification:_identify(src/autonomous-miniature-vehicle-development-visual-localization-stage/src/microros_ws/src/uros) by extensions ['python_setup_py']
[0.252s] Level 1:colcon.colcon_core.package_identification:_identify(src/autonomous-miniature-vehicle-development-visual-localization-stage/src/microros_ws/src/uros) by extension 'python_setup_py'
[0.252s] Level 1:colcon.colcon_core.package_identification:_identify(src/autonomous-miniature-vehicle-development-visual-localization-stage/src/microros_ws/src/uros/micro-ROS-Agent) by extensions ['ignore', 'ignore_ament_install']
[0.252s] Level 1:colcon.colcon_core.package_identification:_identify(src/autonomous-miniature-vehicle-development-visual-localization-stage/src/microros_ws/src/uros/micro-ROS-Agent) by extension 'ignore'
[0.252s] Level 1:colcon.colcon_core.package_identification:_identify(src/autonomous-miniature-vehicle-development-visual-localization-stage/src/microros_ws/src/uros/micro-ROS-Agent) by extension 'ignore_ament_install'
[0.252s] Level 1:colcon.colcon_core.package_identification:_identify(src/autonomous-miniature-vehicle-development-visual-localization-stage/src/microros_ws/src/uros/micro-ROS-Agent) by extensions ['colcon_pkg']
[0.252s] Level 1:colcon.colcon_core.package_identification:_identify(src/autonomous-miniature-vehicle-development-visual-localization-stage/src/microros_ws/src/uros/micro-ROS-Agent) by extension 'colcon_pkg'
[0.252s] Level 1:colcon.colcon_core.package_identification:_identify(src/autonomous-miniature-vehicle-development-visual-localization-stage/src/microros_ws/src/uros/micro-ROS-Agent) by extensions ['colcon_meta']
[0.252s] Level 1:colcon.colcon_core.package_identification:_identify(src/autonomous-miniature-vehicle-development-visual-localization-stage/src/microros_ws/src/uros/micro-ROS-Agent) by extension 'colcon_meta'
[0.253s] Level 1:colcon.colcon_core.package_identification:_identify(src/autonomous-miniature-vehicle-development-visual-localization-stage/src/microros_ws/src/uros/micro-ROS-Agent) by extensions ['ros']
[0.253s] Level 1:colcon.colcon_core.package_identification:_identify(src/autonomous-miniature-vehicle-development-visual-localization-stage/src/microros_ws/src/uros/micro-ROS-Agent) by extension 'ros'
[0.253s] Level 1:colcon.colcon_core.package_identification:_identify(src/autonomous-miniature-vehicle-development-visual-localization-stage/src/microros_ws/src/uros/micro-ROS-Agent) by extensions ['cmake', 'python']
[0.253s] Level 1:colcon.colcon_core.package_identification:_identify(src/autonomous-miniature-vehicle-development-visual-localization-stage/src/microros_ws/src/uros/micro-ROS-Agent) by extension 'cmake'
[0.253s] Level 1:colcon.colcon_core.package_identification:_identify(src/autonomous-miniature-vehicle-development-visual-localization-stage/src/microros_ws/src/uros/micro-ROS-Agent) by extension 'python'
[0.253s] Level 1:colcon.colcon_core.package_identification:_identify(src/autonomous-miniature-vehicle-development-visual-localization-stage/src/microros_ws/src/uros/micro-ROS-Agent) by extensions ['python_setup_py']
[0.253s] Level 1:colcon.colcon_core.package_identification:_identify(src/autonomous-miniature-vehicle-development-visual-localization-stage/src/microros_ws/src/uros/micro-ROS-Agent) by extension 'python_setup_py'
[0.253s] Level 1:colcon.colcon_core.package_identification:_identify(src/autonomous-miniature-vehicle-development-visual-localization-stage/src/microros_ws/src/uros/micro_ros_msgs) by extensions ['ignore', 'ignore_ament_install']
[0.253s] Level 1:colcon.colcon_core.package_identification:_identify(src/autonomous-miniature-vehicle-development-visual-localization-stage/src/microros_ws/src/uros/micro_ros_msgs) by extension 'ignore'
[0.253s] Level 1:colcon.colcon_core.package_identification:_identify(src/autonomous-miniature-vehicle-development-visual-localization-stage/src/microros_ws/src/uros/micro_ros_msgs) by extension 'ignore_ament_install'
[0.253s] Level 1:colcon.colcon_core.package_identification:_identify(src/autonomous-miniature-vehicle-development-visual-localization-stage/src/microros_ws/src/uros/micro_ros_msgs) by extensions ['colcon_pkg']
[0.253s] Level 1:colcon.colcon_core.package_identification:_identify(src/autonomous-miniature-vehicle-development-visual-localization-stage/src/microros_ws/src/uros/micro_ros_msgs) by extension 'colcon_pkg'
[0.253s] Level 1:colcon.colcon_core.package_identification:_identify(src/autonomous-miniature-vehicle-development-visual-localization-stage/src/microros_ws/src/uros/micro_ros_msgs) by extensions ['colcon_meta']
[0.253s] Level 1:colcon.colcon_core.package_identification:_identify(src/autonomous-miniature-vehicle-development-visual-localization-stage/src/microros_ws/src/uros/micro_ros_msgs) by extension 'colcon_meta'
[0.253s] Level 1:colcon.colcon_core.package_identification:_identify(src/autonomous-miniature-vehicle-development-visual-localization-stage/src/microros_ws/src/uros/micro_ros_msgs) by extensions ['ros']
[0.253s] Level 1:colcon.colcon_core.package_identification:_identify(src/autonomous-miniature-vehicle-development-visual-localization-stage/src/microros_ws/src/uros/micro_ros_msgs) by extension 'ros'
[0.254s] Level 1:colcon.colcon_core.package_identification:_identify(src/autonomous-miniature-vehicle-development-visual-localization-stage/src/microros_ws/src/uros/micro_ros_msgs) by extensions ['cmake', 'python']
[0.254s] Level 1:colcon.colcon_core.package_identification:_identify(src/autonomous-miniature-vehicle-development-visual-localization-stage/src/microros_ws/src/uros/micro_ros_msgs) by extension 'cmake'
[0.254s] Level 1:colcon.colcon_core.package_identification:_identify(src/autonomous-miniature-vehicle-development-visual-localization-stage/src/microros_ws/src/uros/micro_ros_msgs) by extension 'python'
[0.254s] Level 1:colcon.colcon_core.package_identification:_identify(src/autonomous-miniature-vehicle-development-visual-localization-stage/src/microros_ws/src/uros/micro_ros_msgs) by extensions ['python_setup_py']
[0.254s] Level 1:colcon.colcon_core.package_identification:_identify(src/autonomous-miniature-vehicle-development-visual-localization-stage/src/microros_ws/src/uros/micro_ros_msgs) by extension 'python_setup_py'
[0.254s] Level 1:colcon.colcon_core.package_identification:_identify(src/carrinho_base) by extensions ['ignore', 'ignore_ament_install']
[0.254s] Level 1:colcon.colcon_core.package_identification:_identify(src/carrinho_base) by extension 'ignore'
[0.254s] Level 1:colcon.colcon_core.package_identification:_identify(src/carrinho_base) by extension 'ignore_ament_install'
[0.254s] Level 1:colcon.colcon_core.package_identification:_identify(src/carrinho_base) by extensions ['colcon_pkg']
[0.254s] Level 1:colcon.colcon_core.package_identification:_identify(src/carrinho_base) by extension 'colcon_pkg'
[0.254s] Level 1:colcon.colcon_core.package_identification:_identify(src/carrinho_base) by extensions ['colcon_meta']
[0.254s] Level 1:colcon.colcon_core.package_identification:_identify(src/carrinho_base) by extension 'colcon_meta'
[0.254s] Level 1:colcon.colcon_core.package_identification:_identify(src/carrinho_base) by extensions ['ros']
[0.254s] Level 1:colcon.colcon_core.package_identification:_identify(src/carrinho_base) by extension 'ros'
[0.255s] DEBUG:colcon.colcon_core.package_identification:Package 'src/carrinho_base' with type 'ros.ament_python' and name 'carrinho_base'
[0.255s] Level 1:colcon.colcon_core.package_identification:_identify(src/rplidar_ros) by extensions ['ignore', 'ignore_ament_install']
[0.255s] Level 1:colcon.colcon_core.package_identification:_identify(src/rplidar_ros) by extension 'ignore'
[0.255s] Level 1:colcon.colcon_core.package_identification:_identify(src/rplidar_ros) by extension 'ignore_ament_install'
[0.255s] Level 1:colcon.colcon_core.package_identification:_identify(src/rplidar_ros) by extensions ['colcon_pkg']
[0.255s] Level 1:colcon.colcon_core.package_identification:_identify(src/rplidar_ros) by extension 'colcon_pkg'
[0.255s] Level 1:colcon.colcon_core.package_identification:_identify(src/rplidar_ros) by extensions ['colcon_meta']
[0.255s] Level 1:colcon.colcon_core.package_identification:_identify(src/rplidar_ros) by extension 'colcon_meta'
[0.255s] Level 1:colcon.colcon_core.package_identification:_identify(src/rplidar_ros) by extensions ['ros']
[0.255s] Level 1:colcon.colcon_core.package_identification:_identify(src/rplidar_ros) by extension 'ros'
[0.255s] Level 1:colcon.colcon_core.package_identification:_identify(src/rplidar_ros) by extensions ['cmake', 'python']
[0.255s] Level 1:colcon.colcon_core.package_identification:_identify(src/rplidar_ros) by extension 'cmake'
[0.256s] Level 1:colcon.colcon_core.package_identification:_identify(src/rplidar_ros) by extension 'python'
[0.256s] Level 1:colcon.colcon_core.package_identification:_identify(src/rplidar_ros) by extensions ['python_setup_py']
[0.256s] Level 1:colcon.colcon_core.package_identification:_identify(src/rplidar_ros) by extension 'python_setup_py'
[0.256s] Level 1:colcon.colcon_core.package_discovery:discover_packages(recursive) using defaults
[0.256s] Level 1:colcon.colcon_core.package_discovery:discover_packages(ignore) discover
[0.256s] Level 1:colcon.colcon_core.package_discovery:discover_packages(ignore) using defaults
[0.256s] Level 1:colcon.colcon_core.package_discovery:discover_packages(path) discover
[0.256s] Level 1:colcon.colcon_core.package_discovery:discover_packages(path) using defaults
[0.256s] WARNING:colcon.colcon_core.package_selection:ignoring unknown package 'rplidar_ros' in --packages-select
[0.280s] INFO:colcon.colcon_core.package_selection:Skipping not selected package 'carrinho_base' in 'src/carrinho_base'
[0.280s] INFO:colcon.colcon_core.package_selection:Skipping not selected package 'detector' in 'src/autonomous-miniature-vehicle-development-visual-localization-stage/src/detector'
[0.280s] INFO:colcon.colcon_core.package_selection:Skipping not selected package 'lidar_teste' in 'src/autonomous-miniature-vehicle-development-visual-localization-stage/src/lidar_teste'
[0.281s] Level 1:colcon.colcon_core.package_discovery:discover_packages(prefix_path) check parameters
[0.281s] Level 1:colcon.colcon_core.package_discovery:discover_packages(prefix_path) discover
[0.283s] DEBUG:colcon.colcon_installed_package_information.package_discovery:Found 3 installed packages in /home/epiibots/ros2_ws/install
[0.285s] DEBUG:colcon.colcon_installed_package_information.package_discovery:Found 258 installed packages in /opt/ros/jazzy
[0.286s] Level 1:colcon.colcon_core.package_discovery:discover_packages(prefix_path) using defaults
[0.336s] INFO:colcon.colcon_core.executor:Executing jobs using 'parallel' executor
[0.337s] DEBUG:colcon.colcon_parallel_executor.executor.parallel:run_until_complete
[0.337s] DEBUG:colcon.colcon_parallel_executor.executor.parallel:closing loop
[0.338s] DEBUG:colcon.colcon_parallel_executor.executor.parallel:loop closed
[0.338s] DEBUG:colcon.colcon_parallel_executor.executor.parallel:run_until_complete finished with '0'
[0.338s] DEBUG:colcon.colcon_core.event_reactor:joining thread
[0.338s] DEBUG:colcon.colcon_core.event_reactor:joined thread
[0.340s] INFO:colcon.colcon_core.plugin_system:Skipping extension 'colcon_core.shell.bat': Not used on non-Windows systems
[0.341s] INFO:colcon.colcon_core.shell:Creating prefix script '/home/epiibots/ros2_ws/install/local_setup.ps1'
[0.342s] INFO:colcon.colcon_core.shell:Creating prefix util module '/home/epiibots/ros2_ws/install/_local_setup_util_ps1.py'
[0.345s] INFO:colcon.colcon_core.shell:Creating prefix chain script '/home/epiibots/ros2_ws/install/setup.ps1'
[0.346s] INFO:colcon.colcon_core.shell:Creating prefix script '/home/epiibots/ros2_ws/install/local_setup.sh'
[0.347s] INFO:colcon.colcon_core.shell:Creating prefix util module '/home/epiibots/ros2_ws/install/_local_setup_util_sh.py'
[0.348s] INFO:colcon.colcon_core.shell:Creating prefix chain script '/home/epiibots/ros2_ws/install/setup.sh'
[0.350s] INFO:colcon.colcon_core.shell:Creating prefix script '/home/epiibots/ros2_ws/install/local_setup.bash'
[0.351s] INFO:colcon.colcon_core.shell:Creating prefix chain script '/home/epiibots/ros2_ws/install/setup.bash'
[0.352s] INFO:colcon.colcon_core.shell:Creating prefix script '/home/epiibots/ros2_ws/install/local_setup.zsh'
[0.353s] INFO:colcon.colcon_core.shell:Creating prefix chain script '/home/epiibots/ros2_ws/install/setup.zsh'
