[1.185s] Invoking command in '/home/epiibots/ros2_ws/src/servo_steering': DEBUGINFOD_URLS=https://debuginfod.ubuntu.com PYTHONPATH=/home/epiibots/ros2_ws/build/servo_steering/prefix_override:/usr/lib/python3/dist-packages/colcon_core/task/python/colcon_distutils_commands:/home/epiibots/ros2_ws/install/servo_steering/lib/python3.12/site-packages:${PYTHONPATH} /usr/bin/python3 -W ignore:setup.py install is deprecated -W ignore:easy_install command is deprecated setup.py egg_info --egg-base ../../build/servo_steering build --build-base /home/epiibots/ros2_ws/build/servo_steering/build install --record /home/epiibots/ros2_ws/build/servo_steering/install.log --single-version-externally-managed install_data
[1.538s] running egg_info
[1.562s] writing ../../build/servo_steering/servo_steering.egg-info/PKG-INFO
[1.562s] writing dependency_links to ../../build/servo_steering/servo_steering.egg-info/dependency_links.txt
[1.565s] writing entry points to ../../build/servo_steering/servo_steering.egg-info/entry_points.txt
[1.566s] writing requirements to ../../build/servo_steering/servo_steering.egg-info/requires.txt
[1.567s] writing top-level names to ../../build/servo_steering/servo_steering.egg-info/top_level.txt
[1.619s] reading manifest file '../../build/servo_steering/servo_steering.egg-info/SOURCES.txt'
[1.620s] writing manifest file '../../build/servo_steering/servo_steering.egg-info/SOURCES.txt'
[1.620s] running build
[1.620s] running build_py
[1.621s] copying servo_steering/servo_node.py -> /home/epiibots/ros2_ws/build/servo_steering/build/lib/servo_steering
[1.621s] running install
[1.630s] running install_lib
[1.655s] copying /home/epiibots/ros2_ws/build/servo_steering/build/lib/servo_steering/servo_node.py -> /home/epiibots/ros2_ws/install/servo_steering/lib/python3.12/site-packages/servo_steering
[1.656s] byte-compiling /home/epiibots/ros2_ws/install/servo_steering/lib/python3.12/site-packages/servo_steering/servo_node.py to servo_node.cpython-312.pyc
[1.657s] running install_data
[1.657s] running install_egg_info
[1.685s] removing '/home/epiibots/ros2_ws/install/servo_steering/lib/python3.12/site-packages/servo_steering-0.1.0-py3.12.egg-info' (and everything under it)
[1.685s] Copying ../../build/servo_steering/servo_steering.egg-info to /home/epiibots/ros2_ws/install/servo_steering/lib/python3.12/site-packages/servo_steering-0.1.0-py3.12.egg-info
[1.686s] running install_scripts
[1.854s] Installing motor_node script to /home/epiibots/ros2_ws/install/servo_steering/lib/servo_steering
[1.854s] Installing servo_node script to /home/epiibots/ros2_ws/install/servo_steering/lib/servo_steering
[1.857s] Installing teleop_kei script to /home/epiibots/ros2_ws/install/servo_steering/lib/servo_steering
[1.858s] Installing teleop_key script to /home/epiibots/ros2_ws/install/servo_steering/lib/servo_steering
[1.859s] writing list of installed files to '/home/epiibots/ros2_ws/build/servo_steering/install.log'
[1.947s] Invoked command in '/home/epiibots/ros2_ws/src/servo_steering' returned '0': DEBUGINFOD_URLS=https://debuginfod.ubuntu.com PYTHONPATH=/home/epiibots/ros2_ws/build/servo_steering/prefix_override:/usr/lib/python3/dist-packages/colcon_core/task/python/colcon_distutils_commands:/home/epiibots/ros2_ws/install/servo_steering/lib/python3.12/site-packages:${PYTHONPATH} /usr/bin/python3 -W ignore:setup.py install is deprecated -W ignore:easy_install command is deprecated setup.py egg_info --egg-base ../../build/servo_steering build --build-base /home/epiibots/ros2_ws/build/servo_steering/build install --record /home/epiibots/ros2_ws/build/servo_steering/install.log --single-version-externally-managed install_data
