[1.564s] Invoking command in '/home/epiibots/ros2_ws/src/servo_steering': DEBUGINFOD_URLS=https://debuginfod.ubuntu.com PYTHONPATH=/home/epiibots/ros2_ws/build/servo_steering/prefix_override:/usr/lib/python3/dist-packages/colcon_core/task/python/colcon_distutils_commands:/home/epiibots/ros2_ws/install/servo_steering/lib/python3.12/site-packages:${PYTHONPATH} /usr/bin/python3 -W ignore:setup.py install is deprecated -W ignore:easy_install command is deprecated setup.py egg_info --egg-base ../../build/servo_steering build --build-base /home/epiibots/ros2_ws/build/servo_steering/build install --record /home/epiibots/ros2_ws/build/servo_steering/install.log --single-version-externally-managed install_data
[1.931s] running egg_info
[1.955s] writing ../../build/servo_steering/servo_steering.egg-info/PKG-INFO
[1.955s] writing dependency_links to ../../build/servo_steering/servo_steering.egg-info/dependency_links.txt
[1.960s] writing entry points to ../../build/servo_steering/servo_steering.egg-info/entry_points.txt
[1.961s] writing requirements to ../../build/servo_steering/servo_steering.egg-info/requires.txt
[1.961s] writing top-level names to ../../build/servo_steering/servo_steering.egg-info/top_level.txt
[2.015s] reading manifest file '../../build/servo_steering/servo_steering.egg-info/SOURCES.txt'
[2.019s] writing manifest file '../../build/servo_steering/servo_steering.egg-info/SOURCES.txt'
[2.019s] running build
[2.020s] running build_py
[2.020s] copying servo_steering/servo_node.py -> /home/epiibots/ros2_ws/build/servo_steering/build/lib/servo_steering
[2.020s] running install
[2.030s] running install_lib
[2.056s] copying /home/epiibots/ros2_ws/build/servo_steering/build/lib/servo_steering/servo_node.py -> /home/epiibots/ros2_ws/install/servo_steering/lib/python3.12/site-packages/servo_steering
[2.057s] byte-compiling /home/epiibots/ros2_ws/install/servo_steering/lib/python3.12/site-packages/servo_steering/servo_node.py to servo_node.cpython-312.pyc
[2.058s] running install_data
[2.058s] running install_egg_info
[2.085s] removing '/home/epiibots/ros2_ws/install/servo_steering/lib/python3.12/site-packages/servo_steering-0.1.0-py3.12.egg-info' (and everything under it)
[2.086s] Copying ../../build/servo_steering/servo_steering.egg-info to /home/epiibots/ros2_ws/install/servo_steering/lib/python3.12/site-packages/servo_steering-0.1.0-py3.12.egg-info
[2.090s] running install_scripts
[2.275s] Installing motor_node script to /home/epiibots/ros2_ws/install/servo_steering/lib/servo_steering
[2.275s] Installing servo_node script to /home/epiibots/ros2_ws/install/servo_steering/lib/servo_steering
[2.278s] Installing teleop_kei script to /home/epiibots/ros2_ws/install/servo_steering/lib/servo_steering
[2.279s] Installing teleop_key script to /home/epiibots/ros2_ws/install/servo_steering/lib/servo_steering
[2.280s] writing list of installed files to '/home/epiibots/ros2_ws/build/servo_steering/install.log'
[2.372s] Invoked command in '/home/epiibots/ros2_ws/src/servo_steering' returned '0': DEBUGINFOD_URLS=https://debuginfod.ubuntu.com PYTHONPATH=/home/epiibots/ros2_ws/build/servo_steering/prefix_override:/usr/lib/python3/dist-packages/colcon_core/task/python/colcon_distutils_commands:/home/epiibots/ros2_ws/install/servo_steering/lib/python3.12/site-packages:${PYTHONPATH} /usr/bin/python3 -W ignore:setup.py install is deprecated -W ignore:easy_install command is deprecated setup.py egg_info --egg-base ../../build/servo_steering build --build-base /home/epiibots/ros2_ws/build/servo_steering/build install --record /home/epiibots/ros2_ws/build/servo_steering/install.log --single-version-externally-managed install_data
