[2.556s] Invoking command in '/home/epiibots/ros2_ws/src/detector': DEBUGINFOD_URLS=https://debuginfod.ubuntu.com PYTHONPATH=/home/epiibots/ros2_ws/build/detector/prefix_override:/usr/lib/python3/dist-packages/colcon_core/task/python/colcon_distutils_commands:/home/epiibots/ros2_ws/install/detector/lib/python3.12/site-packages:${PYTHONPATH} /usr/bin/python3 -W ignore:setup.py install is deprecated -W ignore:easy_install command is deprecated setup.py egg_info --egg-base ../../build/detector build --build-base /home/epiibots/ros2_ws/build/detector/build install --record /home/epiibots/ros2_ws/build/detector/install.log --single-version-externally-managed install_data
[3.261s] running egg_info
[3.316s] writing ../../build/detector/detector.egg-info/PKG-INFO
[3.320s] writing dependency_links to ../../build/detector/detector.egg-info/dependency_links.txt
[3.322s] writing entry points to ../../build/detector/detector.egg-info/entry_points.txt
[3.324s] writing requirements to ../../build/detector/detector.egg-info/requires.txt
[3.326s] writing top-level names to ../../build/detector/detector.egg-info/top_level.txt
[3.417s] reading manifest file '../../build/detector/detector.egg-info/SOURCES.txt'
[3.419s] adding license file 'LICENSE'
[3.422s] writing manifest file '../../build/detector/detector.egg-info/SOURCES.txt'
[3.423s] running build
[3.423s] running build_py
[3.429s] running install
[3.443s] running install_lib
[3.478s] running install_data
[3.479s] running install_egg_info
[3.548s] removing '/home/epiibots/ros2_ws/install/detector/lib/python3.12/site-packages/detector-0.0.0-py3.12.egg-info' (and everything under it)
[3.550s] Copying ../../build/detector/detector.egg-info to /home/epiibots/ros2_ws/install/detector/lib/python3.12/site-packages/detector-0.0.0-py3.12.egg-info
[3.555s] running install_scripts
[3.920s] Installing apriltags script to /home/epiibots/ros2_ws/install/detector/lib/detector
[3.925s] writing list of installed files to '/home/epiibots/ros2_ws/build/detector/install.log'
[4.208s] Invoked command in '/home/epiibots/ros2_ws/src/detector' returned '0': DEBUGINFOD_URLS=https://debuginfod.ubuntu.com PYTHONPATH=/home/epiibots/ros2_ws/build/detector/prefix_override:/usr/lib/python3/dist-packages/colcon_core/task/python/colcon_distutils_commands:/home/epiibots/ros2_ws/install/detector/lib/python3.12/site-packages:${PYTHONPATH} /usr/bin/python3 -W ignore:setup.py install is deprecated -W ignore:easy_install command is deprecated setup.py egg_info --egg-base ../../build/detector build --build-base /home/epiibots/ros2_ws/build/detector/build install --record /home/epiibots/ros2_ws/build/detector/install.log --single-version-externally-managed install_data
