[0.029s] Invoking command in '/home/epiibots/ros2_ws/build/rplidar_ros': DEBUGINFOD_URLS=https://debuginfod.ubuntu.com /usr/bin/cmake /home/epiibots/ros2_ws/src/rplidar_ros -DCATKIN_INSTALL_INTO_PREFIX_ROOT=0 -DCMAKE_INSTALL_PREFIX=/home/epiibots/ros2_ws/install/rplidar_ros
[0.176s] [0mCMake Deprecation Warning at CMakeLists.txt:1 (cmake_minimum_required):
[0.176s]   Compatibility with CMake < 3.5 will be removed from a future version of
[0.176s]   CMake.
[0.177s] 
[0.177s]   Update the VERSION argument <min> value or use a ...<max> suffix to tell
[0.177s]   CMake that the project does not need compatibility with older versions.
[0.177s] 
[0.177s] [0m
[0.237s] [31mCMake Error at CMakeLists.txt:16 (find_package):
[0.237s]   By not providing "Findcatkin.cmake" in CMAKE_MODULE_PATH this project has
[0.237s]   asked CMake to find a package configuration file provided by "catkin", but
[0.237s]   CMake did not find one.
[0.237s] 
[0.237s]   Could not find a package configuration file provided by "catkin" with any
[0.238s]   of the following names:
[0.238s] 
[0.238s]     catkinConfig.cmake
[0.238s]     catkin-config.cmake
[0.238s] 
[0.238s]   Add the installation prefix of "catkin" to CMAKE_PREFIX_PATH or set
[0.238s]   "catkin_DIR" to a directory containing one of the above files.  If "catkin"
[0.238s]   provides a separate development package or SDK, be sure it has been
[0.238s]   installed.
[0.239s] 
[0.239s] [0m
[0.239s] -- Configuring incomplete, errors occurred!
[0.253s] Invoked command in '/home/epiibots/ros2_ws/build/rplidar_ros' returned '1': DEBUGINFOD_URLS=https://debuginfod.ubuntu.com /usr/bin/cmake /home/epiibots/ros2_ws/src/rplidar_ros -DCATKIN_INSTALL_INTO_PREFIX_ROOT=0 -DCMAKE_INSTALL_PREFIX=/home/epiibots/ros2_ws/install/rplidar_ros
