[2.096s] Invoking command in '/home/epiibots/ros2_ws/src/carrinho_base': DEBUGINFOD_URLS=https://debuginfod.ubuntu.com PYTHONPATH=/home/epiibots/ros2_ws/build/carrinho_base/prefix_override:/usr/lib/python3/dist-packages/colcon_core/task/python/colcon_distutils_commands:/home/epiibots/ros2_ws/install/carrinho_base/lib/python3.12/site-packages:${PYTHONPATH} /usr/bin/python3 -W ignore:setup.py install is deprecated -W ignore:easy_install command is deprecated setup.py egg_info --egg-base ../../build/carrinho_base build --build-base /home/epiibots/ros2_ws/build/carrinho_base/build install --record /home/epiibots/ros2_ws/build/carrinho_base/install.log --single-version-externally-managed install_data
[2.727s] running egg_info
[2.761s] writing ../../build/carrinho_base/carrinho_base.egg-info/PKG-INFO
[2.770s] writing dependency_links to ../../build/carrinho_base/carrinho_base.egg-info/dependency_links.txt
[2.777s] writing entry points to ../../build/carrinho_base/carrinho_base.egg-info/entry_points.txt
[2.777s] writing requirements to ../../build/carrinho_base/carrinho_base.egg-info/requires.txt
[2.782s] writing top-level names to ../../build/carrinho_base/carrinho_base.egg-info/top_level.txt
[2.898s] reading manifest file '../../build/carrinho_base/carrinho_base.egg-info/SOURCES.txt'
[2.899s] writing manifest file '../../build/carrinho_base/carrinho_base.egg-info/SOURCES.txt'
[2.900s] running build
[2.900s] running build_py
[2.904s] running install
[2.925s] running install_lib
[2.961s] running install_data
[2.961s] running install_egg_info
[2.991s] removing '/home/epiibots/ros2_ws/install/carrinho_base/lib/python3.12/site-packages/carrinho_base-0.0.0-py3.12.egg-info' (and everything under it)
[2.994s] Copying ../../build/carrinho_base/carrinho_base.egg-info to /home/epiibots/ros2_ws/install/carrinho_base/lib/python3.12/site-packages/carrinho_base-0.0.0-py3.12.egg-info
[3.003s] running install_scripts
[3.241s] Installing motor_control script to /home/epiibots/ros2_ws/install/carrinho_base/lib/carrinho_base
[3.241s] writing list of installed files to '/home/epiibots/ros2_ws/build/carrinho_base/install.log'
