[5.100s] Invoking command in '/home/epiibots/ros2_ws/src/bno055': DEBUGINFOD_URLS=https://debuginfod.ubuntu.com PYTHONPATH=/home/epiibots/ros2_ws/build/bno055/prefix_override:/usr/lib/python3/dist-packages/colcon_core/task/python/colcon_distutils_commands:/home/epiibots/ros2_ws/install/bno055/lib/python3.12/site-packages:${PYTHONPATH} /usr/bin/python3 -W ignore:setup.py install is deprecated -W ignore:easy_install command is deprecated setup.py egg_info --egg-base ../../build/bno055 build --build-base /home/epiibots/ros2_ws/build/bno055/build install --record /home/epiibots/ros2_ws/build/bno055/install.log --single-version-externally-managed install_data
[5.886s] running egg_info
[5.917s] writing ../../build/bno055/bno055.egg-info/PKG-INFO
[5.918s] writing dependency_links to ../../build/bno055/bno055.egg-info/dependency_links.txt
[5.919s] writing entry points to ../../build/bno055/bno055.egg-info/entry_points.txt
[5.919s] writing requirements to ../../build/bno055/bno055.egg-info/requires.txt
[5.919s] writing top-level names to ../../build/bno055/bno055.egg-info/top_level.txt
[5.981s] reading manifest file '../../build/bno055/bno055.egg-info/SOURCES.txt'
[5.985s] adding license file 'LICENSE'
[5.986s] adding license file 'AUTHORS'
[5.988s] writing manifest file '../../build/bno055/bno055.egg-info/SOURCES.txt'
[5.988s] running build
[5.989s] running build_py
[6.011s] running install
[6.036s] running install_lib
[6.122s] running install_data
[6.123s] running install_egg_info
[6.189s] removing '/home/epiibots/ros2_ws/install/bno055/lib/python3.12/site-packages/bno055-0.5.0-py3.12.egg-info' (and everything under it)
[6.190s] Copying ../../build/bno055/bno055.egg-info to /home/epiibots/ros2_ws/install/bno055/lib/python3.12/site-packages/bno055-0.5.0-py3.12.egg-info
[6.194s] running install_scripts
[6.492s] Installing bno055 script to /home/epiibots/ros2_ws/install/bno055/lib/bno055
[6.499s] writing list of installed files to '/home/epiibots/ros2_ws/build/bno055/install.log'
[6.817s] Invoked command in '/home/epiibots/ros2_ws/src/bno055' returned '0': DEBUGINFOD_URLS=https://debuginfod.ubuntu.com PYTHONPATH=/home/epiibots/ros2_ws/build/bno055/prefix_override:/usr/lib/python3/dist-packages/colcon_core/task/python/colcon_distutils_commands:/home/epiibots/ros2_ws/install/bno055/lib/python3.12/site-packages:${PYTHONPATH} /usr/bin/python3 -W ignore:setup.py install is deprecated -W ignore:easy_install command is deprecated setup.py egg_info --egg-base ../../build/bno055 build --build-base /home/epiibots/ros2_ws/build/bno055/build install --record /home/epiibots/ros2_ws/build/bno055/install.log --single-version-externally-managed install_data
