[5.440s] Invoking command in '/home/epiibots/ros2_ws/src/carrinho_base': DEBUGINFOD_URLS=https://debuginfod.ubuntu.com PYTHONPATH=/home/epiibots/ros2_ws/build/carrinho_base/prefix_override:/usr/lib/python3/dist-packages/colcon_core/task/python/colcon_distutils_commands:/home/epiibots/ros2_ws/install/carrinho_base/lib/python3.12/site-packages:${PYTHONPATH} /usr/bin/python3 -W ignore:setup.py install is deprecated -W ignore:easy_install command is deprecated setup.py egg_info --egg-base ../../build/carrinho_base build --build-base /home/epiibots/ros2_ws/build/carrinho_base/build install --record /home/epiibots/ros2_ws/build/carrinho_base/install.log --single-version-externally-managed install_data
[6.914s] running egg_info
[6.981s] writing ../../build/carrinho_base/carrinho_base.egg-info/PKG-INFO
[6.984s] writing dependency_links to ../../build/carrinho_base/carrinho_base.egg-info/dependency_links.txt
[6.992s] writing entry points to ../../build/carrinho_base/carrinho_base.egg-info/entry_points.txt
[6.993s] writing requirements to ../../build/carrinho_base/carrinho_base.egg-info/requires.txt
[6.997s] writing top-level names to ../../build/carrinho_base/carrinho_base.egg-info/top_level.txt
[7.467s] reading manifest file '../../build/carrinho_base/carrinho_base.egg-info/SOURCES.txt'
[7.485s] writing manifest file '../../build/carrinho_base/carrinho_base.egg-info/SOURCES.txt'
[7.487s] running build
[7.487s] running build_py
[7.488s] copying carrinho_base/motor_control.py -> /home/epiibots/ros2_ws/build/carrinho_base/build/lib/carrinho_base
[7.496s] running install
[7.578s] running install_lib
[7.790s] copying /home/epiibots/ros2_ws/build/carrinho_base/build/lib/carrinho_base/motor_control.py -> /home/epiibots/ros2_ws/install/carrinho_base/lib/python3.12/site-packages/carrinho_base
[7.804s] byte-compiling /home/epiibots/ros2_ws/install/carrinho_base/lib/python3.12/site-packages/carrinho_base/motor_control.py to motor_control.cpython-312.pyc
[7.818s] running install_data
[7.818s] running install_egg_info
[8.036s] removing '/home/epiibots/ros2_ws/install/carrinho_base/lib/python3.12/site-packages/carrinho_base-0.0.0-py3.12.egg-info' (and everything under it)
[8.036s] Copying ../../build/carrinho_base/carrinho_base.egg-info to /home/epiibots/ros2_ws/install/carrinho_base/lib/python3.12/site-packages/carrinho_base-0.0.0-py3.12.egg-info
[8.036s] running install_scripts
[8.600s] Installing checkpoint_player script to /home/epiibots/ros2_ws/install/carrinho_base/lib/carrinho_base
[8.600s] Installing checkpoint_recorder script to /home/epiibots/ros2_ws/install/carrinho_base/lib/carrinho_base
[8.603s] Installing motor_control script to /home/epiibots/ros2_ws/install/carrinho_base/lib/carrinho_base
[8.604s] writing list of installed files to '/home/epiibots/ros2_ws/build/carrinho_base/install.log'
[10.301s] Invoked command in '/home/epiibots/ros2_ws/src/carrinho_base' returned '0': DEBUGINFOD_URLS=https://debuginfod.ubuntu.com PYTHONPATH=/home/epiibots/ros2_ws/build/carrinho_base/prefix_override:/usr/lib/python3/dist-packages/colcon_core/task/python/colcon_distutils_commands:/home/epiibots/ros2_ws/install/carrinho_base/lib/python3.12/site-packages:${PYTHONPATH} /usr/bin/python3 -W ignore:setup.py install is deprecated -W ignore:easy_install command is deprecated setup.py egg_info --egg-base ../../build/carrinho_base build --build-base /home/epiibots/ros2_ws/build/carrinho_base/build install --record /home/epiibots/ros2_ws/build/carrinho_base/install.log --single-version-externally-managed install_data
