/home/epiibots/ros2_ws/install/carrinho_base/lib/python3.12/site-packages/carrinho_base/checkpoint_player.py
/home/epiibots/ros2_ws/install/carrinho_base/lib/python3.12/site-packages/carrinho_base/checkpoint_recorder.py
/home/epiibots/ros2_ws/install/carrinho_base/lib/python3.12/site-packages/carrinho_base/__init__.py
/home/epiibots/ros2_ws/install/carrinho_base/lib/python3.12/site-packages/carrinho_base/motor_control.py
/home/epiibots/ros2_ws/install/carrinho_base/lib/python3.12/site-packages/carrinho_base/__pycache__/checkpoint_player.cpython-312.pyc
/home/epiibots/ros2_ws/install/carrinho_base/lib/python3.12/site-packages/carrinho_base/__pycache__/checkpoint_recorder.cpython-312.pyc
/home/epiibots/ros2_ws/install/carrinho_base/lib/python3.12/site-packages/carrinho_base/__pycache__/__init__.cpython-312.pyc
/home/epiibots/ros2_ws/install/carrinho_base/lib/python3.12/site-packages/carrinho_base/__pycache__/motor_control.cpython-312.pyc
/home/epiibots/ros2_ws/install/carrinho_base/share/ament_index/resource_index/packages/carrinho_base
/home/epiibots/ros2_ws/install/carrinho_base/share/carrinho_base/package.xml
/home/epiibots/ros2_ws/install/carrinho_base/lib/python3.12/site-packages/carrinho_base-0.0.0-py3.12.egg-info/requires.txt
/home/epiibots/ros2_ws/install/carrinho_base/lib/python3.12/site-packages/carrinho_base-0.0.0-py3.12.egg-info/top_level.txt
/home/epiibots/ros2_ws/install/carrinho_base/lib/python3.12/site-packages/carrinho_base-0.0.0-py3.12.egg-info/zip-safe
/home/epiibots/ros2_ws/install/carrinho_base/lib/python3.12/site-packages/carrinho_base-0.0.0-py3.12.egg-info/PKG-INFO
/home/epiibots/ros2_ws/install/carrinho_base/lib/python3.12/site-packages/carrinho_base-0.0.0-py3.12.egg-info/SOURCES.txt
/home/epiibots/ros2_ws/install/carrinho_base/lib/python3.12/site-packages/carrinho_base-0.0.0-py3.12.egg-info/dependency_links.txt
/home/epiibots/ros2_ws/install/carrinho_base/lib/python3.12/site-packages/carrinho_base-0.0.0-py3.12.egg-info/entry_points.txt
/home/epiibots/ros2_ws/install/carrinho_base/lib/carrinho_base/checkpoint_player
/home/epiibots/ros2_ws/install/carrinho_base/lib/carrinho_base/checkpoint_recorder
/home/epiibots/ros2_ws/install/carrinho_base/lib/carrinho_base/motor_control
