[5.178s] Invoking command in '/home/epiibots/ros2_ws/src/bno055': DEBUGINFOD_URLS=https://debuginfod.ubuntu.com PYTHONPATH=/home/epiibots/ros2_ws/build/bno055/prefix_override:/usr/lib/python3/dist-packages/colcon_core/task/python/colcon_distutils_commands:/home/epiibots/ros2_ws/install/bno055/lib/python3.12/site-packages:${PYTHONPATH} /usr/bin/python3 -W ignore:setup.py install is deprecated -W ignore:easy_install command is deprecated setup.py egg_info --egg-base ../../build/bno055 build --build-base /home/epiibots/ros2_ws/build/bno055/build install --record /home/epiibots/ros2_ws/build/bno055/install.log --single-version-externally-managed install_data
[7.579s] running egg_info
[7.723s] writing ../../build/bno055/bno055.egg-info/PKG-INFO
[7.725s] writing dependency_links to ../../build/bno055/bno055.egg-info/dependency_links.txt
[7.732s] writing entry points to ../../build/bno055/bno055.egg-info/entry_points.txt
[7.732s] writing requirements to ../../build/bno055/bno055.egg-info/requires.txt
[7.732s] writing top-level names to ../../build/bno055/bno055.egg-info/top_level.txt
[8.173s] reading manifest file '../../build/bno055/bno055.egg-info/SOURCES.txt'
[8.201s] adding license file 'LICENSE'
[8.201s] adding license file 'AUTHORS'
[8.211s] writing manifest file '../../build/bno055/bno055.egg-info/SOURCES.txt'
[8.220s] running build
[8.222s] running build_py
[8.243s] running install
[8.317s] running install_lib
[8.546s] running install_data
[8.556s] running install_egg_info
[8.825s] removing '/home/epiibots/ros2_ws/install/bno055/lib/python3.12/site-packages/bno055-0.5.0-py3.12.egg-info' (and everything under it)
[8.826s] Copying ../../build/bno055/bno055.egg-info to /home/epiibots/ros2_ws/install/bno055/lib/python3.12/site-packages/bno055-0.5.0-py3.12.egg-info
[8.833s] running install_scripts
[9.787s] Installing bno055 script to /home/epiibots/ros2_ws/install/bno055/lib/bno055
[9.788s] writing list of installed files to '/home/epiibots/ros2_ws/build/bno055/install.log'
[10.298s] Invoked command in '/home/epiibots/ros2_ws/src/bno055' returned '0': DEBUGINFOD_URLS=https://debuginfod.ubuntu.com PYTHONPATH=/home/epiibots/ros2_ws/build/bno055/prefix_override:/usr/lib/python3/dist-packages/colcon_core/task/python/colcon_distutils_commands:/home/epiibots/ros2_ws/install/bno055/lib/python3.12/site-packages:${PYTHONPATH} /usr/bin/python3 -W ignore:setup.py install is deprecated -W ignore:easy_install command is deprecated setup.py egg_info --egg-base ../../build/bno055 build --build-base /home/epiibots/ros2_ws/build/bno055/build install --record /home/epiibots/ros2_ws/build/bno055/install.log --single-version-externally-managed install_data
