[3.165s] Invoking command in '/home/epiibots/ros2_ws/build/detector': DEBUGINFOD_URLS=https://debuginfod.ubuntu.com PYTHONPATH=/home/epiibots/ros2_ws/build/detector/prefix_override:/usr/lib/python3/dist-packages/colcon_core/task/python/colcon_distutils_commands:/home/epiibots/ros2_ws/install/detector/lib/python3.12/site-packages:${PYTHONPATH} /usr/bin/python3 -W ignore:setup.py install is deprecated -W ignore:easy_install command is deprecated setup.py develop --uninstall --editable --build-directory /home/epiibots/ros2_ws/build/detector/build
[3.835s] running develop
[4.168s] Removing /home/epiibots/ros2_ws/install/detector/lib/python3.12/site-packages/detector.egg-link (link to .)
[4.454s] Invoked command in '/home/epiibots/ros2_ws/build/detector' returned '0': DEBUGINFOD_URLS=https://debuginfod.ubuntu.com PYTHONPATH=/home/epiibots/ros2_ws/build/detector/prefix_override:/usr/lib/python3/dist-packages/colcon_core/task/python/colcon_distutils_commands:/home/epiibots/ros2_ws/install/detector/lib/python3.12/site-packages:${PYTHONPATH} /usr/bin/python3 -W ignore:setup.py install is deprecated -W ignore:easy_install command is deprecated setup.py develop --uninstall --editable --build-directory /home/epiibots/ros2_ws/build/detector/build
[4.460s] Invoking command in '/home/epiibots/ros2_ws/src/detector': DEBUGINFOD_URLS=https://debuginfod.ubuntu.com PYTHONPATH=/home/epiibots/ros2_ws/build/detector/prefix_override:/usr/lib/python3/dist-packages/colcon_core/task/python/colcon_distutils_commands:/home/epiibots/ros2_ws/install/detector/lib/python3.12/site-packages:${PYTHONPATH} /usr/bin/python3 -W ignore:setup.py install is deprecated -W ignore:easy_install command is deprecated setup.py egg_info --egg-base ../../build/detector build --build-base /home/epiibots/ros2_ws/build/detector/build install --record /home/epiibots/ros2_ws/build/detector/install.log --single-version-externally-managed install_data --force
[5.083s] running egg_info
[5.114s] writing ../../build/detector/detector.egg-info/PKG-INFO
[5.115s] writing dependency_links to ../../build/detector/detector.egg-info/dependency_links.txt
[5.121s] writing entry points to ../../build/detector/detector.egg-info/entry_points.txt
[5.122s] writing requirements to ../../build/detector/detector.egg-info/requires.txt
[5.123s] writing top-level names to ../../build/detector/detector.egg-info/top_level.txt
[5.187s] reading manifest file '../../build/detector/detector.egg-info/SOURCES.txt'
[5.190s] adding license file 'LICENSE'
[5.192s] writing manifest file '../../build/detector/detector.egg-info/SOURCES.txt'
[5.192s] running build
[5.194s] running build_py
[5.196s] running install
[5.214s] running install_lib
[5.241s] creating /home/epiibots/ros2_ws/install/detector/lib/python3.12/site-packages/detector
[5.243s] copying /home/epiibots/ros2_ws/build/detector/build/lib/detector/__init__.py -> /home/epiibots/ros2_ws/install/detector/lib/python3.12/site-packages/detector
[5.243s] copying /home/epiibots/ros2_ws/build/detector/build/lib/detector/apriltags.py -> /home/epiibots/ros2_ws/install/detector/lib/python3.12/site-packages/detector
[5.248s] byte-compiling /home/epiibots/ros2_ws/install/detector/lib/python3.12/site-packages/detector/__init__.py to __init__.cpython-312.pyc
[5.249s] byte-compiling /home/epiibots/ros2_ws/install/detector/lib/python3.12/site-packages/detector/apriltags.py to apriltags.cpython-312.pyc
[5.251s] running install_data
[5.254s] copying resource/detector -> /home/epiibots/ros2_ws/install/detector/share/ament_index/resource_index/packages
[5.254s] copying package.xml -> /home/epiibots/ros2_ws/install/detector/share/detector
[5.254s] running install_egg_info
[5.287s] Copying ../../build/detector/detector.egg-info to /home/epiibots/ros2_ws/install/detector/lib/python3.12/site-packages/detector-0.0.0-py3.12.egg-info
[5.293s] running install_scripts
[5.563s] Installing apriltags script to /home/epiibots/ros2_ws/install/detector/lib/detector
[5.563s] writing list of installed files to '/home/epiibots/ros2_ws/build/detector/install.log'
[5.805s] Invoked command in '/home/epiibots/ros2_ws/src/detector' returned '0': DEBUGINFOD_URLS=https://debuginfod.ubuntu.com PYTHONPATH=/home/epiibots/ros2_ws/build/detector/prefix_override:/usr/lib/python3/dist-packages/colcon_core/task/python/colcon_distutils_commands:/home/epiibots/ros2_ws/install/detector/lib/python3.12/site-packages:${PYTHONPATH} /usr/bin/python3 -W ignore:setup.py install is deprecated -W ignore:easy_install command is deprecated setup.py egg_info --egg-base ../../build/detector build --build-base /home/epiibots/ros2_ws/build/detector/build install --record /home/epiibots/ros2_ws/build/detector/install.log --single-version-externally-managed install_data --force
