[0.026s] Invoking command in '/home/epiibots/ros2_ws/build/micro_ros_setup': CMAKE_PREFIX_PATH=${CMAKE_PREFIX_PATH}:/home/epiibots/ros2_ws/install/lidar_teste:/home/epiibots/ros2_ws/install/detector:/home/epiibots/ros2_ws/install/carrinho_base:/home/epiibots/ros2_ws/install/bno055:/opt/ros/jazzy DEBUGINFOD_URLS=https://debuginfod.ubuntu.com /usr/bin/cmake --build /home/epiibots/ros2_ws/build/micro_ros_setup -- -j4 -l4
[0.365s] Invoked command in '/home/epiibots/ros2_ws/build/micro_ros_setup' returned '0': CMAKE_PREFIX_PATH=${CMAKE_PREFIX_PATH}:/home/epiibots/ros2_ws/install/lidar_teste:/home/epiibots/ros2_ws/install/detector:/home/epiibots/ros2_ws/install/carrinho_base:/home/epiibots/ros2_ws/install/bno055:/opt/ros/jazzy DEBUGINFOD_URLS=https://debuginfod.ubuntu.com /usr/bin/cmake --build /home/epiibots/ros2_ws/build/micro_ros_setup -- -j4 -l4
[0.370s] Invoking command in '/home/epiibots/ros2_ws/build/micro_ros_setup': CMAKE_PREFIX_PATH=${CMAKE_PREFIX_PATH}:/home/epiibots/ros2_ws/install/lidar_teste:/home/epiibots/ros2_ws/install/detector:/home/epiibots/ros2_ws/install/carrinho_base:/home/epiibots/ros2_ws/install/bno055:/opt/ros/jazzy DEBUGINFOD_URLS=https://debuginfod.ubuntu.com /usr/bin/cmake --install /home/epiibots/ros2_ws/build/micro_ros_setup
[0.401s] -- Install configuration: ""
[0.401s] -- Up-to-date: /home/epiibots/ros2_ws/install/micro_ros_setup/share/ament_index/resource_index/package_run_dependencies/micro_ros_setup
[0.402s] -- Up-to-date: /home/epiibots/ros2_ws/install/micro_ros_setup/share/ament_index/resource_index/parent_prefix_path/micro_ros_setup
[0.402s] -- Up-to-date: /home/epiibots/ros2_ws/install/micro_ros_setup/share/micro_ros_setup/environment/ament_prefix_path.sh
[0.402s] -- Up-to-date: /home/epiibots/ros2_ws/install/micro_ros_setup/share/micro_ros_setup/environment/ament_prefix_path.dsv
[0.402s] -- Up-to-date: /home/epiibots/ros2_ws/install/micro_ros_setup/share/micro_ros_setup/environment/path.sh
[0.402s] -- Up-to-date: /home/epiibots/ros2_ws/install/micro_ros_setup/share/micro_ros_setup/environment/path.dsv
[0.402s] -- Up-to-date: /home/epiibots/ros2_ws/install/micro_ros_setup/share/micro_ros_setup/local_setup.bash
[0.402s] -- Up-to-date: /home/epiibots/ros2_ws/install/micro_ros_setup/share/micro_ros_setup/local_setup.sh
[0.402s] -- Up-to-date: /home/epiibots/ros2_ws/install/micro_ros_setup/share/micro_ros_setup/local_setup.zsh
[0.402s] -- Up-to-date: /home/epiibots/ros2_ws/install/micro_ros_setup/share/micro_ros_setup/local_setup.dsv
[0.403s] -- Installing: /home/epiibots/ros2_ws/install/micro_ros_setup/share/micro_ros_setup/package.dsv
[0.407s] -- Up-to-date: /home/epiibots/ros2_ws/install/micro_ros_setup/share/ament_index/resource_index/packages/micro_ros_setup
[0.408s] -- Up-to-date: /home/epiibots/ros2_ws/install/micro_ros_setup/share/micro_ros_setup/cmake/micro_ros_setupConfig.cmake
[0.408s] -- Up-to-date: /home/epiibots/ros2_ws/install/micro_ros_setup/share/micro_ros_setup/cmake/micro_ros_setupConfig-version.cmake
[0.408s] -- Up-to-date: /home/epiibots/ros2_ws/install/micro_ros_setup/share/micro_ros_setup/package.xml
[0.408s] -- Up-to-date: /home/epiibots/ros2_ws/install/micro_ros_setup/./config
[0.408s] -- Up-to-date: /home/epiibots/ros2_ws/install/micro_ros_setup/./config/generate_lib
[0.408s] -- Up-to-date: /home/epiibots/ros2_ws/install/micro_ros_setup/./config/generate_lib/generic
[0.408s] -- Up-to-date: /home/epiibots/ros2_ws/install/micro_ros_setup/./config/generate_lib/generic/create.sh
[0.408s] -- Up-to-date: /home/epiibots/ros2_ws/install/micro_ros_setup/./config/generate_lib/generic/package.xml
[0.409s] -- Up-to-date: /home/epiibots/ros2_ws/install/micro_ros_setup/./config/generate_lib/generic/flash.sh
[0.409s] -- Up-to-date: /home/epiibots/ros2_ws/install/micro_ros_setup/./config/generate_lib/generic/build.sh
[0.409s] -- Up-to-date: /home/epiibots/ros2_ws/install/micro_ros_setup/./config/generate_lib/generic/demo_toolchain.cmake
[0.409s] -- Up-to-date: /home/epiibots/ros2_ws/install/micro_ros_setup/./config/generate_lib/generic/client-colcon.meta
[0.409s] -- Up-to-date: /home/epiibots/ros2_ws/install/micro_ros_setup/./config/generate_lib/generic/client_uros_packages.repos
[0.409s] -- Up-to-date: /home/epiibots/ros2_ws/install/micro_ros_setup/./config/generate_lib/dev_uros_packages.repos
[0.409s] -- Up-to-date: /home/epiibots/ros2_ws/install/micro_ros_setup/./config/generate_lib/dev_ros2_packages.txt
[0.414s] -- Up-to-date: /home/epiibots/ros2_ws/install/micro_ros_setup/./config/raspbian
[0.415s] -- Up-to-date: /home/epiibots/ros2_ws/install/micro_ros_setup/./config/raspbian/generic
[0.415s] -- Up-to-date: /home/epiibots/ros2_ws/install/micro_ros_setup/./config/raspbian/generic/supported_platforms
[0.415s] -- Up-to-date: /home/epiibots/ros2_ws/install/micro_ros_setup/./config/raspbian/generic/create.sh
[0.415s] -- Up-to-date: /home/epiibots/ros2_ws/install/micro_ros_setup/./config/raspbian/generic/flash.sh
[0.415s] -- Up-to-date: /home/epiibots/ros2_ws/install/micro_ros_setup/./config/raspbian/generic/build.sh
[0.416s] -- Up-to-date: /home/epiibots/ros2_ws/install/micro_ros_setup/./config/raspbian/generic/client-colcon.meta
[0.416s] -- Up-to-date: /home/epiibots/ros2_ws/install/micro_ros_setup/./config/raspbian/generic/client_uros_packages.repos
[0.420s] -- Up-to-date: /home/epiibots/ros2_ws/install/micro_ros_setup/./config/raspbian/generic/configure.sh
[0.421s] -- Up-to-date: /home/epiibots/ros2_ws/install/micro_ros_setup/./config/raspbian/dev_uros_packages.repos
[0.421s] -- Up-to-date: /home/epiibots/ros2_ws/install/micro_ros_setup/./config/raspbian/dev_ros2_packages.txt
[0.421s] -- Up-to-date: /home/epiibots/ros2_ws/install/micro_ros_setup/./config/agent_uros_packages.repos
[0.422s] -- Up-to-date: /home/epiibots/ros2_ws/install/micro_ros_setup/./config/utils.sh
[0.422s] -- Up-to-date: /home/epiibots/ros2_ws/install/micro_ros_setup/./config/client_ros2_packages.txt
[0.422s] -- Up-to-date: /home/epiibots/ros2_ws/install/micro_ros_setup/./config/zephyr
[0.422s] -- Up-to-date: /home/epiibots/ros2_ws/install/micro_ros_setup/./config/zephyr/generic
[0.422s] -- Up-to-date: /home/epiibots/ros2_ws/install/micro_ros_setup/./config/zephyr/generic/supported_platforms
[0.434s] -- Up-to-date: /home/epiibots/ros2_ws/install/micro_ros_setup/./config/zephyr/generic/board.repos
[0.435s] -- Up-to-date: /home/epiibots/ros2_ws/install/micro_ros_setup/./config/zephyr/generic/create.sh
[0.435s] -- Up-to-date: /home/epiibots/ros2_ws/install/micro_ros_setup/./config/zephyr/generic/package.xml
[0.436s] -- Up-to-date: /home/epiibots/ros2_ws/install/micro_ros_setup/./config/zephyr/generic/flash.sh
[0.436s] -- Up-to-date: /home/epiibots/ros2_ws/install/micro_ros_setup/./config/zephyr/generic/build.sh
[0.436s] -- Up-to-date: /home/epiibots/ros2_ws/install/micro_ros_setup/./config/zephyr/generic/client-colcon.meta
[0.438s] -- Up-to-date: /home/epiibots/ros2_ws/install/micro_ros_setup/./config/zephyr/generic/client_uros_packages.repos
[0.438s] -- Up-to-date: /home/epiibots/ros2_ws/install/micro_ros_setup/./config/zephyr/generic/configure.sh
[0.438s] -- Up-to-date: /home/epiibots/ros2_ws/install/micro_ros_setup/./config/zephyr/dev_uros_packages.repos
[0.442s] -- Up-to-date: /home/epiibots/ros2_ws/install/micro_ros_setup/./config/zephyr/list_apps.sh
[0.442s] -- Up-to-date: /home/epiibots/ros2_ws/install/micro_ros_setup/./config/zephyr/dev_ros2_packages.txt
[0.443s] -- Up-to-date: /home/epiibots/ros2_ws/install/micro_ros_setup/./config/freertos
[0.443s] -- Up-to-date: /home/epiibots/ros2_ws/install/micro_ros_setup/./config/freertos/esp32
[0.443s] -- Up-to-date: /home/epiibots/ros2_ws/install/micro_ros_setup/./config/freertos/esp32/README.md
[0.443s] -- Up-to-date: /home/epiibots/ros2_ws/install/micro_ros_setup/./config/freertos/esp32/board.repos
[0.443s] -- Up-to-date: /home/epiibots/ros2_ws/install/micro_ros_setup/./config/freertos/esp32/create.sh
[0.443s] -- Up-to-date: /home/epiibots/ros2_ws/install/micro_ros_setup/./config/freertos/esp32/package.xml
[0.443s] -- Up-to-date: /home/epiibots/ros2_ws/install/micro_ros_setup/./config/freertos/esp32/flash.sh
[0.443s] -- Up-to-date: /home/epiibots/ros2_ws/install/micro_ros_setup/./config/freertos/esp32/build.sh
[0.444s] -- Up-to-date: /home/epiibots/ros2_ws/install/micro_ros_setup/./config/freertos/esp32/client-colcon.meta
[0.444s] -- Up-to-date: /home/epiibots/ros2_ws/install/micro_ros_setup/./config/freertos/esp32/client_uros_packages.repos
[0.444s] -- Up-to-date: /home/epiibots/ros2_ws/install/micro_ros_setup/./config/freertos/esp32/configure.sh
[0.444s] -- Up-to-date: /home/epiibots/ros2_ws/install/micro_ros_setup/./config/freertos/crazyflie21
[0.444s] -- Up-to-date: /home/epiibots/ros2_ws/install/micro_ros_setup/./config/freertos/crazyflie21/board.repos
[0.445s] -- Up-to-date: /home/epiibots/ros2_ws/install/micro_ros_setup/./config/freertos/crazyflie21/create.sh
[0.456s] -- Up-to-date: /home/epiibots/ros2_ws/install/micro_ros_setup/./config/freertos/crazyflie21/package.xml
[0.462s] -- Up-to-date: /home/epiibots/ros2_ws/install/micro_ros_setup/./config/freertos/crazyflie21/flash.sh
[0.462s] -- Up-to-date: /home/epiibots/ros2_ws/install/micro_ros_setup/./config/freertos/crazyflie21/build.sh
[0.462s] -- Up-to-date: /home/epiibots/ros2_ws/install/micro_ros_setup/./config/freertos/crazyflie21/client-colcon.meta
[0.462s] -- Up-to-date: /home/epiibots/ros2_ws/install/micro_ros_setup/./config/freertos/crazyflie21/client_uros_packages.repos
[0.462s] -- Up-to-date: /home/epiibots/ros2_ws/install/micro_ros_setup/./config/freertos/crazyflie21/configure.sh
[0.463s] -- Up-to-date: /home/epiibots/ros2_ws/install/micro_ros_setup/./config/freertos/nucleo_f446ze
[0.464s] -- Up-to-date: /home/epiibots/ros2_ws/install/micro_ros_setup/./config/freertos/nucleo_f446ze/board.repos
[0.464s] -- Up-to-date: /home/epiibots/ros2_ws/install/micro_ros_setup/./config/freertos/nucleo_f446ze/create.sh
[0.464s] -- Up-to-date: /home/epiibots/ros2_ws/install/micro_ros_setup/./config/freertos/nucleo_f446ze/package.xml
[0.464s] -- Up-to-date: /home/epiibots/ros2_ws/install/micro_ros_setup/./config/freertos/nucleo_f446ze/flash.sh
[0.468s] -- Up-to-date: /home/epiibots/ros2_ws/install/micro_ros_setup/./config/freertos/nucleo_f446ze/build.sh
[0.468s] -- Up-to-date: /home/epiibots/ros2_ws/install/micro_ros_setup/./config/freertos/nucleo_f446ze/client-colcon.meta
[0.469s] -- Up-to-date: /home/epiibots/ros2_ws/install/micro_ros_setup/./config/freertos/nucleo_f446ze/client_uros_packages.repos
[0.469s] -- Up-to-date: /home/epiibots/ros2_ws/install/micro_ros_setup/./config/freertos/nucleo_f446ze/configure.sh
[0.469s] -- Up-to-date: /home/epiibots/ros2_ws/install/micro_ros_setup/./config/freertos/dev_uros_packages.repos
[0.469s] -- Up-to-date: /home/epiibots/ros2_ws/install/micro_ros_setup/./config/freertos/list_apps.sh
[0.470s] -- Up-to-date: /home/epiibots/ros2_ws/install/micro_ros_setup/./config/freertos/nucleo_f767zi
[0.470s] -- Up-to-date: /home/epiibots/ros2_ws/install/micro_ros_setup/./config/freertos/nucleo_f767zi/board.repos
[0.470s] -- Up-to-date: /home/epiibots/ros2_ws/install/micro_ros_setup/./config/freertos/nucleo_f767zi/create.sh
[0.470s] -- Up-to-date: /home/epiibots/ros2_ws/install/micro_ros_setup/./config/freertos/nucleo_f767zi/package.xml
[0.470s] -- Up-to-date: /home/epiibots/ros2_ws/install/micro_ros_setup/./config/freertos/nucleo_f767zi/flash.sh
[0.477s] -- Up-to-date: /home/epiibots/ros2_ws/install/micro_ros_setup/./config/freertos/nucleo_f767zi/build.sh
[0.478s] -- Up-to-date: /home/epiibots/ros2_ws/install/micro_ros_setup/./config/freertos/nucleo_f767zi/client-colcon.meta
[0.478s] -- Up-to-date: /home/epiibots/ros2_ws/install/micro_ros_setup/./config/freertos/nucleo_f767zi/client_uros_packages.repos
[0.478s] -- Up-to-date: /home/epiibots/ros2_ws/install/micro_ros_setup/./config/freertos/nucleo_f767zi/configure.sh
[0.478s] -- Up-to-date: /home/epiibots/ros2_ws/install/micro_ros_setup/./config/freertos/nucleo_f746zg
[0.478s] -- Up-to-date: /home/epiibots/ros2_ws/install/micro_ros_setup/./config/freertos/nucleo_f746zg/board.repos
[0.478s] -- Up-to-date: /home/epiibots/ros2_ws/install/micro_ros_setup/./config/freertos/nucleo_f746zg/create.sh
[0.479s] -- Up-to-date: /home/epiibots/ros2_ws/install/micro_ros_setup/./config/freertos/nucleo_f746zg/package.xml
[0.479s] -- Up-to-date: /home/epiibots/ros2_ws/install/micro_ros_setup/./config/freertos/nucleo_f746zg/flash.sh
[0.479s] -- Up-to-date: /home/epiibots/ros2_ws/install/micro_ros_setup/./config/freertos/nucleo_f746zg/build.sh
[0.479s] -- Up-to-date: /home/epiibots/ros2_ws/install/micro_ros_setup/./config/freertos/nucleo_f746zg/client-colcon.meta
[0.479s] -- Up-to-date: /home/epiibots/ros2_ws/install/micro_ros_setup/./config/freertos/nucleo_f746zg/client_uros_packages.repos
[0.479s] -- Up-to-date: /home/epiibots/ros2_ws/install/micro_ros_setup/./config/freertos/nucleo_f746zg/configure.sh
[0.479s] -- Up-to-date: /home/epiibots/ros2_ws/install/micro_ros_setup/./config/freertos/olimex-stm32-e407
[0.485s] -- Up-to-date: /home/epiibots/ros2_ws/install/micro_ros_setup/./config/freertos/olimex-stm32-e407/board.repos
[0.486s] -- Up-to-date: /home/epiibots/ros2_ws/install/micro_ros_setup/./config/freertos/olimex-stm32-e407/create.sh
[0.490s] -- Up-to-date: /home/epiibots/ros2_ws/install/micro_ros_setup/./config/freertos/olimex-stm32-e407/package.xml
[0.500s] -- Up-to-date: /home/epiibots/ros2_ws/install/micro_ros_setup/./config/freertos/olimex-stm32-e407/flash.sh
[0.501s] -- Up-to-date: /home/epiibots/ros2_ws/install/micro_ros_setup/./config/freertos/olimex-stm32-e407/build.sh
[0.505s] -- Up-to-date: /home/epiibots/ros2_ws/install/micro_ros_setup/./config/freertos/olimex-stm32-e407/client-colcon.meta
[0.505s] -- Up-to-date: /home/epiibots/ros2_ws/install/micro_ros_setup/./config/freertos/olimex-stm32-e407/client_uros_packages.repos
[0.506s] -- Up-to-date: /home/epiibots/ros2_ws/install/micro_ros_setup/./config/freertos/olimex-stm32-e407/configure.sh
[0.506s] -- Up-to-date: /home/epiibots/ros2_ws/install/micro_ros_setup/./config/freertos/nucleo_f446re
[0.506s] -- Up-to-date: /home/epiibots/ros2_ws/install/micro_ros_setup/./config/freertos/nucleo_f446re/board.repos
[0.512s] -- Up-to-date: /home/epiibots/ros2_ws/install/micro_ros_setup/./config/freertos/nucleo_f446re/create.sh
[0.513s] -- Up-to-date: /home/epiibots/ros2_ws/install/micro_ros_setup/./config/freertos/nucleo_f446re/package.xml
[0.513s] -- Up-to-date: /home/epiibots/ros2_ws/install/micro_ros_setup/./config/freertos/nucleo_f446re/flash.sh
[0.513s] -- Up-to-date: /home/epiibots/ros2_ws/install/micro_ros_setup/./config/freertos/nucleo_f446re/build.sh
[0.513s] -- Up-to-date: /home/epiibots/ros2_ws/install/micro_ros_setup/./config/freertos/nucleo_f446re/client-colcon.meta
[0.513s] -- Up-to-date: /home/epiibots/ros2_ws/install/micro_ros_setup/./config/freertos/nucleo_f446re/client_uros_packages.repos
[0.513s] -- Up-to-date: /home/epiibots/ros2_ws/install/micro_ros_setup/./config/freertos/nucleo_f446re/configure.sh
[0.513s] -- Up-to-date: /home/epiibots/ros2_ws/install/micro_ros_setup/./config/freertos/dev_ros2_packages.txt
[0.513s] -- Up-to-date: /home/epiibots/ros2_ws/install/micro_ros_setup/./config/host
[0.514s] -- Up-to-date: /home/epiibots/ros2_ws/install/micro_ros_setup/./config/host/generic
[0.514s] -- Up-to-date: /home/epiibots/ros2_ws/install/micro_ros_setup/./config/host/generic/create.sh
[0.514s] -- Up-to-date: /home/epiibots/ros2_ws/install/micro_ros_setup/./config/host/generic/package.xml
[0.514s] -- Up-to-date: /home/epiibots/ros2_ws/install/micro_ros_setup/./config/host/generic/flash.sh
[0.514s] -- Up-to-date: /home/epiibots/ros2_ws/install/micro_ros_setup/./config/host/generic/client_host_packages.repos
[0.514s] -- Up-to-date: /home/epiibots/ros2_ws/install/micro_ros_setup/./config/host/generic/build.sh
[0.514s] -- Up-to-date: /home/epiibots/ros2_ws/install/micro_ros_setup/./config/host/generic/client-host-colcon.meta
[0.514s] -- Up-to-date: /home/epiibots/ros2_ws/install/micro_ros_setup/./config/host/client_ros2_packages.txt
[0.514s] -- Up-to-date: /home/epiibots/ros2_ws/install/micro_ros_setup/./config/host/dev_uros_packages.repos
[0.514s] -- Up-to-date: /home/epiibots/ros2_ws/install/micro_ros_setup/./config/host/dev_ros2_packages.txt
[0.518s] -- Up-to-date: /home/epiibots/ros2_ws/install/micro_ros_setup/./config/android
[0.519s] -- Up-to-date: /home/epiibots/ros2_ws/install/micro_ros_setup/./config/android/generic
[0.519s] -- Up-to-date: /home/epiibots/ros2_ws/install/micro_ros_setup/./config/android/generic/create.sh
[0.520s] -- Up-to-date: /home/epiibots/ros2_ws/install/micro_ros_setup/./config/android/generic/package.xml
[0.522s] -- Up-to-date: /home/epiibots/ros2_ws/install/micro_ros_setup/./config/android/generic/flash.sh
[0.525s] -- Up-to-date: /home/epiibots/ros2_ws/install/micro_ros_setup/./config/android/generic/build.sh
[0.526s] -- Up-to-date: /home/epiibots/ros2_ws/install/micro_ros_setup/./config/android/generic/client-colcon.meta
[0.526s] -- Up-to-date: /home/epiibots/ros2_ws/install/micro_ros_setup/./config/android/generic/client_uros_packages.repos
[0.526s] -- Up-to-date: /home/epiibots/ros2_ws/install/micro_ros_setup/./config/android/dev_uros_packages.repos
[0.526s] -- Up-to-date: /home/epiibots/ros2_ws/install/micro_ros_setup/./config/android/dev_ros2_packages.txt
[0.527s] -- Up-to-date: /home/epiibots/ros2_ws/install/micro_ros_setup/./config/agent_ros2_packages.txt
[0.527s] -- Up-to-date: /home/epiibots/ros2_ws/install/micro_ros_setup/./config/client_uros_packages.repos
[0.527s] -- Up-to-date: /home/epiibots/ros2_ws/install/micro_ros_setup/lib/micro_ros_setup/create_ws.sh
[0.527s] -- Up-to-date: /home/epiibots/ros2_ws/install/micro_ros_setup/lib/micro_ros_setup/create_agent_ws.sh
[0.527s] -- Up-to-date: /home/epiibots/ros2_ws/install/micro_ros_setup/lib/micro_ros_setup/create_firmware_ws.sh
[0.527s] -- Up-to-date: /home/epiibots/ros2_ws/install/micro_ros_setup/lib/micro_ros_setup/configure_firmware.sh
[0.527s] -- Up-to-date: /home/epiibots/ros2_ws/install/micro_ros_setup/lib/micro_ros_setup/flash_firmware.sh
[0.527s] -- Up-to-date: /home/epiibots/ros2_ws/install/micro_ros_setup/lib/micro_ros_setup/build_firmware.sh
[0.528s] -- Up-to-date: /home/epiibots/ros2_ws/install/micro_ros_setup/lib/micro_ros_setup/build_agent.sh
[0.528s] -- Up-to-date: /home/epiibots/ros2_ws/install/micro_ros_setup/lib/micro_ros_setup/yaml_filter.py
[0.528s] -- Up-to-date: /home/epiibots/ros2_ws/install/micro_ros_setup/lib/micro_ros_setup/clean_env.sh
[0.528s] -- Up-to-date: /home/epiibots/ros2_ws/install/micro_ros_setup/lib/micro_ros_setup/component
[0.528s] Invoked command in '/home/epiibots/ros2_ws/build/micro_ros_setup' returned '0': CMAKE_PREFIX_PATH=${CMAKE_PREFIX_PATH}:/home/epiibots/ros2_ws/install/lidar_teste:/home/epiibots/ros2_ws/install/detector:/home/epiibots/ros2_ws/install/carrinho_base:/home/epiibots/ros2_ws/install/bno055:/opt/ros/jazzy DEBUGINFOD_URLS=https://debuginfod.ubuntu.com /usr/bin/cmake --install /home/epiibots/ros2_ws/build/micro_ros_setup
