[1.929s] Invoking command in '/ros/src/detector': PYTHONPATH=/ros/build/detector/prefix_override:/usr/lib/python3/dist-packages/colcon_core/task/python/colcon_distutils_commands:/ros/install/detector/lib/python3.10/site-packages:${PYTHONPATH} /usr/bin/python3 -W ignore:setup.py install is deprecated -W ignore:easy_install command is deprecated setup.py egg_info --egg-base ../../build/detector build --build-base /ros/build/detector/build install --record /ros/build/detector/install.log --single-version-externally-managed install_data
[2.320s] running egg_info
[2.320s] writing ../../build/detector/detector.egg-info/PKG-INFO
[2.320s] writing dependency_links to ../../build/detector/detector.egg-info/dependency_links.txt
[2.320s] writing entry points to ../../build/detector/detector.egg-info/entry_points.txt
[2.321s] writing requirements to ../../build/detector/detector.egg-info/requires.txt
[2.322s] writing top-level names to ../../build/detector/detector.egg-info/top_level.txt
[2.325s] reading manifest file '../../build/detector/detector.egg-info/SOURCES.txt'
[2.326s] adding license file 'LICENSE'
[2.327s] writing manifest file '../../build/detector/detector.egg-info/SOURCES.txt'
[2.327s] running build
[2.327s] running build_py
[2.328s] running install
[2.329s] running install_lib
[2.332s] running install_data
[2.332s] running install_egg_info
[2.336s] removing '/ros/install/detector/lib/python3.10/site-packages/detector-0.0.0-py3.10.egg-info' (and everything under it)
[2.336s] Copying ../../build/detector/detector.egg-info to /ros/install/detector/lib/python3.10/site-packages/detector-0.0.0-py3.10.egg-info
[2.338s] running install_scripts
[2.378s] Installing apriltags script to /ros/install/detector/lib/detector
[2.379s] writing list of installed files to '/ros/build/detector/install.log'
[2.494s] Invoked command in '/ros/src/detector' returned '0': PYTHONPATH=/ros/build/detector/prefix_override:/usr/lib/python3/dist-packages/colcon_core/task/python/colcon_distutils_commands:/ros/install/detector/lib/python3.10/site-packages:${PYTHONPATH} /usr/bin/python3 -W ignore:setup.py install is deprecated -W ignore:easy_install command is deprecated setup.py egg_info --egg-base ../../build/detector build --build-base /ros/build/detector/build install --record /ros/build/detector/install.log --single-version-externally-managed install_data
