[1.262s] Invoking command in '/home/epiibots/ros2_ws/src/servo_steering': DEBUGINFOD_URLS=https://debuginfod.ubuntu.com PYTHONPATH=/home/epiibots/ros2_ws/build/servo_steering/prefix_override:/usr/lib/python3/dist-packages/colcon_core/task/python/colcon_distutils_commands:/home/epiibots/ros2_ws/install/servo_steering/lib/python3.12/site-packages: /usr/bin/python3 -W ignore:setup.py install is deprecated -W ignore:easy_install command is deprecated setup.py egg_info --egg-base ../../build/servo_steering build --build-base /home/epiibots/ros2_ws/build/servo_steering/build install --record /home/epiibots/ros2_ws/build/servo_steering/install.log --single-version-externally-managed install_data
[1.604s] running egg_info
[1.621s] writing ../../build/servo_steering/servo_steering.egg-info/PKG-INFO
[1.622s] writing dependency_links to ../../build/servo_steering/servo_steering.egg-info/dependency_links.txt
[1.625s] writing entry points to ../../build/servo_steering/servo_steering.egg-info/entry_points.txt
[1.626s] writing requirements to ../../build/servo_steering/servo_steering.egg-info/requires.txt
[1.626s] writing top-level names to ../../build/servo_steering/servo_steering.egg-info/top_level.txt
[1.660s] reading manifest file '../../build/servo_steering/servo_steering.egg-info/SOURCES.txt'
[1.661s] writing manifest file '../../build/servo_steering/servo_steering.egg-info/SOURCES.txt'
[1.662s] running build
[1.663s] running build_py
[1.663s] copying servo_steering/motor_node.py -> /home/epiibots/ros2_ws/build/servo_steering/build/lib/servo_steering
[1.663s] copying servo_steering/teleop_keym.py -> /home/epiibots/ros2_ws/build/servo_steering/build/lib/servo_steering
[1.664s] copying servo_steering/servo_node.py -> /home/epiibots/ros2_ws/build/servo_steering/build/lib/servo_steering
[1.664s] running install
[1.673s] running install_lib
[1.689s] copying /home/epiibots/ros2_ws/build/servo_steering/build/lib/servo_steering/motor_node.py -> /home/epiibots/ros2_ws/install/servo_steering/lib/python3.12/site-packages/servo_steering
[1.690s] copying /home/epiibots/ros2_ws/build/servo_steering/build/lib/servo_steering/teleop_keym.py -> /home/epiibots/ros2_ws/install/servo_steering/lib/python3.12/site-packages/servo_steering
[1.691s] copying /home/epiibots/ros2_ws/build/servo_steering/build/lib/servo_steering/servo_node.py -> /home/epiibots/ros2_ws/install/servo_steering/lib/python3.12/site-packages/servo_steering
[1.691s] byte-compiling /home/epiibots/ros2_ws/install/servo_steering/lib/python3.12/site-packages/servo_steering/motor_node.py to motor_node.cpython-312.pyc
[1.693s] byte-compiling /home/epiibots/ros2_ws/install/servo_steering/lib/python3.12/site-packages/servo_steering/teleop_keym.py to teleop_keym.cpython-312.pyc
[1.695s] byte-compiling /home/epiibots/ros2_ws/install/servo_steering/lib/python3.12/site-packages/servo_steering/servo_node.py to servo_node.cpython-312.pyc
[1.696s] running install_data
[1.697s] running install_egg_info
[1.719s] removing '/home/epiibots/ros2_ws/install/servo_steering/lib/python3.12/site-packages/servo_steering-0.1.0-py3.12.egg-info' (and everything under it)
[1.719s] Copying ../../build/servo_steering/servo_steering.egg-info to /home/epiibots/ros2_ws/install/servo_steering/lib/python3.12/site-packages/servo_steering-0.1.0-py3.12.egg-info
[1.719s] running install_scripts
[1.847s] Installing motor_node script to /home/epiibots/ros2_ws/install/servo_steering/lib/servo_steering
[1.847s] Installing servo_node script to /home/epiibots/ros2_ws/install/servo_steering/lib/servo_steering
[1.847s] Installing teleopo script to /home/epiibots/ros2_ws/install/servo_steering/lib/servo_steering
[1.847s] writing list of installed files to '/home/epiibots/ros2_ws/build/servo_steering/install.log'
[1.931s] Invoked command in '/home/epiibots/ros2_ws/src/servo_steering' returned '0': DEBUGINFOD_URLS=https://debuginfod.ubuntu.com PYTHONPATH=/home/epiibots/ros2_ws/build/servo_steering/prefix_override:/usr/lib/python3/dist-packages/colcon_core/task/python/colcon_distutils_commands:/home/epiibots/ros2_ws/install/servo_steering/lib/python3.12/site-packages: /usr/bin/python3 -W ignore:setup.py install is deprecated -W ignore:easy_install command is deprecated setup.py egg_info --egg-base ../../build/servo_steering build --build-base /home/epiibots/ros2_ws/build/servo_steering/build install --record /home/epiibots/ros2_ws/build/servo_steering/install.log --single-version-externally-managed install_data
