/ros/install/bno055/lib/python3.10/site-packages/bno055/__init__.py
/ros/install/bno055/lib/python3.10/site-packages/bno055/bno055.py
/ros/install/bno055/lib/python3.10/site-packages/bno055/registers.py
/ros/install/bno055/lib/python3.10/site-packages/bno055/params/NodeParameters.py
/ros/install/bno055/lib/python3.10/site-packages/bno055/params/__init__.py
/ros/install/bno055/lib/python3.10/site-packages/bno055/connectors/__init__.py
/ros/install/bno055/lib/python3.10/site-packages/bno055/connectors/Connector.py
/ros/install/bno055/lib/python3.10/site-packages/bno055/connectors/uart.py
/ros/install/bno055/lib/python3.10/site-packages/bno055/connectors/i2c.py
/ros/install/bno055/lib/python3.10/site-packages/bno055/sensor/__init__.py
/ros/install/bno055/lib/python3.10/site-packages/bno055/sensor/SensorService.py
/ros/install/bno055/lib/python3.10/site-packages/bno055/error_handling/exceptions.py
/ros/install/bno055/lib/python3.10/site-packages/bno055/error_handling/__init__.py
/ros/install/bno055/lib/python3.10/site-packages/bno055/__pycache__/__init__.cpython-310.pyc
/ros/install/bno055/lib/python3.10/site-packages/bno055/__pycache__/bno055.cpython-310.pyc
/ros/install/bno055/lib/python3.10/site-packages/bno055/__pycache__/registers.cpython-310.pyc
/ros/install/bno055/lib/python3.10/site-packages/bno055/params/__pycache__/NodeParameters.cpython-310.pyc
/ros/install/bno055/lib/python3.10/site-packages/bno055/params/__pycache__/__init__.cpython-310.pyc
/ros/install/bno055/lib/python3.10/site-packages/bno055/connectors/__pycache__/__init__.cpython-310.pyc
/ros/install/bno055/lib/python3.10/site-packages/bno055/connectors/__pycache__/Connector.cpython-310.pyc
/ros/install/bno055/lib/python3.10/site-packages/bno055/connectors/__pycache__/uart.cpython-310.pyc
/ros/install/bno055/lib/python3.10/site-packages/bno055/connectors/__pycache__/i2c.cpython-310.pyc
/ros/install/bno055/lib/python3.10/site-packages/bno055/sensor/__pycache__/__init__.cpython-310.pyc
/ros/install/bno055/lib/python3.10/site-packages/bno055/sensor/__pycache__/SensorService.cpython-310.pyc
/ros/install/bno055/lib/python3.10/site-packages/bno055/error_handling/__pycache__/exceptions.cpython-310.pyc
/ros/install/bno055/lib/python3.10/site-packages/bno055/error_handling/__pycache__/__init__.cpython-310.pyc
/ros/install/bno055/share/ament_index/resource_index/packages/bno055
/ros/install/bno055/share/bno055/package.xml
/ros/install/bno055/share/bno055/launch/bno055.launch.py
/ros/install/bno055/share/bno055/config/bno055_params_test.yaml
/ros/install/bno055/share/bno055/config/bno055_params.yaml
/ros/install/bno055/share/bno055/config/bno055_params_i2c.yaml
/ros/install/bno055/lib/python3.10/site-packages/bno055-0.5.0-py3.10.egg-info/requires.txt
/ros/install/bno055/lib/python3.10/site-packages/bno055-0.5.0-py3.10.egg-info/top_level.txt
/ros/install/bno055/lib/python3.10/site-packages/bno055-0.5.0-py3.10.egg-info/zip-safe
/ros/install/bno055/lib/python3.10/site-packages/bno055-0.5.0-py3.10.egg-info/PKG-INFO
/ros/install/bno055/lib/python3.10/site-packages/bno055-0.5.0-py3.10.egg-info/SOURCES.txt
/ros/install/bno055/lib/python3.10/site-packages/bno055-0.5.0-py3.10.egg-info/dependency_links.txt
/ros/install/bno055/lib/python3.10/site-packages/bno055-0.5.0-py3.10.egg-info/entry_points.txt
/ros/install/bno055/lib/bno055/bno055
