[3.121s] Invoking command in '/home/epiibots/ros2_ws/src/bno055': DEBUGINFOD_URLS=https://debuginfod.ubuntu.com PYTHONPATH=/home/epiibots/ros2_ws/build/bno055/prefix_override:/usr/lib/python3/dist-packages/colcon_core/task/python/colcon_distutils_commands:/home/epiibots/ros2_ws/install/bno055/lib/python3.12/site-packages:${PYTHONPATH} /usr/bin/python3 -W ignore:setup.py install is deprecated -W ignore:easy_install command is deprecated setup.py egg_info --egg-base ../../build/bno055 build --build-base /home/epiibots/ros2_ws/build/bno055/build install --record /home/epiibots/ros2_ws/build/bno055/install.log --single-version-externally-managed install_data
[3.637s] running egg_info
[3.669s] writing ../../build/bno055/bno055.egg-info/PKG-INFO
[3.670s] writing dependency_links to ../../build/bno055/bno055.egg-info/dependency_links.txt
[3.673s] writing entry points to ../../build/bno055/bno055.egg-info/entry_points.txt
[3.676s] writing requirements to ../../build/bno055/bno055.egg-info/requires.txt
[3.676s] writing top-level names to ../../build/bno055/bno055.egg-info/top_level.txt
[3.743s] reading manifest file '../../build/bno055/bno055.egg-info/SOURCES.txt'
[3.747s] adding license file 'LICENSE'
[3.747s] adding license file 'AUTHORS'
[3.749s] writing manifest file '../../build/bno055/bno055.egg-info/SOURCES.txt'
[3.750s] running build
[3.750s] running build_py
[3.754s] running install
[3.768s] running install_lib
[3.798s] running install_data
[3.799s] running install_egg_info
[3.828s] removing '/home/epiibots/ros2_ws/install/bno055/lib/python3.12/site-packages/bno055-0.5.0-py3.12.egg-info' (and everything under it)
[3.828s] Copying ../../build/bno055/bno055.egg-info to /home/epiibots/ros2_ws/install/bno055/lib/python3.12/site-packages/bno055-0.5.0-py3.12.egg-info
[3.834s] running install_scripts
[4.121s] Installing bno055 script to /home/epiibots/ros2_ws/install/bno055/lib/bno055
[4.123s] writing list of installed files to '/home/epiibots/ros2_ws/build/bno055/install.log'
[4.613s] Invoked command in '/home/epiibots/ros2_ws/src/bno055' returned '0': DEBUGINFOD_URLS=https://debuginfod.ubuntu.com PYTHONPATH=/home/epiibots/ros2_ws/build/bno055/prefix_override:/usr/lib/python3/dist-packages/colcon_core/task/python/colcon_distutils_commands:/home/epiibots/ros2_ws/install/bno055/lib/python3.12/site-packages:${PYTHONPATH} /usr/bin/python3 -W ignore:setup.py install is deprecated -W ignore:easy_install command is deprecated setup.py egg_info --egg-base ../../build/bno055 build --build-base /home/epiibots/ros2_ws/build/bno055/build install --record /home/epiibots/ros2_ws/build/bno055/install.log --single-version-externally-managed install_data
