[3.748s] Invoking command in '/home/epiibots/ros2_ws/src/controlegeral_carrinho': AMENT_PREFIX_PATH=/home/epiibots/ros2_ws/install/sllidar_ros2:/home/epiibots/ros2_ws/install/bno055 CMAKE_PREFIX_PATH=/home/epiibots/ros2_ws/install/sllidar_ros2 DEBUGINFOD_URLS=https://debuginfod.ubuntu.com PYTHONPATH=/home/epiibots/ros2_ws/build/controlegeral_carrinho/prefix_override:/usr/lib/python3/dist-packages/colcon_core/task/python/colcon_distutils_commands:/home/epiibots/ros2_ws/install/controlegeral_carrinho/lib/python3.12/site-packages:/home/epiibots/ros2_ws/install/bno055/lib/python3.12/site-packages /usr/bin/python3 -W ignore:setup.py install is deprecated -W ignore:easy_install command is deprecated setup.py egg_info --egg-base ../../build/controlegeral_carrinho build --build-base /home/epiibots/ros2_ws/build/controlegeral_carrinho/build install --record /home/epiibots/ros2_ws/build/controlegeral_carrinho/install.log --single-version-externally-managed install_data
[4.373s] running egg_info
[4.399s] writing ../../build/controlegeral_carrinho/controlegeral_carrinho.egg-info/PKG-INFO
[4.403s] writing dependency_links to ../../build/controlegeral_carrinho/controlegeral_carrinho.egg-info/dependency_links.txt
[4.406s] writing requirements to ../../build/controlegeral_carrinho/controlegeral_carrinho.egg-info/requires.txt
[4.410s] writing top-level names to ../../build/controlegeral_carrinho/controlegeral_carrinho.egg-info/top_level.txt
[4.510s] reading manifest file '../../build/controlegeral_carrinho/controlegeral_carrinho.egg-info/SOURCES.txt'
[4.517s] adding license file 'LICENSE'
[4.517s] writing manifest file '../../build/controlegeral_carrinho/controlegeral_carrinho.egg-info/SOURCES.txt'
[4.517s] running build
[4.518s] running build_py
[4.518s] running install
[4.542s] running install_lib
[4.575s] running install_data
[4.577s] running install_egg_info
[4.613s] removing '/home/epiibots/ros2_ws/install/controlegeral_carrinho/lib/python3.12/site-packages/controlegeral_carrinho-0.0.0-py3.12.egg-info' (and everything under it)
[4.614s] Copying ../../build/controlegeral_carrinho/controlegeral_carrinho.egg-info to /home/epiibots/ros2_ws/install/controlegeral_carrinho/lib/python3.12/site-packages/controlegeral_carrinho-0.0.0-py3.12.egg-info
[4.618s] running install_scripts
[4.862s] writing list of installed files to '/home/epiibots/ros2_ws/build/controlegeral_carrinho/install.log'
[5.057s] Invoked command in '/home/epiibots/ros2_ws/src/controlegeral_carrinho' returned '0': AMENT_PREFIX_PATH=/home/epiibots/ros2_ws/install/sllidar_ros2:/home/epiibots/ros2_ws/install/bno055 CMAKE_PREFIX_PATH=/home/epiibots/ros2_ws/install/sllidar_ros2 DEBUGINFOD_URLS=https://debuginfod.ubuntu.com PYTHONPATH=/home/epiibots/ros2_ws/build/controlegeral_carrinho/prefix_override:/usr/lib/python3/dist-packages/colcon_core/task/python/colcon_distutils_commands:/home/epiibots/ros2_ws/install/controlegeral_carrinho/lib/python3.12/site-packages:/home/epiibots/ros2_ws/install/bno055/lib/python3.12/site-packages /usr/bin/python3 -W ignore:setup.py install is deprecated -W ignore:easy_install command is deprecated setup.py egg_info --egg-base ../../build/controlegeral_carrinho build --build-base /home/epiibots/ros2_ws/build/controlegeral_carrinho/build install --record /home/epiibots/ros2_ws/build/controlegeral_carrinho/install.log --single-version-externally-managed install_data
