[1.158s] Invoking command in '/home/epiibots/ros2_ws/src/servo_steering': DEBUGINFOD_URLS=https://debuginfod.ubuntu.com PYTHONPATH=/home/epiibots/ros2_ws/build/servo_steering/prefix_override:/usr/lib/python3/dist-packages/colcon_core/task/python/colcon_distutils_commands:/home/epiibots/ros2_ws/install/servo_steering/lib/python3.12/site-packages:${PYTHONPATH} /usr/bin/python3 -W ignore:setup.py install is deprecated -W ignore:easy_install command is deprecated setup.py egg_info --egg-base ../../build/servo_steering build --build-base /home/epiibots/ros2_ws/build/servo_steering/build install --record /home/epiibots/ros2_ws/build/servo_steering/install.log --single-version-externally-managed install_data
[1.501s] running egg_info
[1.525s] writing ../../build/servo_steering/servo_steering.egg-info/PKG-INFO
[1.526s] writing dependency_links to ../../build/servo_steering/servo_steering.egg-info/dependency_links.txt
[1.528s] writing entry points to ../../build/servo_steering/servo_steering.egg-info/entry_points.txt
[1.529s] writing requirements to ../../build/servo_steering/servo_steering.egg-info/requires.txt
[1.530s] writing top-level names to ../../build/servo_steering/servo_steering.egg-info/top_level.txt
[1.581s] reading manifest file '../../build/servo_steering/servo_steering.egg-info/SOURCES.txt'
[1.582s] writing manifest file '../../build/servo_steering/servo_steering.egg-info/SOURCES.txt'
[1.582s] running build
[1.582s] running build_py
[1.582s] copying servo_steering/servo_node.py -> /home/epiibots/ros2_ws/build/servo_steering/build/lib/servo_steering
[1.583s] running install
[1.592s] running install_lib
[1.616s] copying /home/epiibots/ros2_ws/build/servo_steering/build/lib/servo_steering/servo_node.py -> /home/epiibots/ros2_ws/install/servo_steering/lib/python3.12/site-packages/servo_steering
[1.617s] byte-compiling /home/epiibots/ros2_ws/install/servo_steering/lib/python3.12/site-packages/servo_steering/servo_node.py to servo_node.cpython-312.pyc
[1.619s] running install_data
[1.619s] running install_egg_info
[1.645s] removing '/home/epiibots/ros2_ws/install/servo_steering/lib/python3.12/site-packages/servo_steering-0.1.0-py3.12.egg-info' (and everything under it)
[1.645s] Copying ../../build/servo_steering/servo_steering.egg-info to /home/epiibots/ros2_ws/install/servo_steering/lib/python3.12/site-packages/servo_steering-0.1.0-py3.12.egg-info
[1.646s] running install_scripts
[1.811s] Installing motor_node script to /home/epiibots/ros2_ws/install/servo_steering/lib/servo_steering
[1.811s] Installing servo_node script to /home/epiibots/ros2_ws/install/servo_steering/lib/servo_steering
[1.814s] Installing teleop_kei script to /home/epiibots/ros2_ws/install/servo_steering/lib/servo_steering
[1.815s] Installing teleop_key script to /home/epiibots/ros2_ws/install/servo_steering/lib/servo_steering
[1.816s] writing list of installed files to '/home/epiibots/ros2_ws/build/servo_steering/install.log'
[1.907s] Invoked command in '/home/epiibots/ros2_ws/src/servo_steering' returned '0': DEBUGINFOD_URLS=https://debuginfod.ubuntu.com PYTHONPATH=/home/epiibots/ros2_ws/build/servo_steering/prefix_override:/usr/lib/python3/dist-packages/colcon_core/task/python/colcon_distutils_commands:/home/epiibots/ros2_ws/install/servo_steering/lib/python3.12/site-packages:${PYTHONPATH} /usr/bin/python3 -W ignore:setup.py install is deprecated -W ignore:easy_install command is deprecated setup.py egg_info --egg-base ../../build/servo_steering build --build-base /home/epiibots/ros2_ws/build/servo_steering/build install --record /home/epiibots/ros2_ws/build/servo_steering/install.log --single-version-externally-managed install_data
