[4.976s] Invoking command in '/home/epiibots/ros2_ws/src/servo_steering': DEBUGINFOD_URLS=https://debuginfod.ubuntu.com PYTHONPATH=/home/epiibots/ros2_ws/build/servo_steering/prefix_override:/usr/lib/python3/dist-packages/colcon_core/task/python/colcon_distutils_commands:/home/epiibots/ros2_ws/install/servo_steering/lib/python3.12/site-packages:${PYTHONPATH} /usr/bin/python3 -W ignore:setup.py install is deprecated -W ignore:easy_install command is deprecated setup.py egg_info --egg-base ../../build/servo_steering build --build-base /home/epiibots/ros2_ws/build/servo_steering/build install --record /home/epiibots/ros2_ws/build/servo_steering/install.log --single-version-externally-managed install_data
[6.759s] running egg_info
[6.850s] writing ../../build/servo_steering/servo_steering.egg-info/PKG-INFO
[6.851s] writing dependency_links to ../../build/servo_steering/servo_steering.egg-info/dependency_links.txt
[6.858s] writing entry points to ../../build/servo_steering/servo_steering.egg-info/entry_points.txt
[6.859s] writing requirements to ../../build/servo_steering/servo_steering.egg-info/requires.txt
[6.859s] writing top-level names to ../../build/servo_steering/servo_steering.egg-info/top_level.txt
[7.021s] reading manifest file '../../build/servo_steering/servo_steering.egg-info/SOURCES.txt'
[7.030s] writing manifest file '../../build/servo_steering/servo_steering.egg-info/SOURCES.txt'
[7.031s] running build
[7.031s] running build_py
[7.033s] copying servo_steering/motor_node.py -> /home/epiibots/ros2_ws/build/servo_steering/build/lib/servo_steering
[7.035s] running install
[7.074s] running install_lib
[7.122s] copying /home/epiibots/ros2_ws/build/servo_steering/build/lib/servo_steering/motor_node.py -> /home/epiibots/ros2_ws/install/servo_steering/lib/python3.12/site-packages/servo_steering
[7.124s] byte-compiling /home/epiibots/ros2_ws/install/servo_steering/lib/python3.12/site-packages/servo_steering/motor_node.py to motor_node.cpython-312.pyc
[7.128s] running install_data
[7.128s] running install_egg_info
[7.170s] removing '/home/epiibots/ros2_ws/install/servo_steering/lib/python3.12/site-packages/servo_steering-0.1.0-py3.12.egg-info' (and everything under it)
[7.171s] Copying ../../build/servo_steering/servo_steering.egg-info to /home/epiibots/ros2_ws/install/servo_steering/lib/python3.12/site-packages/servo_steering-0.1.0-py3.12.egg-info
[7.178s] running install_scripts
[7.642s] Installing motor_node script to /home/epiibots/ros2_ws/install/servo_steering/lib/servo_steering
[7.643s] Installing servo_node script to /home/epiibots/ros2_ws/install/servo_steering/lib/servo_steering
[7.652s] Installing teleop_kei script to /home/epiibots/ros2_ws/install/servo_steering/lib/servo_steering
[7.652s] Installing teleop_key script to /home/epiibots/ros2_ws/install/servo_steering/lib/servo_steering
[7.657s] writing list of installed files to '/home/epiibots/ros2_ws/build/servo_steering/install.log'
[7.867s] Invoked command in '/home/epiibots/ros2_ws/src/servo_steering' returned '0': DEBUGINFOD_URLS=https://debuginfod.ubuntu.com PYTHONPATH=/home/epiibots/ros2_ws/build/servo_steering/prefix_override:/usr/lib/python3/dist-packages/colcon_core/task/python/colcon_distutils_commands:/home/epiibots/ros2_ws/install/servo_steering/lib/python3.12/site-packages:${PYTHONPATH} /usr/bin/python3 -W ignore:setup.py install is deprecated -W ignore:easy_install command is deprecated setup.py egg_info --egg-base ../../build/servo_steering build --build-base /home/epiibots/ros2_ws/build/servo_steering/build install --record /home/epiibots/ros2_ws/build/servo_steering/install.log --single-version-externally-managed install_data
