/home/epiibots/ros2_ws/install/servo_steering/lib/python3.12/site-packages/servo_steering/teleop_key.py
/home/epiibots/ros2_ws/install/servo_steering/lib/python3.12/site-packages/servo_steering/motor_node.py
/home/epiibots/ros2_ws/install/servo_steering/lib/python3.12/site-packages/servo_steering/__init__.py
/home/epiibots/ros2_ws/install/servo_steering/lib/python3.12/site-packages/servo_steering/teleop_kei.py
/home/epiibots/ros2_ws/install/servo_steering/lib/python3.12/site-packages/servo_steering/servo_node.py
/home/epiibots/ros2_ws/install/servo_steering/lib/python3.12/site-packages/servo_steering/__pycache__/teleop_key.cpython-312.pyc
/home/epiibots/ros2_ws/install/servo_steering/lib/python3.12/site-packages/servo_steering/__pycache__/motor_node.cpython-312.pyc
/home/epiibots/ros2_ws/install/servo_steering/lib/python3.12/site-packages/servo_steering/__pycache__/__init__.cpython-312.pyc
/home/epiibots/ros2_ws/install/servo_steering/lib/python3.12/site-packages/servo_steering/__pycache__/teleop_kei.cpython-312.pyc
/home/epiibots/ros2_ws/install/servo_steering/lib/python3.12/site-packages/servo_steering/__pycache__/servo_node.cpython-312.pyc
/home/epiibots/ros2_ws/install/servo_steering/share/ament_index/resource_index/packages/servo_steering
/home/epiibots/ros2_ws/install/servo_steering/share/servo_steering/package.xml
/home/epiibots/ros2_ws/install/servo_steering/lib/python3.12/site-packages/servo_steering-0.1.0-py3.12.egg-info/requires.txt
/home/epiibots/ros2_ws/install/servo_steering/lib/python3.12/site-packages/servo_steering-0.1.0-py3.12.egg-info/top_level.txt
/home/epiibots/ros2_ws/install/servo_steering/lib/python3.12/site-packages/servo_steering-0.1.0-py3.12.egg-info/zip-safe
/home/epiibots/ros2_ws/install/servo_steering/lib/python3.12/site-packages/servo_steering-0.1.0-py3.12.egg-info/PKG-INFO
/home/epiibots/ros2_ws/install/servo_steering/lib/python3.12/site-packages/servo_steering-0.1.0-py3.12.egg-info/SOURCES.txt
/home/epiibots/ros2_ws/install/servo_steering/lib/python3.12/site-packages/servo_steering-0.1.0-py3.12.egg-info/dependency_links.txt
/home/epiibots/ros2_ws/install/servo_steering/lib/python3.12/site-packages/servo_steering-0.1.0-py3.12.egg-info/entry_points.txt
/home/epiibots/ros2_ws/install/servo_steering/lib/servo_steering/motor_node
/home/epiibots/ros2_ws/install/servo_steering/lib/servo_steering/servo_node
/home/epiibots/ros2_ws/install/servo_steering/lib/servo_steering/teleop_kei
/home/epiibots/ros2_ws/install/servo_steering/lib/servo_steering/teleop_key
