running egg_info
creating ../../../../build/detector/detector.egg-info
writing ../../../../build/detector/detector.egg-info/PKG-INFO
writing dependency_links to ../../../../build/detector/detector.egg-info/dependency_links.txt
writing entry points to ../../../../build/detector/detector.egg-info/entry_points.txt
writing requirements to ../../../../build/detector/detector.egg-info/requires.txt
writing top-level names to ../../../../build/detector/detector.egg-info/top_level.txt
writing manifest file '../../../../build/detector/detector.egg-info/SOURCES.txt'
reading manifest file '../../../../build/detector/detector.egg-info/SOURCES.txt'
adding license file 'LICENSE'
writing manifest file '../../../../build/detector/detector.egg-info/SOURCES.txt'
running build
running build_py
creating /home/epiibots/ros2_ws/build/detector/build
creating /home/epiibots/ros2_ws/build/detector/build/lib
creating /home/epiibots/ros2_ws/build/detector/build/lib/detector
copying detector/__init__.py -> /home/epiibots/ros2_ws/build/detector/build/lib/detector
copying detector/apriltags.py -> /home/epiibots/ros2_ws/build/detector/build/lib/detector
running install
running install_lib
creating /home/epiibots/ros2_ws/install/detector/lib/python3.12/site-packages/detector
copying /home/epiibots/ros2_ws/build/detector/build/lib/detector/__init__.py -> /home/epiibots/ros2_ws/install/detector/lib/python3.12/site-packages/detector
copying /home/epiibots/ros2_ws/build/detector/build/lib/detector/apriltags.py -> /home/epiibots/ros2_ws/install/detector/lib/python3.12/site-packages/detector
byte-compiling /home/epiibots/ros2_ws/install/detector/lib/python3.12/site-packages/detector/__init__.py to __init__.cpython-312.pyc
byte-compiling /home/epiibots/ros2_ws/install/detector/lib/python3.12/site-packages/detector/apriltags.py to apriltags.cpython-312.pyc
running install_data
creating /home/epiibots/ros2_ws/install/detector/share/ament_index
creating /home/epiibots/ros2_ws/install/detector/share/ament_index/resource_index
creating /home/epiibots/ros2_ws/install/detector/share/ament_index/resource_index/packages
copying resource/detector -> /home/epiibots/ros2_ws/install/detector/share/ament_index/resource_index/packages
copying package.xml -> /home/epiibots/ros2_ws/install/detector/share/detector
running install_egg_info
Copying ../../../../build/detector/detector.egg-info to /home/epiibots/ros2_ws/install/detector/lib/python3.12/site-packages/detector-0.0.0-py3.12.egg-info
running install_scripts
Installing apriltags script to /home/epiibots/ros2_ws/install/detector/lib/detector
writing list of installed files to '/home/epiibots/ros2_ws/build/detector/install.log'
