[2.587s] Invoking command in '/home/epiibots/ros2_ws/src/detector': DEBUGINFOD_URLS=https://debuginfod.ubuntu.com PYTHONPATH=/home/epiibots/ros2_ws/build/detector/prefix_override:/usr/lib/python3/dist-packages/colcon_core/task/python/colcon_distutils_commands:/home/epiibots/ros2_ws/install/detector/lib/python3.12/site-packages:${PYTHONPATH} /usr/bin/python3 -W ignore:setup.py install is deprecated -W ignore:easy_install command is deprecated setup.py egg_info --egg-base ../../build/detector build --build-base /home/epiibots/ros2_ws/build/detector/build install --record /home/epiibots/ros2_ws/build/detector/install.log --single-version-externally-managed install_data
[3.448s] running egg_info
[3.523s] writing ../../build/detector/detector.egg-info/PKG-INFO
[3.526s] writing dependency_links to ../../build/detector/detector.egg-info/dependency_links.txt
[3.530s] writing entry points to ../../build/detector/detector.egg-info/entry_points.txt
[3.530s] writing requirements to ../../build/detector/detector.egg-info/requires.txt
[3.537s] writing top-level names to ../../build/detector/detector.egg-info/top_level.txt
[3.709s] reading manifest file '../../build/detector/detector.egg-info/SOURCES.txt'
[3.709s] adding license file 'LICENSE'
[3.710s] writing manifest file '../../build/detector/detector.egg-info/SOURCES.txt'
[3.712s] running build
[3.713s] running build_py
[3.714s] running install
[3.743s] running install_lib
[3.814s] running install_data
[3.815s] running install_egg_info
[3.852s] removing '/home/epiibots/ros2_ws/install/detector/lib/python3.12/site-packages/detector-0.0.0-py3.12.egg-info' (and everything under it)
[3.854s] Copying ../../build/detector/detector.egg-info to /home/epiibots/ros2_ws/install/detector/lib/python3.12/site-packages/detector-0.0.0-py3.12.egg-info
[3.857s] running install_scripts
[4.352s] Installing apriltags script to /home/epiibots/ros2_ws/install/detector/lib/detector
[4.353s] writing list of installed files to '/home/epiibots/ros2_ws/build/detector/install.log'
[5.192s] Invoked command in '/home/epiibots/ros2_ws/src/detector' returned '0': DEBUGINFOD_URLS=https://debuginfod.ubuntu.com PYTHONPATH=/home/epiibots/ros2_ws/build/detector/prefix_override:/usr/lib/python3/dist-packages/colcon_core/task/python/colcon_distutils_commands:/home/epiibots/ros2_ws/install/detector/lib/python3.12/site-packages:${PYTHONPATH} /usr/bin/python3 -W ignore:setup.py install is deprecated -W ignore:easy_install command is deprecated setup.py egg_info --egg-base ../../build/detector build --build-base /home/epiibots/ros2_ws/build/detector/build install --record /home/epiibots/ros2_ws/build/detector/install.log --single-version-externally-managed install_data
