[1.469s] Invoking command in '/home/epiibots/ros2_ws/src/servo_steering': DEBUGINFOD_URLS=https://debuginfod.ubuntu.com PYTHONPATH=/home/epiibots/ros2_ws/build/servo_steering/prefix_override:/usr/lib/python3/dist-packages/colcon_core/task/python/colcon_distutils_commands:/home/epiibots/ros2_ws/install/servo_steering/lib/python3.12/site-packages:${PYTHONPATH} /usr/bin/python3 -W ignore:setup.py install is deprecated -W ignore:easy_install command is deprecated setup.py egg_info --egg-base ../../build/servo_steering build --build-base /home/epiibots/ros2_ws/build/servo_steering/build install --record /home/epiibots/ros2_ws/build/servo_steering/install.log --single-version-externally-managed install_data
[1.882s] running egg_info
[1.909s] writing ../../build/servo_steering/servo_steering.egg-info/PKG-INFO
[1.909s] writing dependency_links to ../../build/servo_steering/servo_steering.egg-info/dependency_links.txt
[1.912s] writing entry points to ../../build/servo_steering/servo_steering.egg-info/entry_points.txt
[1.912s] writing requirements to ../../build/servo_steering/servo_steering.egg-info/requires.txt
[1.913s] writing top-level names to ../../build/servo_steering/servo_steering.egg-info/top_level.txt
[1.965s] reading manifest file '../../build/servo_steering/servo_steering.egg-info/SOURCES.txt'
[1.966s] writing manifest file '../../build/servo_steering/servo_steering.egg-info/SOURCES.txt'
[1.967s] running build
[1.967s] running build_py
[1.968s] copying servo_steering/teleop_key.py -> /home/epiibots/ros2_ws/build/servo_steering/build/lib/servo_steering
[1.968s] running install
[1.977s] running install_lib
[2.002s] copying /home/epiibots/ros2_ws/build/servo_steering/build/lib/servo_steering/teleop_key.py -> /home/epiibots/ros2_ws/install/servo_steering/lib/python3.12/site-packages/servo_steering
[2.004s] byte-compiling /home/epiibots/ros2_ws/install/servo_steering/lib/python3.12/site-packages/servo_steering/teleop_key.py to teleop_key.cpython-312.pyc
[2.005s] running install_data
[2.006s] running install_egg_info
[2.034s] removing '/home/epiibots/ros2_ws/install/servo_steering/lib/python3.12/site-packages/servo_steering-0.1.0-py3.12.egg-info' (and everything under it)
[2.040s] Copying ../../build/servo_steering/servo_steering.egg-info to /home/epiibots/ros2_ws/install/servo_steering/lib/python3.12/site-packages/servo_steering-0.1.0-py3.12.egg-info
[2.040s] running install_scripts
[2.210s] Installing motor_node script to /home/epiibots/ros2_ws/install/servo_steering/lib/servo_steering
[2.211s] Installing servo_node script to /home/epiibots/ros2_ws/install/servo_steering/lib/servo_steering
[2.213s] Installing teleop_key script to /home/epiibots/ros2_ws/install/servo_steering/lib/servo_steering
[2.214s] writing list of installed files to '/home/epiibots/ros2_ws/build/servo_steering/install.log'
[2.289s] Invoked command in '/home/epiibots/ros2_ws/src/servo_steering' returned '0': DEBUGINFOD_URLS=https://debuginfod.ubuntu.com PYTHONPATH=/home/epiibots/ros2_ws/build/servo_steering/prefix_override:/usr/lib/python3/dist-packages/colcon_core/task/python/colcon_distutils_commands:/home/epiibots/ros2_ws/install/servo_steering/lib/python3.12/site-packages:${PYTHONPATH} /usr/bin/python3 -W ignore:setup.py install is deprecated -W ignore:easy_install command is deprecated setup.py egg_info --egg-base ../../build/servo_steering build --build-base /home/epiibots/ros2_ws/build/servo_steering/build install --record /home/epiibots/ros2_ws/build/servo_steering/install.log --single-version-externally-managed install_data
