[1.939s] Invoking command in '/ros/build/bno055': PYTHONPATH=/ros/build/bno055/prefix_override:/usr/lib/python3/dist-packages/colcon_core/task/python/colcon_distutils_commands:/ros/install/bno055/lib/python3.10/site-packages:${PYTHONPATH} /usr/bin/python3 -W ignore:setup.py install is deprecated -W ignore:easy_install command is deprecated setup.py develop --uninstall --editable --build-directory /ros/build/bno055/build
[2.351s] running develop
[2.545s] Removing /ros/install/bno055/lib/python3.10/site-packages/bno055.egg-link (link to .)
[2.722s] Invoked command in '/ros/build/bno055' returned '0': PYTHONPATH=/ros/build/bno055/prefix_override:/usr/lib/python3/dist-packages/colcon_core/task/python/colcon_distutils_commands:/ros/install/bno055/lib/python3.10/site-packages:${PYTHONPATH} /usr/bin/python3 -W ignore:setup.py install is deprecated -W ignore:easy_install command is deprecated setup.py develop --uninstall --editable --build-directory /ros/build/bno055/build
[2.723s] Invoking command in '/ros/src/bno055': PYTHONPATH=/ros/build/bno055/prefix_override:/usr/lib/python3/dist-packages/colcon_core/task/python/colcon_distutils_commands:/ros/install/bno055/lib/python3.10/site-packages:${PYTHONPATH} /usr/bin/python3 -W ignore:setup.py install is deprecated -W ignore:easy_install command is deprecated setup.py egg_info --egg-base ../../build/bno055 build --build-base /ros/build/bno055/build install --record /ros/build/bno055/install.log --single-version-externally-managed install_data --force
[3.236s] running egg_info
[3.244s] writing ../../build/bno055/bno055.egg-info/PKG-INFO
[3.246s] writing dependency_links to ../../build/bno055/bno055.egg-info/dependency_links.txt
[3.248s] writing entry points to ../../build/bno055/bno055.egg-info/entry_points.txt
[3.249s] writing requirements to ../../build/bno055/bno055.egg-info/requires.txt
[3.249s] writing top-level names to ../../build/bno055/bno055.egg-info/top_level.txt
[3.259s] reading manifest file '../../build/bno055/bno055.egg-info/SOURCES.txt'
[3.264s] adding license file 'LICENSE'
[3.264s] adding license file 'AUTHORS'
[3.266s] writing manifest file '../../build/bno055/bno055.egg-info/SOURCES.txt'
[3.267s] running build
[3.267s] running build_py
[3.268s] creating /ros/build/bno055/build
[3.269s] creating /ros/build/bno055/build/lib
[3.269s] creating /ros/build/bno055/build/lib/bno055
[3.271s] copying bno055/__init__.py -> /ros/build/bno055/build/lib/bno055
[3.272s] copying bno055/bno055.py -> /ros/build/bno055/build/lib/bno055
[3.274s] copying bno055/registers.py -> /ros/build/bno055/build/lib/bno055
[3.277s] creating /ros/build/bno055/build/lib/bno055/params
[3.277s] copying bno055/params/NodeParameters.py -> /ros/build/bno055/build/lib/bno055/params
[3.279s] copying bno055/params/__init__.py -> /ros/build/bno055/build/lib/bno055/params
[3.282s] creating /ros/build/bno055/build/lib/bno055/connectors
[3.282s] copying bno055/connectors/__init__.py -> /ros/build/bno055/build/lib/bno055/connectors
[3.284s] copying bno055/connectors/Connector.py -> /ros/build/bno055/build/lib/bno055/connectors
[3.286s] copying bno055/connectors/uart.py -> /ros/build/bno055/build/lib/bno055/connectors
[3.286s] copying bno055/connectors/i2c.py -> /ros/build/bno055/build/lib/bno055/connectors
[3.288s] creating /ros/build/bno055/build/lib/bno055/sensor
[3.289s] copying bno055/sensor/__init__.py -> /ros/build/bno055/build/lib/bno055/sensor
[3.289s] copying bno055/sensor/SensorService.py -> /ros/build/bno055/build/lib/bno055/sensor
[3.293s] creating /ros/build/bno055/build/lib/bno055/error_handling
[3.293s] copying bno055/error_handling/exceptions.py -> /ros/build/bno055/build/lib/bno055/error_handling
[3.294s] copying bno055/error_handling/__init__.py -> /ros/build/bno055/build/lib/bno055/error_handling
[3.295s] running install
[3.297s] running install_lib
[3.301s] creating /ros/install/bno055/lib/python3.10/site-packages/bno055
[3.302s] creating /ros/install/bno055/lib/python3.10/site-packages/bno055/params
[3.302s] copying /ros/build/bno055/build/lib/bno055/params/NodeParameters.py -> /ros/install/bno055/lib/python3.10/site-packages/bno055/params
[3.303s] copying /ros/build/bno055/build/lib/bno055/params/__init__.py -> /ros/install/bno055/lib/python3.10/site-packages/bno055/params
[3.307s] copying /ros/build/bno055/build/lib/bno055/__init__.py -> /ros/install/bno055/lib/python3.10/site-packages/bno055
[3.308s] copying /ros/build/bno055/build/lib/bno055/registers.py -> /ros/install/bno055/lib/python3.10/site-packages/bno055
[3.309s] copying /ros/build/bno055/build/lib/bno055/bno055.py -> /ros/install/bno055/lib/python3.10/site-packages/bno055
[3.309s] creating /ros/install/bno055/lib/python3.10/site-packages/bno055/connectors
[3.310s] copying /ros/build/bno055/build/lib/bno055/connectors/__init__.py -> /ros/install/bno055/lib/python3.10/site-packages/bno055/connectors
[3.312s] copying /ros/build/bno055/build/lib/bno055/connectors/Connector.py -> /ros/install/bno055/lib/python3.10/site-packages/bno055/connectors
[3.312s] copying /ros/build/bno055/build/lib/bno055/connectors/uart.py -> /ros/install/bno055/lib/python3.10/site-packages/bno055/connectors
[3.315s] copying /ros/build/bno055/build/lib/bno055/connectors/i2c.py -> /ros/install/bno055/lib/python3.10/site-packages/bno055/connectors
[3.315s] creating /ros/install/bno055/lib/python3.10/site-packages/bno055/sensor
[3.321s] copying /ros/build/bno055/build/lib/bno055/sensor/__init__.py -> /ros/install/bno055/lib/python3.10/site-packages/bno055/sensor
[3.321s] copying /ros/build/bno055/build/lib/bno055/sensor/SensorService.py -> /ros/install/bno055/lib/python3.10/site-packages/bno055/sensor
[3.321s] creating /ros/install/bno055/lib/python3.10/site-packages/bno055/error_handling
[3.323s] copying /ros/build/bno055/build/lib/bno055/error_handling/exceptions.py -> /ros/install/bno055/lib/python3.10/site-packages/bno055/error_handling
[3.324s] copying /ros/build/bno055/build/lib/bno055/error_handling/__init__.py -> /ros/install/bno055/lib/python3.10/site-packages/bno055/error_handling
[3.331s] byte-compiling /ros/install/bno055/lib/python3.10/site-packages/bno055/params/NodeParameters.py to NodeParameters.cpython-310.pyc
[3.345s] byte-compiling /ros/install/bno055/lib/python3.10/site-packages/bno055/params/__init__.py to __init__.cpython-310.pyc
[3.346s] byte-compiling /ros/install/bno055/lib/python3.10/site-packages/bno055/__init__.py to __init__.cpython-310.pyc
[3.346s] byte-compiling /ros/install/bno055/lib/python3.10/site-packages/bno055/registers.py to registers.cpython-310.pyc
[3.346s] byte-compiling /ros/install/bno055/lib/python3.10/site-packages/bno055/bno055.py to bno055.cpython-310.pyc
[3.346s] byte-compiling /ros/install/bno055/lib/python3.10/site-packages/bno055/connectors/__init__.py to __init__.cpython-310.pyc
[3.351s] byte-compiling /ros/install/bno055/lib/python3.10/site-packages/bno055/connectors/Connector.py to Connector.cpython-310.pyc
[3.351s] byte-compiling /ros/install/bno055/lib/python3.10/site-packages/bno055/connectors/uart.py to uart.cpython-310.pyc
[3.363s] byte-compiling /ros/install/bno055/lib/python3.10/site-packages/bno055/connectors/i2c.py to i2c.cpython-310.pyc
[3.363s] byte-compiling /ros/install/bno055/lib/python3.10/site-packages/bno055/sensor/__init__.py to __init__.cpython-310.pyc
[3.363s] byte-compiling /ros/install/bno055/lib/python3.10/site-packages/bno055/sensor/SensorService.py to SensorService.cpython-310.pyc
[3.379s] byte-compiling /ros/install/bno055/lib/python3.10/site-packages/bno055/error_handling/exceptions.py to exceptions.cpython-310.pyc
[3.382s] byte-compiling /ros/install/bno055/lib/python3.10/site-packages/bno055/error_handling/__init__.py to __init__.cpython-310.pyc
[3.387s] running install_data
[3.392s] copying resource/bno055 -> /ros/install/bno055/share/ament_index/resource_index/packages
[3.392s] copying package.xml -> /ros/install/bno055/share/bno055
[3.392s] copying launch/bno055.launch.py -> /ros/install/bno055/share/bno055/launch
[3.394s] copying bno055/params/bno055_params_test.yaml -> /ros/install/bno055/share/bno055/config
[3.417s] copying bno055/params/bno055_params.yaml -> /ros/install/bno055/share/bno055/config
[3.418s] copying bno055/params/bno055_params_i2c.yaml -> /ros/install/bno055/share/bno055/config
[3.418s] running install_egg_info
[3.418s] Copying ../../build/bno055/bno055.egg-info to /ros/install/bno055/lib/python3.10/site-packages/bno055-0.5.0-py3.10.egg-info
[3.428s] running install_scripts
[3.487s] Installing bno055 script to /ros/install/bno055/lib/bno055
[3.492s] writing list of installed files to '/ros/build/bno055/install.log'
[3.596s] Invoked command in '/ros/src/bno055' returned '0': PYTHONPATH=/ros/build/bno055/prefix_override:/usr/lib/python3/dist-packages/colcon_core/task/python/colcon_distutils_commands:/ros/install/bno055/lib/python3.10/site-packages:${PYTHONPATH} /usr/bin/python3 -W ignore:setup.py install is deprecated -W ignore:easy_install command is deprecated setup.py egg_info --egg-base ../../build/bno055 build --build-base /ros/build/bno055/build install --record /ros/build/bno055/install.log --single-version-externally-managed install_data --force
