[2.090s] Invoking command in '/home/epiibots/ros2_ws/src/autonomous-miniature-vehicle-development-visual-localization-stage/src/detector': DEBUGINFOD_URLS=https://debuginfod.ubuntu.com PYTHONPATH=/home/epiibots/ros2_ws/build/detector/prefix_override:/usr/lib/python3/dist-packages/colcon_core/task/python/colcon_distutils_commands:/home/epiibots/ros2_ws/install/detector/lib/python3.12/site-packages:${PYTHONPATH} /usr/bin/python3 -W ignore:setup.py install is deprecated -W ignore:easy_install command is deprecated setup.py egg_info --egg-base ../../../../build/detector build --build-base /home/epiibots/ros2_ws/build/detector/build install --record /home/epiibots/ros2_ws/build/detector/install.log --single-version-externally-managed install_data
[2.578s] running egg_info
[2.602s] writing ../../../../build/detector/detector.egg-info/PKG-INFO
[2.603s] writing dependency_links to ../../../../build/detector/detector.egg-info/dependency_links.txt
[2.604s] writing entry points to ../../../../build/detector/detector.egg-info/entry_points.txt
[2.605s] writing requirements to ../../../../build/detector/detector.egg-info/requires.txt
[2.607s] writing top-level names to ../../../../build/detector/detector.egg-info/top_level.txt
[2.667s] reading manifest file '../../../../build/detector/detector.egg-info/SOURCES.txt'
[2.667s] adding license file 'LICENSE'
[2.668s] writing manifest file '../../../../build/detector/detector.egg-info/SOURCES.txt'
[2.678s] running build
[2.679s] running build_py
[2.679s] running install
[2.682s] running install_lib
[2.712s] running install_data
[2.712s] running install_egg_info
[2.744s] removing '/home/epiibots/ros2_ws/install/detector/lib/python3.12/site-packages/detector-0.0.0-py3.12.egg-info' (and everything under it)
[2.745s] Copying ../../../../build/detector/detector.egg-info to /home/epiibots/ros2_ws/install/detector/lib/python3.12/site-packages/detector-0.0.0-py3.12.egg-info
[2.746s] running install_scripts
[2.972s] Installing apriltags script to /home/epiibots/ros2_ws/install/detector/lib/detector
[2.972s] writing list of installed files to '/home/epiibots/ros2_ws/build/detector/install.log'
