[2.981s] Invoking command in '/home/epiibots/ros2_ws/src/detector': DEBUGINFOD_URLS=https://debuginfod.ubuntu.com PYTHONPATH=/home/epiibots/ros2_ws/build/detector/prefix_override:/usr/lib/python3/dist-packages/colcon_core/task/python/colcon_distutils_commands:/home/epiibots/ros2_ws/install/detector/lib/python3.12/site-packages:${PYTHONPATH} /usr/bin/python3 -W ignore:setup.py install is deprecated -W ignore:easy_install command is deprecated setup.py egg_info --egg-base ../../build/detector build --build-base /home/epiibots/ros2_ws/build/detector/build install --record /home/epiibots/ros2_ws/build/detector/install.log --single-version-externally-managed install_data
[3.572s] running egg_info
[3.655s] writing ../../build/detector/detector.egg-info/PKG-INFO
[3.656s] writing dependency_links to ../../build/detector/detector.egg-info/dependency_links.txt
[3.661s] writing entry points to ../../build/detector/detector.egg-info/entry_points.txt
[3.662s] writing requirements to ../../build/detector/detector.egg-info/requires.txt
[3.663s] writing top-level names to ../../build/detector/detector.egg-info/top_level.txt
[3.787s] reading manifest file '../../build/detector/detector.egg-info/SOURCES.txt'
[3.793s] adding license file 'LICENSE'
[3.794s] writing manifest file '../../build/detector/detector.egg-info/SOURCES.txt'
[3.794s] running build
[3.794s] running build_py
[3.794s] running install
[3.822s] running install_lib
[3.906s] running install_data
[3.906s] running install_egg_info
[3.991s] removing '/home/epiibots/ros2_ws/install/detector/lib/python3.12/site-packages/detector-0.0.0-py3.12.egg-info' (and everything under it)
[3.996s] Copying ../../build/detector/detector.egg-info to /home/epiibots/ros2_ws/install/detector/lib/python3.12/site-packages/detector-0.0.0-py3.12.egg-info
[3.999s] running install_scripts
[4.593s] Installing apriltags script to /home/epiibots/ros2_ws/install/detector/lib/detector
[4.594s] writing list of installed files to '/home/epiibots/ros2_ws/build/detector/install.log'
[5.034s] Invoked command in '/home/epiibots/ros2_ws/src/detector' returned '0': DEBUGINFOD_URLS=https://debuginfod.ubuntu.com PYTHONPATH=/home/epiibots/ros2_ws/build/detector/prefix_override:/usr/lib/python3/dist-packages/colcon_core/task/python/colcon_distutils_commands:/home/epiibots/ros2_ws/install/detector/lib/python3.12/site-packages:${PYTHONPATH} /usr/bin/python3 -W ignore:setup.py install is deprecated -W ignore:easy_install command is deprecated setup.py egg_info --egg-base ../../build/detector build --build-base /home/epiibots/ros2_ws/build/detector/build install --record /home/epiibots/ros2_ws/build/detector/install.log --single-version-externally-managed install_data
