[0.977s] Invoking command in '/ros/build/imu_bno055': CMAKE_PREFIX_PATH=${CMAKE_PREFIX_PATH}:/ros/src/install/lidar_teste:/ros/src/install/detector:/ros/src/install/bno055:/ros/install/lidar_teste:/ros/install/detector:/ros/install/bno055:/opt/ros/humble /usr/bin/cmake /ros/src/ros-imu-bno055 -DAMENT_CMAKE_SYMLINK_INSTALL=1 -DCMAKE_INSTALL_PREFIX=/ros/install/imu_bno055
[1.200s] -- The C compiler identification is GNU 11.4.0
[1.430s] -- The CXX compiler identification is GNU 11.4.0
[1.449s] -- Detecting C compiler ABI info
[1.775s] -- Detecting C compiler ABI info - done
[1.791s] -- Check for working C compiler: /usr/bin/cc - skipped
[1.792s] -- Detecting C compile features
[1.792s] -- Detecting C compile features - done
[1.802s] -- Detecting CXX compiler ABI info
[2.166s] -- Detecting CXX compiler ABI info - done
[2.203s] -- Check for working CXX compiler: /usr/bin/c++ - skipped
[2.207s] -- Detecting CXX compile features
[2.208s] -- Detecting CXX compile features - done
[2.222s] -- Found ros_environment: 3.2.2 (/opt/ros/humble/share/ros_environment/cmake)
[2.237s] -- Found ament_cmake: 1.3.14 (/opt/ros/humble/share/ament_cmake/cmake)
[3.178s] -- Found Python3: /usr/bin/python3 (found version "3.10.12") found components: Interpreter 
[3.808s] -- Override CMake install command with custom implementation using symlinks instead of copying resources
[4.144s] -- Found rclcpp: 16.0.19 (/opt/ros/humble/share/rclcpp/cmake)
[4.805s] -- Found rosidl_generator_c: 3.1.8 (/opt/ros/humble/share/rosidl_generator_c/cmake)
[4.824s] -- Found rosidl_adapter: 3.1.8 (/opt/ros/humble/share/rosidl_adapter/cmake)
[4.965s] -- Found rosidl_generator_cpp: 3.1.8 (/opt/ros/humble/share/rosidl_generator_cpp/cmake)
[5.185s] -- Using all available rosidl_typesupport_c: rosidl_typesupport_fastrtps_c;rosidl_typesupport_introspection_c
[5.289s] -- Using all available rosidl_typesupport_cpp: rosidl_typesupport_fastrtps_cpp;rosidl_typesupport_introspection_cpp
[5.896s] -- Found rmw_implementation_cmake: 6.1.2 (/opt/ros/humble/share/rmw_implementation_cmake/cmake)
[5.992s] -- Found rmw_fastrtps_cpp: 6.2.10 (/opt/ros/humble/share/rmw_fastrtps_cpp/cmake)
[7.186s] -- Found OpenSSL: /usr/lib/aarch64-linux-gnu/libcrypto.so (found version "3.0.2")  
[7.364s] -- Found FastRTPS: /opt/ros/humble/include  
[7.933s] -- Using RMW implementation 'rmw_fastrtps_cpp' as default
[8.034s] -- Looking for pthread.h
[8.982s] -- Looking for pthread.h - found
[8.983s] -- Performing Test CMAKE_HAVE_LIBC_PTHREAD
[9.589s] -- Performing Test CMAKE_HAVE_LIBC_PTHREAD - Success
[9.612s] -- Found Threads: TRUE  
[10.569s] -- Found sensor_msgs: 4.9.1 (/opt/ros/humble/share/sensor_msgs/cmake)
[11.059s] -- Found diagnostic_msgs: 4.9.1 (/opt/ros/humble/share/diagnostic_msgs/cmake)
[11.181s] -- Found std_srvs: 4.9.1 (/opt/ros/humble/share/std_srvs/cmake)
[12.090s] -- Configuring done
[12.171s] -- Generating done
[12.212s] -- Build files have been written to: /ros/build/imu_bno055
[12.405s] Invoked command in '/ros/build/imu_bno055' returned '0': CMAKE_PREFIX_PATH=${CMAKE_PREFIX_PATH}:/ros/src/install/lidar_teste:/ros/src/install/detector:/ros/src/install/bno055:/ros/install/lidar_teste:/ros/install/detector:/ros/install/bno055:/opt/ros/humble /usr/bin/cmake /ros/src/ros-imu-bno055 -DAMENT_CMAKE_SYMLINK_INSTALL=1 -DCMAKE_INSTALL_PREFIX=/ros/install/imu_bno055
[12.457s] Invoking command in '/ros/build/imu_bno055': CMAKE_PREFIX_PATH=${CMAKE_PREFIX_PATH}:/ros/src/install/lidar_teste:/ros/src/install/detector:/ros/src/install/bno055:/ros/install/lidar_teste:/ros/install/detector:/ros/install/bno055:/opt/ros/humble /usr/bin/cmake --build /ros/build/imu_bno055 -- -j4 -l4
[12.938s] [ 25%] [32mBuilding CXX object CMakeFiles/bno055_i2c_node.dir/src/bno055_i2c_driver.cpp.o[0m
[13.008s] [ 50%] [32mBuilding CXX object CMakeFiles/bno055_i2c_node.dir/src/bno055_i2c_node_ros2.cpp.o[0m
[13.045s] [ 75%] [32mBuilding CXX object CMakeFiles/bno055_i2c_node.dir/src/watchdog.cpp.o[0m
[62.977s] [100%] [32m[1mLinking CXX executable bno055_i2c_node[0m
[66.306s] [100%] Built target bno055_i2c_node
[66.382s] Invoked command in '/ros/build/imu_bno055' returned '0': CMAKE_PREFIX_PATH=${CMAKE_PREFIX_PATH}:/ros/src/install/lidar_teste:/ros/src/install/detector:/ros/src/install/bno055:/ros/install/lidar_teste:/ros/install/detector:/ros/install/bno055:/opt/ros/humble /usr/bin/cmake --build /ros/build/imu_bno055 -- -j4 -l4
[66.383s] Invoking command in '/ros/build/imu_bno055': CMAKE_PREFIX_PATH=${CMAKE_PREFIX_PATH}:/ros/src/install/lidar_teste:/ros/src/install/detector:/ros/src/install/bno055:/ros/install/lidar_teste:/ros/install/detector:/ros/install/bno055:/opt/ros/humble /usr/bin/cmake --install /ros/build/imu_bno055
[66.417s] -- Install configuration: ""
[66.425s] -- Execute custom install script
[66.425s] -- Symlinking: /ros/install/imu_bno055/lib/imu_bno055/bno055_i2c_node
[66.542s] -- Symlinking: /ros/install/imu_bno055/share/ament_index/resource_index/package_run_dependencies/imu_bno055
[66.609s] -- Symlinking: /ros/install/imu_bno055/share/ament_index/resource_index/parent_prefix_path/imu_bno055
[66.633s] -- Symlinking: /ros/install/imu_bno055/share/imu_bno055/environment/ament_prefix_path.sh
[66.703s] -- Symlinking: /ros/install/imu_bno055/share/imu_bno055/environment/ament_prefix_path.dsv
[66.735s] -- Symlinking: /ros/install/imu_bno055/share/imu_bno055/environment/path.sh
[66.795s] -- Symlinking: /ros/install/imu_bno055/share/imu_bno055/environment/path.dsv
[66.825s] -- Symlinking: /ros/install/imu_bno055/share/imu_bno055/local_setup.bash
[66.878s] -- Symlinking: /ros/install/imu_bno055/share/imu_bno055/local_setup.sh
[66.936s] -- Symlinking: /ros/install/imu_bno055/share/imu_bno055/local_setup.zsh
[67.035s] -- Symlinking: /ros/install/imu_bno055/share/imu_bno055/local_setup.dsv
[67.114s] -- Symlinking: /ros/install/imu_bno055/share/imu_bno055/package.dsv
[67.149s] -- Symlinking: /ros/install/imu_bno055/share/ament_index/resource_index/packages/imu_bno055
[67.198s] -- Symlinking: /ros/install/imu_bno055/share/imu_bno055/cmake/imu_bno055Config.cmake
[67.284s] -- Symlinking: /ros/install/imu_bno055/share/imu_bno055/cmake/imu_bno055Config-version.cmake
[67.403s] -- Symlinking: /ros/install/imu_bno055/share/imu_bno055/package.xml
[67.522s] Invoked command in '/ros/build/imu_bno055' returned '0': CMAKE_PREFIX_PATH=${CMAKE_PREFIX_PATH}:/ros/src/install/lidar_teste:/ros/src/install/detector:/ros/src/install/bno055:/ros/install/lidar_teste:/ros/install/detector:/ros/install/bno055:/opt/ros/humble /usr/bin/cmake --install /ros/build/imu_bno055
