[0.152s] DEBUG:colcon:Command line arguments: ['/usr/bin/colcon', 'build']
[0.152s] DEBUG:colcon:Parsed command line arguments: Namespace(log_base=None, log_level=None, verb_name='build', build_base='build', install_base='install', merge_install=False, symlink_install=False, test_result_base=None, continue_on_error=False, executor='parallel', parallel_workers=4, event_handlers=None, ignore_user_meta=False, metas=['./colcon.meta'], base_paths=['.'], packages_ignore=None, packages_ignore_regex=None, paths=None, packages_up_to=None, packages_up_to_regex=None, packages_above=None, packages_above_and_dependencies=None, packages_above_depth=None, packages_select_by_dep=None, packages_skip_by_dep=None, packages_skip_up_to=None, packages_select_build_failed=False, packages_skip_build_finished=False, packages_select_test_failures=False, packages_skip_test_passed=False, packages_select=None, packages_skip=None, packages_select_regex=None, packages_skip_regex=None, packages_start=None, packages_end=None, cmake_args=None, cmake_target=None, cmake_target_skip_unavailable=False, cmake_clean_cache=False, cmake_clean_first=False, cmake_force_configure=False, ament_cmake_args=None, catkin_cmake_args=None, catkin_skip_building_tests=False, mixin_files=None, mixin=None, verb_parser=<colcon_mixin.mixin.mixin_argument.MixinArgumentDecorator object at 0xffff9adb1e70>, verb_extension=<colcon_core.verb.build.BuildVerb object at 0xffff9af5ad70>, main=<bound method BuildVerb.main of <colcon_core.verb.build.BuildVerb object at 0xffff9af5ad70>>, mixin_verb=('build',))
[0.313s] Level 1:colcon.colcon_core.package_discovery:discover_packages(colcon_meta) check parameters
[0.314s] INFO:colcon.colcon_metadata.package_discovery.colcon_meta:Using configuration from '/root/.colcon/metadata/default/Gazebo.meta'
[0.315s] INFO:colcon.colcon_metadata.package_discovery.colcon_meta:Using configuration from '/root/.colcon/metadata/default/fastdds.meta'
[0.315s] INFO:colcon.colcon_metadata.package_discovery.colcon_meta:Using configuration from '/root/.colcon/metadata/default/fastrtps.meta'
[0.315s] Level 1:colcon.colcon_core.package_discovery:discover_packages(recursive) check parameters
[0.315s] Level 1:colcon.colcon_core.package_discovery:discover_packages(ignore) check parameters
[0.315s] Level 1:colcon.colcon_core.package_discovery:discover_packages(path) check parameters
[0.315s] Level 1:colcon.colcon_core.package_discovery:discover_packages(colcon_meta) discover
[0.316s] Level 1:colcon.colcon_core.package_discovery:discover_packages(recursive) discover
[0.316s] INFO:colcon.colcon_core.package_discovery:Crawling recursively for packages in '/ros'
[0.316s] Level 1:colcon.colcon_core.package_identification:_identify(.) by extensions ['ignore', 'ignore_ament_install']
[0.316s] Level 1:colcon.colcon_core.package_identification:_identify(.) by extension 'ignore'
[0.316s] Level 1:colcon.colcon_core.package_identification:_identify(.) by extension 'ignore_ament_install'
[0.316s] Level 1:colcon.colcon_core.package_identification:_identify(.) by extensions ['colcon_pkg']
[0.316s] Level 1:colcon.colcon_core.package_identification:_identify(.) by extension 'colcon_pkg'
[0.316s] Level 1:colcon.colcon_core.package_identification:_identify(.) by extensions ['colcon_meta']
[0.316s] Level 1:colcon.colcon_core.package_identification:_identify(.) by extension 'colcon_meta'
[0.316s] Level 1:colcon.colcon_core.package_identification:_identify(.) by extensions ['ros']
[0.316s] Level 1:colcon.colcon_core.package_identification:_identify(.) by extension 'ros'
[0.331s] Level 1:colcon.colcon_core.package_identification:_identify(.) by extensions ['cmake', 'python']
[0.331s] Level 1:colcon.colcon_core.package_identification:_identify(.) by extension 'cmake'
[0.331s] Level 1:colcon.colcon_core.package_identification:_identify(.) by extension 'python'
[0.331s] Level 1:colcon.colcon_core.package_identification:_identify(.) by extensions ['python_setup_py']
[0.331s] Level 1:colcon.colcon_core.package_identification:_identify(.) by extension 'python_setup_py'
[0.332s] Level 1:colcon.colcon_core.package_identification:_identify(build) by extensions ['ignore', 'ignore_ament_install']
[0.332s] Level 1:colcon.colcon_core.package_identification:_identify(build) by extension 'ignore'
[0.332s] Level 1:colcon.colcon_core.package_identification:_identify(build) ignored
[0.332s] Level 1:colcon.colcon_core.package_identification:_identify(install) by extensions ['ignore', 'ignore_ament_install']
[0.332s] Level 1:colcon.colcon_core.package_identification:_identify(install) by extension 'ignore'
[0.332s] Level 1:colcon.colcon_core.package_identification:_identify(install) ignored
[0.332s] Level 1:colcon.colcon_core.package_identification:_identify(log) by extensions ['ignore', 'ignore_ament_install']
[0.332s] Level 1:colcon.colcon_core.package_identification:_identify(log) by extension 'ignore'
[0.332s] Level 1:colcon.colcon_core.package_identification:_identify(log) ignored
[0.333s] Level 1:colcon.colcon_core.package_identification:_identify(src) by extensions ['ignore', 'ignore_ament_install']
[0.333s] Level 1:colcon.colcon_core.package_identification:_identify(src) by extension 'ignore'
[0.333s] Level 1:colcon.colcon_core.package_identification:_identify(src) by extension 'ignore_ament_install'
[0.333s] Level 1:colcon.colcon_core.package_identification:_identify(src) by extensions ['colcon_pkg']
[0.333s] Level 1:colcon.colcon_core.package_identification:_identify(src) by extension 'colcon_pkg'
[0.333s] Level 1:colcon.colcon_core.package_identification:_identify(src) by extensions ['colcon_meta']
[0.333s] Level 1:colcon.colcon_core.package_identification:_identify(src) by extension 'colcon_meta'
[0.333s] Level 1:colcon.colcon_core.package_identification:_identify(src) by extensions ['ros']
[0.333s] Level 1:colcon.colcon_core.package_identification:_identify(src) by extension 'ros'
[0.333s] Level 1:colcon.colcon_core.package_identification:_identify(src) by extensions ['cmake', 'python']
[0.333s] Level 1:colcon.colcon_core.package_identification:_identify(src) by extension 'cmake'
[0.333s] Level 1:colcon.colcon_core.package_identification:_identify(src) by extension 'python'
[0.333s] Level 1:colcon.colcon_core.package_identification:_identify(src) by extensions ['python_setup_py']
[0.333s] Level 1:colcon.colcon_core.package_identification:_identify(src) by extension 'python_setup_py'
[0.333s] Level 1:colcon.colcon_core.package_identification:_identify(src/bno055) by extensions ['ignore', 'ignore_ament_install']
[0.333s] Level 1:colcon.colcon_core.package_identification:_identify(src/bno055) by extension 'ignore'
[0.333s] Level 1:colcon.colcon_core.package_identification:_identify(src/bno055) by extension 'ignore_ament_install'
[0.333s] Level 1:colcon.colcon_core.package_identification:_identify(src/bno055) by extensions ['colcon_pkg']
[0.334s] Level 1:colcon.colcon_core.package_identification:_identify(src/bno055) by extension 'colcon_pkg'
[0.334s] Level 1:colcon.colcon_core.package_identification:_identify(src/bno055) by extensions ['colcon_meta']
[0.334s] Level 1:colcon.colcon_core.package_identification:_identify(src/bno055) by extension 'colcon_meta'
[0.334s] Level 1:colcon.colcon_core.package_identification:_identify(src/bno055) by extensions ['ros']
[0.334s] Level 1:colcon.colcon_core.package_identification:_identify(src/bno055) by extension 'ros'
[0.337s] DEBUG:colcon.colcon_core.package_identification:Package 'src/bno055' with type 'ros.ament_python' and name 'bno055'
[0.337s] Level 1:colcon.colcon_core.package_identification:_identify(src/computervision) by extensions ['ignore', 'ignore_ament_install']
[0.338s] Level 1:colcon.colcon_core.package_identification:_identify(src/computervision) by extension 'ignore'
[0.338s] Level 1:colcon.colcon_core.package_identification:_identify(src/computervision) by extension 'ignore_ament_install'
[0.338s] Level 1:colcon.colcon_core.package_identification:_identify(src/computervision) by extensions ['colcon_pkg']
[0.338s] Level 1:colcon.colcon_core.package_identification:_identify(src/computervision) by extension 'colcon_pkg'
[0.338s] Level 1:colcon.colcon_core.package_identification:_identify(src/computervision) by extensions ['colcon_meta']
[0.338s] Level 1:colcon.colcon_core.package_identification:_identify(src/computervision) by extension 'colcon_meta'
[0.338s] Level 1:colcon.colcon_core.package_identification:_identify(src/computervision) by extensions ['ros']
[0.338s] Level 1:colcon.colcon_core.package_identification:_identify(src/computervision) by extension 'ros'
[0.338s] Level 1:colcon.colcon_core.package_identification:_identify(src/computervision) by extensions ['cmake', 'python']
[0.338s] Level 1:colcon.colcon_core.package_identification:_identify(src/computervision) by extension 'cmake'
[0.338s] Level 1:colcon.colcon_core.package_identification:_identify(src/computervision) by extension 'python'
[0.338s] Level 1:colcon.colcon_core.package_identification:_identify(src/computervision) by extensions ['python_setup_py']
[0.338s] Level 1:colcon.colcon_core.package_identification:_identify(src/computervision) by extension 'python_setup_py'
[0.338s] Level 1:colcon.colcon_core.package_identification:_identify(src/computervision/aruco) by extensions ['ignore', 'ignore_ament_install']
[0.338s] Level 1:colcon.colcon_core.package_identification:_identify(src/computervision/aruco) by extension 'ignore'
[0.338s] Level 1:colcon.colcon_core.package_identification:_identify(src/computervision/aruco) by extension 'ignore_ament_install'
[0.338s] Level 1:colcon.colcon_core.package_identification:_identify(src/computervision/aruco) by extensions ['colcon_pkg']
[0.338s] Level 1:colcon.colcon_core.package_identification:_identify(src/computervision/aruco) by extension 'colcon_pkg'
[0.339s] Level 1:colcon.colcon_core.package_identification:_identify(src/computervision/aruco) by extensions ['colcon_meta']
[0.339s] Level 1:colcon.colcon_core.package_identification:_identify(src/computervision/aruco) by extension 'colcon_meta'
[0.339s] Level 1:colcon.colcon_core.package_identification:_identify(src/computervision/aruco) by extensions ['ros']
[0.339s] Level 1:colcon.colcon_core.package_identification:_identify(src/computervision/aruco) by extension 'ros'
[0.339s] Level 1:colcon.colcon_core.package_identification:_identify(src/computervision/aruco) by extensions ['cmake', 'python']
[0.339s] Level 1:colcon.colcon_core.package_identification:_identify(src/computervision/aruco) by extension 'cmake'
[0.339s] Level 1:colcon.colcon_core.package_identification:_identify(src/computervision/aruco) by extension 'python'
[0.339s] Level 1:colcon.colcon_core.package_identification:_identify(src/computervision/aruco) by extensions ['python_setup_py']
[0.339s] Level 1:colcon.colcon_core.package_identification:_identify(src/computervision/aruco) by extension 'python_setup_py'
[0.339s] Level 1:colcon.colcon_core.package_identification:_identify(src/detector) by extensions ['ignore', 'ignore_ament_install']
[0.339s] Level 1:colcon.colcon_core.package_identification:_identify(src/detector) by extension 'ignore'
[0.339s] Level 1:colcon.colcon_core.package_identification:_identify(src/detector) by extension 'ignore_ament_install'
[0.339s] Level 1:colcon.colcon_core.package_identification:_identify(src/detector) by extensions ['colcon_pkg']
[0.339s] Level 1:colcon.colcon_core.package_identification:_identify(src/detector) by extension 'colcon_pkg'
[0.339s] Level 1:colcon.colcon_core.package_identification:_identify(src/detector) by extensions ['colcon_meta']
[0.339s] Level 1:colcon.colcon_core.package_identification:_identify(src/detector) by extension 'colcon_meta'
[0.339s] Level 1:colcon.colcon_core.package_identification:_identify(src/detector) by extensions ['ros']
[0.339s] Level 1:colcon.colcon_core.package_identification:_identify(src/detector) by extension 'ros'
[0.340s] DEBUG:colcon.colcon_core.package_identification:Package 'src/detector' with type 'ros.ament_python' and name 'detector'
[0.340s] Level 1:colcon.colcon_core.package_identification:_identify(src/lidar_teste) by extensions ['ignore', 'ignore_ament_install']
[0.340s] Level 1:colcon.colcon_core.package_identification:_identify(src/lidar_teste) by extension 'ignore'
[0.340s] Level 1:colcon.colcon_core.package_identification:_identify(src/lidar_teste) by extension 'ignore_ament_install'
[0.340s] Level 1:colcon.colcon_core.package_identification:_identify(src/lidar_teste) by extensions ['colcon_pkg']
[0.340s] Level 1:colcon.colcon_core.package_identification:_identify(src/lidar_teste) by extension 'colcon_pkg'
[0.340s] Level 1:colcon.colcon_core.package_identification:_identify(src/lidar_teste) by extensions ['colcon_meta']
[0.340s] Level 1:colcon.colcon_core.package_identification:_identify(src/lidar_teste) by extension 'colcon_meta'
[0.341s] Level 1:colcon.colcon_core.package_identification:_identify(src/lidar_teste) by extensions ['ros']
[0.341s] Level 1:colcon.colcon_core.package_identification:_identify(src/lidar_teste) by extension 'ros'
[0.341s] DEBUG:colcon.colcon_core.package_identification:Package 'src/lidar_teste' with type 'ros.ament_python' and name 'lidar_teste'
[0.341s] Level 1:colcon.colcon_core.package_identification:_identify(src/microros_ws) by extensions ['ignore', 'ignore_ament_install']
[0.341s] Level 1:colcon.colcon_core.package_identification:_identify(src/microros_ws) by extension 'ignore'
[0.341s] Level 1:colcon.colcon_core.package_identification:_identify(src/microros_ws) by extension 'ignore_ament_install'
[0.341s] Level 1:colcon.colcon_core.package_identification:_identify(src/microros_ws) by extensions ['colcon_pkg']
[0.341s] Level 1:colcon.colcon_core.package_identification:_identify(src/microros_ws) by extension 'colcon_pkg'
[0.342s] Level 1:colcon.colcon_core.package_identification:_identify(src/microros_ws) by extensions ['colcon_meta']
[0.342s] Level 1:colcon.colcon_core.package_identification:_identify(src/microros_ws) by extension 'colcon_meta'
[0.342s] Level 1:colcon.colcon_core.package_identification:_identify(src/microros_ws) by extensions ['ros']
[0.342s] Level 1:colcon.colcon_core.package_identification:_identify(src/microros_ws) by extension 'ros'
[0.342s] Level 1:colcon.colcon_core.package_identification:_identify(src/microros_ws) by extensions ['cmake', 'python']
[0.342s] Level 1:colcon.colcon_core.package_identification:_identify(src/microros_ws) by extension 'cmake'
[0.342s] Level 1:colcon.colcon_core.package_identification:_identify(src/microros_ws) by extension 'python'
[0.342s] Level 1:colcon.colcon_core.package_identification:_identify(src/microros_ws) by extensions ['python_setup_py']
[0.342s] Level 1:colcon.colcon_core.package_identification:_identify(src/microros_ws) by extension 'python_setup_py'
[0.342s] Level 1:colcon.colcon_core.package_identification:_identify(src/microros_ws/build) by extensions ['ignore', 'ignore_ament_install']
[0.342s] Level 1:colcon.colcon_core.package_identification:_identify(src/microros_ws/build) by extension 'ignore'
[0.342s] Level 1:colcon.colcon_core.package_identification:_identify(src/microros_ws/build) ignored
[0.342s] Level 1:colcon.colcon_core.package_identification:_identify(src/microros_ws/install) by extensions ['ignore', 'ignore_ament_install']
[0.342s] Level 1:colcon.colcon_core.package_identification:_identify(src/microros_ws/install) by extension 'ignore'
[0.342s] Level 1:colcon.colcon_core.package_identification:_identify(src/microros_ws/install) ignored
[0.343s] Level 1:colcon.colcon_core.package_identification:_identify(src/microros_ws/log) by extensions ['ignore', 'ignore_ament_install']
[0.343s] Level 1:colcon.colcon_core.package_identification:_identify(src/microros_ws/log) by extension 'ignore'
[0.343s] Level 1:colcon.colcon_core.package_identification:_identify(src/microros_ws/log) ignored
[0.343s] Level 1:colcon.colcon_core.package_identification:_identify(src/microros_ws/src) by extensions ['ignore', 'ignore_ament_install']
[0.343s] Level 1:colcon.colcon_core.package_identification:_identify(src/microros_ws/src) by extension 'ignore'
[0.343s] Level 1:colcon.colcon_core.package_identification:_identify(src/microros_ws/src) by extension 'ignore_ament_install'
[0.343s] Level 1:colcon.colcon_core.package_identification:_identify(src/microros_ws/src) by extensions ['colcon_pkg']
[0.343s] Level 1:colcon.colcon_core.package_identification:_identify(src/microros_ws/src) by extension 'colcon_pkg'
[0.343s] Level 1:colcon.colcon_core.package_identification:_identify(src/microros_ws/src) by extensions ['colcon_meta']
[0.343s] Level 1:colcon.colcon_core.package_identification:_identify(src/microros_ws/src) by extension 'colcon_meta'
[0.343s] Level 1:colcon.colcon_core.package_identification:_identify(src/microros_ws/src) by extensions ['ros']
[0.343s] Level 1:colcon.colcon_core.package_identification:_identify(src/microros_ws/src) by extension 'ros'
[0.343s] Level 1:colcon.colcon_core.package_identification:_identify(src/microros_ws/src) by extensions ['cmake', 'python']
[0.343s] Level 1:colcon.colcon_core.package_identification:_identify(src/microros_ws/src) by extension 'cmake'
[0.343s] Level 1:colcon.colcon_core.package_identification:_identify(src/microros_ws/src) by extension 'python'
[0.343s] Level 1:colcon.colcon_core.package_identification:_identify(src/microros_ws/src) by extensions ['python_setup_py']
[0.343s] Level 1:colcon.colcon_core.package_identification:_identify(src/microros_ws/src) by extension 'python_setup_py'
[0.344s] Level 1:colcon.colcon_core.package_identification:_identify(src/microros_ws/src/micro_ros_setup) by extensions ['ignore', 'ignore_ament_install']
[0.344s] Level 1:colcon.colcon_core.package_identification:_identify(src/microros_ws/src/micro_ros_setup) by extension 'ignore'
[0.344s] Level 1:colcon.colcon_core.package_identification:_identify(src/microros_ws/src/micro_ros_setup) by extension 'ignore_ament_install'
[0.344s] Level 1:colcon.colcon_core.package_identification:_identify(src/microros_ws/src/micro_ros_setup) by extensions ['colcon_pkg']
[0.344s] Level 1:colcon.colcon_core.package_identification:_identify(src/microros_ws/src/micro_ros_setup) by extension 'colcon_pkg'
[0.344s] Level 1:colcon.colcon_core.package_identification:_identify(src/microros_ws/src/micro_ros_setup) by extensions ['colcon_meta']
[0.344s] Level 1:colcon.colcon_core.package_identification:_identify(src/microros_ws/src/micro_ros_setup) by extension 'colcon_meta'
[0.344s] Level 1:colcon.colcon_core.package_identification:_identify(src/microros_ws/src/micro_ros_setup) by extensions ['ros']
[0.344s] Level 1:colcon.colcon_core.package_identification:_identify(src/microros_ws/src/micro_ros_setup) by extension 'ros'
[0.345s] DEBUG:colcon.colcon_core.package_identification:Package 'src/microros_ws/src/micro_ros_setup' with type 'ros.ament_cmake' and name 'micro_ros_setup'
[0.345s] Level 1:colcon.colcon_core.package_identification:_identify(src/microros_ws/src/uros) by extensions ['ignore', 'ignore_ament_install']
[0.345s] Level 1:colcon.colcon_core.package_identification:_identify(src/microros_ws/src/uros) by extension 'ignore'
[0.345s] Level 1:colcon.colcon_core.package_identification:_identify(src/microros_ws/src/uros) by extension 'ignore_ament_install'
[0.345s] Level 1:colcon.colcon_core.package_identification:_identify(src/microros_ws/src/uros) by extensions ['colcon_pkg']
[0.345s] Level 1:colcon.colcon_core.package_identification:_identify(src/microros_ws/src/uros) by extension 'colcon_pkg'
[0.345s] Level 1:colcon.colcon_core.package_identification:_identify(src/microros_ws/src/uros) by extensions ['colcon_meta']
[0.345s] Level 1:colcon.colcon_core.package_identification:_identify(src/microros_ws/src/uros) by extension 'colcon_meta'
[0.346s] Level 1:colcon.colcon_core.package_identification:_identify(src/microros_ws/src/uros) by extensions ['ros']
[0.346s] Level 1:colcon.colcon_core.package_identification:_identify(src/microros_ws/src/uros) by extension 'ros'
[0.346s] Level 1:colcon.colcon_core.package_identification:_identify(src/microros_ws/src/uros) by extensions ['cmake', 'python']
[0.346s] Level 1:colcon.colcon_core.package_identification:_identify(src/microros_ws/src/uros) by extension 'cmake'
[0.346s] Level 1:colcon.colcon_core.package_identification:_identify(src/microros_ws/src/uros) by extension 'python'
[0.346s] Level 1:colcon.colcon_core.package_identification:_identify(src/microros_ws/src/uros) by extensions ['python_setup_py']
[0.346s] Level 1:colcon.colcon_core.package_identification:_identify(src/microros_ws/src/uros) by extension 'python_setup_py'
[0.346s] Level 1:colcon.colcon_core.package_identification:_identify(src/microros_ws/src/uros/micro-ROS-Agent) by extensions ['ignore', 'ignore_ament_install']
[0.346s] Level 1:colcon.colcon_core.package_identification:_identify(src/microros_ws/src/uros/micro-ROS-Agent) by extension 'ignore'
[0.346s] Level 1:colcon.colcon_core.package_identification:_identify(src/microros_ws/src/uros/micro-ROS-Agent) by extension 'ignore_ament_install'
[0.346s] Level 1:colcon.colcon_core.package_identification:_identify(src/microros_ws/src/uros/micro-ROS-Agent) by extensions ['colcon_pkg']
[0.346s] Level 1:colcon.colcon_core.package_identification:_identify(src/microros_ws/src/uros/micro-ROS-Agent) by extension 'colcon_pkg'
[0.346s] Level 1:colcon.colcon_core.package_identification:_identify(src/microros_ws/src/uros/micro-ROS-Agent) by extensions ['colcon_meta']
[0.346s] Level 1:colcon.colcon_core.package_identification:_identify(src/microros_ws/src/uros/micro-ROS-Agent) by extension 'colcon_meta'
[0.346s] Level 1:colcon.colcon_core.package_identification:_identify(src/microros_ws/src/uros/micro-ROS-Agent) by extensions ['ros']
[0.346s] Level 1:colcon.colcon_core.package_identification:_identify(src/microros_ws/src/uros/micro-ROS-Agent) by extension 'ros'
[0.346s] Level 1:colcon.colcon_core.package_identification:_identify(src/microros_ws/src/uros/micro-ROS-Agent) by extensions ['cmake', 'python']
[0.346s] Level 1:colcon.colcon_core.package_identification:_identify(src/microros_ws/src/uros/micro-ROS-Agent) by extension 'cmake'
[0.347s] Level 1:colcon.colcon_core.package_identification:_identify(src/microros_ws/src/uros/micro-ROS-Agent) by extension 'python'
[0.347s] Level 1:colcon.colcon_core.package_identification:_identify(src/microros_ws/src/uros/micro-ROS-Agent) by extensions ['python_setup_py']
[0.347s] Level 1:colcon.colcon_core.package_identification:_identify(src/microros_ws/src/uros/micro-ROS-Agent) by extension 'python_setup_py'
[0.347s] Level 1:colcon.colcon_core.package_identification:_identify(src/microros_ws/src/uros/micro-ROS-Agent/micro_ros_agent) by extensions ['ignore', 'ignore_ament_install']
[0.347s] Level 1:colcon.colcon_core.package_identification:_identify(src/microros_ws/src/uros/micro-ROS-Agent/micro_ros_agent) by extension 'ignore'
[0.347s] Level 1:colcon.colcon_core.package_identification:_identify(src/microros_ws/src/uros/micro-ROS-Agent/micro_ros_agent) by extension 'ignore_ament_install'
[0.347s] Level 1:colcon.colcon_core.package_identification:_identify(src/microros_ws/src/uros/micro-ROS-Agent/micro_ros_agent) by extensions ['colcon_pkg']
[0.347s] Level 1:colcon.colcon_core.package_identification:_identify(src/microros_ws/src/uros/micro-ROS-Agent/micro_ros_agent) by extension 'colcon_pkg'
[0.347s] Level 1:colcon.colcon_core.package_identification:_identify(src/microros_ws/src/uros/micro-ROS-Agent/micro_ros_agent) by extensions ['colcon_meta']
[0.347s] Level 1:colcon.colcon_core.package_identification:_identify(src/microros_ws/src/uros/micro-ROS-Agent/micro_ros_agent) by extension 'colcon_meta'
[0.347s] Level 1:colcon.colcon_core.package_identification:_identify(src/microros_ws/src/uros/micro-ROS-Agent/micro_ros_agent) by extensions ['ros']
[0.347s] Level 1:colcon.colcon_core.package_identification:_identify(src/microros_ws/src/uros/micro-ROS-Agent/micro_ros_agent) by extension 'ros'
[0.348s] DEBUG:colcon.colcon_core.package_identification:Package 'src/microros_ws/src/uros/micro-ROS-Agent/micro_ros_agent' with type 'ros.ament_cmake' and name 'micro_ros_agent'
[0.348s] Level 1:colcon.colcon_core.package_identification:_identify(src/microros_ws/src/uros/micro-ROS-Agent/snap) by extensions ['ignore', 'ignore_ament_install']
[0.348s] Level 1:colcon.colcon_core.package_identification:_identify(src/microros_ws/src/uros/micro-ROS-Agent/snap) by extension 'ignore'
[0.349s] Level 1:colcon.colcon_core.package_identification:_identify(src/microros_ws/src/uros/micro-ROS-Agent/snap) by extension 'ignore_ament_install'
[0.349s] Level 1:colcon.colcon_core.package_identification:_identify(src/microros_ws/src/uros/micro-ROS-Agent/snap) by extensions ['colcon_pkg']
[0.349s] Level 1:colcon.colcon_core.package_identification:_identify(src/microros_ws/src/uros/micro-ROS-Agent/snap) by extension 'colcon_pkg'
[0.349s] Level 1:colcon.colcon_core.package_identification:_identify(src/microros_ws/src/uros/micro-ROS-Agent/snap) by extensions ['colcon_meta']
[0.349s] Level 1:colcon.colcon_core.package_identification:_identify(src/microros_ws/src/uros/micro-ROS-Agent/snap) by extension 'colcon_meta'
[0.349s] Level 1:colcon.colcon_core.package_identification:_identify(src/microros_ws/src/uros/micro-ROS-Agent/snap) by extensions ['ros']
[0.349s] Level 1:colcon.colcon_core.package_identification:_identify(src/microros_ws/src/uros/micro-ROS-Agent/snap) by extension 'ros'
[0.349s] Level 1:colcon.colcon_core.package_identification:_identify(src/microros_ws/src/uros/micro-ROS-Agent/snap) by extensions ['cmake', 'python']
[0.349s] Level 1:colcon.colcon_core.package_identification:_identify(src/microros_ws/src/uros/micro-ROS-Agent/snap) by extension 'cmake'
[0.349s] Level 1:colcon.colcon_core.package_identification:_identify(src/microros_ws/src/uros/micro-ROS-Agent/snap) by extension 'python'
[0.349s] Level 1:colcon.colcon_core.package_identification:_identify(src/microros_ws/src/uros/micro-ROS-Agent/snap) by extensions ['python_setup_py']
[0.349s] Level 1:colcon.colcon_core.package_identification:_identify(src/microros_ws/src/uros/micro-ROS-Agent/snap) by extension 'python_setup_py'
[0.349s] Level 1:colcon.colcon_core.package_identification:_identify(src/microros_ws/src/uros/micro-ROS-Agent/snap/hooks) by extensions ['ignore', 'ignore_ament_install']
[0.349s] Level 1:colcon.colcon_core.package_identification:_identify(src/microros_ws/src/uros/micro-ROS-Agent/snap/hooks) by extension 'ignore'
[0.349s] Level 1:colcon.colcon_core.package_identification:_identify(src/microros_ws/src/uros/micro-ROS-Agent/snap/hooks) by extension 'ignore_ament_install'
[0.349s] Level 1:colcon.colcon_core.package_identification:_identify(src/microros_ws/src/uros/micro-ROS-Agent/snap/hooks) by extensions ['colcon_pkg']
[0.349s] Level 1:colcon.colcon_core.package_identification:_identify(src/microros_ws/src/uros/micro-ROS-Agent/snap/hooks) by extension 'colcon_pkg'
[0.349s] Level 1:colcon.colcon_core.package_identification:_identify(src/microros_ws/src/uros/micro-ROS-Agent/snap/hooks) by extensions ['colcon_meta']
[0.349s] Level 1:colcon.colcon_core.package_identification:_identify(src/microros_ws/src/uros/micro-ROS-Agent/snap/hooks) by extension 'colcon_meta'
[0.350s] Level 1:colcon.colcon_core.package_identification:_identify(src/microros_ws/src/uros/micro-ROS-Agent/snap/hooks) by extensions ['ros']
[0.350s] Level 1:colcon.colcon_core.package_identification:_identify(src/microros_ws/src/uros/micro-ROS-Agent/snap/hooks) by extension 'ros'
[0.350s] Level 1:colcon.colcon_core.package_identification:_identify(src/microros_ws/src/uros/micro-ROS-Agent/snap/hooks) by extensions ['cmake', 'python']
[0.350s] Level 1:colcon.colcon_core.package_identification:_identify(src/microros_ws/src/uros/micro-ROS-Agent/snap/hooks) by extension 'cmake'
[0.350s] Level 1:colcon.colcon_core.package_identification:_identify(src/microros_ws/src/uros/micro-ROS-Agent/snap/hooks) by extension 'python'
[0.350s] Level 1:colcon.colcon_core.package_identification:_identify(src/microros_ws/src/uros/micro-ROS-Agent/snap/hooks) by extensions ['python_setup_py']
[0.350s] Level 1:colcon.colcon_core.package_identification:_identify(src/microros_ws/src/uros/micro-ROS-Agent/snap/hooks) by extension 'python_setup_py'
[0.350s] Level 1:colcon.colcon_core.package_identification:_identify(src/microros_ws/src/uros/micro-ROS-Agent/snap/local) by extensions ['ignore', 'ignore_ament_install']
[0.350s] Level 1:colcon.colcon_core.package_identification:_identify(src/microros_ws/src/uros/micro-ROS-Agent/snap/local) by extension 'ignore'
[0.350s] Level 1:colcon.colcon_core.package_identification:_identify(src/microros_ws/src/uros/micro-ROS-Agent/snap/local) by extension 'ignore_ament_install'
[0.350s] Level 1:colcon.colcon_core.package_identification:_identify(src/microros_ws/src/uros/micro-ROS-Agent/snap/local) by extensions ['colcon_pkg']
[0.350s] Level 1:colcon.colcon_core.package_identification:_identify(src/microros_ws/src/uros/micro-ROS-Agent/snap/local) by extension 'colcon_pkg'
[0.350s] Level 1:colcon.colcon_core.package_identification:_identify(src/microros_ws/src/uros/micro-ROS-Agent/snap/local) by extensions ['colcon_meta']
[0.350s] Level 1:colcon.colcon_core.package_identification:_identify(src/microros_ws/src/uros/micro-ROS-Agent/snap/local) by extension 'colcon_meta'
[0.350s] Level 1:colcon.colcon_core.package_identification:_identify(src/microros_ws/src/uros/micro-ROS-Agent/snap/local) by extensions ['ros']
[0.350s] Level 1:colcon.colcon_core.package_identification:_identify(src/microros_ws/src/uros/micro-ROS-Agent/snap/local) by extension 'ros'
[0.350s] Level 1:colcon.colcon_core.package_identification:_identify(src/microros_ws/src/uros/micro-ROS-Agent/snap/local) by extensions ['cmake', 'python']
[0.350s] Level 1:colcon.colcon_core.package_identification:_identify(src/microros_ws/src/uros/micro-ROS-Agent/snap/local) by extension 'cmake'
[0.351s] Level 1:colcon.colcon_core.package_identification:_identify(src/microros_ws/src/uros/micro-ROS-Agent/snap/local) by extension 'python'
[0.351s] Level 1:colcon.colcon_core.package_identification:_identify(src/microros_ws/src/uros/micro-ROS-Agent/snap/local) by extensions ['python_setup_py']
[0.351s] Level 1:colcon.colcon_core.package_identification:_identify(src/microros_ws/src/uros/micro-ROS-Agent/snap/local) by extension 'python_setup_py'
[0.351s] Level 1:colcon.colcon_core.package_identification:_identify(src/microros_ws/src/uros/micro_ros_msgs) by extensions ['ignore', 'ignore_ament_install']
[0.351s] Level 1:colcon.colcon_core.package_identification:_identify(src/microros_ws/src/uros/micro_ros_msgs) by extension 'ignore'
[0.351s] Level 1:colcon.colcon_core.package_identification:_identify(src/microros_ws/src/uros/micro_ros_msgs) by extension 'ignore_ament_install'
[0.351s] Level 1:colcon.colcon_core.package_identification:_identify(src/microros_ws/src/uros/micro_ros_msgs) by extensions ['colcon_pkg']
[0.351s] Level 1:colcon.colcon_core.package_identification:_identify(src/microros_ws/src/uros/micro_ros_msgs) by extension 'colcon_pkg'
[0.351s] Level 1:colcon.colcon_core.package_identification:_identify(src/microros_ws/src/uros/micro_ros_msgs) by extensions ['colcon_meta']
[0.351s] Level 1:colcon.colcon_core.package_identification:_identify(src/microros_ws/src/uros/micro_ros_msgs) by extension 'colcon_meta'
[0.351s] Level 1:colcon.colcon_core.package_identification:_identify(src/microros_ws/src/uros/micro_ros_msgs) by extensions ['ros']
[0.351s] Level 1:colcon.colcon_core.package_identification:_identify(src/microros_ws/src/uros/micro_ros_msgs) by extension 'ros'
[0.352s] DEBUG:colcon.colcon_core.package_identification:Package 'src/microros_ws/src/uros/micro_ros_msgs' with type 'ros.ament_cmake' and name 'micro_ros_msgs'
[0.352s] Level 1:colcon.colcon_core.package_identification:_identify(src/rplidar_ros) by extensions ['ignore', 'ignore_ament_install']
[0.352s] Level 1:colcon.colcon_core.package_identification:_identify(src/rplidar_ros) by extension 'ignore'
[0.352s] Level 1:colcon.colcon_core.package_identification:_identify(src/rplidar_ros) by extension 'ignore_ament_install'
[0.352s] Level 1:colcon.colcon_core.package_identification:_identify(src/rplidar_ros) by extensions ['colcon_pkg']
[0.352s] Level 1:colcon.colcon_core.package_identification:_identify(src/rplidar_ros) by extension 'colcon_pkg'
[0.352s] Level 1:colcon.colcon_core.package_identification:_identify(src/rplidar_ros) by extensions ['colcon_meta']
[0.352s] Level 1:colcon.colcon_core.package_identification:_identify(src/rplidar_ros) by extension 'colcon_meta'
[0.352s] Level 1:colcon.colcon_core.package_identification:_identify(src/rplidar_ros) by extensions ['ros']
[0.352s] Level 1:colcon.colcon_core.package_identification:_identify(src/rplidar_ros) by extension 'ros'
[0.353s] DEBUG:colcon.colcon_core.package_identification:Package 'src/rplidar_ros' with type 'ros.ament_cmake' and name 'rplidar_ros'
[0.353s] Level 1:colcon.colcon_core.package_discovery:discover_packages(recursive) using defaults
[0.353s] Level 1:colcon.colcon_core.package_discovery:discover_packages(ignore) discover
[0.353s] Level 1:colcon.colcon_core.package_discovery:discover_packages(ignore) using defaults
[0.353s] Level 1:colcon.colcon_core.package_discovery:discover_packages(path) discover
[0.353s] Level 1:colcon.colcon_core.package_discovery:discover_packages(path) using defaults
[0.382s] Level 5:colcon.colcon_core.verb:set package 'bno055' build argument 'cmake_args' from command line to 'None'
[0.382s] Level 5:colcon.colcon_core.verb:set package 'bno055' build argument 'cmake_target' from command line to 'None'
[0.382s] Level 5:colcon.colcon_core.verb:set package 'bno055' build argument 'cmake_target_skip_unavailable' from command line to 'False'
[0.382s] Level 5:colcon.colcon_core.verb:set package 'bno055' build argument 'cmake_clean_cache' from command line to 'False'
[0.382s] Level 5:colcon.colcon_core.verb:set package 'bno055' build argument 'cmake_clean_first' from command line to 'False'
[0.382s] Level 5:colcon.colcon_core.verb:set package 'bno055' build argument 'cmake_force_configure' from command line to 'False'
[0.382s] Level 5:colcon.colcon_core.verb:set package 'bno055' build argument 'ament_cmake_args' from command line to 'None'
[0.382s] Level 5:colcon.colcon_core.verb:set package 'bno055' build argument 'catkin_cmake_args' from command line to 'None'
[0.382s] Level 5:colcon.colcon_core.verb:set package 'bno055' build argument 'catkin_skip_building_tests' from command line to 'False'
[0.382s] DEBUG:colcon.colcon_core.verb:Building package 'bno055' with the following arguments: {'ament_cmake_args': None, 'build_base': '/ros/build/bno055', 'catkin_cmake_args': None, 'catkin_skip_building_tests': False, 'cmake_args': None, 'cmake_clean_cache': False, 'cmake_clean_first': False, 'cmake_force_configure': False, 'cmake_target': None, 'cmake_target_skip_unavailable': False, 'install_base': '/ros/install/bno055', 'merge_install': False, 'path': '/ros/src/bno055', 'symlink_install': False, 'test_result_base': None}
[0.383s] Level 5:colcon.colcon_core.verb:set package 'detector' build argument 'cmake_args' from command line to 'None'
[0.383s] Level 5:colcon.colcon_core.verb:set package 'detector' build argument 'cmake_target' from command line to 'None'
[0.383s] Level 5:colcon.colcon_core.verb:set package 'detector' build argument 'cmake_target_skip_unavailable' from command line to 'False'
[0.383s] Level 5:colcon.colcon_core.verb:set package 'detector' build argument 'cmake_clean_cache' from command line to 'False'
[0.383s] Level 5:colcon.colcon_core.verb:set package 'detector' build argument 'cmake_clean_first' from command line to 'False'
[0.383s] Level 5:colcon.colcon_core.verb:set package 'detector' build argument 'cmake_force_configure' from command line to 'False'
[0.383s] Level 5:colcon.colcon_core.verb:set package 'detector' build argument 'ament_cmake_args' from command line to 'None'
[0.383s] Level 5:colcon.colcon_core.verb:set package 'detector' build argument 'catkin_cmake_args' from command line to 'None'
[0.383s] Level 5:colcon.colcon_core.verb:set package 'detector' build argument 'catkin_skip_building_tests' from command line to 'False'
[0.383s] DEBUG:colcon.colcon_core.verb:Building package 'detector' with the following arguments: {'ament_cmake_args': None, 'build_base': '/ros/build/detector', 'catkin_cmake_args': None, 'catkin_skip_building_tests': False, 'cmake_args': None, 'cmake_clean_cache': False, 'cmake_clean_first': False, 'cmake_force_configure': False, 'cmake_target': None, 'cmake_target_skip_unavailable': False, 'install_base': '/ros/install/detector', 'merge_install': False, 'path': '/ros/src/detector', 'symlink_install': False, 'test_result_base': None}
[0.383s] Level 5:colcon.colcon_core.verb:set package 'lidar_teste' build argument 'cmake_args' from command line to 'None'
[0.383s] Level 5:colcon.colcon_core.verb:set package 'lidar_teste' build argument 'cmake_target' from command line to 'None'
[0.384s] Level 5:colcon.colcon_core.verb:set package 'lidar_teste' build argument 'cmake_target_skip_unavailable' from command line to 'False'
[0.384s] Level 5:colcon.colcon_core.verb:set package 'lidar_teste' build argument 'cmake_clean_cache' from command line to 'False'
[0.384s] Level 5:colcon.colcon_core.verb:set package 'lidar_teste' build argument 'cmake_clean_first' from command line to 'False'
[0.384s] Level 5:colcon.colcon_core.verb:set package 'lidar_teste' build argument 'cmake_force_configure' from command line to 'False'
[0.384s] Level 5:colcon.colcon_core.verb:set package 'lidar_teste' build argument 'ament_cmake_args' from command line to 'None'
[0.384s] Level 5:colcon.colcon_core.verb:set package 'lidar_teste' build argument 'catkin_cmake_args' from command line to 'None'
[0.384s] Level 5:colcon.colcon_core.verb:set package 'lidar_teste' build argument 'catkin_skip_building_tests' from command line to 'False'
[0.384s] DEBUG:colcon.colcon_core.verb:Building package 'lidar_teste' with the following arguments: {'ament_cmake_args': None, 'build_base': '/ros/build/lidar_teste', 'catkin_cmake_args': None, 'catkin_skip_building_tests': False, 'cmake_args': None, 'cmake_clean_cache': False, 'cmake_clean_first': False, 'cmake_force_configure': False, 'cmake_target': None, 'cmake_target_skip_unavailable': False, 'install_base': '/ros/install/lidar_teste', 'merge_install': False, 'path': '/ros/src/lidar_teste', 'symlink_install': False, 'test_result_base': None}
[0.384s] Level 5:colcon.colcon_core.verb:set package 'micro_ros_msgs' build argument 'cmake_args' from command line to 'None'
[0.384s] Level 5:colcon.colcon_core.verb:set package 'micro_ros_msgs' build argument 'cmake_target' from command line to 'None'
[0.384s] Level 5:colcon.colcon_core.verb:set package 'micro_ros_msgs' build argument 'cmake_target_skip_unavailable' from command line to 'False'
[0.384s] Level 5:colcon.colcon_core.verb:set package 'micro_ros_msgs' build argument 'cmake_clean_cache' from command line to 'False'
[0.384s] Level 5:colcon.colcon_core.verb:set package 'micro_ros_msgs' build argument 'cmake_clean_first' from command line to 'False'
[0.384s] Level 5:colcon.colcon_core.verb:set package 'micro_ros_msgs' build argument 'cmake_force_configure' from command line to 'False'
[0.384s] Level 5:colcon.colcon_core.verb:set package 'micro_ros_msgs' build argument 'ament_cmake_args' from command line to 'None'
[0.384s] Level 5:colcon.colcon_core.verb:set package 'micro_ros_msgs' build argument 'catkin_cmake_args' from command line to 'None'
[0.384s] Level 5:colcon.colcon_core.verb:set package 'micro_ros_msgs' build argument 'catkin_skip_building_tests' from command line to 'False'
[0.384s] DEBUG:colcon.colcon_core.verb:Building package 'micro_ros_msgs' with the following arguments: {'ament_cmake_args': None, 'build_base': '/ros/build/micro_ros_msgs', 'catkin_cmake_args': None, 'catkin_skip_building_tests': False, 'cmake_args': None, 'cmake_clean_cache': False, 'cmake_clean_first': False, 'cmake_force_configure': False, 'cmake_target': None, 'cmake_target_skip_unavailable': False, 'install_base': '/ros/install/micro_ros_msgs', 'merge_install': False, 'path': '/ros/src/microros_ws/src/uros/micro_ros_msgs', 'symlink_install': False, 'test_result_base': None}
[0.385s] Level 5:colcon.colcon_core.verb:set package 'micro_ros_setup' build argument 'cmake_args' from command line to 'None'
[0.385s] Level 5:colcon.colcon_core.verb:set package 'micro_ros_setup' build argument 'cmake_target' from command line to 'None'
[0.385s] Level 5:colcon.colcon_core.verb:set package 'micro_ros_setup' build argument 'cmake_target_skip_unavailable' from command line to 'False'
[0.385s] Level 5:colcon.colcon_core.verb:set package 'micro_ros_setup' build argument 'cmake_clean_cache' from command line to 'False'
[0.385s] Level 5:colcon.colcon_core.verb:set package 'micro_ros_setup' build argument 'cmake_clean_first' from command line to 'False'
[0.385s] Level 5:colcon.colcon_core.verb:set package 'micro_ros_setup' build argument 'cmake_force_configure' from command line to 'False'
[0.385s] Level 5:colcon.colcon_core.verb:set package 'micro_ros_setup' build argument 'ament_cmake_args' from command line to 'None'
[0.385s] Level 5:colcon.colcon_core.verb:set package 'micro_ros_setup' build argument 'catkin_cmake_args' from command line to 'None'
[0.385s] Level 5:colcon.colcon_core.verb:set package 'micro_ros_setup' build argument 'catkin_skip_building_tests' from command line to 'False'
[0.385s] DEBUG:colcon.colcon_core.verb:Building package 'micro_ros_setup' with the following arguments: {'ament_cmake_args': None, 'build_base': '/ros/build/micro_ros_setup', 'catkin_cmake_args': None, 'catkin_skip_building_tests': False, 'cmake_args': None, 'cmake_clean_cache': False, 'cmake_clean_first': False, 'cmake_force_configure': False, 'cmake_target': None, 'cmake_target_skip_unavailable': False, 'install_base': '/ros/install/micro_ros_setup', 'merge_install': False, 'path': '/ros/src/microros_ws/src/micro_ros_setup', 'symlink_install': False, 'test_result_base': None}
[0.385s] Level 5:colcon.colcon_core.verb:set package 'rplidar_ros' build argument 'cmake_args' from command line to 'None'
[0.385s] Level 5:colcon.colcon_core.verb:set package 'rplidar_ros' build argument 'cmake_target' from command line to 'None'
[0.385s] Level 5:colcon.colcon_core.verb:set package 'rplidar_ros' build argument 'cmake_target_skip_unavailable' from command line to 'False'
[0.385s] Level 5:colcon.colcon_core.verb:set package 'rplidar_ros' build argument 'cmake_clean_cache' from command line to 'False'
[0.385s] Level 5:colcon.colcon_core.verb:set package 'rplidar_ros' build argument 'cmake_clean_first' from command line to 'False'
[0.385s] Level 5:colcon.colcon_core.verb:set package 'rplidar_ros' build argument 'cmake_force_configure' from command line to 'False'
[0.385s] Level 5:colcon.colcon_core.verb:set package 'rplidar_ros' build argument 'ament_cmake_args' from command line to 'None'
[0.385s] Level 5:colcon.colcon_core.verb:set package 'rplidar_ros' build argument 'catkin_cmake_args' from command line to 'None'
[0.385s] Level 5:colcon.colcon_core.verb:set package 'rplidar_ros' build argument 'catkin_skip_building_tests' from command line to 'False'
[0.386s] DEBUG:colcon.colcon_core.verb:Building package 'rplidar_ros' with the following arguments: {'ament_cmake_args': None, 'build_base': '/ros/build/rplidar_ros', 'catkin_cmake_args': None, 'catkin_skip_building_tests': False, 'cmake_args': None, 'cmake_clean_cache': False, 'cmake_clean_first': False, 'cmake_force_configure': False, 'cmake_target': None, 'cmake_target_skip_unavailable': False, 'install_base': '/ros/install/rplidar_ros', 'merge_install': False, 'path': '/ros/src/rplidar_ros', 'symlink_install': False, 'test_result_base': None}
[0.386s] Level 5:colcon.colcon_core.verb:set package 'micro_ros_agent' build argument 'cmake_args' from command line to 'None'
[0.386s] Level 5:colcon.colcon_core.verb:set package 'micro_ros_agent' build argument 'cmake_target' from command line to 'None'
[0.386s] Level 5:colcon.colcon_core.verb:set package 'micro_ros_agent' build argument 'cmake_target_skip_unavailable' from command line to 'False'
[0.386s] Level 5:colcon.colcon_core.verb:set package 'micro_ros_agent' build argument 'cmake_clean_cache' from command line to 'False'
[0.386s] Level 5:colcon.colcon_core.verb:set package 'micro_ros_agent' build argument 'cmake_clean_first' from command line to 'False'
[0.386s] Level 5:colcon.colcon_core.verb:set package 'micro_ros_agent' build argument 'cmake_force_configure' from command line to 'False'
[0.386s] Level 5:colcon.colcon_core.verb:set package 'micro_ros_agent' build argument 'ament_cmake_args' from command line to 'None'
[0.386s] Level 5:colcon.colcon_core.verb:set package 'micro_ros_agent' build argument 'catkin_cmake_args' from command line to 'None'
[0.386s] Level 5:colcon.colcon_core.verb:set package 'micro_ros_agent' build argument 'catkin_skip_building_tests' from command line to 'False'
[0.386s] DEBUG:colcon.colcon_core.verb:Building package 'micro_ros_agent' with the following arguments: {'ament_cmake_args': None, 'build_base': '/ros/build/micro_ros_agent', 'catkin_cmake_args': None, 'catkin_skip_building_tests': False, 'cmake_args': None, 'cmake_clean_cache': False, 'cmake_clean_first': False, 'cmake_force_configure': False, 'cmake_target': None, 'cmake_target_skip_unavailable': False, 'install_base': '/ros/install/micro_ros_agent', 'merge_install': False, 'path': '/ros/src/microros_ws/src/uros/micro-ROS-Agent/micro_ros_agent', 'symlink_install': False, 'test_result_base': None}
[0.386s] INFO:colcon.colcon_core.executor:Executing jobs using 'parallel' executor
[0.388s] DEBUG:colcon.colcon_parallel_executor.executor.parallel:run_until_complete
[0.388s] INFO:colcon.colcon_ros.task.ament_cmake.build:Building ROS package in '/ros/src/microros_ws/src/uros/micro_ros_msgs' with build type 'ament_cmake'
[0.388s] INFO:colcon.colcon_cmake.task.cmake.build:Building CMake package in '/ros/src/microros_ws/src/uros/micro_ros_msgs'
[0.397s] INFO:colcon.colcon_core.plugin_system:Skipping extension 'colcon_core.shell.bat': Not used on non-Windows systems
[0.397s] INFO:colcon.colcon_core.shell:Skip shell extension 'powershell' for command environment: Not usable outside of PowerShell
[0.397s] DEBUG:colcon.colcon_core.shell:Skip shell extension 'dsv' for command environment
[0.405s] INFO:colcon.colcon_ros.task.ament_python.build:Building ROS package in '/ros/src/bno055' with build type 'ament_python'
[0.406s] Level 1:colcon.colcon_core.shell:create_environment_hook('bno055', 'ament_prefix_path')
[0.406s] INFO:colcon.colcon_core.shell:Creating environment hook '/ros/install/bno055/share/bno055/hook/ament_prefix_path.ps1'
[0.417s] INFO:colcon.colcon_core.shell:Creating environment descriptor '/ros/install/bno055/share/bno055/hook/ament_prefix_path.dsv'
[0.419s] INFO:colcon.colcon_core.shell:Creating environment hook '/ros/install/bno055/share/bno055/hook/ament_prefix_path.sh'
[0.421s] INFO:colcon.colcon_core.shell:Skip shell extension 'powershell' for command environment: Not usable outside of PowerShell
[0.421s] DEBUG:colcon.colcon_core.shell:Skip shell extension 'dsv' for command environment
[0.425s] INFO:colcon.colcon_ros.task.ament_python.build:Building ROS package in '/ros/src/detector' with build type 'ament_python'
[0.425s] Level 1:colcon.colcon_core.shell:create_environment_hook('detector', 'ament_prefix_path')
[0.426s] INFO:colcon.colcon_core.shell:Creating environment hook '/ros/install/detector/share/detector/hook/ament_prefix_path.ps1'
[0.427s] INFO:colcon.colcon_core.shell:Creating environment descriptor '/ros/install/detector/share/detector/hook/ament_prefix_path.dsv'
[0.428s] INFO:colcon.colcon_core.shell:Creating environment hook '/ros/install/detector/share/detector/hook/ament_prefix_path.sh'
[0.429s] INFO:colcon.colcon_core.shell:Skip shell extension 'powershell' for command environment: Not usable outside of PowerShell
[0.429s] DEBUG:colcon.colcon_core.shell:Skip shell extension 'dsv' for command environment
[0.433s] INFO:colcon.colcon_ros.task.ament_python.build:Building ROS package in '/ros/src/lidar_teste' with build type 'ament_python'
[0.433s] Level 1:colcon.colcon_core.shell:create_environment_hook('lidar_teste', 'ament_prefix_path')
[0.433s] INFO:colcon.colcon_core.shell:Creating environment hook '/ros/install/lidar_teste/share/lidar_teste/hook/ament_prefix_path.ps1'
[0.434s] INFO:colcon.colcon_core.shell:Creating environment descriptor '/ros/install/lidar_teste/share/lidar_teste/hook/ament_prefix_path.dsv'
[0.435s] INFO:colcon.colcon_core.shell:Creating environment hook '/ros/install/lidar_teste/share/lidar_teste/hook/ament_prefix_path.sh'
[0.436s] INFO:colcon.colcon_core.shell:Skip shell extension 'powershell' for command environment: Not usable outside of PowerShell
[0.436s] DEBUG:colcon.colcon_core.shell:Skip shell extension 'dsv' for command environment
[0.449s] DEBUG:colcon.colcon_core.event_handler.log_command:Invoking command in '/ros/build/micro_ros_msgs': CMAKE_PREFIX_PATH=/opt/ros/humble /usr/bin/cmake /ros/src/microros_ws/src/uros/micro_ros_msgs -DCMAKE_INSTALL_PREFIX=/ros/install/micro_ros_msgs
[0.856s] INFO:colcon.colcon_core.task.python.build:Building Python package in '/ros/src/bno055'
[0.856s] INFO:colcon.colcon_core.shell:Skip shell extension 'powershell' for command environment: Not usable outside of PowerShell
[0.856s] DEBUG:colcon.colcon_core.shell:Skip shell extension 'dsv' for command environment
[1.197s] INFO:colcon.colcon_core.task.python.build:Building Python package in '/ros/src/detector'
[1.197s] INFO:colcon.colcon_core.shell:Skip shell extension 'powershell' for command environment: Not usable outside of PowerShell
[1.197s] DEBUG:colcon.colcon_core.shell:Skip shell extension 'dsv' for command environment
[1.541s] INFO:colcon.colcon_core.task.python.build:Building Python package in '/ros/src/lidar_teste'
[1.541s] INFO:colcon.colcon_core.shell:Skip shell extension 'powershell' for command environment: Not usable outside of PowerShell
[1.541s] DEBUG:colcon.colcon_core.shell:Skip shell extension 'dsv' for command environment
[2.334s] DEBUG:colcon.colcon_core.event_handler.log_command:Invoking command in '/ros/build/detector': PYTHONPATH=/ros/build/detector/prefix_override:/usr/lib/python3/dist-packages/colcon_core/task/python/colcon_distutils_commands:/ros/install/detector/lib/python3.10/site-packages:${PYTHONPATH} /usr/bin/python3 -W ignore:setup.py install is deprecated -W ignore:easy_install command is deprecated setup.py develop --uninstall --editable --build-directory /ros/build/detector/build
[2.344s] DEBUG:colcon.colcon_core.event_handler.log_command:Invoking command in '/ros/build/lidar_teste': PYTHONPATH=/ros/build/lidar_teste/prefix_override:/usr/lib/python3/dist-packages/colcon_core/task/python/colcon_distutils_commands:/ros/install/lidar_teste/lib/python3.10/site-packages:${PYTHONPATH} /usr/bin/python3 -W ignore:setup.py install is deprecated -W ignore:easy_install command is deprecated setup.py develop --uninstall --editable --build-directory /ros/build/lidar_teste/build
[2.345s] DEBUG:colcon.colcon_core.event_handler.log_command:Invoking command in '/ros/build/bno055': PYTHONPATH=/ros/build/bno055/prefix_override:/usr/lib/python3/dist-packages/colcon_core/task/python/colcon_distutils_commands:/ros/install/bno055/lib/python3.10/site-packages:${PYTHONPATH} /usr/bin/python3 -W ignore:setup.py install is deprecated -W ignore:easy_install command is deprecated setup.py develop --uninstall --editable --build-directory /ros/build/bno055/build
[2.875s] DEBUG:colcon.colcon_core.event_handler.log_command:Invoked command in '/ros/build/micro_ros_msgs' returned '0': CMAKE_PREFIX_PATH=/opt/ros/humble /usr/bin/cmake /ros/src/microros_ws/src/uros/micro_ros_msgs -DCMAKE_INSTALL_PREFIX=/ros/install/micro_ros_msgs
[2.875s] DEBUG:colcon.colcon_core.event_handler.log_command:Invoking command in '/ros/build/micro_ros_msgs': CMAKE_PREFIX_PATH=/opt/ros/humble /usr/bin/cmake --build /ros/build/micro_ros_msgs -- -j4 -l4
[3.046s] DEBUG:colcon.colcon_core.event_handler.log_command:Invoked command in '/ros/build/lidar_teste' returned '0': PYTHONPATH=/ros/build/lidar_teste/prefix_override:/usr/lib/python3/dist-packages/colcon_core/task/python/colcon_distutils_commands:/ros/install/lidar_teste/lib/python3.10/site-packages:${PYTHONPATH} /usr/bin/python3 -W ignore:setup.py install is deprecated -W ignore:easy_install command is deprecated setup.py develop --uninstall --editable --build-directory /ros/build/lidar_teste/build
[3.047s] DEBUG:colcon.colcon_core.event_handler.log_command:Invoking command in '/ros/src/lidar_teste': PYTHONPATH=/ros/build/lidar_teste/prefix_override:/usr/lib/python3/dist-packages/colcon_core/task/python/colcon_distutils_commands:/ros/install/lidar_teste/lib/python3.10/site-packages:${PYTHONPATH} /usr/bin/python3 -W ignore:setup.py install is deprecated -W ignore:easy_install command is deprecated setup.py egg_info --egg-base ../../build/lidar_teste build --build-base /ros/build/lidar_teste/build install --record /ros/build/lidar_teste/install.log --single-version-externally-managed install_data --force
[3.054s] DEBUG:colcon.colcon_core.event_handler.log_command:Invoked command in '/ros/build/detector' returned '0': PYTHONPATH=/ros/build/detector/prefix_override:/usr/lib/python3/dist-packages/colcon_core/task/python/colcon_distutils_commands:/ros/install/detector/lib/python3.10/site-packages:${PYTHONPATH} /usr/bin/python3 -W ignore:setup.py install is deprecated -W ignore:easy_install command is deprecated setup.py develop --uninstall --editable --build-directory /ros/build/detector/build
[3.054s] DEBUG:colcon.colcon_core.event_handler.log_command:Invoking command in '/ros/src/detector': PYTHONPATH=/ros/build/detector/prefix_override:/usr/lib/python3/dist-packages/colcon_core/task/python/colcon_distutils_commands:/ros/install/detector/lib/python3.10/site-packages:${PYTHONPATH} /usr/bin/python3 -W ignore:setup.py install is deprecated -W ignore:easy_install command is deprecated setup.py egg_info --egg-base ../../build/detector build --build-base /ros/build/detector/build install --record /ros/build/detector/install.log --single-version-externally-managed install_data --force
[3.128s] DEBUG:colcon.colcon_core.event_handler.log_command:Invoked command in '/ros/build/bno055' returned '0': PYTHONPATH=/ros/build/bno055/prefix_override:/usr/lib/python3/dist-packages/colcon_core/task/python/colcon_distutils_commands:/ros/install/bno055/lib/python3.10/site-packages:${PYTHONPATH} /usr/bin/python3 -W ignore:setup.py install is deprecated -W ignore:easy_install command is deprecated setup.py develop --uninstall --editable --build-directory /ros/build/bno055/build
[3.129s] DEBUG:colcon.colcon_core.event_handler.log_command:Invoking command in '/ros/src/bno055': PYTHONPATH=/ros/build/bno055/prefix_override:/usr/lib/python3/dist-packages/colcon_core/task/python/colcon_distutils_commands:/ros/install/bno055/lib/python3.10/site-packages:${PYTHONPATH} /usr/bin/python3 -W ignore:setup.py install is deprecated -W ignore:easy_install command is deprecated setup.py egg_info --egg-base ../../build/bno055 build --build-base /ros/build/bno055/build install --record /ros/build/bno055/install.log --single-version-externally-managed install_data --force
[3.707s] DEBUG:colcon.colcon_core.event_handler.log_command:Invoked command in '/ros/src/lidar_teste' returned '0': PYTHONPATH=/ros/build/lidar_teste/prefix_override:/usr/lib/python3/dist-packages/colcon_core/task/python/colcon_distutils_commands:/ros/install/lidar_teste/lib/python3.10/site-packages:${PYTHONPATH} /usr/bin/python3 -W ignore:setup.py install is deprecated -W ignore:easy_install command is deprecated setup.py egg_info --egg-base ../../build/lidar_teste build --build-base /ros/build/lidar_teste/build install --record /ros/build/lidar_teste/install.log --single-version-externally-managed install_data --force
[3.741s] Level 1:colcon.colcon_core.environment:checking '/ros/install/lidar_teste' for CMake module files
[3.746s] Level 1:colcon.colcon_core.environment:checking '/ros/install/lidar_teste' for CMake config files
[3.748s] Level 1:colcon.colcon_core.environment:checking '/ros/install/lidar_teste/lib'
[3.752s] Level 1:colcon.colcon_core.environment:checking '/ros/install/lidar_teste/bin'
[3.753s] Level 1:colcon.colcon_core.environment:checking '/ros/install/lidar_teste/lib/pkgconfig/lidar_teste.pc'
[3.753s] Level 1:colcon.colcon_core.environment:checking '/ros/install/lidar_teste/lib/python3.10/site-packages'
[3.753s] Level 1:colcon.colcon_core.shell:create_environment_hook('lidar_teste', 'pythonpath')
[3.754s] INFO:colcon.colcon_core.shell:Creating environment hook '/ros/install/lidar_teste/share/lidar_teste/hook/pythonpath.ps1'
[3.758s] INFO:colcon.colcon_core.shell:Creating environment descriptor '/ros/install/lidar_teste/share/lidar_teste/hook/pythonpath.dsv'
[3.762s] INFO:colcon.colcon_core.shell:Creating environment hook '/ros/install/lidar_teste/share/lidar_teste/hook/pythonpath.sh'
[3.767s] Level 1:colcon.colcon_core.environment:checking '/ros/install/lidar_teste/bin'
[3.769s] Level 1:colcon.colcon_core.environment:create_environment_scripts_only(lidar_teste)
[3.770s] INFO:colcon.colcon_core.shell:Creating package script '/ros/install/lidar_teste/share/lidar_teste/package.ps1'
[3.781s] INFO:colcon.colcon_core.shell:Creating package descriptor '/ros/install/lidar_teste/share/lidar_teste/package.dsv'
[3.787s] INFO:colcon.colcon_core.shell:Creating package script '/ros/install/lidar_teste/share/lidar_teste/package.sh'
[3.792s] INFO:colcon.colcon_core.shell:Creating package script '/ros/install/lidar_teste/share/lidar_teste/package.bash'
[3.799s] INFO:colcon.colcon_core.shell:Creating package script '/ros/install/lidar_teste/share/lidar_teste/package.zsh'
[3.806s] Level 1:colcon.colcon_core.environment:create_file_with_runtime_dependencies(/ros/install/lidar_teste/share/colcon-core/packages/lidar_teste)
[3.808s] INFO:colcon.colcon_ros.task.ament_cmake.build:Building ROS package in '/ros/src/microros_ws/src/micro_ros_setup' with build type 'ament_cmake'
[3.808s] INFO:colcon.colcon_cmake.task.cmake.build:Building CMake package in '/ros/src/microros_ws/src/micro_ros_setup'
[3.809s] INFO:colcon.colcon_core.shell:Skip shell extension 'powershell' for command environment: Not usable outside of PowerShell
[3.810s] DEBUG:colcon.colcon_core.shell:Skip shell extension 'dsv' for command environment
[3.857s] DEBUG:colcon.colcon_core.event_handler.log_command:Invoking command in '/ros/build/micro_ros_setup': CMAKE_PREFIX_PATH=/opt/ros/humble /usr/bin/cmake /ros/src/microros_ws/src/micro_ros_setup -DCMAKE_INSTALL_PREFIX=/ros/install/micro_ros_setup
[3.861s] Level 1:colcon.colcon_core.environment:checking '/ros/install/detector' for CMake module files
[3.862s] Level 1:colcon.colcon_core.environment:checking '/ros/install/detector' for CMake config files
[3.864s] DEBUG:colcon.colcon_core.event_handler.log_command:Invoked command in '/ros/src/detector' returned '0': PYTHONPATH=/ros/build/detector/prefix_override:/usr/lib/python3/dist-packages/colcon_core/task/python/colcon_distutils_commands:/ros/install/detector/lib/python3.10/site-packages:${PYTHONPATH} /usr/bin/python3 -W ignore:setup.py install is deprecated -W ignore:easy_install command is deprecated setup.py egg_info --egg-base ../../build/detector build --build-base /ros/build/detector/build install --record /ros/build/detector/install.log --single-version-externally-managed install_data --force
[3.865s] Level 1:colcon.colcon_core.environment:checking '/ros/install/detector/lib'
[3.865s] Level 1:colcon.colcon_core.environment:checking '/ros/install/detector/bin'
[3.866s] Level 1:colcon.colcon_core.environment:checking '/ros/install/detector/lib/pkgconfig/detector.pc'
[3.866s] Level 1:colcon.colcon_core.environment:checking '/ros/install/detector/lib/python3.10/site-packages'
[3.867s] Level 1:colcon.colcon_core.shell:create_environment_hook('detector', 'pythonpath')
[3.867s] INFO:colcon.colcon_core.shell:Creating environment hook '/ros/install/detector/share/detector/hook/pythonpath.ps1'
[3.869s] INFO:colcon.colcon_core.shell:Creating environment descriptor '/ros/install/detector/share/detector/hook/pythonpath.dsv'
[3.873s] INFO:colcon.colcon_core.shell:Creating environment hook '/ros/install/detector/share/detector/hook/pythonpath.sh'
[3.875s] Level 1:colcon.colcon_core.environment:checking '/ros/install/detector/bin'
[3.876s] Level 1:colcon.colcon_core.environment:create_environment_scripts_only(detector)
[3.877s] INFO:colcon.colcon_core.shell:Creating package script '/ros/install/detector/share/detector/package.ps1'
[3.879s] INFO:colcon.colcon_core.shell:Creating package descriptor '/ros/install/detector/share/detector/package.dsv'
[3.881s] INFO:colcon.colcon_core.shell:Creating package script '/ros/install/detector/share/detector/package.sh'
[3.882s] INFO:colcon.colcon_core.shell:Creating package script '/ros/install/detector/share/detector/package.bash'
[3.883s] INFO:colcon.colcon_core.shell:Creating package script '/ros/install/detector/share/detector/package.zsh'
[3.884s] Level 1:colcon.colcon_core.environment:create_file_with_runtime_dependencies(/ros/install/detector/share/colcon-core/packages/detector)
[3.885s] INFO:colcon.colcon_ros.task.ament_cmake.build:Building ROS package in '/ros/src/rplidar_ros' with build type 'ament_cmake'
[3.885s] INFO:colcon.colcon_cmake.task.cmake.build:Building CMake package in '/ros/src/rplidar_ros'
[3.886s] INFO:colcon.colcon_core.shell:Skip shell extension 'powershell' for command environment: Not usable outside of PowerShell
[3.889s] DEBUG:colcon.colcon_core.shell:Skip shell extension 'dsv' for command environment
[3.926s] DEBUG:colcon.colcon_core.event_handler.log_command:Invoking command in '/ros/build/rplidar_ros': CMAKE_PREFIX_PATH=/opt/ros/humble /usr/bin/cmake /ros/src/rplidar_ros -DCMAKE_INSTALL_PREFIX=/ros/install/rplidar_ros
[3.951s] DEBUG:colcon.colcon_core.event_handler.log_command:Invoked command in '/ros/build/micro_ros_msgs' returned '0': CMAKE_PREFIX_PATH=/opt/ros/humble /usr/bin/cmake --build /ros/build/micro_ros_msgs -- -j4 -l4
[3.981s] DEBUG:colcon.colcon_core.event_handler.log_command:Invoking command in '/ros/build/micro_ros_msgs': CMAKE_PREFIX_PATH=/opt/ros/humble /usr/bin/cmake --install /ros/build/micro_ros_msgs
[4.000s] Level 1:colcon.colcon_core.environment:checking '/ros/install/bno055' for CMake module files
[4.001s] Level 1:colcon.colcon_core.environment:checking '/ros/install/bno055' for CMake config files
[4.003s] DEBUG:colcon.colcon_core.event_handler.log_command:Invoked command in '/ros/src/bno055' returned '0': PYTHONPATH=/ros/build/bno055/prefix_override:/usr/lib/python3/dist-packages/colcon_core/task/python/colcon_distutils_commands:/ros/install/bno055/lib/python3.10/site-packages:${PYTHONPATH} /usr/bin/python3 -W ignore:setup.py install is deprecated -W ignore:easy_install command is deprecated setup.py egg_info --egg-base ../../build/bno055 build --build-base /ros/build/bno055/build install --record /ros/build/bno055/install.log --single-version-externally-managed install_data --force
[4.004s] Level 1:colcon.colcon_core.environment:checking '/ros/install/bno055/lib'
[4.004s] Level 1:colcon.colcon_core.environment:checking '/ros/install/bno055/bin'
[4.004s] Level 1:colcon.colcon_core.environment:checking '/ros/install/bno055/lib/pkgconfig/bno055.pc'
[4.005s] Level 1:colcon.colcon_core.environment:checking '/ros/install/bno055/lib/python3.10/site-packages'
[4.005s] Level 1:colcon.colcon_core.shell:create_environment_hook('bno055', 'pythonpath')
[4.006s] INFO:colcon.colcon_core.shell:Creating environment hook '/ros/install/bno055/share/bno055/hook/pythonpath.ps1'
[4.007s] INFO:colcon.colcon_core.shell:Creating environment descriptor '/ros/install/bno055/share/bno055/hook/pythonpath.dsv'
[4.008s] INFO:colcon.colcon_core.shell:Creating environment hook '/ros/install/bno055/share/bno055/hook/pythonpath.sh'
[4.010s] Level 1:colcon.colcon_core.environment:checking '/ros/install/bno055/bin'
[4.010s] Level 1:colcon.colcon_core.environment:create_environment_scripts_only(bno055)
[4.010s] INFO:colcon.colcon_core.shell:Creating package script '/ros/install/bno055/share/bno055/package.ps1'
[4.013s] INFO:colcon.colcon_core.shell:Creating package descriptor '/ros/install/bno055/share/bno055/package.dsv'
[4.014s] INFO:colcon.colcon_core.shell:Creating package script '/ros/install/bno055/share/bno055/package.sh'
[4.015s] INFO:colcon.colcon_core.shell:Creating package script '/ros/install/bno055/share/bno055/package.bash'
[4.015s] INFO:colcon.colcon_core.shell:Creating package script '/ros/install/bno055/share/bno055/package.zsh'
[4.016s] Level 1:colcon.colcon_core.environment:create_file_with_runtime_dependencies(/ros/install/bno055/share/colcon-core/packages/bno055)
[4.248s] Level 1:colcon.colcon_core.environment:create_environment_scripts_only(micro_ros_msgs)
[4.249s] Level 1:colcon.colcon_core.environment:checking '/ros/install/micro_ros_msgs' for CMake module files
[4.249s] DEBUG:colcon.colcon_core.event_handler.log_command:Invoked command in '/ros/build/micro_ros_msgs' returned '0': CMAKE_PREFIX_PATH=/opt/ros/humble /usr/bin/cmake --install /ros/build/micro_ros_msgs
[4.250s] Level 1:colcon.colcon_core.environment:checking '/ros/install/micro_ros_msgs' for CMake config files
[4.252s] Level 1:colcon.colcon_core.shell:create_environment_hook('micro_ros_msgs', 'cmake_prefix_path')
[4.252s] INFO:colcon.colcon_core.shell:Creating environment hook '/ros/install/micro_ros_msgs/share/micro_ros_msgs/hook/cmake_prefix_path.ps1'
[4.253s] INFO:colcon.colcon_core.shell:Creating environment descriptor '/ros/install/micro_ros_msgs/share/micro_ros_msgs/hook/cmake_prefix_path.dsv'
[4.254s] INFO:colcon.colcon_core.shell:Creating environment hook '/ros/install/micro_ros_msgs/share/micro_ros_msgs/hook/cmake_prefix_path.sh'
[4.255s] Level 1:colcon.colcon_core.environment:checking '/ros/install/micro_ros_msgs/lib'
[4.255s] Level 1:colcon.colcon_core.shell:create_environment_hook('micro_ros_msgs', 'ld_library_path_lib')
[4.255s] INFO:colcon.colcon_core.shell:Creating environment hook '/ros/install/micro_ros_msgs/share/micro_ros_msgs/hook/ld_library_path_lib.ps1'
[4.256s] INFO:colcon.colcon_core.shell:Creating environment descriptor '/ros/install/micro_ros_msgs/share/micro_ros_msgs/hook/ld_library_path_lib.dsv'
[4.257s] INFO:colcon.colcon_core.shell:Creating environment hook '/ros/install/micro_ros_msgs/share/micro_ros_msgs/hook/ld_library_path_lib.sh'
[4.258s] Level 1:colcon.colcon_core.environment:checking '/ros/install/micro_ros_msgs/bin'
[4.258s] Level 1:colcon.colcon_core.environment:checking '/ros/install/micro_ros_msgs/lib/pkgconfig/micro_ros_msgs.pc'
[4.259s] Level 1:colcon.colcon_core.environment:checking '/ros/install/micro_ros_msgs/lib/python3.10/site-packages'
[4.259s] Level 1:colcon.colcon_core.environment:checking '/ros/install/micro_ros_msgs/bin'
[4.260s] INFO:colcon.colcon_core.shell:Creating package script '/ros/install/micro_ros_msgs/share/micro_ros_msgs/package.ps1'
[4.261s] INFO:colcon.colcon_core.shell:Creating package descriptor '/ros/install/micro_ros_msgs/share/micro_ros_msgs/package.dsv'
[4.262s] INFO:colcon.colcon_core.shell:Creating package script '/ros/install/micro_ros_msgs/share/micro_ros_msgs/package.sh'
[4.263s] INFO:colcon.colcon_core.shell:Creating package script '/ros/install/micro_ros_msgs/share/micro_ros_msgs/package.bash'
[4.263s] INFO:colcon.colcon_core.shell:Creating package script '/ros/install/micro_ros_msgs/share/micro_ros_msgs/package.zsh'
[4.264s] Level 1:colcon.colcon_core.environment:create_file_with_runtime_dependencies(/ros/install/micro_ros_msgs/share/colcon-core/packages/micro_ros_msgs)
[4.265s] Level 1:colcon.colcon_core.environment:create_environment_scripts_only(micro_ros_msgs)
[4.266s] Level 1:colcon.colcon_core.environment:checking '/ros/install/micro_ros_msgs' for CMake module files
[4.267s] Level 1:colcon.colcon_core.environment:checking '/ros/install/micro_ros_msgs' for CMake config files
[4.268s] Level 1:colcon.colcon_core.shell:create_environment_hook('micro_ros_msgs', 'cmake_prefix_path')
[4.268s] INFO:colcon.colcon_core.shell:Creating environment hook '/ros/install/micro_ros_msgs/share/micro_ros_msgs/hook/cmake_prefix_path.ps1'
[4.269s] INFO:colcon.colcon_core.shell:Creating environment descriptor '/ros/install/micro_ros_msgs/share/micro_ros_msgs/hook/cmake_prefix_path.dsv'
[4.270s] INFO:colcon.colcon_core.shell:Creating environment hook '/ros/install/micro_ros_msgs/share/micro_ros_msgs/hook/cmake_prefix_path.sh'
[4.274s] Level 1:colcon.colcon_core.environment:checking '/ros/install/micro_ros_msgs/lib'
[4.274s] Level 1:colcon.colcon_core.shell:create_environment_hook('micro_ros_msgs', 'ld_library_path_lib')
[4.274s] INFO:colcon.colcon_core.shell:Creating environment hook '/ros/install/micro_ros_msgs/share/micro_ros_msgs/hook/ld_library_path_lib.ps1'
[4.275s] INFO:colcon.colcon_core.shell:Creating environment descriptor '/ros/install/micro_ros_msgs/share/micro_ros_msgs/hook/ld_library_path_lib.dsv'
[4.276s] INFO:colcon.colcon_core.shell:Creating environment hook '/ros/install/micro_ros_msgs/share/micro_ros_msgs/hook/ld_library_path_lib.sh'
[4.277s] Level 1:colcon.colcon_core.environment:checking '/ros/install/micro_ros_msgs/bin'
[4.277s] Level 1:colcon.colcon_core.environment:checking '/ros/install/micro_ros_msgs/lib/pkgconfig/micro_ros_msgs.pc'
[4.277s] Level 1:colcon.colcon_core.environment:checking '/ros/install/micro_ros_msgs/lib/python3.10/site-packages'
[4.278s] Level 1:colcon.colcon_core.environment:checking '/ros/install/micro_ros_msgs/bin'
[4.278s] INFO:colcon.colcon_core.shell:Creating package script '/ros/install/micro_ros_msgs/share/micro_ros_msgs/package.ps1'
[4.279s] INFO:colcon.colcon_core.shell:Creating package descriptor '/ros/install/micro_ros_msgs/share/micro_ros_msgs/package.dsv'
[4.280s] INFO:colcon.colcon_core.shell:Creating package script '/ros/install/micro_ros_msgs/share/micro_ros_msgs/package.sh'
[4.281s] INFO:colcon.colcon_core.shell:Creating package script '/ros/install/micro_ros_msgs/share/micro_ros_msgs/package.bash'
[4.283s] INFO:colcon.colcon_core.shell:Creating package script '/ros/install/micro_ros_msgs/share/micro_ros_msgs/package.zsh'
[4.284s] Level 1:colcon.colcon_core.environment:create_file_with_runtime_dependencies(/ros/install/micro_ros_msgs/share/colcon-core/packages/micro_ros_msgs)
[4.285s] INFO:colcon.colcon_ros.task.ament_cmake.build:Building ROS package in '/ros/src/microros_ws/src/uros/micro-ROS-Agent/micro_ros_agent' with build type 'ament_cmake'
[4.286s] INFO:colcon.colcon_cmake.task.cmake.build:Building CMake package in '/ros/src/microros_ws/src/uros/micro-ROS-Agent/micro_ros_agent'
[4.286s] INFO:colcon.colcon_core.shell:Skip shell extension 'powershell' for command environment: Not usable outside of PowerShell
[4.287s] DEBUG:colcon.colcon_core.shell:Skip shell extension 'dsv' for command environment
[4.315s] DEBUG:colcon.colcon_core.event_handler.log_command:Invoking command in '/ros/build/micro_ros_agent': AMENT_PREFIX_PATH=/ros/install/micro_ros_msgs:${AMENT_PREFIX_PATH} CMAKE_PREFIX_PATH=/ros/install/micro_ros_msgs:/opt/ros/humble LD_LIBRARY_PATH=/ros/install/micro_ros_msgs/lib:/opt/ros/humble/lib/aarch64-linux-gnu:/opt/ros/humble/lib:/opt/ros/humble/opt/rviz_ogre_vendor/lib PYTHONPATH=/ros/install/micro_ros_msgs/local/lib/python3.10/dist-packages:${PYTHONPATH} /usr/bin/cmake /ros/src/microros_ws/src/uros/micro-ROS-Agent/micro_ros_agent -DCMAKE_INSTALL_PREFIX=/ros/install/micro_ros_agent
[4.465s] DEBUG:colcon.colcon_core.event_handler.log_command:Invoked command in '/ros/build/micro_ros_setup' returned '0': CMAKE_PREFIX_PATH=/opt/ros/humble /usr/bin/cmake /ros/src/microros_ws/src/micro_ros_setup -DCMAKE_INSTALL_PREFIX=/ros/install/micro_ros_setup
[4.470s] DEBUG:colcon.colcon_core.event_handler.log_command:Invoking command in '/ros/build/micro_ros_setup': CMAKE_PREFIX_PATH=/opt/ros/humble /usr/bin/cmake --build /ros/build/micro_ros_setup -- -j4 -l4
[4.549s] DEBUG:colcon.colcon_core.event_handler.log_command:Invoked command in '/ros/build/micro_ros_setup' returned '0': CMAKE_PREFIX_PATH=/opt/ros/humble /usr/bin/cmake --build /ros/build/micro_ros_setup -- -j4 -l4
[4.553s] DEBUG:colcon.colcon_core.event_handler.log_command:Invoking command in '/ros/build/micro_ros_setup': CMAKE_PREFIX_PATH=/opt/ros/humble /usr/bin/cmake --install /ros/build/micro_ros_setup
[4.626s] Level 1:colcon.colcon_core.environment:create_environment_scripts_only(micro_ros_setup)
[4.627s] Level 1:colcon.colcon_core.environment:checking '/ros/install/micro_ros_setup' for CMake module files
[4.628s] Level 1:colcon.colcon_core.environment:checking '/ros/install/micro_ros_setup' for CMake config files
[4.628s] DEBUG:colcon.colcon_core.event_handler.log_command:Invoked command in '/ros/build/micro_ros_setup' returned '0': CMAKE_PREFIX_PATH=/opt/ros/humble /usr/bin/cmake --install /ros/build/micro_ros_setup
[4.629s] Level 1:colcon.colcon_core.shell:create_environment_hook('micro_ros_setup', 'cmake_prefix_path')
[4.630s] INFO:colcon.colcon_core.shell:Creating environment hook '/ros/install/micro_ros_setup/share/micro_ros_setup/hook/cmake_prefix_path.ps1'
[4.631s] INFO:colcon.colcon_core.shell:Creating environment descriptor '/ros/install/micro_ros_setup/share/micro_ros_setup/hook/cmake_prefix_path.dsv'
[4.634s] INFO:colcon.colcon_core.shell:Creating environment hook '/ros/install/micro_ros_setup/share/micro_ros_setup/hook/cmake_prefix_path.sh'
[4.635s] Level 1:colcon.colcon_core.environment:checking '/ros/install/micro_ros_setup/lib'
[4.635s] Level 1:colcon.colcon_core.environment:checking '/ros/install/micro_ros_setup/bin'
[4.635s] Level 1:colcon.colcon_core.environment:checking '/ros/install/micro_ros_setup/lib/pkgconfig/micro_ros_setup.pc'
[4.636s] Level 1:colcon.colcon_core.environment:checking '/ros/install/micro_ros_setup/lib/python3.10/site-packages'
[4.636s] Level 1:colcon.colcon_core.environment:checking '/ros/install/micro_ros_setup/bin'
[4.637s] INFO:colcon.colcon_core.shell:Creating package script '/ros/install/micro_ros_setup/share/micro_ros_setup/package.ps1'
[4.638s] INFO:colcon.colcon_core.shell:Creating package descriptor '/ros/install/micro_ros_setup/share/micro_ros_setup/package.dsv'
[4.638s] INFO:colcon.colcon_core.shell:Creating package script '/ros/install/micro_ros_setup/share/micro_ros_setup/package.sh'
[4.639s] INFO:colcon.colcon_core.shell:Creating package script '/ros/install/micro_ros_setup/share/micro_ros_setup/package.bash'
[4.640s] INFO:colcon.colcon_core.shell:Creating package script '/ros/install/micro_ros_setup/share/micro_ros_setup/package.zsh'
[4.643s] Level 1:colcon.colcon_core.environment:create_file_with_runtime_dependencies(/ros/install/micro_ros_setup/share/colcon-core/packages/micro_ros_setup)
[4.644s] Level 1:colcon.colcon_core.environment:create_environment_scripts_only(micro_ros_setup)
[4.644s] Level 1:colcon.colcon_core.environment:checking '/ros/install/micro_ros_setup' for CMake module files
[4.645s] Level 1:colcon.colcon_core.environment:checking '/ros/install/micro_ros_setup' for CMake config files
[4.646s] Level 1:colcon.colcon_core.shell:create_environment_hook('micro_ros_setup', 'cmake_prefix_path')
[4.646s] INFO:colcon.colcon_core.shell:Creating environment hook '/ros/install/micro_ros_setup/share/micro_ros_setup/hook/cmake_prefix_path.ps1'
[4.647s] INFO:colcon.colcon_core.shell:Creating environment descriptor '/ros/install/micro_ros_setup/share/micro_ros_setup/hook/cmake_prefix_path.dsv'
[4.648s] INFO:colcon.colcon_core.shell:Creating environment hook '/ros/install/micro_ros_setup/share/micro_ros_setup/hook/cmake_prefix_path.sh'
[4.649s] Level 1:colcon.colcon_core.environment:checking '/ros/install/micro_ros_setup/lib'
[4.649s] Level 1:colcon.colcon_core.environment:checking '/ros/install/micro_ros_setup/bin'
[4.649s] Level 1:colcon.colcon_core.environment:checking '/ros/install/micro_ros_setup/lib/pkgconfig/micro_ros_setup.pc'
[4.650s] Level 1:colcon.colcon_core.environment:checking '/ros/install/micro_ros_setup/lib/python3.10/site-packages'
[4.650s] Level 1:colcon.colcon_core.environment:checking '/ros/install/micro_ros_setup/bin'
[4.651s] INFO:colcon.colcon_core.shell:Creating package script '/ros/install/micro_ros_setup/share/micro_ros_setup/package.ps1'
[4.652s] INFO:colcon.colcon_core.shell:Creating package descriptor '/ros/install/micro_ros_setup/share/micro_ros_setup/package.dsv'
[4.652s] INFO:colcon.colcon_core.shell:Creating package script '/ros/install/micro_ros_setup/share/micro_ros_setup/package.sh'
[4.653s] INFO:colcon.colcon_core.shell:Creating package script '/ros/install/micro_ros_setup/share/micro_ros_setup/package.bash'
[4.654s] INFO:colcon.colcon_core.shell:Creating package script '/ros/install/micro_ros_setup/share/micro_ros_setup/package.zsh'
[4.655s] Level 1:colcon.colcon_core.environment:create_file_with_runtime_dependencies(/ros/install/micro_ros_setup/share/colcon-core/packages/micro_ros_setup)
[4.988s] DEBUG:colcon.colcon_core.event_handler.log_command:Invoked command in '/ros/build/micro_ros_agent' returned '0': AMENT_PREFIX_PATH=/ros/install/micro_ros_msgs:${AMENT_PREFIX_PATH} CMAKE_PREFIX_PATH=/ros/install/micro_ros_msgs:/opt/ros/humble LD_LIBRARY_PATH=/ros/install/micro_ros_msgs/lib:/opt/ros/humble/lib/aarch64-linux-gnu:/opt/ros/humble/lib:/opt/ros/humble/opt/rviz_ogre_vendor/lib PYTHONPATH=/ros/install/micro_ros_msgs/local/lib/python3.10/dist-packages:${PYTHONPATH} /usr/bin/cmake /ros/src/microros_ws/src/uros/micro-ROS-Agent/micro_ros_agent -DCMAKE_INSTALL_PREFIX=/ros/install/micro_ros_agent
[4.992s] DEBUG:colcon.colcon_core.event_handler.log_command:Invoking command in '/ros/build/micro_ros_agent': AMENT_PREFIX_PATH=/ros/install/micro_ros_msgs:${AMENT_PREFIX_PATH} CMAKE_PREFIX_PATH=/ros/install/micro_ros_msgs:/opt/ros/humble LD_LIBRARY_PATH=/ros/install/micro_ros_msgs/lib:/opt/ros/humble/lib/aarch64-linux-gnu:/opt/ros/humble/lib:/opt/ros/humble/opt/rviz_ogre_vendor/lib PYTHONPATH=/ros/install/micro_ros_msgs/local/lib/python3.10/dist-packages:${PYTHONPATH} /usr/bin/cmake --build /ros/build/micro_ros_agent -- -j4 -l4
[5.128s] DEBUG:colcon.colcon_core.event_handler.log_command:Invoked command in '/ros/build/rplidar_ros' returned '0': CMAKE_PREFIX_PATH=/opt/ros/humble /usr/bin/cmake /ros/src/rplidar_ros -DCMAKE_INSTALL_PREFIX=/ros/install/rplidar_ros
[5.131s] DEBUG:colcon.colcon_core.event_handler.log_command:Invoking command in '/ros/build/rplidar_ros': CMAKE_PREFIX_PATH=/opt/ros/humble /usr/bin/cmake --build /ros/build/rplidar_ros -- -j4 -l4
[5.160s] DEBUG:colcon.colcon_core.event_handler.log_command:Invoked command in '/ros/build/micro_ros_agent' returned '0': AMENT_PREFIX_PATH=/ros/install/micro_ros_msgs:${AMENT_PREFIX_PATH} CMAKE_PREFIX_PATH=/ros/install/micro_ros_msgs:/opt/ros/humble LD_LIBRARY_PATH=/ros/install/micro_ros_msgs/lib:/opt/ros/humble/lib/aarch64-linux-gnu:/opt/ros/humble/lib:/opt/ros/humble/opt/rviz_ogre_vendor/lib PYTHONPATH=/ros/install/micro_ros_msgs/local/lib/python3.10/dist-packages:${PYTHONPATH} /usr/bin/cmake --build /ros/build/micro_ros_agent -- -j4 -l4
[5.166s] DEBUG:colcon.colcon_core.event_handler.log_command:Invoking command in '/ros/build/micro_ros_agent': AMENT_PREFIX_PATH=/ros/install/micro_ros_msgs:${AMENT_PREFIX_PATH} CMAKE_PREFIX_PATH=/ros/install/micro_ros_msgs:/opt/ros/humble LD_LIBRARY_PATH=/ros/install/micro_ros_msgs/lib:/opt/ros/humble/lib/aarch64-linux-gnu:/opt/ros/humble/lib:/opt/ros/humble/opt/rviz_ogre_vendor/lib PYTHONPATH=/ros/install/micro_ros_msgs/local/lib/python3.10/dist-packages:${PYTHONPATH} /usr/bin/cmake --install /ros/build/micro_ros_agent
[5.226s] Level 1:colcon.colcon_core.environment:create_environment_scripts_only(micro_ros_agent)
[5.227s] Level 1:colcon.colcon_core.environment:checking '/ros/install/micro_ros_agent' for CMake module files
[5.227s] DEBUG:colcon.colcon_core.event_handler.log_command:Invoked command in '/ros/build/micro_ros_agent' returned '0': AMENT_PREFIX_PATH=/ros/install/micro_ros_msgs:${AMENT_PREFIX_PATH} CMAKE_PREFIX_PATH=/ros/install/micro_ros_msgs:/opt/ros/humble LD_LIBRARY_PATH=/ros/install/micro_ros_msgs/lib:/opt/ros/humble/lib/aarch64-linux-gnu:/opt/ros/humble/lib:/opt/ros/humble/opt/rviz_ogre_vendor/lib PYTHONPATH=/ros/install/micro_ros_msgs/local/lib/python3.10/dist-packages:${PYTHONPATH} /usr/bin/cmake --install /ros/build/micro_ros_agent
[5.228s] Level 1:colcon.colcon_core.environment:checking '/ros/install/micro_ros_agent' for CMake config files
[5.229s] Level 1:colcon.colcon_core.shell:create_environment_hook('micro_ros_agent', 'cmake_prefix_path')
[5.229s] INFO:colcon.colcon_core.shell:Creating environment hook '/ros/install/micro_ros_agent/share/micro_ros_agent/hook/cmake_prefix_path.ps1'
[5.230s] INFO:colcon.colcon_core.shell:Creating environment descriptor '/ros/install/micro_ros_agent/share/micro_ros_agent/hook/cmake_prefix_path.dsv'
[5.230s] INFO:colcon.colcon_core.shell:Creating environment hook '/ros/install/micro_ros_agent/share/micro_ros_agent/hook/cmake_prefix_path.sh'
[5.231s] Level 1:colcon.colcon_core.environment:checking '/ros/install/micro_ros_agent/lib'
[5.232s] Level 1:colcon.colcon_core.shell:create_environment_hook('micro_ros_agent', 'ld_library_path_lib')
[5.232s] INFO:colcon.colcon_core.shell:Creating environment hook '/ros/install/micro_ros_agent/share/micro_ros_agent/hook/ld_library_path_lib.ps1'
[5.233s] INFO:colcon.colcon_core.shell:Creating environment descriptor '/ros/install/micro_ros_agent/share/micro_ros_agent/hook/ld_library_path_lib.dsv'
[5.234s] INFO:colcon.colcon_core.shell:Creating environment hook '/ros/install/micro_ros_agent/share/micro_ros_agent/hook/ld_library_path_lib.sh'
[5.235s] Level 1:colcon.colcon_core.environment:checking '/ros/install/micro_ros_agent/bin'
[5.235s] Level 1:colcon.colcon_core.environment:checking '/ros/install/micro_ros_agent/lib/pkgconfig/micro_ros_agent.pc'
[5.235s] Level 1:colcon.colcon_core.environment:checking '/ros/install/micro_ros_agent/lib/python3.10/site-packages'
[5.236s] Level 1:colcon.colcon_core.environment:checking '/ros/install/micro_ros_agent/bin'
[5.237s] INFO:colcon.colcon_core.shell:Creating package script '/ros/install/micro_ros_agent/share/micro_ros_agent/package.ps1'
[5.238s] INFO:colcon.colcon_core.shell:Creating package descriptor '/ros/install/micro_ros_agent/share/micro_ros_agent/package.dsv'
[5.239s] INFO:colcon.colcon_core.shell:Creating package script '/ros/install/micro_ros_agent/share/micro_ros_agent/package.sh'
[5.239s] INFO:colcon.colcon_core.shell:Creating package script '/ros/install/micro_ros_agent/share/micro_ros_agent/package.bash'
[5.240s] INFO:colcon.colcon_core.shell:Creating package script '/ros/install/micro_ros_agent/share/micro_ros_agent/package.zsh'
[5.240s] Level 1:colcon.colcon_core.environment:create_file_with_runtime_dependencies(/ros/install/micro_ros_agent/share/colcon-core/packages/micro_ros_agent)
[5.241s] Level 1:colcon.colcon_core.environment:create_environment_scripts_only(micro_ros_agent)
[5.241s] Level 1:colcon.colcon_core.environment:checking '/ros/install/micro_ros_agent' for CMake module files
[5.242s] Level 1:colcon.colcon_core.environment:checking '/ros/install/micro_ros_agent' for CMake config files
[5.242s] Level 1:colcon.colcon_core.shell:create_environment_hook('micro_ros_agent', 'cmake_prefix_path')
[5.243s] INFO:colcon.colcon_core.shell:Creating environment hook '/ros/install/micro_ros_agent/share/micro_ros_agent/hook/cmake_prefix_path.ps1'
[5.244s] INFO:colcon.colcon_core.shell:Creating environment descriptor '/ros/install/micro_ros_agent/share/micro_ros_agent/hook/cmake_prefix_path.dsv'
[5.245s] INFO:colcon.colcon_core.shell:Creating environment hook '/ros/install/micro_ros_agent/share/micro_ros_agent/hook/cmake_prefix_path.sh'
[5.246s] Level 1:colcon.colcon_core.environment:checking '/ros/install/micro_ros_agent/lib'
[5.246s] Level 1:colcon.colcon_core.shell:create_environment_hook('micro_ros_agent', 'ld_library_path_lib')
[5.247s] INFO:colcon.colcon_core.shell:Creating environment hook '/ros/install/micro_ros_agent/share/micro_ros_agent/hook/ld_library_path_lib.ps1'
[5.247s] INFO:colcon.colcon_core.shell:Creating environment descriptor '/ros/install/micro_ros_agent/share/micro_ros_agent/hook/ld_library_path_lib.dsv'
[5.248s] INFO:colcon.colcon_core.shell:Creating environment hook '/ros/install/micro_ros_agent/share/micro_ros_agent/hook/ld_library_path_lib.sh'
[5.248s] Level 1:colcon.colcon_core.environment:checking '/ros/install/micro_ros_agent/bin'
[5.248s] Level 1:colcon.colcon_core.environment:checking '/ros/install/micro_ros_agent/lib/pkgconfig/micro_ros_agent.pc'
[5.249s] Level 1:colcon.colcon_core.environment:checking '/ros/install/micro_ros_agent/lib/python3.10/site-packages'
[5.249s] Level 1:colcon.colcon_core.environment:checking '/ros/install/micro_ros_agent/bin'
[5.250s] INFO:colcon.colcon_core.shell:Creating package script '/ros/install/micro_ros_agent/share/micro_ros_agent/package.ps1'
[5.251s] INFO:colcon.colcon_core.shell:Creating package descriptor '/ros/install/micro_ros_agent/share/micro_ros_agent/package.dsv'
[5.252s] INFO:colcon.colcon_core.shell:Creating package script '/ros/install/micro_ros_agent/share/micro_ros_agent/package.sh'
[5.253s] INFO:colcon.colcon_core.shell:Creating package script '/ros/install/micro_ros_agent/share/micro_ros_agent/package.bash'
[5.253s] INFO:colcon.colcon_core.shell:Creating package script '/ros/install/micro_ros_agent/share/micro_ros_agent/package.zsh'
[5.254s] Level 1:colcon.colcon_core.environment:create_file_with_runtime_dependencies(/ros/install/micro_ros_agent/share/colcon-core/packages/micro_ros_agent)
[5.352s] DEBUG:colcon.colcon_core.event_handler.log_command:Invoked command in '/ros/build/rplidar_ros' returned '0': CMAKE_PREFIX_PATH=/opt/ros/humble /usr/bin/cmake --build /ros/build/rplidar_ros -- -j4 -l4
[5.358s] DEBUG:colcon.colcon_core.event_handler.log_command:Invoking command in '/ros/build/rplidar_ros': CMAKE_PREFIX_PATH=/opt/ros/humble /usr/bin/cmake --install /ros/build/rplidar_ros
[5.413s] Level 1:colcon.colcon_core.environment:create_environment_scripts_only(rplidar_ros)
[5.414s] Level 1:colcon.colcon_core.environment:checking '/ros/install/rplidar_ros' for CMake module files
[5.414s] DEBUG:colcon.colcon_core.event_handler.log_command:Invoked command in '/ros/build/rplidar_ros' returned '0': CMAKE_PREFIX_PATH=/opt/ros/humble /usr/bin/cmake --install /ros/build/rplidar_ros
[5.415s] Level 1:colcon.colcon_core.environment:checking '/ros/install/rplidar_ros' for CMake config files
[5.416s] Level 1:colcon.colcon_core.shell:create_environment_hook('rplidar_ros', 'cmake_prefix_path')
[5.417s] INFO:colcon.colcon_core.shell:Creating environment hook '/ros/install/rplidar_ros/share/rplidar_ros/hook/cmake_prefix_path.ps1'
[5.418s] INFO:colcon.colcon_core.shell:Creating environment descriptor '/ros/install/rplidar_ros/share/rplidar_ros/hook/cmake_prefix_path.dsv'
[5.422s] INFO:colcon.colcon_core.shell:Creating environment hook '/ros/install/rplidar_ros/share/rplidar_ros/hook/cmake_prefix_path.sh'
[5.423s] Level 1:colcon.colcon_core.environment:checking '/ros/install/rplidar_ros/lib'
[5.424s] Level 1:colcon.colcon_core.environment:checking '/ros/install/rplidar_ros/bin'
[5.424s] Level 1:colcon.colcon_core.environment:checking '/ros/install/rplidar_ros/lib/pkgconfig/rplidar_ros.pc'
[5.424s] Level 1:colcon.colcon_core.environment:checking '/ros/install/rplidar_ros/lib/python3.10/site-packages'
[5.425s] Level 1:colcon.colcon_core.environment:checking '/ros/install/rplidar_ros/bin'
[5.425s] INFO:colcon.colcon_core.shell:Creating package script '/ros/install/rplidar_ros/share/rplidar_ros/package.ps1'
[5.426s] INFO:colcon.colcon_core.shell:Creating package descriptor '/ros/install/rplidar_ros/share/rplidar_ros/package.dsv'
[5.427s] INFO:colcon.colcon_core.shell:Creating package script '/ros/install/rplidar_ros/share/rplidar_ros/package.sh'
[5.427s] INFO:colcon.colcon_core.shell:Creating package script '/ros/install/rplidar_ros/share/rplidar_ros/package.bash'
[5.428s] INFO:colcon.colcon_core.shell:Creating package script '/ros/install/rplidar_ros/share/rplidar_ros/package.zsh'
[5.429s] Level 1:colcon.colcon_core.environment:create_file_with_runtime_dependencies(/ros/install/rplidar_ros/share/colcon-core/packages/rplidar_ros)
[5.430s] Level 1:colcon.colcon_core.environment:create_environment_scripts_only(rplidar_ros)
[5.431s] Level 1:colcon.colcon_core.environment:checking '/ros/install/rplidar_ros' for CMake module files
[5.431s] Level 1:colcon.colcon_core.environment:checking '/ros/install/rplidar_ros' for CMake config files
[5.432s] Level 1:colcon.colcon_core.shell:create_environment_hook('rplidar_ros', 'cmake_prefix_path')
[5.433s] INFO:colcon.colcon_core.shell:Creating environment hook '/ros/install/rplidar_ros/share/rplidar_ros/hook/cmake_prefix_path.ps1'
[5.434s] INFO:colcon.colcon_core.shell:Creating environment descriptor '/ros/install/rplidar_ros/share/rplidar_ros/hook/cmake_prefix_path.dsv'
[5.434s] INFO:colcon.colcon_core.shell:Creating environment hook '/ros/install/rplidar_ros/share/rplidar_ros/hook/cmake_prefix_path.sh'
[5.435s] Level 1:colcon.colcon_core.environment:checking '/ros/install/rplidar_ros/lib'
[5.435s] Level 1:colcon.colcon_core.environment:checking '/ros/install/rplidar_ros/bin'
[5.436s] Level 1:colcon.colcon_core.environment:checking '/ros/install/rplidar_ros/lib/pkgconfig/rplidar_ros.pc'
[5.436s] Level 1:colcon.colcon_core.environment:checking '/ros/install/rplidar_ros/lib/python3.10/site-packages'
[5.436s] Level 1:colcon.colcon_core.environment:checking '/ros/install/rplidar_ros/bin'
[5.437s] INFO:colcon.colcon_core.shell:Creating package script '/ros/install/rplidar_ros/share/rplidar_ros/package.ps1'
[5.438s] INFO:colcon.colcon_core.shell:Creating package descriptor '/ros/install/rplidar_ros/share/rplidar_ros/package.dsv'
[5.438s] INFO:colcon.colcon_core.shell:Creating package script '/ros/install/rplidar_ros/share/rplidar_ros/package.sh'
[5.439s] INFO:colcon.colcon_core.shell:Creating package script '/ros/install/rplidar_ros/share/rplidar_ros/package.bash'
[5.440s] INFO:colcon.colcon_core.shell:Creating package script '/ros/install/rplidar_ros/share/rplidar_ros/package.zsh'
[5.440s] Level 1:colcon.colcon_core.environment:create_file_with_runtime_dependencies(/ros/install/rplidar_ros/share/colcon-core/packages/rplidar_ros)
[5.441s] DEBUG:colcon.colcon_parallel_executor.executor.parallel:closing loop
[5.442s] DEBUG:colcon.colcon_parallel_executor.executor.parallel:loop closed
[5.442s] DEBUG:colcon.colcon_parallel_executor.executor.parallel:run_until_complete finished with '0'
[5.442s] DEBUG:colcon.colcon_core.event_reactor:joining thread
[5.488s] INFO:colcon.colcon_core.plugin_system:Skipping extension 'colcon_notification.desktop_notification.notify_send': Could not find 'notify-send'
[5.489s] INFO:colcon.colcon_core.plugin_system:Skipping extension 'colcon_notification.desktop_notification.terminal_notifier': Not used on non-Darwin systems
[5.489s] INFO:colcon.colcon_core.plugin_system:Skipping extension 'colcon_notification.desktop_notification.win32': Not used on non-Windows systems
[5.489s] INFO:colcon.colcon_notification.desktop_notification:Sending desktop notification using 'notify2'
[5.494s] DEBUG:colcon.colcon_notification.desktop_notification.notify2:Failed to initialize notify2: org.freedesktop.DBus.Error.Spawn.ExecFailed: /usr/bin/dbus-launch terminated abnormally without any error message
[5.495s] DEBUG:colcon.colcon_core.event_reactor:joined thread
[5.496s] INFO:colcon.colcon_core.shell:Creating prefix script '/ros/install/local_setup.ps1'
[5.500s] INFO:colcon.colcon_core.shell:Creating prefix util module '/ros/install/_local_setup_util_ps1.py'
[5.505s] INFO:colcon.colcon_core.shell:Creating prefix chain script '/ros/install/setup.ps1'
[5.507s] INFO:colcon.colcon_core.shell:Creating prefix script '/ros/install/local_setup.sh'
[5.511s] INFO:colcon.colcon_core.shell:Creating prefix util module '/ros/install/_local_setup_util_sh.py'
[5.512s] INFO:colcon.colcon_core.shell:Creating prefix chain script '/ros/install/setup.sh'
[5.515s] INFO:colcon.colcon_core.shell:Creating prefix script '/ros/install/local_setup.bash'
[5.516s] INFO:colcon.colcon_core.shell:Creating prefix chain script '/ros/install/setup.bash'
[5.518s] INFO:colcon.colcon_core.shell:Creating prefix script '/ros/install/local_setup.zsh'
[5.520s] INFO:colcon.colcon_core.shell:Creating prefix chain script '/ros/install/setup.zsh'
