[3.214s] Invoking command in '/home/epiibots/ros2_ws/src/detector': DEBUGINFOD_URLS=https://debuginfod.ubuntu.com PYTHONPATH=/home/epiibots/ros2_ws/build/detector/prefix_override:/usr/lib/python3/dist-packages/colcon_core/task/python/colcon_distutils_commands:/home/epiibots/ros2_ws/install/detector/lib/python3.12/site-packages:${PYTHONPATH} /usr/bin/python3 -W ignore:setup.py install is deprecated -W ignore:easy_install command is deprecated setup.py egg_info --egg-base ../../build/detector build --build-base /home/epiibots/ros2_ws/build/detector/build install --record /home/epiibots/ros2_ws/build/detector/install.log --single-version-externally-managed install_data
[3.995s] running egg_info
[4.045s] writing ../../build/detector/detector.egg-info/PKG-INFO
[4.046s] writing dependency_links to ../../build/detector/detector.egg-info/dependency_links.txt
[4.050s] writing entry points to ../../build/detector/detector.egg-info/entry_points.txt
[4.051s] writing requirements to ../../build/detector/detector.egg-info/requires.txt
[4.053s] writing top-level names to ../../build/detector/detector.egg-info/top_level.txt
[4.180s] reading manifest file '../../build/detector/detector.egg-info/SOURCES.txt'
[4.190s] adding license file 'LICENSE'
[4.193s] writing manifest file '../../build/detector/detector.egg-info/SOURCES.txt'
[4.193s] running build
[4.193s] running build_py
[4.194s] running install
[4.209s] running install_lib
[4.250s] running install_data
[4.251s] running install_egg_info
[4.344s] removing '/home/epiibots/ros2_ws/install/detector/lib/python3.12/site-packages/detector-0.0.0-py3.12.egg-info' (and everything under it)
[4.345s] Copying ../../build/detector/detector.egg-info to /home/epiibots/ros2_ws/install/detector/lib/python3.12/site-packages/detector-0.0.0-py3.12.egg-info
[4.356s] running install_scripts
[5.001s] Installing apriltags script to /home/epiibots/ros2_ws/install/detector/lib/detector
[5.002s] writing list of installed files to '/home/epiibots/ros2_ws/build/detector/install.log'
[5.462s] Invoked command in '/home/epiibots/ros2_ws/src/detector' returned '0': DEBUGINFOD_URLS=https://debuginfod.ubuntu.com PYTHONPATH=/home/epiibots/ros2_ws/build/detector/prefix_override:/usr/lib/python3/dist-packages/colcon_core/task/python/colcon_distutils_commands:/home/epiibots/ros2_ws/install/detector/lib/python3.12/site-packages:${PYTHONPATH} /usr/bin/python3 -W ignore:setup.py install is deprecated -W ignore:easy_install command is deprecated setup.py egg_info --egg-base ../../build/detector build --build-base /home/epiibots/ros2_ws/build/detector/build install --record /home/epiibots/ros2_ws/build/detector/install.log --single-version-externally-managed install_data
