[1.177s] Invoking command in '/home/epiibots/ros2_ws/src/servo_steering': DEBUGINFOD_URLS=https://debuginfod.ubuntu.com PYTHONPATH=/home/epiibots/ros2_ws/build/servo_steering/prefix_override:/usr/lib/python3/dist-packages/colcon_core/task/python/colcon_distutils_commands:/home/epiibots/ros2_ws/install/servo_steering/lib/python3.12/site-packages:${PYTHONPATH} /usr/bin/python3 -W ignore:setup.py install is deprecated -W ignore:easy_install command is deprecated setup.py egg_info --egg-base ../../build/servo_steering build --build-base /home/epiibots/ros2_ws/build/servo_steering/build install --record /home/epiibots/ros2_ws/build/servo_steering/install.log --single-version-externally-managed install_data
[1.521s] running egg_info
[1.544s] writing ../../build/servo_steering/servo_steering.egg-info/PKG-INFO
[1.545s] writing dependency_links to ../../build/servo_steering/servo_steering.egg-info/dependency_links.txt
[1.550s] writing entry points to ../../build/servo_steering/servo_steering.egg-info/entry_points.txt
[1.553s] writing requirements to ../../build/servo_steering/servo_steering.egg-info/requires.txt
[1.556s] writing top-level names to ../../build/servo_steering/servo_steering.egg-info/top_level.txt
[1.612s] reading manifest file '../../build/servo_steering/servo_steering.egg-info/SOURCES.txt'
[1.613s] writing manifest file '../../build/servo_steering/servo_steering.egg-info/SOURCES.txt'
[1.613s] running build
[1.613s] running build_py
[1.614s] copying servo_steering/servo_node.py -> /home/epiibots/ros2_ws/build/servo_steering/build/lib/servo_steering
[1.614s] running install
[1.623s] running install_lib
[1.648s] copying /home/epiibots/ros2_ws/build/servo_steering/build/lib/servo_steering/servo_node.py -> /home/epiibots/ros2_ws/install/servo_steering/lib/python3.12/site-packages/servo_steering
[1.649s] byte-compiling /home/epiibots/ros2_ws/install/servo_steering/lib/python3.12/site-packages/servo_steering/servo_node.py to servo_node.cpython-312.pyc
[1.650s] running install_data
[1.650s] running install_egg_info
[1.676s] removing '/home/epiibots/ros2_ws/install/servo_steering/lib/python3.12/site-packages/servo_steering-0.1.0-py3.12.egg-info' (and everything under it)
[1.676s] Copying ../../build/servo_steering/servo_steering.egg-info to /home/epiibots/ros2_ws/install/servo_steering/lib/python3.12/site-packages/servo_steering-0.1.0-py3.12.egg-info
[1.678s] running install_scripts
[1.843s] Installing motor_node script to /home/epiibots/ros2_ws/install/servo_steering/lib/servo_steering
[1.843s] Installing servo_node script to /home/epiibots/ros2_ws/install/servo_steering/lib/servo_steering
[1.849s] Installing teleop_kei script to /home/epiibots/ros2_ws/install/servo_steering/lib/servo_steering
[1.852s] Installing teleop_key script to /home/epiibots/ros2_ws/install/servo_steering/lib/servo_steering
[1.855s] writing list of installed files to '/home/epiibots/ros2_ws/build/servo_steering/install.log'
[1.951s] Invoked command in '/home/epiibots/ros2_ws/src/servo_steering' returned '0': DEBUGINFOD_URLS=https://debuginfod.ubuntu.com PYTHONPATH=/home/epiibots/ros2_ws/build/servo_steering/prefix_override:/usr/lib/python3/dist-packages/colcon_core/task/python/colcon_distutils_commands:/home/epiibots/ros2_ws/install/servo_steering/lib/python3.12/site-packages:${PYTHONPATH} /usr/bin/python3 -W ignore:setup.py install is deprecated -W ignore:easy_install command is deprecated setup.py egg_info --egg-base ../../build/servo_steering build --build-base /home/epiibots/ros2_ws/build/servo_steering/build install --record /home/epiibots/ros2_ws/build/servo_steering/install.log --single-version-externally-managed install_data
