running egg_info
writing ../../build/detector/detector.egg-info/PKG-INFO
writing dependency_links to ../../build/detector/detector.egg-info/dependency_links.txt
writing entry points to ../../build/detector/detector.egg-info/entry_points.txt
writing requirements to ../../build/detector/detector.egg-info/requires.txt
writing top-level names to ../../build/detector/detector.egg-info/top_level.txt
reading manifest file '../../build/detector/detector.egg-info/SOURCES.txt'
adding license file 'LICENSE'
writing manifest file '../../build/detector/detector.egg-info/SOURCES.txt'
running build
running build_py
running install
running install_lib
running install_data
running install_egg_info
removing '/home/epiibots/ros2_ws/install/detector/lib/python3.12/site-packages/detector-0.0.0-py3.12.egg-info' (and everything under it)
Copying ../../build/detector/detector.egg-info to /home/epiibots/ros2_ws/install/detector/lib/python3.12/site-packages/detector-0.0.0-py3.12.egg-info
running install_scripts
Installing apriltags script to /home/epiibots/ros2_ws/install/detector/lib/detector
writing list of installed files to '/home/epiibots/ros2_ws/build/detector/install.log'
