[2.909s] Invoking command in '/home/epiibots/ros2_ws/src/detector': DEBUGINFOD_URLS=https://debuginfod.ubuntu.com PYTHONPATH=/home/epiibots/ros2_ws/build/detector/prefix_override:/usr/lib/python3/dist-packages/colcon_core/task/python/colcon_distutils_commands:/home/epiibots/ros2_ws/install/detector/lib/python3.12/site-packages:${PYTHONPATH} /usr/bin/python3 -W ignore:setup.py install is deprecated -W ignore:easy_install command is deprecated setup.py egg_info --egg-base ../../build/detector build --build-base /home/epiibots/ros2_ws/build/detector/build install --record /home/epiibots/ros2_ws/build/detector/install.log --single-version-externally-managed install_data
[4.061s] running egg_info
[4.125s] writing ../../build/detector/detector.egg-info/PKG-INFO
[4.125s] writing dependency_links to ../../build/detector/detector.egg-info/dependency_links.txt
[4.131s] writing entry points to ../../build/detector/detector.egg-info/entry_points.txt
[4.136s] writing requirements to ../../build/detector/detector.egg-info/requires.txt
[4.139s] writing top-level names to ../../build/detector/detector.egg-info/top_level.txt
[4.261s] reading manifest file '../../build/detector/detector.egg-info/SOURCES.txt'
[4.265s] adding license file 'LICENSE'
[4.267s] writing manifest file '../../build/detector/detector.egg-info/SOURCES.txt'
[4.272s] running build
[4.273s] running build_py
[4.276s] running install
[4.300s] running install_lib
[4.385s] running install_data
[4.386s] running install_egg_info
[4.531s] removing '/home/epiibots/ros2_ws/install/detector/lib/python3.12/site-packages/detector-0.0.0-py3.12.egg-info' (and everything under it)
[4.534s] Copying ../../build/detector/detector.egg-info to /home/epiibots/ros2_ws/install/detector/lib/python3.12/site-packages/detector-0.0.0-py3.12.egg-info
[4.543s] running install_scripts
[5.041s] Installing apriltags script to /home/epiibots/ros2_ws/install/detector/lib/detector
[5.048s] writing list of installed files to '/home/epiibots/ros2_ws/build/detector/install.log'
[6.166s] Invoked command in '/home/epiibots/ros2_ws/src/detector' returned '0': DEBUGINFOD_URLS=https://debuginfod.ubuntu.com PYTHONPATH=/home/epiibots/ros2_ws/build/detector/prefix_override:/usr/lib/python3/dist-packages/colcon_core/task/python/colcon_distutils_commands:/home/epiibots/ros2_ws/install/detector/lib/python3.12/site-packages:${PYTHONPATH} /usr/bin/python3 -W ignore:setup.py install is deprecated -W ignore:easy_install command is deprecated setup.py egg_info --egg-base ../../build/detector build --build-base /home/epiibots/ros2_ws/build/detector/build install --record /home/epiibots/ros2_ws/build/detector/install.log --single-version-externally-managed install_data
