[3.579s] Invoking command in '/home/epiibots/ros2_ws/src/carrinho_base': DEBUGINFOD_URLS=https://debuginfod.ubuntu.com PYTHONPATH=/home/epiibots/ros2_ws/build/carrinho_base/prefix_override:/usr/lib/python3/dist-packages/colcon_core/task/python/colcon_distutils_commands:/home/epiibots/ros2_ws/install/carrinho_base/lib/python3.12/site-packages: /usr/bin/python3 -W ignore:setup.py install is deprecated -W ignore:easy_install command is deprecated setup.py egg_info --egg-base ../../build/carrinho_base build --build-base /home/epiibots/ros2_ws/build/carrinho_base/build install --record /home/epiibots/ros2_ws/build/carrinho_base/install.log --single-version-externally-managed install_data
[4.592s] running egg_info
[4.671s] writing ../../build/carrinho_base/carrinho_base.egg-info/PKG-INFO
[4.675s] writing dependency_links to ../../build/carrinho_base/carrinho_base.egg-info/dependency_links.txt
[4.683s] writing entry points to ../../build/carrinho_base/carrinho_base.egg-info/entry_points.txt
[4.686s] writing requirements to ../../build/carrinho_base/carrinho_base.egg-info/requires.txt
[4.687s] writing top-level names to ../../build/carrinho_base/carrinho_base.egg-info/top_level.txt
[4.776s] reading manifest file '../../build/carrinho_base/carrinho_base.egg-info/SOURCES.txt'
[4.786s] writing manifest file '../../build/carrinho_base/carrinho_base.egg-info/SOURCES.txt'
[4.787s] running build
[4.787s] running build_py
[4.787s] running install
[4.813s] running install_lib
[4.849s] running install_data
[4.850s] running install_egg_info
[4.892s] removing '/home/epiibots/ros2_ws/install/carrinho_base/lib/python3.12/site-packages/carrinho_base-0.0.0-py3.12.egg-info' (and everything under it)
[4.894s] Copying ../../build/carrinho_base/carrinho_base.egg-info to /home/epiibots/ros2_ws/install/carrinho_base/lib/python3.12/site-packages/carrinho_base-0.0.0-py3.12.egg-info
[4.901s] running install_scripts
[5.215s] Installing checkpoint_player script to /home/epiibots/ros2_ws/install/carrinho_base/lib/carrinho_base
[5.217s] Installing checkpoint_recorder script to /home/epiibots/ros2_ws/install/carrinho_base/lib/carrinho_base
[5.221s] Installing motor_control script to /home/epiibots/ros2_ws/install/carrinho_base/lib/carrinho_base
[5.223s] writing list of installed files to '/home/epiibots/ros2_ws/build/carrinho_base/install.log'
[5.444s] Invoked command in '/home/epiibots/ros2_ws/src/carrinho_base' returned '0': DEBUGINFOD_URLS=https://debuginfod.ubuntu.com PYTHONPATH=/home/epiibots/ros2_ws/build/carrinho_base/prefix_override:/usr/lib/python3/dist-packages/colcon_core/task/python/colcon_distutils_commands:/home/epiibots/ros2_ws/install/carrinho_base/lib/python3.12/site-packages: /usr/bin/python3 -W ignore:setup.py install is deprecated -W ignore:easy_install command is deprecated setup.py egg_info --egg-base ../../build/carrinho_base build --build-base /home/epiibots/ros2_ws/build/carrinho_base/build install --record /home/epiibots/ros2_ws/build/carrinho_base/install.log --single-version-externally-managed install_data
