[0.158s] DEBUG:colcon:Command line arguments: ['/usr/bin/colcon', 'build']
[0.158s] DEBUG:colcon:Parsed command line arguments: Namespace(log_base=None, log_level=None, verb_name='build', build_base='build', install_base='install', merge_install=False, symlink_install=False, test_result_base=None, continue_on_error=False, executor='parallel', parallel_workers=4, event_handlers=None, ignore_user_meta=False, metas=['./colcon.meta'], base_paths=['.'], packages_ignore=None, packages_ignore_regex=None, paths=None, packages_up_to=None, packages_up_to_regex=None, packages_above=None, packages_above_and_dependencies=None, packages_above_depth=None, packages_select_by_dep=None, packages_skip_by_dep=None, packages_skip_up_to=None, packages_select_build_failed=False, packages_skip_build_finished=False, packages_select_test_failures=False, packages_skip_test_passed=False, packages_select=None, packages_skip=None, packages_select_regex=None, packages_skip_regex=None, packages_start=None, packages_end=None, cmake_args=None, cmake_target=None, cmake_target_skip_unavailable=False, cmake_clean_cache=False, cmake_clean_first=False, cmake_force_configure=False, ament_cmake_args=None, catkin_cmake_args=None, catkin_skip_building_tests=False, mixin_files=None, mixin=None, verb_parser=<colcon_mixin.mixin.mixin_argument.MixinArgumentDecorator object at 0xffff9f1c1d50>, verb_extension=<colcon_core.verb.build.BuildVerb object at 0xffff9f366c50>, main=<bound method BuildVerb.main of <colcon_core.verb.build.BuildVerb object at 0xffff9f366c50>>, mixin_verb=('build',))
[0.310s] Level 1:colcon.colcon_core.package_discovery:discover_packages(colcon_meta) check parameters
[0.311s] INFO:colcon.colcon_metadata.package_discovery.colcon_meta:Using configuration from '/root/.colcon/metadata/default/Gazebo.meta'
[0.312s] INFO:colcon.colcon_metadata.package_discovery.colcon_meta:Using configuration from '/root/.colcon/metadata/default/fastdds.meta'
[0.312s] INFO:colcon.colcon_metadata.package_discovery.colcon_meta:Using configuration from '/root/.colcon/metadata/default/fastrtps.meta'
[0.312s] Level 1:colcon.colcon_core.package_discovery:discover_packages(recursive) check parameters
[0.312s] Level 1:colcon.colcon_core.package_discovery:discover_packages(ignore) check parameters
[0.312s] Level 1:colcon.colcon_core.package_discovery:discover_packages(path) check parameters
[0.312s] Level 1:colcon.colcon_core.package_discovery:discover_packages(colcon_meta) discover
[0.312s] Level 1:colcon.colcon_core.package_discovery:discover_packages(recursive) discover
[0.312s] INFO:colcon.colcon_core.package_discovery:Crawling recursively for packages in '/microros_ws'
[0.313s] Level 1:colcon.colcon_core.package_identification:_identify(.) by extensions ['ignore', 'ignore_ament_install']
[0.313s] Level 1:colcon.colcon_core.package_identification:_identify(.) by extension 'ignore'
[0.313s] Level 1:colcon.colcon_core.package_identification:_identify(.) by extension 'ignore_ament_install'
[0.313s] Level 1:colcon.colcon_core.package_identification:_identify(.) by extensions ['colcon_pkg']
[0.313s] Level 1:colcon.colcon_core.package_identification:_identify(.) by extension 'colcon_pkg'
[0.313s] Level 1:colcon.colcon_core.package_identification:_identify(.) by extensions ['colcon_meta']
[0.313s] Level 1:colcon.colcon_core.package_identification:_identify(.) by extension 'colcon_meta'
[0.313s] Level 1:colcon.colcon_core.package_identification:_identify(.) by extensions ['ros']
[0.313s] Level 1:colcon.colcon_core.package_identification:_identify(.) by extension 'ros'
[0.328s] Level 1:colcon.colcon_core.package_identification:_identify(.) by extensions ['cmake', 'python']
[0.329s] Level 1:colcon.colcon_core.package_identification:_identify(.) by extension 'cmake'
[0.329s] Level 1:colcon.colcon_core.package_identification:_identify(.) by extension 'python'
[0.329s] Level 1:colcon.colcon_core.package_identification:_identify(.) by extensions ['python_setup_py']
[0.329s] Level 1:colcon.colcon_core.package_identification:_identify(.) by extension 'python_setup_py'
[0.329s] Level 1:colcon.colcon_core.package_identification:_identify(build) by extensions ['ignore', 'ignore_ament_install']
[0.329s] Level 1:colcon.colcon_core.package_identification:_identify(build) by extension 'ignore'
[0.329s] Level 1:colcon.colcon_core.package_identification:_identify(build) ignored
[0.329s] Level 1:colcon.colcon_core.package_identification:_identify(install) by extensions ['ignore', 'ignore_ament_install']
[0.329s] Level 1:colcon.colcon_core.package_identification:_identify(install) by extension 'ignore'
[0.329s] Level 1:colcon.colcon_core.package_identification:_identify(install) ignored
[0.330s] Level 1:colcon.colcon_core.package_identification:_identify(log) by extensions ['ignore', 'ignore_ament_install']
[0.330s] Level 1:colcon.colcon_core.package_identification:_identify(log) by extension 'ignore'
[0.330s] Level 1:colcon.colcon_core.package_identification:_identify(log) ignored
[0.330s] Level 1:colcon.colcon_core.package_identification:_identify(sllidar_ros2) by extensions ['ignore', 'ignore_ament_install']
[0.330s] Level 1:colcon.colcon_core.package_identification:_identify(sllidar_ros2) by extension 'ignore'
[0.330s] Level 1:colcon.colcon_core.package_identification:_identify(sllidar_ros2) by extension 'ignore_ament_install'
[0.330s] Level 1:colcon.colcon_core.package_identification:_identify(sllidar_ros2) by extensions ['colcon_pkg']
[0.330s] Level 1:colcon.colcon_core.package_identification:_identify(sllidar_ros2) by extension 'colcon_pkg'
[0.330s] Level 1:colcon.colcon_core.package_identification:_identify(sllidar_ros2) by extensions ['colcon_meta']
[0.330s] Level 1:colcon.colcon_core.package_identification:_identify(sllidar_ros2) by extension 'colcon_meta'
[0.330s] Level 1:colcon.colcon_core.package_identification:_identify(sllidar_ros2) by extensions ['ros']
[0.330s] Level 1:colcon.colcon_core.package_identification:_identify(sllidar_ros2) by extension 'ros'
[0.333s] DEBUG:colcon.colcon_core.package_identification:Package 'sllidar_ros2' with type 'ros.ament_cmake' and name 'sllidar_ros2'
[0.334s] Level 1:colcon.colcon_core.package_identification:_identify(src) by extensions ['ignore', 'ignore_ament_install']
[0.334s] Level 1:colcon.colcon_core.package_identification:_identify(src) by extension 'ignore'
[0.334s] Level 1:colcon.colcon_core.package_identification:_identify(src) by extension 'ignore_ament_install'
[0.334s] Level 1:colcon.colcon_core.package_identification:_identify(src) by extensions ['colcon_pkg']
[0.334s] Level 1:colcon.colcon_core.package_identification:_identify(src) by extension 'colcon_pkg'
[0.334s] Level 1:colcon.colcon_core.package_identification:_identify(src) by extensions ['colcon_meta']
[0.334s] Level 1:colcon.colcon_core.package_identification:_identify(src) by extension 'colcon_meta'
[0.334s] Level 1:colcon.colcon_core.package_identification:_identify(src) by extensions ['ros']
[0.334s] Level 1:colcon.colcon_core.package_identification:_identify(src) by extension 'ros'
[0.334s] Level 1:colcon.colcon_core.package_identification:_identify(src) by extensions ['cmake', 'python']
[0.334s] Level 1:colcon.colcon_core.package_identification:_identify(src) by extension 'cmake'
[0.334s] Level 1:colcon.colcon_core.package_identification:_identify(src) by extension 'python'
[0.334s] Level 1:colcon.colcon_core.package_identification:_identify(src) by extensions ['python_setup_py']
[0.334s] Level 1:colcon.colcon_core.package_identification:_identify(src) by extension 'python_setup_py'
[0.334s] Level 1:colcon.colcon_core.package_identification:_identify(src/micro_ros_setup) by extensions ['ignore', 'ignore_ament_install']
[0.335s] Level 1:colcon.colcon_core.package_identification:_identify(src/micro_ros_setup) by extension 'ignore'
[0.335s] Level 1:colcon.colcon_core.package_identification:_identify(src/micro_ros_setup) by extension 'ignore_ament_install'
[0.335s] Level 1:colcon.colcon_core.package_identification:_identify(src/micro_ros_setup) by extensions ['colcon_pkg']
[0.335s] Level 1:colcon.colcon_core.package_identification:_identify(src/micro_ros_setup) by extension 'colcon_pkg'
[0.335s] Level 1:colcon.colcon_core.package_identification:_identify(src/micro_ros_setup) by extensions ['colcon_meta']
[0.335s] Level 1:colcon.colcon_core.package_identification:_identify(src/micro_ros_setup) by extension 'colcon_meta'
[0.335s] Level 1:colcon.colcon_core.package_identification:_identify(src/micro_ros_setup) by extensions ['ros']
[0.335s] Level 1:colcon.colcon_core.package_identification:_identify(src/micro_ros_setup) by extension 'ros'
[0.336s] DEBUG:colcon.colcon_core.package_identification:Package 'src/micro_ros_setup' with type 'ros.ament_cmake' and name 'micro_ros_setup'
[0.336s] Level 1:colcon.colcon_core.package_identification:_identify(src/uros) by extensions ['ignore', 'ignore_ament_install']
[0.336s] Level 1:colcon.colcon_core.package_identification:_identify(src/uros) by extension 'ignore'
[0.337s] Level 1:colcon.colcon_core.package_identification:_identify(src/uros) by extension 'ignore_ament_install'
[0.337s] Level 1:colcon.colcon_core.package_identification:_identify(src/uros) by extensions ['colcon_pkg']
[0.337s] Level 1:colcon.colcon_core.package_identification:_identify(src/uros) by extension 'colcon_pkg'
[0.337s] Level 1:colcon.colcon_core.package_identification:_identify(src/uros) by extensions ['colcon_meta']
[0.337s] Level 1:colcon.colcon_core.package_identification:_identify(src/uros) by extension 'colcon_meta'
[0.337s] Level 1:colcon.colcon_core.package_identification:_identify(src/uros) by extensions ['ros']
[0.337s] Level 1:colcon.colcon_core.package_identification:_identify(src/uros) by extension 'ros'
[0.337s] Level 1:colcon.colcon_core.package_identification:_identify(src/uros) by extensions ['cmake', 'python']
[0.337s] Level 1:colcon.colcon_core.package_identification:_identify(src/uros) by extension 'cmake'
[0.337s] Level 1:colcon.colcon_core.package_identification:_identify(src/uros) by extension 'python'
[0.337s] Level 1:colcon.colcon_core.package_identification:_identify(src/uros) by extensions ['python_setup_py']
[0.337s] Level 1:colcon.colcon_core.package_identification:_identify(src/uros) by extension 'python_setup_py'
[0.337s] Level 1:colcon.colcon_core.package_identification:_identify(src/uros/micro-ROS-Agent) by extensions ['ignore', 'ignore_ament_install']
[0.337s] Level 1:colcon.colcon_core.package_identification:_identify(src/uros/micro-ROS-Agent) by extension 'ignore'
[0.337s] Level 1:colcon.colcon_core.package_identification:_identify(src/uros/micro-ROS-Agent) by extension 'ignore_ament_install'
[0.337s] Level 1:colcon.colcon_core.package_identification:_identify(src/uros/micro-ROS-Agent) by extensions ['colcon_pkg']
[0.337s] Level 1:colcon.colcon_core.package_identification:_identify(src/uros/micro-ROS-Agent) by extension 'colcon_pkg'
[0.337s] Level 1:colcon.colcon_core.package_identification:_identify(src/uros/micro-ROS-Agent) by extensions ['colcon_meta']
[0.338s] Level 1:colcon.colcon_core.package_identification:_identify(src/uros/micro-ROS-Agent) by extension 'colcon_meta'
[0.338s] Level 1:colcon.colcon_core.package_identification:_identify(src/uros/micro-ROS-Agent) by extensions ['ros']
[0.338s] Level 1:colcon.colcon_core.package_identification:_identify(src/uros/micro-ROS-Agent) by extension 'ros'
[0.338s] Level 1:colcon.colcon_core.package_identification:_identify(src/uros/micro-ROS-Agent) by extensions ['cmake', 'python']
[0.338s] Level 1:colcon.colcon_core.package_identification:_identify(src/uros/micro-ROS-Agent) by extension 'cmake'
[0.338s] Level 1:colcon.colcon_core.package_identification:_identify(src/uros/micro-ROS-Agent) by extension 'python'
[0.338s] Level 1:colcon.colcon_core.package_identification:_identify(src/uros/micro-ROS-Agent) by extensions ['python_setup_py']
[0.338s] Level 1:colcon.colcon_core.package_identification:_identify(src/uros/micro-ROS-Agent) by extension 'python_setup_py'
[0.338s] Level 1:colcon.colcon_core.package_identification:_identify(src/uros/micro-ROS-Agent/micro_ros_agent) by extensions ['ignore', 'ignore_ament_install']
[0.338s] Level 1:colcon.colcon_core.package_identification:_identify(src/uros/micro-ROS-Agent/micro_ros_agent) by extension 'ignore'
[0.338s] Level 1:colcon.colcon_core.package_identification:_identify(src/uros/micro-ROS-Agent/micro_ros_agent) by extension 'ignore_ament_install'
[0.338s] Level 1:colcon.colcon_core.package_identification:_identify(src/uros/micro-ROS-Agent/micro_ros_agent) by extensions ['colcon_pkg']
[0.338s] Level 1:colcon.colcon_core.package_identification:_identify(src/uros/micro-ROS-Agent/micro_ros_agent) by extension 'colcon_pkg'
[0.338s] Level 1:colcon.colcon_core.package_identification:_identify(src/uros/micro-ROS-Agent/micro_ros_agent) by extensions ['colcon_meta']
[0.338s] Level 1:colcon.colcon_core.package_identification:_identify(src/uros/micro-ROS-Agent/micro_ros_agent) by extension 'colcon_meta'
[0.338s] Level 1:colcon.colcon_core.package_identification:_identify(src/uros/micro-ROS-Agent/micro_ros_agent) by extensions ['ros']
[0.338s] Level 1:colcon.colcon_core.package_identification:_identify(src/uros/micro-ROS-Agent/micro_ros_agent) by extension 'ros'
[0.339s] DEBUG:colcon.colcon_core.package_identification:Package 'src/uros/micro-ROS-Agent/micro_ros_agent' with type 'ros.ament_cmake' and name 'micro_ros_agent'
[0.340s] Level 1:colcon.colcon_core.package_identification:_identify(src/uros/micro-ROS-Agent/snap) by extensions ['ignore', 'ignore_ament_install']
[0.340s] Level 1:colcon.colcon_core.package_identification:_identify(src/uros/micro-ROS-Agent/snap) by extension 'ignore'
[0.340s] Level 1:colcon.colcon_core.package_identification:_identify(src/uros/micro-ROS-Agent/snap) by extension 'ignore_ament_install'
[0.340s] Level 1:colcon.colcon_core.package_identification:_identify(src/uros/micro-ROS-Agent/snap) by extensions ['colcon_pkg']
[0.340s] Level 1:colcon.colcon_core.package_identification:_identify(src/uros/micro-ROS-Agent/snap) by extension 'colcon_pkg'
[0.340s] Level 1:colcon.colcon_core.package_identification:_identify(src/uros/micro-ROS-Agent/snap) by extensions ['colcon_meta']
[0.340s] Level 1:colcon.colcon_core.package_identification:_identify(src/uros/micro-ROS-Agent/snap) by extension 'colcon_meta'
[0.340s] Level 1:colcon.colcon_core.package_identification:_identify(src/uros/micro-ROS-Agent/snap) by extensions ['ros']
[0.340s] Level 1:colcon.colcon_core.package_identification:_identify(src/uros/micro-ROS-Agent/snap) by extension 'ros'
[0.340s] Level 1:colcon.colcon_core.package_identification:_identify(src/uros/micro-ROS-Agent/snap) by extensions ['cmake', 'python']
[0.340s] Level 1:colcon.colcon_core.package_identification:_identify(src/uros/micro-ROS-Agent/snap) by extension 'cmake'
[0.340s] Level 1:colcon.colcon_core.package_identification:_identify(src/uros/micro-ROS-Agent/snap) by extension 'python'
[0.340s] Level 1:colcon.colcon_core.package_identification:_identify(src/uros/micro-ROS-Agent/snap) by extensions ['python_setup_py']
[0.340s] Level 1:colcon.colcon_core.package_identification:_identify(src/uros/micro-ROS-Agent/snap) by extension 'python_setup_py'
[0.340s] Level 1:colcon.colcon_core.package_identification:_identify(src/uros/micro-ROS-Agent/snap/hooks) by extensions ['ignore', 'ignore_ament_install']
[0.340s] Level 1:colcon.colcon_core.package_identification:_identify(src/uros/micro-ROS-Agent/snap/hooks) by extension 'ignore'
[0.341s] Level 1:colcon.colcon_core.package_identification:_identify(src/uros/micro-ROS-Agent/snap/hooks) by extension 'ignore_ament_install'
[0.341s] Level 1:colcon.colcon_core.package_identification:_identify(src/uros/micro-ROS-Agent/snap/hooks) by extensions ['colcon_pkg']
[0.341s] Level 1:colcon.colcon_core.package_identification:_identify(src/uros/micro-ROS-Agent/snap/hooks) by extension 'colcon_pkg'
[0.341s] Level 1:colcon.colcon_core.package_identification:_identify(src/uros/micro-ROS-Agent/snap/hooks) by extensions ['colcon_meta']
[0.341s] Level 1:colcon.colcon_core.package_identification:_identify(src/uros/micro-ROS-Agent/snap/hooks) by extension 'colcon_meta'
[0.341s] Level 1:colcon.colcon_core.package_identification:_identify(src/uros/micro-ROS-Agent/snap/hooks) by extensions ['ros']
[0.341s] Level 1:colcon.colcon_core.package_identification:_identify(src/uros/micro-ROS-Agent/snap/hooks) by extension 'ros'
[0.341s] Level 1:colcon.colcon_core.package_identification:_identify(src/uros/micro-ROS-Agent/snap/hooks) by extensions ['cmake', 'python']
[0.341s] Level 1:colcon.colcon_core.package_identification:_identify(src/uros/micro-ROS-Agent/snap/hooks) by extension 'cmake'
[0.341s] Level 1:colcon.colcon_core.package_identification:_identify(src/uros/micro-ROS-Agent/snap/hooks) by extension 'python'
[0.341s] Level 1:colcon.colcon_core.package_identification:_identify(src/uros/micro-ROS-Agent/snap/hooks) by extensions ['python_setup_py']
[0.341s] Level 1:colcon.colcon_core.package_identification:_identify(src/uros/micro-ROS-Agent/snap/hooks) by extension 'python_setup_py'
[0.341s] Level 1:colcon.colcon_core.package_identification:_identify(src/uros/micro-ROS-Agent/snap/local) by extensions ['ignore', 'ignore_ament_install']
[0.341s] Level 1:colcon.colcon_core.package_identification:_identify(src/uros/micro-ROS-Agent/snap/local) by extension 'ignore'
[0.341s] Level 1:colcon.colcon_core.package_identification:_identify(src/uros/micro-ROS-Agent/snap/local) by extension 'ignore_ament_install'
[0.341s] Level 1:colcon.colcon_core.package_identification:_identify(src/uros/micro-ROS-Agent/snap/local) by extensions ['colcon_pkg']
[0.341s] Level 1:colcon.colcon_core.package_identification:_identify(src/uros/micro-ROS-Agent/snap/local) by extension 'colcon_pkg'
[0.341s] Level 1:colcon.colcon_core.package_identification:_identify(src/uros/micro-ROS-Agent/snap/local) by extensions ['colcon_meta']
[0.341s] Level 1:colcon.colcon_core.package_identification:_identify(src/uros/micro-ROS-Agent/snap/local) by extension 'colcon_meta'
[0.342s] Level 1:colcon.colcon_core.package_identification:_identify(src/uros/micro-ROS-Agent/snap/local) by extensions ['ros']
[0.342s] Level 1:colcon.colcon_core.package_identification:_identify(src/uros/micro-ROS-Agent/snap/local) by extension 'ros'
[0.342s] Level 1:colcon.colcon_core.package_identification:_identify(src/uros/micro-ROS-Agent/snap/local) by extensions ['cmake', 'python']
[0.342s] Level 1:colcon.colcon_core.package_identification:_identify(src/uros/micro-ROS-Agent/snap/local) by extension 'cmake'
[0.342s] Level 1:colcon.colcon_core.package_identification:_identify(src/uros/micro-ROS-Agent/snap/local) by extension 'python'
[0.342s] Level 1:colcon.colcon_core.package_identification:_identify(src/uros/micro-ROS-Agent/snap/local) by extensions ['python_setup_py']
[0.342s] Level 1:colcon.colcon_core.package_identification:_identify(src/uros/micro-ROS-Agent/snap/local) by extension 'python_setup_py'
[0.342s] Level 1:colcon.colcon_core.package_identification:_identify(src/uros/micro_ros_msgs) by extensions ['ignore', 'ignore_ament_install']
[0.342s] Level 1:colcon.colcon_core.package_identification:_identify(src/uros/micro_ros_msgs) by extension 'ignore'
[0.342s] Level 1:colcon.colcon_core.package_identification:_identify(src/uros/micro_ros_msgs) by extension 'ignore_ament_install'
[0.342s] Level 1:colcon.colcon_core.package_identification:_identify(src/uros/micro_ros_msgs) by extensions ['colcon_pkg']
[0.342s] Level 1:colcon.colcon_core.package_identification:_identify(src/uros/micro_ros_msgs) by extension 'colcon_pkg'
[0.342s] Level 1:colcon.colcon_core.package_identification:_identify(src/uros/micro_ros_msgs) by extensions ['colcon_meta']
[0.342s] Level 1:colcon.colcon_core.package_identification:_identify(src/uros/micro_ros_msgs) by extension 'colcon_meta'
[0.342s] Level 1:colcon.colcon_core.package_identification:_identify(src/uros/micro_ros_msgs) by extensions ['ros']
[0.342s] Level 1:colcon.colcon_core.package_identification:_identify(src/uros/micro_ros_msgs) by extension 'ros'
[0.343s] DEBUG:colcon.colcon_core.package_identification:Package 'src/uros/micro_ros_msgs' with type 'ros.ament_cmake' and name 'micro_ros_msgs'
[0.343s] Level 1:colcon.colcon_core.package_discovery:discover_packages(recursive) using defaults
[0.343s] Level 1:colcon.colcon_core.package_discovery:discover_packages(ignore) discover
[0.343s] Level 1:colcon.colcon_core.package_discovery:discover_packages(ignore) using defaults
[0.343s] Level 1:colcon.colcon_core.package_discovery:discover_packages(path) discover
[0.343s] Level 1:colcon.colcon_core.package_discovery:discover_packages(path) using defaults
[0.371s] Level 5:colcon.colcon_core.verb:set package 'micro_ros_msgs' build argument 'cmake_args' from command line to 'None'
[0.372s] Level 5:colcon.colcon_core.verb:set package 'micro_ros_msgs' build argument 'cmake_target' from command line to 'None'
[0.372s] Level 5:colcon.colcon_core.verb:set package 'micro_ros_msgs' build argument 'cmake_target_skip_unavailable' from command line to 'False'
[0.372s] Level 5:colcon.colcon_core.verb:set package 'micro_ros_msgs' build argument 'cmake_clean_cache' from command line to 'False'
[0.372s] Level 5:colcon.colcon_core.verb:set package 'micro_ros_msgs' build argument 'cmake_clean_first' from command line to 'False'
[0.372s] Level 5:colcon.colcon_core.verb:set package 'micro_ros_msgs' build argument 'cmake_force_configure' from command line to 'False'
[0.372s] Level 5:colcon.colcon_core.verb:set package 'micro_ros_msgs' build argument 'ament_cmake_args' from command line to 'None'
[0.372s] Level 5:colcon.colcon_core.verb:set package 'micro_ros_msgs' build argument 'catkin_cmake_args' from command line to 'None'
[0.372s] Level 5:colcon.colcon_core.verb:set package 'micro_ros_msgs' build argument 'catkin_skip_building_tests' from command line to 'False'
[0.372s] DEBUG:colcon.colcon_core.verb:Building package 'micro_ros_msgs' with the following arguments: {'ament_cmake_args': None, 'build_base': '/microros_ws/build/micro_ros_msgs', 'catkin_cmake_args': None, 'catkin_skip_building_tests': False, 'cmake_args': None, 'cmake_clean_cache': False, 'cmake_clean_first': False, 'cmake_force_configure': False, 'cmake_target': None, 'cmake_target_skip_unavailable': False, 'install_base': '/microros_ws/install/micro_ros_msgs', 'merge_install': False, 'path': '/microros_ws/src/uros/micro_ros_msgs', 'symlink_install': False, 'test_result_base': None}
[0.372s] Level 5:colcon.colcon_core.verb:set package 'micro_ros_setup' build argument 'cmake_args' from command line to 'None'
[0.372s] Level 5:colcon.colcon_core.verb:set package 'micro_ros_setup' build argument 'cmake_target' from command line to 'None'
[0.372s] Level 5:colcon.colcon_core.verb:set package 'micro_ros_setup' build argument 'cmake_target_skip_unavailable' from command line to 'False'
[0.372s] Level 5:colcon.colcon_core.verb:set package 'micro_ros_setup' build argument 'cmake_clean_cache' from command line to 'False'
[0.372s] Level 5:colcon.colcon_core.verb:set package 'micro_ros_setup' build argument 'cmake_clean_first' from command line to 'False'
[0.372s] Level 5:colcon.colcon_core.verb:set package 'micro_ros_setup' build argument 'cmake_force_configure' from command line to 'False'
[0.372s] Level 5:colcon.colcon_core.verb:set package 'micro_ros_setup' build argument 'ament_cmake_args' from command line to 'None'
[0.372s] Level 5:colcon.colcon_core.verb:set package 'micro_ros_setup' build argument 'catkin_cmake_args' from command line to 'None'
[0.372s] Level 5:colcon.colcon_core.verb:set package 'micro_ros_setup' build argument 'catkin_skip_building_tests' from command line to 'False'
[0.372s] DEBUG:colcon.colcon_core.verb:Building package 'micro_ros_setup' with the following arguments: {'ament_cmake_args': None, 'build_base': '/microros_ws/build/micro_ros_setup', 'catkin_cmake_args': None, 'catkin_skip_building_tests': False, 'cmake_args': None, 'cmake_clean_cache': False, 'cmake_clean_first': False, 'cmake_force_configure': False, 'cmake_target': None, 'cmake_target_skip_unavailable': False, 'install_base': '/microros_ws/install/micro_ros_setup', 'merge_install': False, 'path': '/microros_ws/src/micro_ros_setup', 'symlink_install': False, 'test_result_base': None}
[0.373s] Level 5:colcon.colcon_core.verb:set package 'sllidar_ros2' build argument 'cmake_args' from command line to 'None'
[0.373s] Level 5:colcon.colcon_core.verb:set package 'sllidar_ros2' build argument 'cmake_target' from command line to 'None'
[0.373s] Level 5:colcon.colcon_core.verb:set package 'sllidar_ros2' build argument 'cmake_target_skip_unavailable' from command line to 'False'
[0.373s] Level 5:colcon.colcon_core.verb:set package 'sllidar_ros2' build argument 'cmake_clean_cache' from command line to 'False'
[0.373s] Level 5:colcon.colcon_core.verb:set package 'sllidar_ros2' build argument 'cmake_clean_first' from command line to 'False'
[0.373s] Level 5:colcon.colcon_core.verb:set package 'sllidar_ros2' build argument 'cmake_force_configure' from command line to 'False'
[0.373s] Level 5:colcon.colcon_core.verb:set package 'sllidar_ros2' build argument 'ament_cmake_args' from command line to 'None'
[0.373s] Level 5:colcon.colcon_core.verb:set package 'sllidar_ros2' build argument 'catkin_cmake_args' from command line to 'None'
[0.373s] Level 5:colcon.colcon_core.verb:set package 'sllidar_ros2' build argument 'catkin_skip_building_tests' from command line to 'False'
[0.373s] DEBUG:colcon.colcon_core.verb:Building package 'sllidar_ros2' with the following arguments: {'ament_cmake_args': None, 'build_base': '/microros_ws/build/sllidar_ros2', 'catkin_cmake_args': None, 'catkin_skip_building_tests': False, 'cmake_args': None, 'cmake_clean_cache': False, 'cmake_clean_first': False, 'cmake_force_configure': False, 'cmake_target': None, 'cmake_target_skip_unavailable': False, 'install_base': '/microros_ws/install/sllidar_ros2', 'merge_install': False, 'path': '/microros_ws/sllidar_ros2', 'symlink_install': False, 'test_result_base': None}
[0.373s] Level 5:colcon.colcon_core.verb:set package 'micro_ros_agent' build argument 'cmake_args' from command line to 'None'
[0.373s] Level 5:colcon.colcon_core.verb:set package 'micro_ros_agent' build argument 'cmake_target' from command line to 'None'
[0.374s] Level 5:colcon.colcon_core.verb:set package 'micro_ros_agent' build argument 'cmake_target_skip_unavailable' from command line to 'False'
[0.374s] Level 5:colcon.colcon_core.verb:set package 'micro_ros_agent' build argument 'cmake_clean_cache' from command line to 'False'
[0.374s] Level 5:colcon.colcon_core.verb:set package 'micro_ros_agent' build argument 'cmake_clean_first' from command line to 'False'
[0.374s] Level 5:colcon.colcon_core.verb:set package 'micro_ros_agent' build argument 'cmake_force_configure' from command line to 'False'
[0.374s] Level 5:colcon.colcon_core.verb:set package 'micro_ros_agent' build argument 'ament_cmake_args' from command line to 'None'
[0.374s] Level 5:colcon.colcon_core.verb:set package 'micro_ros_agent' build argument 'catkin_cmake_args' from command line to 'None'
[0.374s] Level 5:colcon.colcon_core.verb:set package 'micro_ros_agent' build argument 'catkin_skip_building_tests' from command line to 'False'
[0.374s] DEBUG:colcon.colcon_core.verb:Building package 'micro_ros_agent' with the following arguments: {'ament_cmake_args': None, 'build_base': '/microros_ws/build/micro_ros_agent', 'catkin_cmake_args': None, 'catkin_skip_building_tests': False, 'cmake_args': None, 'cmake_clean_cache': False, 'cmake_clean_first': False, 'cmake_force_configure': False, 'cmake_target': None, 'cmake_target_skip_unavailable': False, 'install_base': '/microros_ws/install/micro_ros_agent', 'merge_install': False, 'path': '/microros_ws/src/uros/micro-ROS-Agent/micro_ros_agent', 'symlink_install': False, 'test_result_base': None}
[0.374s] INFO:colcon.colcon_core.executor:Executing jobs using 'parallel' executor
[0.375s] DEBUG:colcon.colcon_parallel_executor.executor.parallel:run_until_complete
[0.376s] INFO:colcon.colcon_ros.task.ament_cmake.build:Building ROS package in '/microros_ws/src/uros/micro_ros_msgs' with build type 'ament_cmake'
[0.376s] INFO:colcon.colcon_cmake.task.cmake.build:Building CMake package in '/microros_ws/src/uros/micro_ros_msgs'
[0.383s] INFO:colcon.colcon_core.plugin_system:Skipping extension 'colcon_core.shell.bat': Not used on non-Windows systems
[0.383s] INFO:colcon.colcon_core.shell:Skip shell extension 'powershell' for command environment: Not usable outside of PowerShell
[0.383s] DEBUG:colcon.colcon_core.shell:Skip shell extension 'dsv' for command environment
[0.388s] WARNING:colcon.colcon_ros.prefix_path.ament:The path '/microros_ws/install/micro_ros_setup' in the environment variable AMENT_PREFIX_PATH doesn't exist
[0.390s] WARNING:colcon.colcon_ros.prefix_path.catkin:The path '/microros_ws/install/micro_ros_setup' in the environment variable CMAKE_PREFIX_PATH doesn't exist
[0.399s] INFO:colcon.colcon_ros.task.ament_cmake.build:Building ROS package in '/microros_ws/src/micro_ros_setup' with build type 'ament_cmake'
[0.399s] INFO:colcon.colcon_cmake.task.cmake.build:Building CMake package in '/microros_ws/src/micro_ros_setup'
[0.400s] INFO:colcon.colcon_core.shell:Skip shell extension 'powershell' for command environment: Not usable outside of PowerShell
[0.400s] DEBUG:colcon.colcon_core.shell:Skip shell extension 'dsv' for command environment
[0.404s] INFO:colcon.colcon_ros.task.ament_cmake.build:Building ROS package in '/microros_ws/sllidar_ros2' with build type 'ament_cmake'
[0.405s] INFO:colcon.colcon_cmake.task.cmake.build:Building CMake package in '/microros_ws/sllidar_ros2'
[0.405s] INFO:colcon.colcon_core.shell:Skip shell extension 'powershell' for command environment: Not usable outside of PowerShell
[0.405s] DEBUG:colcon.colcon_core.shell:Skip shell extension 'dsv' for command environment
[0.415s] DEBUG:colcon.colcon_core.event_handler.log_command:Invoking command in '/microros_ws/build/micro_ros_msgs': CMAKE_PREFIX_PATH=${CMAKE_PREFIX_PATH}:/opt/ros/humble /usr/bin/cmake /microros_ws/src/uros/micro_ros_msgs -DCMAKE_INSTALL_PREFIX=/microros_ws/install/micro_ros_msgs
[0.419s] DEBUG:colcon.colcon_core.event_handler.log_command:Invoking command in '/microros_ws/build/micro_ros_setup': CMAKE_PREFIX_PATH=${CMAKE_PREFIX_PATH}:/opt/ros/humble /usr/bin/cmake /microros_ws/src/micro_ros_setup -DCMAKE_INSTALL_PREFIX=/microros_ws/install/micro_ros_setup
[0.430s] DEBUG:colcon.colcon_core.event_handler.log_command:Invoking command in '/microros_ws/build/sllidar_ros2': CMAKE_PREFIX_PATH=${CMAKE_PREFIX_PATH}:/opt/ros/humble /usr/bin/cmake /microros_ws/sllidar_ros2 -DCMAKE_INSTALL_PREFIX=/microros_ws/install/sllidar_ros2
[1.910s] DEBUG:colcon.colcon_core.event_handler.log_command:Invoked command in '/microros_ws/build/micro_ros_setup' returned '0': CMAKE_PREFIX_PATH=${CMAKE_PREFIX_PATH}:/opt/ros/humble /usr/bin/cmake /microros_ws/src/micro_ros_setup -DCMAKE_INSTALL_PREFIX=/microros_ws/install/micro_ros_setup
[1.910s] DEBUG:colcon.colcon_core.event_handler.log_command:Invoking command in '/microros_ws/build/micro_ros_setup': CMAKE_PREFIX_PATH=${CMAKE_PREFIX_PATH}:/opt/ros/humble /usr/bin/cmake --build /microros_ws/build/micro_ros_setup -- -j4 -l4
[1.981s] DEBUG:colcon.colcon_core.event_handler.log_command:Invoked command in '/microros_ws/build/micro_ros_setup' returned '0': CMAKE_PREFIX_PATH=${CMAKE_PREFIX_PATH}:/opt/ros/humble /usr/bin/cmake --build /microros_ws/build/micro_ros_setup -- -j4 -l4
[2.011s] DEBUG:colcon.colcon_core.event_handler.log_command:Invoking command in '/microros_ws/build/micro_ros_setup': CMAKE_PREFIX_PATH=${CMAKE_PREFIX_PATH}:/opt/ros/humble /usr/bin/cmake --install /microros_ws/build/micro_ros_setup
[2.078s] Level 1:colcon.colcon_core.environment:create_environment_scripts_only(micro_ros_setup)
[2.079s] DEBUG:colcon.colcon_core.event_handler.log_command:Invoked command in '/microros_ws/build/micro_ros_setup' returned '0': CMAKE_PREFIX_PATH=${CMAKE_PREFIX_PATH}:/opt/ros/humble /usr/bin/cmake --install /microros_ws/build/micro_ros_setup
[2.083s] Level 1:colcon.colcon_core.environment:checking '/microros_ws/install/micro_ros_setup' for CMake module files
[2.084s] Level 1:colcon.colcon_core.environment:checking '/microros_ws/install/micro_ros_setup' for CMake config files
[2.085s] Level 1:colcon.colcon_core.shell:create_environment_hook('micro_ros_setup', 'cmake_prefix_path')
[2.085s] INFO:colcon.colcon_core.shell:Creating environment hook '/microros_ws/install/micro_ros_setup/share/micro_ros_setup/hook/cmake_prefix_path.ps1'
[2.086s] INFO:colcon.colcon_core.shell:Creating environment descriptor '/microros_ws/install/micro_ros_setup/share/micro_ros_setup/hook/cmake_prefix_path.dsv'
[2.087s] INFO:colcon.colcon_core.shell:Creating environment hook '/microros_ws/install/micro_ros_setup/share/micro_ros_setup/hook/cmake_prefix_path.sh'
[2.089s] Level 1:colcon.colcon_core.environment:checking '/microros_ws/install/micro_ros_setup/lib'
[2.089s] Level 1:colcon.colcon_core.environment:checking '/microros_ws/install/micro_ros_setup/bin'
[2.089s] Level 1:colcon.colcon_core.environment:checking '/microros_ws/install/micro_ros_setup/lib/pkgconfig/micro_ros_setup.pc'
[2.093s] Level 1:colcon.colcon_core.environment:checking '/microros_ws/install/micro_ros_setup/lib/python3.10/site-packages'
[2.094s] Level 1:colcon.colcon_core.environment:checking '/microros_ws/install/micro_ros_setup/bin'
[2.098s] INFO:colcon.colcon_core.shell:Creating package script '/microros_ws/install/micro_ros_setup/share/micro_ros_setup/package.ps1'
[2.108s] INFO:colcon.colcon_core.shell:Creating package descriptor '/microros_ws/install/micro_ros_setup/share/micro_ros_setup/package.dsv'
[2.109s] INFO:colcon.colcon_core.shell:Creating package script '/microros_ws/install/micro_ros_setup/share/micro_ros_setup/package.sh'
[2.111s] INFO:colcon.colcon_core.shell:Creating package script '/microros_ws/install/micro_ros_setup/share/micro_ros_setup/package.bash'
[2.115s] INFO:colcon.colcon_core.shell:Creating package script '/microros_ws/install/micro_ros_setup/share/micro_ros_setup/package.zsh'
[2.117s] Level 1:colcon.colcon_core.environment:create_file_with_runtime_dependencies(/microros_ws/install/micro_ros_setup/share/colcon-core/packages/micro_ros_setup)
[2.118s] Level 1:colcon.colcon_core.environment:create_environment_scripts_only(micro_ros_setup)
[2.119s] Level 1:colcon.colcon_core.environment:checking '/microros_ws/install/micro_ros_setup' for CMake module files
[2.120s] Level 1:colcon.colcon_core.environment:checking '/microros_ws/install/micro_ros_setup' for CMake config files
[2.120s] Level 1:colcon.colcon_core.shell:create_environment_hook('micro_ros_setup', 'cmake_prefix_path')
[2.120s] INFO:colcon.colcon_core.shell:Creating environment hook '/microros_ws/install/micro_ros_setup/share/micro_ros_setup/hook/cmake_prefix_path.ps1'
[2.121s] INFO:colcon.colcon_core.shell:Creating environment descriptor '/microros_ws/install/micro_ros_setup/share/micro_ros_setup/hook/cmake_prefix_path.dsv'
[2.122s] INFO:colcon.colcon_core.shell:Creating environment hook '/microros_ws/install/micro_ros_setup/share/micro_ros_setup/hook/cmake_prefix_path.sh'
[2.123s] Level 1:colcon.colcon_core.environment:checking '/microros_ws/install/micro_ros_setup/lib'
[2.123s] Level 1:colcon.colcon_core.environment:checking '/microros_ws/install/micro_ros_setup/bin'
[2.123s] Level 1:colcon.colcon_core.environment:checking '/microros_ws/install/micro_ros_setup/lib/pkgconfig/micro_ros_setup.pc'
[2.124s] Level 1:colcon.colcon_core.environment:checking '/microros_ws/install/micro_ros_setup/lib/python3.10/site-packages'
[2.124s] Level 1:colcon.colcon_core.environment:checking '/microros_ws/install/micro_ros_setup/bin'
[2.125s] INFO:colcon.colcon_core.shell:Creating package script '/microros_ws/install/micro_ros_setup/share/micro_ros_setup/package.ps1'
[2.126s] INFO:colcon.colcon_core.shell:Creating package descriptor '/microros_ws/install/micro_ros_setup/share/micro_ros_setup/package.dsv'
[2.126s] INFO:colcon.colcon_core.shell:Creating package script '/microros_ws/install/micro_ros_setup/share/micro_ros_setup/package.sh'
[2.127s] INFO:colcon.colcon_core.shell:Creating package script '/microros_ws/install/micro_ros_setup/share/micro_ros_setup/package.bash'
[2.128s] INFO:colcon.colcon_core.shell:Creating package script '/microros_ws/install/micro_ros_setup/share/micro_ros_setup/package.zsh'
[2.128s] Level 1:colcon.colcon_core.environment:create_file_with_runtime_dependencies(/microros_ws/install/micro_ros_setup/share/colcon-core/packages/micro_ros_setup)
[2.772s] DEBUG:colcon.colcon_core.event_handler.log_command:Invoked command in '/microros_ws/build/sllidar_ros2' returned '0': CMAKE_PREFIX_PATH=${CMAKE_PREFIX_PATH}:/opt/ros/humble /usr/bin/cmake /microros_ws/sllidar_ros2 -DCMAKE_INSTALL_PREFIX=/microros_ws/install/sllidar_ros2
[2.776s] DEBUG:colcon.colcon_core.event_handler.log_command:Invoking command in '/microros_ws/build/sllidar_ros2': CMAKE_PREFIX_PATH=${CMAKE_PREFIX_PATH}:/opt/ros/humble /usr/bin/cmake --build /microros_ws/build/sllidar_ros2 -- -j4 -l4
[3.753s] DEBUG:colcon.colcon_core.event_handler.log_command:Invoked command in '/microros_ws/build/micro_ros_msgs' returned '0': CMAKE_PREFIX_PATH=${CMAKE_PREFIX_PATH}:/opt/ros/humble /usr/bin/cmake /microros_ws/src/uros/micro_ros_msgs -DCMAKE_INSTALL_PREFIX=/microros_ws/install/micro_ros_msgs
[3.754s] DEBUG:colcon.colcon_core.event_handler.log_command:Invoking command in '/microros_ws/build/micro_ros_msgs': CMAKE_PREFIX_PATH=${CMAKE_PREFIX_PATH}:/opt/ros/humble /usr/bin/cmake --build /microros_ws/build/micro_ros_msgs -- -j4 -l4
[19.046s] DEBUG:colcon.colcon_core.event_handler.log_command:Invoked command in '/microros_ws/build/micro_ros_msgs' returned '0': CMAKE_PREFIX_PATH=${CMAKE_PREFIX_PATH}:/opt/ros/humble /usr/bin/cmake --build /microros_ws/build/micro_ros_msgs -- -j4 -l4
[19.054s] DEBUG:colcon.colcon_core.event_handler.log_command:Invoking command in '/microros_ws/build/micro_ros_msgs': CMAKE_PREFIX_PATH=${CMAKE_PREFIX_PATH}:/opt/ros/humble /usr/bin/cmake --install /microros_ws/build/micro_ros_msgs
[19.566s] Level 1:colcon.colcon_core.environment:create_environment_scripts_only(micro_ros_msgs)
[19.567s] DEBUG:colcon.colcon_core.event_handler.log_command:Invoked command in '/microros_ws/build/micro_ros_msgs' returned '0': CMAKE_PREFIX_PATH=${CMAKE_PREFIX_PATH}:/opt/ros/humble /usr/bin/cmake --install /microros_ws/build/micro_ros_msgs
[19.568s] Level 1:colcon.colcon_core.environment:checking '/microros_ws/install/micro_ros_msgs' for CMake module files
[19.572s] Level 1:colcon.colcon_core.environment:checking '/microros_ws/install/micro_ros_msgs' for CMake config files
[19.573s] Level 1:colcon.colcon_core.shell:create_environment_hook('micro_ros_msgs', 'cmake_prefix_path')
[19.577s] INFO:colcon.colcon_core.shell:Creating environment hook '/microros_ws/install/micro_ros_msgs/share/micro_ros_msgs/hook/cmake_prefix_path.ps1'
[19.579s] INFO:colcon.colcon_core.shell:Creating environment descriptor '/microros_ws/install/micro_ros_msgs/share/micro_ros_msgs/hook/cmake_prefix_path.dsv'
[19.583s] INFO:colcon.colcon_core.shell:Creating environment hook '/microros_ws/install/micro_ros_msgs/share/micro_ros_msgs/hook/cmake_prefix_path.sh'
[19.585s] Level 1:colcon.colcon_core.environment:checking '/microros_ws/install/micro_ros_msgs/lib'
[19.589s] Level 1:colcon.colcon_core.shell:create_environment_hook('micro_ros_msgs', 'ld_library_path_lib')
[19.590s] INFO:colcon.colcon_core.shell:Creating environment hook '/microros_ws/install/micro_ros_msgs/share/micro_ros_msgs/hook/ld_library_path_lib.ps1'
[19.595s] INFO:colcon.colcon_core.shell:Creating environment descriptor '/microros_ws/install/micro_ros_msgs/share/micro_ros_msgs/hook/ld_library_path_lib.dsv'
[19.596s] INFO:colcon.colcon_core.shell:Creating environment hook '/microros_ws/install/micro_ros_msgs/share/micro_ros_msgs/hook/ld_library_path_lib.sh'
[19.601s] Level 1:colcon.colcon_core.environment:checking '/microros_ws/install/micro_ros_msgs/bin'
[19.601s] Level 1:colcon.colcon_core.environment:checking '/microros_ws/install/micro_ros_msgs/lib/pkgconfig/micro_ros_msgs.pc'
[19.602s] Level 1:colcon.colcon_core.environment:checking '/microros_ws/install/micro_ros_msgs/lib/python3.10/site-packages'
[19.607s] Level 1:colcon.colcon_core.environment:checking '/microros_ws/install/micro_ros_msgs/bin'
[19.608s] INFO:colcon.colcon_core.shell:Creating package script '/microros_ws/install/micro_ros_msgs/share/micro_ros_msgs/package.ps1'
[19.613s] INFO:colcon.colcon_core.shell:Creating package descriptor '/microros_ws/install/micro_ros_msgs/share/micro_ros_msgs/package.dsv'
[19.618s] INFO:colcon.colcon_core.shell:Creating package script '/microros_ws/install/micro_ros_msgs/share/micro_ros_msgs/package.sh'
[19.620s] INFO:colcon.colcon_core.shell:Creating package script '/microros_ws/install/micro_ros_msgs/share/micro_ros_msgs/package.bash'
[19.624s] INFO:colcon.colcon_core.shell:Creating package script '/microros_ws/install/micro_ros_msgs/share/micro_ros_msgs/package.zsh'
[19.630s] Level 1:colcon.colcon_core.environment:create_file_with_runtime_dependencies(/microros_ws/install/micro_ros_msgs/share/colcon-core/packages/micro_ros_msgs)
[19.638s] Level 1:colcon.colcon_core.environment:create_environment_scripts_only(micro_ros_msgs)
[19.642s] Level 1:colcon.colcon_core.environment:checking '/microros_ws/install/micro_ros_msgs' for CMake module files
[19.644s] Level 1:colcon.colcon_core.environment:checking '/microros_ws/install/micro_ros_msgs' for CMake config files
[19.648s] Level 1:colcon.colcon_core.shell:create_environment_hook('micro_ros_msgs', 'cmake_prefix_path')
[19.649s] INFO:colcon.colcon_core.shell:Creating environment hook '/microros_ws/install/micro_ros_msgs/share/micro_ros_msgs/hook/cmake_prefix_path.ps1'
[19.653s] INFO:colcon.colcon_core.shell:Creating environment descriptor '/microros_ws/install/micro_ros_msgs/share/micro_ros_msgs/hook/cmake_prefix_path.dsv'
[19.654s] INFO:colcon.colcon_core.shell:Creating environment hook '/microros_ws/install/micro_ros_msgs/share/micro_ros_msgs/hook/cmake_prefix_path.sh'
[19.661s] Level 1:colcon.colcon_core.environment:checking '/microros_ws/install/micro_ros_msgs/lib'
[19.661s] Level 1:colcon.colcon_core.shell:create_environment_hook('micro_ros_msgs', 'ld_library_path_lib')
[19.662s] INFO:colcon.colcon_core.shell:Creating environment hook '/microros_ws/install/micro_ros_msgs/share/micro_ros_msgs/hook/ld_library_path_lib.ps1'
[19.667s] INFO:colcon.colcon_core.shell:Creating environment descriptor '/microros_ws/install/micro_ros_msgs/share/micro_ros_msgs/hook/ld_library_path_lib.dsv'
[19.668s] INFO:colcon.colcon_core.shell:Creating environment hook '/microros_ws/install/micro_ros_msgs/share/micro_ros_msgs/hook/ld_library_path_lib.sh'
[19.673s] Level 1:colcon.colcon_core.environment:checking '/microros_ws/install/micro_ros_msgs/bin'
[19.674s] Level 1:colcon.colcon_core.environment:checking '/microros_ws/install/micro_ros_msgs/lib/pkgconfig/micro_ros_msgs.pc'
[19.677s] Level 1:colcon.colcon_core.environment:checking '/microros_ws/install/micro_ros_msgs/lib/python3.10/site-packages'
[19.679s] Level 1:colcon.colcon_core.environment:checking '/microros_ws/install/micro_ros_msgs/bin'
[19.680s] INFO:colcon.colcon_core.shell:Creating package script '/microros_ws/install/micro_ros_msgs/share/micro_ros_msgs/package.ps1'
[19.685s] INFO:colcon.colcon_core.shell:Creating package descriptor '/microros_ws/install/micro_ros_msgs/share/micro_ros_msgs/package.dsv'
[19.693s] INFO:colcon.colcon_core.shell:Creating package script '/microros_ws/install/micro_ros_msgs/share/micro_ros_msgs/package.sh'
[19.695s] INFO:colcon.colcon_core.shell:Creating package script '/microros_ws/install/micro_ros_msgs/share/micro_ros_msgs/package.bash'
[19.699s] INFO:colcon.colcon_core.shell:Creating package script '/microros_ws/install/micro_ros_msgs/share/micro_ros_msgs/package.zsh'
[19.704s] Level 1:colcon.colcon_core.environment:create_file_with_runtime_dependencies(/microros_ws/install/micro_ros_msgs/share/colcon-core/packages/micro_ros_msgs)
[19.706s] INFO:colcon.colcon_ros.task.ament_cmake.build:Building ROS package in '/microros_ws/src/uros/micro-ROS-Agent/micro_ros_agent' with build type 'ament_cmake'
[19.707s] INFO:colcon.colcon_cmake.task.cmake.build:Building CMake package in '/microros_ws/src/uros/micro-ROS-Agent/micro_ros_agent'
[19.710s] INFO:colcon.colcon_core.shell:Skip shell extension 'powershell' for command environment: Not usable outside of PowerShell
[19.711s] DEBUG:colcon.colcon_core.shell:Skip shell extension 'dsv' for command environment
[19.743s] DEBUG:colcon.colcon_core.event_handler.log_command:Invoking command in '/microros_ws/build/micro_ros_agent': AMENT_PREFIX_PATH=/microros_ws/install/micro_ros_msgs:${AMENT_PREFIX_PATH} CMAKE_PREFIX_PATH=/microros_ws/install/micro_ros_msgs:/microros_ws/install/micro_ros_setup:/opt/ros/humble LD_LIBRARY_PATH=/microros_ws/install/micro_ros_msgs/lib:${LD_LIBRARY_PATH} PYTHONPATH=/microros_ws/install/micro_ros_msgs/local/lib/python3.10/dist-packages:${PYTHONPATH} /usr/bin/cmake /microros_ws/src/uros/micro-ROS-Agent/micro_ros_agent -DCMAKE_INSTALL_PREFIX=/microros_ws/install/micro_ros_agent
[21.215s] DEBUG:colcon.colcon_core.event_handler.log_command:Invoked command in '/microros_ws/build/micro_ros_agent' returned '0': AMENT_PREFIX_PATH=/microros_ws/install/micro_ros_msgs:${AMENT_PREFIX_PATH} CMAKE_PREFIX_PATH=/microros_ws/install/micro_ros_msgs:/microros_ws/install/micro_ros_setup:/opt/ros/humble LD_LIBRARY_PATH=/microros_ws/install/micro_ros_msgs/lib:${LD_LIBRARY_PATH} PYTHONPATH=/microros_ws/install/micro_ros_msgs/local/lib/python3.10/dist-packages:${PYTHONPATH} /usr/bin/cmake /microros_ws/src/uros/micro-ROS-Agent/micro_ros_agent -DCMAKE_INSTALL_PREFIX=/microros_ws/install/micro_ros_agent
[21.220s] DEBUG:colcon.colcon_core.event_handler.log_command:Invoking command in '/microros_ws/build/micro_ros_agent': AMENT_PREFIX_PATH=/microros_ws/install/micro_ros_msgs:${AMENT_PREFIX_PATH} CMAKE_PREFIX_PATH=/microros_ws/install/micro_ros_msgs:/microros_ws/install/micro_ros_setup:/opt/ros/humble LD_LIBRARY_PATH=/microros_ws/install/micro_ros_msgs/lib:${LD_LIBRARY_PATH} PYTHONPATH=/microros_ws/install/micro_ros_msgs/local/lib/python3.10/dist-packages:${PYTHONPATH} /usr/bin/cmake --build /microros_ws/build/micro_ros_agent -- -j4 -l4
[34.929s] DEBUG:colcon.colcon_core.event_handler.log_command:Invoked command in '/microros_ws/build/sllidar_ros2' returned '0': CMAKE_PREFIX_PATH=${CMAKE_PREFIX_PATH}:/opt/ros/humble /usr/bin/cmake --build /microros_ws/build/sllidar_ros2 -- -j4 -l4
[34.930s] DEBUG:colcon.colcon_core.event_handler.log_command:Invoking command in '/microros_ws/build/sllidar_ros2': CMAKE_PREFIX_PATH=${CMAKE_PREFIX_PATH}:/opt/ros/humble /usr/bin/cmake --install /microros_ws/build/sllidar_ros2
[35.021s] Level 1:colcon.colcon_core.environment:create_environment_scripts_only(sllidar_ros2)
[35.023s] Level 1:colcon.colcon_core.environment:checking '/microros_ws/install/sllidar_ros2' for CMake module files
[35.024s] Level 1:colcon.colcon_core.environment:checking '/microros_ws/install/sllidar_ros2' for CMake config files
[35.028s] Level 1:colcon.colcon_core.shell:create_environment_hook('sllidar_ros2', 'cmake_prefix_path')
[35.029s] INFO:colcon.colcon_core.shell:Creating environment hook '/microros_ws/install/sllidar_ros2/share/sllidar_ros2/hook/cmake_prefix_path.ps1'
[35.029s] DEBUG:colcon.colcon_core.event_handler.log_command:Invoked command in '/microros_ws/build/sllidar_ros2' returned '0': CMAKE_PREFIX_PATH=${CMAKE_PREFIX_PATH}:/opt/ros/humble /usr/bin/cmake --install /microros_ws/build/sllidar_ros2
[35.031s] INFO:colcon.colcon_core.shell:Creating environment descriptor '/microros_ws/install/sllidar_ros2/share/sllidar_ros2/hook/cmake_prefix_path.dsv'
[35.032s] INFO:colcon.colcon_core.shell:Creating environment hook '/microros_ws/install/sllidar_ros2/share/sllidar_ros2/hook/cmake_prefix_path.sh'
[35.037s] Level 1:colcon.colcon_core.environment:checking '/microros_ws/install/sllidar_ros2/lib'
[35.037s] Level 1:colcon.colcon_core.environment:checking '/microros_ws/install/sllidar_ros2/bin'
[35.037s] Level 1:colcon.colcon_core.environment:checking '/microros_ws/install/sllidar_ros2/lib/pkgconfig/sllidar_ros2.pc'
[35.038s] Level 1:colcon.colcon_core.environment:checking '/microros_ws/install/sllidar_ros2/lib/python3.10/site-packages'
[35.039s] Level 1:colcon.colcon_core.environment:checking '/microros_ws/install/sllidar_ros2/bin'
[35.043s] INFO:colcon.colcon_core.shell:Creating package script '/microros_ws/install/sllidar_ros2/share/sllidar_ros2/package.ps1'
[35.044s] INFO:colcon.colcon_core.shell:Creating package descriptor '/microros_ws/install/sllidar_ros2/share/sllidar_ros2/package.dsv'
[35.045s] INFO:colcon.colcon_core.shell:Creating package script '/microros_ws/install/sllidar_ros2/share/sllidar_ros2/package.sh'
[35.050s] INFO:colcon.colcon_core.shell:Creating package script '/microros_ws/install/sllidar_ros2/share/sllidar_ros2/package.bash'
[35.051s] INFO:colcon.colcon_core.shell:Creating package script '/microros_ws/install/sllidar_ros2/share/sllidar_ros2/package.zsh'
[35.055s] Level 1:colcon.colcon_core.environment:create_file_with_runtime_dependencies(/microros_ws/install/sllidar_ros2/share/colcon-core/packages/sllidar_ros2)
[35.057s] Level 1:colcon.colcon_core.environment:create_environment_scripts_only(sllidar_ros2)
[35.061s] Level 1:colcon.colcon_core.environment:checking '/microros_ws/install/sllidar_ros2' for CMake module files
[35.062s] Level 1:colcon.colcon_core.environment:checking '/microros_ws/install/sllidar_ros2' for CMake config files
[35.063s] Level 1:colcon.colcon_core.shell:create_environment_hook('sllidar_ros2', 'cmake_prefix_path')
[35.066s] INFO:colcon.colcon_core.shell:Creating environment hook '/microros_ws/install/sllidar_ros2/share/sllidar_ros2/hook/cmake_prefix_path.ps1'
[35.068s] INFO:colcon.colcon_core.shell:Creating environment descriptor '/microros_ws/install/sllidar_ros2/share/sllidar_ros2/hook/cmake_prefix_path.dsv'
[35.075s] INFO:colcon.colcon_core.shell:Creating environment hook '/microros_ws/install/sllidar_ros2/share/sllidar_ros2/hook/cmake_prefix_path.sh'
[35.081s] Level 1:colcon.colcon_core.environment:checking '/microros_ws/install/sllidar_ros2/lib'
[35.085s] Level 1:colcon.colcon_core.environment:checking '/microros_ws/install/sllidar_ros2/bin'
[35.085s] Level 1:colcon.colcon_core.environment:checking '/microros_ws/install/sllidar_ros2/lib/pkgconfig/sllidar_ros2.pc'
[35.085s] Level 1:colcon.colcon_core.environment:checking '/microros_ws/install/sllidar_ros2/lib/python3.10/site-packages'
[35.086s] Level 1:colcon.colcon_core.environment:checking '/microros_ws/install/sllidar_ros2/bin'
[35.087s] INFO:colcon.colcon_core.shell:Creating package script '/microros_ws/install/sllidar_ros2/share/sllidar_ros2/package.ps1'
[35.092s] INFO:colcon.colcon_core.shell:Creating package descriptor '/microros_ws/install/sllidar_ros2/share/sllidar_ros2/package.dsv'
[35.097s] INFO:colcon.colcon_core.shell:Creating package script '/microros_ws/install/sllidar_ros2/share/sllidar_ros2/package.sh'
[35.098s] INFO:colcon.colcon_core.shell:Creating package script '/microros_ws/install/sllidar_ros2/share/sllidar_ros2/package.bash'
[35.102s] INFO:colcon.colcon_core.shell:Creating package script '/microros_ws/install/sllidar_ros2/share/sllidar_ros2/package.zsh'
[35.106s] Level 1:colcon.colcon_core.environment:create_file_with_runtime_dependencies(/microros_ws/install/sllidar_ros2/share/colcon-core/packages/sllidar_ros2)
[142.686s] DEBUG:colcon.colcon_core.event_handler.log_command:Invoked command in '/microros_ws/build/micro_ros_agent' returned '0': AMENT_PREFIX_PATH=/microros_ws/install/micro_ros_msgs:${AMENT_PREFIX_PATH} CMAKE_PREFIX_PATH=/microros_ws/install/micro_ros_msgs:/microros_ws/install/micro_ros_setup:/opt/ros/humble LD_LIBRARY_PATH=/microros_ws/install/micro_ros_msgs/lib:${LD_LIBRARY_PATH} PYTHONPATH=/microros_ws/install/micro_ros_msgs/local/lib/python3.10/dist-packages:${PYTHONPATH} /usr/bin/cmake --build /microros_ws/build/micro_ros_agent -- -j4 -l4
[142.688s] DEBUG:colcon.colcon_core.event_handler.log_command:Invoking command in '/microros_ws/build/micro_ros_agent': AMENT_PREFIX_PATH=/microros_ws/install/micro_ros_msgs:${AMENT_PREFIX_PATH} CMAKE_PREFIX_PATH=/microros_ws/install/micro_ros_msgs:/microros_ws/install/micro_ros_setup:/opt/ros/humble LD_LIBRARY_PATH=/microros_ws/install/micro_ros_msgs/lib:${LD_LIBRARY_PATH} PYTHONPATH=/microros_ws/install/micro_ros_msgs/local/lib/python3.10/dist-packages:${PYTHONPATH} /usr/bin/cmake --install /microros_ws/build/micro_ros_agent
[142.715s] Level 1:colcon.colcon_core.environment:create_environment_scripts_only(micro_ros_agent)
[142.716s] Level 1:colcon.colcon_core.environment:checking '/microros_ws/install/micro_ros_agent' for CMake module files
[142.717s] Level 1:colcon.colcon_core.environment:checking '/microros_ws/install/micro_ros_agent' for CMake config files
[142.717s] Level 1:colcon.colcon_core.shell:create_environment_hook('micro_ros_agent', 'cmake_prefix_path')
[142.718s] INFO:colcon.colcon_core.shell:Creating environment hook '/microros_ws/install/micro_ros_agent/share/micro_ros_agent/hook/cmake_prefix_path.ps1'
[142.719s] DEBUG:colcon.colcon_core.event_handler.log_command:Invoked command in '/microros_ws/build/micro_ros_agent' returned '0': AMENT_PREFIX_PATH=/microros_ws/install/micro_ros_msgs:${AMENT_PREFIX_PATH} CMAKE_PREFIX_PATH=/microros_ws/install/micro_ros_msgs:/microros_ws/install/micro_ros_setup:/opt/ros/humble LD_LIBRARY_PATH=/microros_ws/install/micro_ros_msgs/lib:${LD_LIBRARY_PATH} PYTHONPATH=/microros_ws/install/micro_ros_msgs/local/lib/python3.10/dist-packages:${PYTHONPATH} /usr/bin/cmake --install /microros_ws/build/micro_ros_agent
[142.719s] INFO:colcon.colcon_core.shell:Creating environment descriptor '/microros_ws/install/micro_ros_agent/share/micro_ros_agent/hook/cmake_prefix_path.dsv'
[142.719s] INFO:colcon.colcon_core.shell:Creating environment hook '/microros_ws/install/micro_ros_agent/share/micro_ros_agent/hook/cmake_prefix_path.sh'
[142.720s] Level 1:colcon.colcon_core.environment:checking '/microros_ws/install/micro_ros_agent/lib'
[142.720s] Level 1:colcon.colcon_core.shell:create_environment_hook('micro_ros_agent', 'ld_library_path_lib')
[142.721s] INFO:colcon.colcon_core.shell:Creating environment hook '/microros_ws/install/micro_ros_agent/share/micro_ros_agent/hook/ld_library_path_lib.ps1'
[142.721s] INFO:colcon.colcon_core.shell:Creating environment descriptor '/microros_ws/install/micro_ros_agent/share/micro_ros_agent/hook/ld_library_path_lib.dsv'
[142.721s] INFO:colcon.colcon_core.shell:Creating environment hook '/microros_ws/install/micro_ros_agent/share/micro_ros_agent/hook/ld_library_path_lib.sh'
[142.722s] Level 1:colcon.colcon_core.environment:checking '/microros_ws/install/micro_ros_agent/bin'
[142.722s] Level 1:colcon.colcon_core.environment:checking '/microros_ws/install/micro_ros_agent/lib/pkgconfig/micro_ros_agent.pc'
[142.722s] Level 1:colcon.colcon_core.environment:checking '/microros_ws/install/micro_ros_agent/lib/python3.10/site-packages'
[142.723s] Level 1:colcon.colcon_core.environment:checking '/microros_ws/install/micro_ros_agent/bin'
[142.723s] INFO:colcon.colcon_core.shell:Creating package script '/microros_ws/install/micro_ros_agent/share/micro_ros_agent/package.ps1'
[142.724s] INFO:colcon.colcon_core.shell:Creating package descriptor '/microros_ws/install/micro_ros_agent/share/micro_ros_agent/package.dsv'
[142.724s] INFO:colcon.colcon_core.shell:Creating package script '/microros_ws/install/micro_ros_agent/share/micro_ros_agent/package.sh'
[142.725s] INFO:colcon.colcon_core.shell:Creating package script '/microros_ws/install/micro_ros_agent/share/micro_ros_agent/package.bash'
[142.725s] INFO:colcon.colcon_core.shell:Creating package script '/microros_ws/install/micro_ros_agent/share/micro_ros_agent/package.zsh'
[142.726s] Level 1:colcon.colcon_core.environment:create_file_with_runtime_dependencies(/microros_ws/install/micro_ros_agent/share/colcon-core/packages/micro_ros_agent)
[142.727s] Level 1:colcon.colcon_core.environment:create_environment_scripts_only(micro_ros_agent)
[142.727s] Level 1:colcon.colcon_core.environment:checking '/microros_ws/install/micro_ros_agent' for CMake module files
[142.728s] Level 1:colcon.colcon_core.environment:checking '/microros_ws/install/micro_ros_agent' for CMake config files
[142.728s] Level 1:colcon.colcon_core.shell:create_environment_hook('micro_ros_agent', 'cmake_prefix_path')
[142.728s] INFO:colcon.colcon_core.shell:Creating environment hook '/microros_ws/install/micro_ros_agent/share/micro_ros_agent/hook/cmake_prefix_path.ps1'
[142.729s] INFO:colcon.colcon_core.shell:Creating environment descriptor '/microros_ws/install/micro_ros_agent/share/micro_ros_agent/hook/cmake_prefix_path.dsv'
[142.729s] INFO:colcon.colcon_core.shell:Creating environment hook '/microros_ws/install/micro_ros_agent/share/micro_ros_agent/hook/cmake_prefix_path.sh'
[142.730s] Level 1:colcon.colcon_core.environment:checking '/microros_ws/install/micro_ros_agent/lib'
[142.730s] Level 1:colcon.colcon_core.shell:create_environment_hook('micro_ros_agent', 'ld_library_path_lib')
[142.731s] INFO:colcon.colcon_core.shell:Creating environment hook '/microros_ws/install/micro_ros_agent/share/micro_ros_agent/hook/ld_library_path_lib.ps1'
[142.731s] INFO:colcon.colcon_core.shell:Creating environment descriptor '/microros_ws/install/micro_ros_agent/share/micro_ros_agent/hook/ld_library_path_lib.dsv'
[142.732s] INFO:colcon.colcon_core.shell:Creating environment hook '/microros_ws/install/micro_ros_agent/share/micro_ros_agent/hook/ld_library_path_lib.sh'
[142.733s] Level 1:colcon.colcon_core.environment:checking '/microros_ws/install/micro_ros_agent/bin'
[142.733s] Level 1:colcon.colcon_core.environment:checking '/microros_ws/install/micro_ros_agent/lib/pkgconfig/micro_ros_agent.pc'
[142.733s] Level 1:colcon.colcon_core.environment:checking '/microros_ws/install/micro_ros_agent/lib/python3.10/site-packages'
[142.734s] Level 1:colcon.colcon_core.environment:checking '/microros_ws/install/micro_ros_agent/bin'
[142.734s] INFO:colcon.colcon_core.shell:Creating package script '/microros_ws/install/micro_ros_agent/share/micro_ros_agent/package.ps1'
[142.735s] INFO:colcon.colcon_core.shell:Creating package descriptor '/microros_ws/install/micro_ros_agent/share/micro_ros_agent/package.dsv'
[142.736s] INFO:colcon.colcon_core.shell:Creating package script '/microros_ws/install/micro_ros_agent/share/micro_ros_agent/package.sh'
[142.737s] INFO:colcon.colcon_core.shell:Creating package script '/microros_ws/install/micro_ros_agent/share/micro_ros_agent/package.bash'
[142.737s] INFO:colcon.colcon_core.shell:Creating package script '/microros_ws/install/micro_ros_agent/share/micro_ros_agent/package.zsh'
[142.738s] Level 1:colcon.colcon_core.environment:create_file_with_runtime_dependencies(/microros_ws/install/micro_ros_agent/share/colcon-core/packages/micro_ros_agent)
[142.739s] DEBUG:colcon.colcon_parallel_executor.executor.parallel:closing loop
[142.739s] DEBUG:colcon.colcon_parallel_executor.executor.parallel:loop closed
[142.739s] DEBUG:colcon.colcon_parallel_executor.executor.parallel:run_until_complete finished with '0'
[142.739s] DEBUG:colcon.colcon_core.event_reactor:joining thread
[142.755s] INFO:colcon.colcon_core.plugin_system:Skipping extension 'colcon_notification.desktop_notification.notify_send': Could not find 'notify-send'
[142.755s] INFO:colcon.colcon_core.plugin_system:Skipping extension 'colcon_notification.desktop_notification.terminal_notifier': Not used on non-Darwin systems
[142.755s] INFO:colcon.colcon_core.plugin_system:Skipping extension 'colcon_notification.desktop_notification.win32': Not used on non-Windows systems
[142.755s] INFO:colcon.colcon_notification.desktop_notification:Sending desktop notification using 'notify2'
[142.763s] DEBUG:colcon.colcon_notification.desktop_notification.notify2:Failed to initialize notify2: org.freedesktop.DBus.Error.Spawn.ExecFailed: /usr/bin/dbus-launch terminated abnormally without any error message
[142.764s] DEBUG:colcon.colcon_core.event_reactor:joined thread
[142.764s] INFO:colcon.colcon_core.shell:Creating prefix script '/microros_ws/install/local_setup.ps1'
[142.766s] INFO:colcon.colcon_core.shell:Creating prefix util module '/microros_ws/install/_local_setup_util_ps1.py'
[142.768s] INFO:colcon.colcon_core.shell:Creating prefix chain script '/microros_ws/install/setup.ps1'
[142.770s] INFO:colcon.colcon_core.shell:Creating prefix script '/microros_ws/install/local_setup.sh'
[142.771s] INFO:colcon.colcon_core.shell:Creating prefix util module '/microros_ws/install/_local_setup_util_sh.py'
[142.771s] INFO:colcon.colcon_core.shell:Creating prefix chain script '/microros_ws/install/setup.sh'
[142.773s] INFO:colcon.colcon_core.shell:Creating prefix script '/microros_ws/install/local_setup.bash'
[142.773s] INFO:colcon.colcon_core.shell:Creating prefix chain script '/microros_ws/install/setup.bash'
[142.775s] INFO:colcon.colcon_core.shell:Creating prefix script '/microros_ws/install/local_setup.zsh'
[142.775s] INFO:colcon.colcon_core.shell:Creating prefix chain script '/microros_ws/install/setup.zsh'
