[1.728s] Invoking command in '/home/epiibots/ros2_ws/src/bno055': DEBUGINFOD_URLS=https://debuginfod.ubuntu.com PYTHONPATH=/home/epiibots/ros2_ws/build/bno055/prefix_override:/usr/lib/python3/dist-packages/colcon_core/task/python/colcon_distutils_commands:/home/epiibots/ros2_ws/install/bno055/lib/python3.12/site-packages: /usr/bin/python3 -W ignore:setup.py install is deprecated -W ignore:easy_install command is deprecated setup.py egg_info --egg-base ../../build/bno055 build --build-base /home/epiibots/ros2_ws/build/bno055/build install --record /home/epiibots/ros2_ws/build/bno055/install.log --single-version-externally-managed install_data
[2.264s] running egg_info
[2.286s] writing ../../build/bno055/bno055.egg-info/PKG-INFO
[2.286s] writing dependency_links to ../../build/bno055/bno055.egg-info/dependency_links.txt
[2.290s] writing entry points to ../../build/bno055/bno055.egg-info/entry_points.txt
[2.290s] writing requirements to ../../build/bno055/bno055.egg-info/requires.txt
[2.291s] writing top-level names to ../../build/bno055/bno055.egg-info/top_level.txt
[2.361s] reading manifest file '../../build/bno055/bno055.egg-info/SOURCES.txt'
[2.362s] adding license file 'LICENSE'
[2.362s] adding license file 'AUTHORS'
[2.363s] writing manifest file '../../build/bno055/bno055.egg-info/SOURCES.txt'
[2.363s] running build
[2.364s] running build_py
[2.367s] running install
[2.379s] running install_lib
[2.400s] running install_data
[2.402s] running install_egg_info
[2.424s] removing '/home/epiibots/ros2_ws/install/bno055/lib/python3.12/site-packages/bno055-0.5.0-py3.12.egg-info' (and everything under it)
[2.428s] Copying ../../build/bno055/bno055.egg-info to /home/epiibots/ros2_ws/install/bno055/lib/python3.12/site-packages/bno055-0.5.0-py3.12.egg-info
[2.430s] running install_scripts
[2.677s] Installing bno055 script to /home/epiibots/ros2_ws/install/bno055/lib/bno055
[2.679s] writing list of installed files to '/home/epiibots/ros2_ws/build/bno055/install.log'
[2.831s] Invoked command in '/home/epiibots/ros2_ws/src/bno055' returned '0': DEBUGINFOD_URLS=https://debuginfod.ubuntu.com PYTHONPATH=/home/epiibots/ros2_ws/build/bno055/prefix_override:/usr/lib/python3/dist-packages/colcon_core/task/python/colcon_distutils_commands:/home/epiibots/ros2_ws/install/bno055/lib/python3.12/site-packages: /usr/bin/python3 -W ignore:setup.py install is deprecated -W ignore:easy_install command is deprecated setup.py egg_info --egg-base ../../build/bno055 build --build-base /home/epiibots/ros2_ws/build/bno055/build install --record /home/epiibots/ros2_ws/build/bno055/install.log --single-version-externally-managed install_data
