[2.702s] Invoking command in '/home/epiibots/ros2_ws/src/detector': DEBUGINFOD_URLS=https://debuginfod.ubuntu.com PYTHONPATH=/home/epiibots/ros2_ws/build/detector/prefix_override:/usr/lib/python3/dist-packages/colcon_core/task/python/colcon_distutils_commands:/home/epiibots/ros2_ws/install/detector/lib/python3.12/site-packages:${PYTHONPATH} /usr/bin/python3 -W ignore:setup.py install is deprecated -W ignore:easy_install command is deprecated setup.py egg_info --egg-base ../../build/detector build --build-base /home/epiibots/ros2_ws/build/detector/build install --record /home/epiibots/ros2_ws/build/detector/install.log --single-version-externally-managed install_data
[3.229s] running egg_info
[3.273s] writing ../../build/detector/detector.egg-info/PKG-INFO
[3.274s] writing dependency_links to ../../build/detector/detector.egg-info/dependency_links.txt
[3.279s] writing entry points to ../../build/detector/detector.egg-info/entry_points.txt
[3.279s] writing requirements to ../../build/detector/detector.egg-info/requires.txt
[3.280s] writing top-level names to ../../build/detector/detector.egg-info/top_level.txt
[3.437s] reading manifest file '../../build/detector/detector.egg-info/SOURCES.txt'
[3.438s] adding license file 'LICENSE'
[3.439s] writing manifest file '../../build/detector/detector.egg-info/SOURCES.txt'
[3.440s] running build
[3.441s] running build_py
[3.442s] running install
[3.454s] running install_lib
[3.497s] running install_data
[3.497s] running install_egg_info
[3.559s] removing '/home/epiibots/ros2_ws/install/detector/lib/python3.12/site-packages/detector-0.0.0-py3.12.egg-info' (and everything under it)
[3.559s] Copying ../../build/detector/detector.egg-info to /home/epiibots/ros2_ws/install/detector/lib/python3.12/site-packages/detector-0.0.0-py3.12.egg-info
[3.561s] running install_scripts
[3.851s] Installing apriltags script to /home/epiibots/ros2_ws/install/detector/lib/detector
[3.851s] writing list of installed files to '/home/epiibots/ros2_ws/build/detector/install.log'
[4.351s] Invoked command in '/home/epiibots/ros2_ws/src/detector' returned '0': DEBUGINFOD_URLS=https://debuginfod.ubuntu.com PYTHONPATH=/home/epiibots/ros2_ws/build/detector/prefix_override:/usr/lib/python3/dist-packages/colcon_core/task/python/colcon_distutils_commands:/home/epiibots/ros2_ws/install/detector/lib/python3.12/site-packages:${PYTHONPATH} /usr/bin/python3 -W ignore:setup.py install is deprecated -W ignore:easy_install command is deprecated setup.py egg_info --egg-base ../../build/detector build --build-base /home/epiibots/ros2_ws/build/detector/build install --record /home/epiibots/ros2_ws/build/detector/install.log --single-version-externally-managed install_data
