[0.025s] Invoking command in '/microros_ws/build/sllidar_ros2': CMAKE_PREFIX_PATH=${CMAKE_PREFIX_PATH}:/opt/ros/humble /usr/bin/cmake /microros_ws/sllidar_ros2 -DCMAKE_INSTALL_PREFIX=/microros_ws/install/sllidar_ros2
[0.166s] -- The C compiler identification is GNU 11.4.0
[0.302s] -- The CXX compiler identification is GNU 11.4.0
[0.315s] -- Detecting C compiler ABI info
[0.485s] -- Detecting C compiler ABI info - done
[0.497s] -- Check for working C compiler: /usr/bin/cc - skipped
[0.498s] -- Detecting C compile features
[0.499s] -- Detecting C compile features - done
[0.505s] -- Detecting CXX compiler ABI info
[0.738s] -- Detecting CXX compiler ABI info - done
[0.751s] -- Check for working CXX compiler: /usr/bin/c++ - skipped
[0.752s] -- Detecting CXX compile features
[0.753s] -- Detecting CXX compile features - done
[0.756s] -- Found ament_cmake: 1.3.13 (/opt/ros/humble/share/ament_cmake/cmake)
[1.036s] -- Found Python3: /usr/bin/python3 (found version "3.10.12") found components: Interpreter 
[1.233s] -- Found rclcpp: 16.0.18 (/opt/ros/humble/share/rclcpp/cmake)
[1.290s] -- Found rosidl_generator_c: 3.1.8 (/opt/ros/humble/share/rosidl_generator_c/cmake)
[1.301s] -- Found rosidl_adapter: 3.1.8 (/opt/ros/humble/share/rosidl_adapter/cmake)
[1.313s] -- Found rosidl_generator_cpp: 3.1.8 (/opt/ros/humble/share/rosidl_generator_cpp/cmake)
[1.333s] -- Using all available rosidl_typesupport_c: rosidl_typesupport_fastrtps_c;rosidl_typesupport_introspection_c
[1.360s] -- Using all available rosidl_typesupport_cpp: rosidl_typesupport_fastrtps_cpp;rosidl_typesupport_introspection_cpp
[1.432s] -- Found rmw_implementation_cmake: 6.1.2 (/opt/ros/humble/share/rmw_implementation_cmake/cmake)
[1.436s] -- Found rmw_fastrtps_cpp: 6.2.10 (/opt/ros/humble/share/rmw_fastrtps_cpp/cmake)
[1.611s] -- Found OpenSSL: /usr/lib/aarch64-linux-gnu/libcrypto.so (found version "3.0.2")  
[1.648s] -- Found FastRTPS: /opt/ros/humble/include  
[1.726s] -- Using RMW implementation 'rmw_fastrtps_cpp' as default
[1.742s] -- Looking for pthread.h
[1.882s] -- Looking for pthread.h - found
[1.883s] -- Performing Test CMAKE_HAVE_LIBC_PTHREAD
[2.031s] -- Performing Test CMAKE_HAVE_LIBC_PTHREAD - Success
[2.032s] -- Found Threads: TRUE  
[2.117s] -- Found sensor_msgs: 4.9.1 (/opt/ros/humble/share/sensor_msgs/cmake)
[2.166s] -- Found std_srvs: 4.9.1 (/opt/ros/humble/share/std_srvs/cmake)
[2.312s] -- Configuring done
[2.338s] -- Generating done
[2.348s] -- Build files have been written to: /microros_ws/build/sllidar_ros2
[2.368s] Invoked command in '/microros_ws/build/sllidar_ros2' returned '0': CMAKE_PREFIX_PATH=${CMAKE_PREFIX_PATH}:/opt/ros/humble /usr/bin/cmake /microros_ws/sllidar_ros2 -DCMAKE_INSTALL_PREFIX=/microros_ws/install/sllidar_ros2
[2.371s] Invoking command in '/microros_ws/build/sllidar_ros2': CMAKE_PREFIX_PATH=${CMAKE_PREFIX_PATH}:/opt/ros/humble /usr/bin/cmake --build /microros_ws/build/sllidar_ros2 -- -j4 -l4
[2.476s] [  5%] [32mBuilding CXX object CMakeFiles/sllidar_node.dir/src/sllidar_node.cpp.o[0m
[2.480s] [ 15%] [32mBuilding CXX object CMakeFiles/sllidar_node.dir/sdk/src/arch/linux/net_socket.cpp.o[0m
[2.481s] [ 20%] [32mBuilding CXX object CMakeFiles/sllidar_client.dir/src/sllidar_client.cpp.o[0m
[2.485s] [ 15%] [32mBuilding CXX object CMakeFiles/sllidar_node.dir/sdk/src/arch/linux/net_serial.cpp.o[0m
[3.448s] In file included from [01m[K/microros_ws/sllidar_ros2/./sdk/include/rplidar_protocol.h:36[m[K,
[3.448s]                  from [01m[K/microros_ws/sllidar_ros2/./sdk/include/rplidar.h:39[m[K,
[3.448s]                  from [01m[K/microros_ws/sllidar_ros2/./sdk/src/sdkcommon.h:49[m[K,
[3.448s]                  from [01m[K/microros_ws/sllidar_ros2/sdk/src/arch/linux/net_socket.cpp:10[m[K:
[3.448s] [01m[K/microros_ws/sllidar_ros2/./sdk/include/sl_lidar_protocol.h:66:16:[m[K [01;35m[Kwarning: [m[KISO C++ forbids zero-size array ‘[01m[Kdata[m[K’ [[01;35m[K-Wpedantic[m[K]
[3.449s]    66 |     sl_u8 data[[01;35m[K0[m[K];
[3.449s]       |                [01;35m[K^[m[K
[3.449s] In file included from [01m[K/microros_ws/sllidar_ros2/./sdk/include/rplidar_cmd.h:36[m[K,
[3.449s]                  from [01m[K/microros_ws/sllidar_ros2/./sdk/include/rplidar.h:40[m[K,
[3.449s]                  from [01m[K/microros_ws/sllidar_ros2/./sdk/src/sdkcommon.h:49[m[K,
[3.449s]                  from [01m[K/microros_ws/sllidar_ros2/sdk/src/arch/linux/net_socket.cpp:10[m[K:
[3.449s] [01m[K/microros_ws/sllidar_ros2/./sdk/include/sl_lidar_cmd.h:324:20:[m[K [01;35m[Kwarning: [m[KISO C++ forbids zero-size array ‘[01m[Kpayload[m[K’ [[01;35m[K-Wpedantic[m[K]
[3.449s]   324 |     sl_u8  payload[[01;35m[K0[m[K];
[3.449s]       |                    [01;35m[K^[m[K
[3.684s] In file included from [01m[K/microros_ws/sllidar_ros2/./sdk/src/arch/linux/arch_linux.h:42[m[K,
[3.684s]                  from [01m[K/microros_ws/sllidar_ros2/./sdk/src/sdkcommon.h:41[m[K,
[3.685s]                  from [01m[K/microros_ws/sllidar_ros2/sdk/src/arch/linux/net_socket.cpp:10[m[K:
[3.685s] [01m[K/microros_ws/sllidar_ros2/sdk/src/arch/linux/net_socket.cpp:[m[K In member function ‘[01m[Kvirtual u_result rp::arch::net::DGramSocketImpl::sendTo(const rp::net::SocketAddress*, const void*, size_t)[m[K’:
[3.685s] [01m[K/microros_ws/sllidar_ros2/sdk/src/arch/linux/net_socket.cpp:733:24:[m[K [01;35m[Kwarning: [m[Kcomparison of integer expressions of different signedness: ‘[01m[Kint[m[K’ and ‘[01m[Ksize_t[m[K’ {aka ‘[01m[Klong unsigned int[m[K’} [[01;35m[K-Wsign-compare[m[K]
[3.685s]   733 |             assert([01;35m[Kans == len[m[K);
[3.685s]       |                    [01;35m[K~~~~^~~~~~[m[K
[3.703s] [01m[K/microros_ws/sllidar_ros2/sdk/src/arch/linux/net_serial.cpp:[m[K In member function ‘[01m[Kbool rp::arch::net::raw_serial::open(const char*, uint32_t, uint32_t)[m[K’:
[3.703s] [01m[K/microros_ws/sllidar_ros2/sdk/src/arch/linux/net_serial.cpp:97:74:[m[K [01;35m[Kwarning: [m[Kunused parameter ‘[01m[Kflags[m[K’ [[01;35m[K-Wunused-parameter[m[K]
[3.703s]    97 | bool raw_serial::open(const char * portname, uint32_t baudrate, [01;35m[Kuint32_t flags[m[K)
[3.703s]       |                                                                 [01;35m[K~~~~~~~~~^~~~~[m[K
[3.704s] [01m[K/microros_ws/sllidar_ros2/sdk/src/arch/linux/net_serial.cpp:[m[K In member function ‘[01m[Kvirtual void rp::arch::net::raw_serial::flush(_u32)[m[K’:
[3.704s] [01m[K/microros_ws/sllidar_ros2/sdk/src/arch/linux/net_serial.cpp:281:30:[m[K [01;35m[Kwarning: [m[Kunused parameter ‘[01m[Kflags[m[K’ [[01;35m[K-Wunused-parameter[m[K]
[3.704s]   281 | void raw_serial::flush( [01;35m[K_u32 flags[m[K)
[3.704s]       |                         [01;35m[K~~~~~^~~~~[m[K
[3.704s] [01m[K/microros_ws/sllidar_ros2/sdk/src/arch/linux/net_serial.cpp:[m[K In member function ‘[01m[Kvirtual int rp::arch::net::raw_serial::waitforsent(_u32, size_t*)[m[K’:
[3.704s] [01m[K/microros_ws/sllidar_ros2/sdk/src/arch/linux/net_serial.cpp:286:34:[m[K [01;35m[Kwarning: [m[Kunused parameter ‘[01m[Ktimeout[m[K’ [[01;35m[K-Wunused-parameter[m[K]
[3.704s]   286 | int raw_serial::waitforsent([01;35m[K_u32 timeout[m[K, size_t * returned_size)
[3.704s]       |                             [01;35m[K~~~~~^~~~~~~[m[K
[3.704s] [01m[K/microros_ws/sllidar_ros2/sdk/src/arch/linux/net_serial.cpp:[m[K In member function ‘[01m[Kvirtual int rp::arch::net::raw_serial::waitforrecv(_u32, size_t*)[m[K’:
[3.705s] [01m[K/microros_ws/sllidar_ros2/sdk/src/arch/linux/net_serial.cpp:292:34:[m[K [01;35m[Kwarning: [m[Kunused parameter ‘[01m[Ktimeout[m[K’ [[01;35m[K-Wunused-parameter[m[K]
[3.705s]   292 | int raw_serial::waitforrecv([01;35m[K_u32 timeout[m[K, size_t * returned_size)
[3.705s]       |                             [01;35m[K~~~~~^~~~~~~[m[K
[3.707s] [01m[K/microros_ws/sllidar_ros2/sdk/src/arch/linux/net_serial.cpp:[m[K In member function ‘[01m[Kvirtual void rp::arch::net::raw_serial::cancelOperation()[m[K’:
[3.712s] [01m[K/microros_ws/sllidar_ros2/sdk/src/arch/linux/net_serial.cpp:427:5:[m[K [01;35m[Kwarning: [m[Kvalue computed is not used [[01;35m[K-Wunused-value[m[K]
[3.712s]   427 |     [01;35m[K(int)::write(_selfpipe[1], "x", 1)[m[K;
[3.712s]       |     [01;35m[K^~~~~~~~~~~~~~~~~~~~~~~~~~~~~~~~~~[m[K
[4.192s] [ 25%] [32mBuilding CXX object CMakeFiles/sllidar_node.dir/sdk/src/arch/linux/timer.cpp.o[0m
[4.195s] [ 30%] [32mBuilding CXX object CMakeFiles/sllidar_node.dir/sdk/src/dataunpacker/dataunpacker.cpp.o[0m
[5.736s] In file included from [01m[K/microros_ws/sllidar_ros2/./sdk/include/rplidar_protocol.h:36[m[K,
[5.736s]                  from [01m[K/microros_ws/sllidar_ros2/./sdk/include/rplidar.h:39[m[K,
[5.737s]                  from [01m[K/microros_ws/sllidar_ros2/./sdk/src/sdkcommon.h:49[m[K,
[5.737s]                  from [01m[K/microros_ws/sllidar_ros2/sdk/src/dataunpacker/dataunnpacker_commondef.h:41[m[K,
[5.737s]                  from [01m[K/microros_ws/sllidar_ros2/sdk/src/dataunpacker/dataunpacker.cpp:39[m[K:
[5.737s] [01m[K/microros_ws/sllidar_ros2/./sdk/include/sl_lidar_protocol.h:66:16:[m[K [01;35m[Kwarning: [m[KISO C++ forbids zero-size array ‘[01m[Kdata[m[K’ [[01;35m[K-Wpedantic[m[K]
[5.737s]    66 |     sl_u8 data[[01;35m[K0[m[K];
[5.737s]       |                [01;35m[K^[m[K
[5.737s] In file included from [01m[K/microros_ws/sllidar_ros2/./sdk/include/rplidar_cmd.h:36[m[K,
[5.737s]                  from [01m[K/microros_ws/sllidar_ros2/./sdk/include/rplidar.h:40[m[K,
[5.738s]                  from [01m[K/microros_ws/sllidar_ros2/./sdk/src/sdkcommon.h:49[m[K,
[5.738s]                  from [01m[K/microros_ws/sllidar_ros2/sdk/src/dataunpacker/dataunnpacker_commondef.h:41[m[K,
[5.738s]                  from [01m[K/microros_ws/sllidar_ros2/sdk/src/dataunpacker/dataunpacker.cpp:39[m[K:
[5.738s] [01m[K/microros_ws/sllidar_ros2/./sdk/include/sl_lidar_cmd.h:324:20:[m[K [01;35m[Kwarning: [m[KISO C++ forbids zero-size array ‘[01m[Kpayload[m[K’ [[01;35m[K-Wpedantic[m[K]
[5.738s]   324 |     sl_u8  payload[[01;35m[K0[m[K];
[5.738s]       |                    [01;35m[K^[m[K
[6.235s] In file included from [01m[K/microros_ws/sllidar_ros2/sdk/src/dataunpacker/dataunpacker.cpp:40[m[K:
[6.235s] [01m[K/microros_ws/sllidar_ros2/sdk/src/dataunpacker/dataunpacker.h:[m[K In member function ‘[01m[Kvirtual void sl::internal::LIDARSampleDataListener::onCustomSampleDataDecoded(_u8, _u32, const void*, size_t)[m[K’:
[6.235s] [01m[K/microros_ws/sllidar_ros2/sdk/src/dataunpacker/dataunpacker.h:54:52:[m[K [01;35m[Kwarning: [m[Kunused parameter ‘[01m[KansType[m[K’ [[01;35m[K-Wunused-parameter[m[K]
[6.236s]    54 |         virtual void onCustomSampleDataDecoded([01;35m[K_u8 ansType[m[K, _u32 customCode, const void* data, size_t size) {}
[6.236s]       |                                                [01;35m[K~~~~^~~~~~~[m[K
[6.236s] [01m[K/microros_ws/sllidar_ros2/sdk/src/dataunpacker/dataunpacker.h:54:66:[m[K [01;35m[Kwarning: [m[Kunused parameter ‘[01m[KcustomCode[m[K’ [[01;35m[K-Wunused-parameter[m[K]
[6.236s]    54 |         virtual void onCustomSampleDataDecoded(_u8 ansType, [01;35m[K_u32 customCode[m[K, const void* data, size_t size) {}
[6.236s]       |                                                             [01;35m[K~~~~~^~~~~~~~~~[m[K
[6.236s] [01m[K/microros_ws/sllidar_ros2/sdk/src/dataunpacker/dataunpacker.h:54:90:[m[K [01;35m[Kwarning: [m[Kunused parameter ‘[01m[Kdata[m[K’ [[01;35m[K-Wunused-parameter[m[K]
[6.236s]    54 |         virtual void onCustomSampleDataDecoded(_u8 ansType, _u32 customCode, [01;35m[Kconst void* data[m[K, size_t size) {}
[6.236s]       |                                                                              [01;35m[K~~~~~~~~~~~~^~~~[m[K
[6.236s] [01m[K/microros_ws/sllidar_ros2/sdk/src/dataunpacker/dataunpacker.h:54:103:[m[K [01;35m[Kwarning: [m[Kunused parameter ‘[01m[Ksize[m[K’ [[01;35m[K-Wunused-parameter[m[K]
[6.237s]    54 |         virtual void onCustomSampleDataDecoded(_u8 ansType, _u32 customCode, const void* data, [01;35m[Ksize_t size[m[K) {}
[6.237s]       |                                                                                                [01;35m[K~~~~~~~^~~~[m[K
[6.237s] [01m[K/microros_ws/sllidar_ros2/sdk/src/dataunpacker/dataunpacker.h:[m[K In member function ‘[01m[Kvirtual void sl::internal::LIDARSampleDataListener::onDecodingError(int, _u8, const void*, size_t)[m[K’:
[6.237s] [01m[K/microros_ws/sllidar_ros2/sdk/src/dataunpacker/dataunpacker.h:56:42:[m[K [01;35m[Kwarning: [m[Kunused parameter ‘[01m[KerrMsg[m[K’ [[01;35m[K-Wunused-parameter[m[K]
[6.237s]    56 |         virtual void onDecodingError([01;35m[Kint errMsg[m[K, _u8 ansType, const void* payload, size_t size) {}
[6.237s]       |                                      [01;35m[K~~~~^~~~~~[m[K
[6.237s] [01m[K/microros_ws/sllidar_ros2/sdk/src/dataunpacker/dataunpacker.h:56:54:[m[K [01;35m[Kwarning: [m[Kunused parameter ‘[01m[KansType[m[K’ [[01;35m[K-Wunused-parameter[m[K]
[6.237s]    56 |         virtual void onDecodingError(int errMsg, [01;35m[K_u8 ansType[m[K, const void* payload, size_t size) {}
[6.237s]       |                                                  [01;35m[K~~~~^~~~~~~[m[K
[6.237s] [01m[K/microros_ws/sllidar_ros2/sdk/src/dataunpacker/dataunpacker.h:56:75:[m[K [01;35m[Kwarning: [m[Kunused parameter ‘[01m[Kpayload[m[K’ [[01;35m[K-Wunused-parameter[m[K]
[6.238s]    56 |         virtual void onDecodingError(int errMsg, _u8 ansType, [01;35m[Kconst void* payload[m[K, size_t size) {}
[6.247s]       |                                                               [01;35m[K~~~~~~~~~~~~^~~~~~~[m[K
[6.247s] [01m[K/microros_ws/sllidar_ros2/sdk/src/dataunpacker/dataunpacker.h:56:91:[m[K [01;35m[Kwarning: [m[Kunused parameter ‘[01m[Ksize[m[K’ [[01;35m[K-Wunused-parameter[m[K]
[6.247s]    56 |         virtual void onDecodingError(int errMsg, _u8 ansType, const void* payload, [01;35m[Ksize_t size[m[K) {}
[6.247s]       |                                                                                    [01;35m[K~~~~~~~^~~~[m[K
[6.281s] [ 35%] [32mBuilding CXX object CMakeFiles/sllidar_node.dir/sdk/src/dataunpacker/unpacker/handler_capsules.cpp.o[0m
[6.937s] [ 40%] [32mBuilding CXX object CMakeFiles/sllidar_node.dir/sdk/src/dataunpacker/unpacker/handler_hqnode.cpp.o[0m
[7.999s] In file included from [01m[K/microros_ws/sllidar_ros2/./sdk/include/rplidar_protocol.h:36[m[K,
[8.000s]                  from [01m[K/microros_ws/sllidar_ros2/./sdk/include/rplidar.h:39[m[K,
[8.008s]                  from [01m[K/microros_ws/sllidar_ros2/./sdk/src/sdkcommon.h:49[m[K,
[8.009s]                  from [01m[K/microros_ws/sllidar_ros2/sdk/src/dataunpacker/unpacker/../dataunnpacker_commondef.h:41[m[K,
[8.009s]                  from [01m[K/microros_ws/sllidar_ros2/sdk/src/dataunpacker/unpacker/handler_capsules.cpp:39[m[K:
[8.009s] [01m[K/microros_ws/sllidar_ros2/./sdk/include/sl_lidar_protocol.h:66:16:[m[K [01;35m[Kwarning: [m[KISO C++ forbids zero-size array ‘[01m[Kdata[m[K’ [[01;35m[K-Wpedantic[m[K]
[8.009s]    66 |     sl_u8 data[[01;35m[K0[m[K];
[8.009s]       |                [01;35m[K^[m[K
[8.009s] In file included from [01m[K/microros_ws/sllidar_ros2/./sdk/include/rplidar_cmd.h:36[m[K,
[8.009s]                  from [01m[K/microros_ws/sllidar_ros2/./sdk/include/rplidar.h:40[m[K,
[8.010s]                  from [01m[K/microros_ws/sllidar_ros2/./sdk/src/sdkcommon.h:49[m[K,
[8.010s]                  from [01m[K/microros_ws/sllidar_ros2/sdk/src/dataunpacker/unpacker/../dataunnpacker_commondef.h:41[m[K,
[8.010s]                  from [01m[K/microros_ws/sllidar_ros2/sdk/src/dataunpacker/unpacker/handler_capsules.cpp:39[m[K:
[8.010s] [01m[K/microros_ws/sllidar_ros2/./sdk/include/sl_lidar_cmd.h:324:20:[m[K [01;35m[Kwarning: [m[KISO C++ forbids zero-size array ‘[01m[Kpayload[m[K’ [[01;35m[K-Wpedantic[m[K]
[8.010s]   324 |     sl_u8  payload[[01;35m[K0[m[K];
[8.010s]       |                    [01;35m[K^[m[K
[8.935s] In file included from [01m[K/microros_ws/sllidar_ros2/sdk/src/dataunpacker/unpacker/handler_capsules.cpp:40[m[K:
[8.935s] [01m[K/microros_ws/sllidar_ros2/sdk/src/dataunpacker/unpacker/../dataunpacker.h:[m[K In member function ‘[01m[Kvirtual void sl::internal::LIDARSampleDataListener::onCustomSampleDataDecoded(_u8, _u32, const void*, size_t)[m[K’:
[8.936s] [01m[K/microros_ws/sllidar_ros2/sdk/src/dataunpacker/unpacker/../dataunpacker.h:54:52:[m[K [01;35m[Kwarning: [m[Kunused parameter ‘[01m[KansType[m[K’ [[01;35m[K-Wunused-parameter[m[K]
[8.936s]    54 |         virtual void onCustomSampleDataDecoded([01;35m[K_u8 ansType[m[K, _u32 customCode, const void* data, size_t size) {}
[8.936s]       |                                                [01;35m[K~~~~^~~~~~~[m[K
[8.936s] [01m[K/microros_ws/sllidar_ros2/sdk/src/dataunpacker/unpacker/../dataunpacker.h:54:66:[m[K [01;35m[Kwarning: [m[Kunused parameter ‘[01m[KcustomCode[m[K’ [[01;35m[K-Wunused-parameter[m[K]
[8.936s]    54 |         virtual void onCustomSampleDataDecoded(_u8 ansType, [01;35m[K_u32 customCode[m[K, const void* data, size_t size) {}
[8.936s]       |                                                             [01;35m[K~~~~~^~~~~~~~~~[m[K
[8.937s] [01m[K/microros_ws/sllidar_ros2/sdk/src/dataunpacker/unpacker/../dataunpacker.h:54:90:[m[K [01;35m[Kwarning: [m[Kunused parameter ‘[01m[Kdata[m[K’ [[01;35m[K-Wunused-parameter[m[K]
[8.937s]    54 |         virtual void onCustomSampleDataDecoded(_u8 ansType, _u32 customCode, [01;35m[Kconst void* data[m[K, size_t size) {}
[8.937s]       |                                                                              [01;35m[K~~~~~~~~~~~~^~~~[m[K
[8.937s] [01m[K/microros_ws/sllidar_ros2/sdk/src/dataunpacker/unpacker/../dataunpacker.h:54:103:[m[K [01;35m[Kwarning: [m[Kunused parameter ‘[01m[Ksize[m[K’ [[01;35m[K-Wunused-parameter[m[K]
[8.937s]    54 |         virtual void onCustomSampleDataDecoded(_u8 ansType, _u32 customCode, const void* data, [01;35m[Ksize_t size[m[K) {}
[8.937s]       |                                                                                                [01;35m[K~~~~~~~^~~~[m[K
[8.938s] [01m[K/microros_ws/sllidar_ros2/sdk/src/dataunpacker/unpacker/../dataunpacker.h:[m[K In member function ‘[01m[Kvirtual void sl::internal::LIDARSampleDataListener::onDecodingError(int, _u8, const void*, size_t)[m[K’:
[8.941s] [01m[K/microros_ws/sllidar_ros2/sdk/src/dataunpacker/unpacker/../dataunpacker.h:56:42:[m[K [01;35m[Kwarning: [m[Kunused parameter ‘[01m[KerrMsg[m[K’ [[01;35m[K-Wunused-parameter[m[K]
[8.941s]    56 |         virtual void onDecodingError([01;35m[Kint errMsg[m[K, _u8 ansType, const void* payload, size_t size) {}
[8.941s]       |                                      [01;35m[K~~~~^~~~~~[m[K
[8.941s] [01m[K/microros_ws/sllidar_ros2/sdk/src/dataunpacker/unpacker/../dataunpacker.h:56:54:[m[K [01;35m[Kwarning: [m[Kunused parameter ‘[01m[KansType[m[K’ [[01;35m[K-Wunused-parameter[m[K]
[8.941s]    56 |         virtual void onDecodingError(int errMsg, [01;35m[K_u8 ansType[m[K, const void* payload, size_t size) {}
[8.942s]       |                                                  [01;35m[K~~~~^~~~~~~[m[K
[8.942s] [01m[K/microros_ws/sllidar_ros2/sdk/src/dataunpacker/unpacker/../dataunpacker.h:56:75:[m[K [01;35m[Kwarning: [m[Kunused parameter ‘[01m[Kpayload[m[K’ [[01;35m[K-Wunused-parameter[m[K]
[8.942s]    56 |         virtual void onDecodingError(int errMsg, _u8 ansType, [01;35m[Kconst void* payload[m[K, size_t size) {}
[8.942s]       |                                                               [01;35m[K~~~~~~~~~~~~^~~~~~~[m[K
[8.942s] [01m[K/microros_ws/sllidar_ros2/sdk/src/dataunpacker/unpacker/../dataunpacker.h:56:91:[m[K [01;35m[Kwarning: [m[Kunused parameter ‘[01m[Ksize[m[K’ [[01;35m[K-Wunused-parameter[m[K]
[8.942s]    56 |         virtual void onDecodingError(int errMsg, _u8 ansType, const void* payload, [01;35m[Ksize_t size[m[K) {}
[8.942s]       |                                                                                    [01;35m[K~~~~~~~^~~~[m[K
[8.978s] [01m[K/microros_ws/sllidar_ros2/sdk/src/dataunpacker/unpacker/handler_capsules.cpp:[m[K In member function ‘[01m[Kvoid sl::internal::unpacker::UnpackerHandler_DenseCapsuleNode::_onScanNodeDenseCapsuleData(rplidar_response_dense_capsule_measurement_nodes_t&, sl::internal::LIDARSampleDataUnpackerInner*)[m[K’:
[8.978s] [01m[K/microros_ws/sllidar_ros2/sdk/src/dataunpacker/unpacker/handler_capsules.cpp:763:30:[m[K [01;35m[Kwarning: [m[Ktype qualifiers ignored on cast result type [[01;35m[K-Wignored-qualifiers[m[K]
[8.979s]   763 |             const int dist = [01;35m[Kstatic_cast<const int>(_cached_previous_dense_capsuledata.cabins[pos].distance)[m[K;
[8.979s]       |                              [01;35m[K^~~~~~~~~~~~~~~~~~~~~~~~~~~~~~~~~~~~~~~~~~~~~~~~~~~~~~~~~~~~~~~~~~~~~~~~~~~~~~~[m[K
[9.374s] In file included from [01m[K/microros_ws/sllidar_ros2/./sdk/include/rplidar_protocol.h:36[m[K,
[9.381s]                  from [01m[K/microros_ws/sllidar_ros2/./sdk/include/rplidar.h:39[m[K,
[9.381s]                  from [01m[K/microros_ws/sllidar_ros2/./sdk/src/sdkcommon.h:49[m[K,
[9.382s]                  from [01m[K/microros_ws/sllidar_ros2/sdk/src/dataunpacker/unpacker/../dataunnpacker_commondef.h:41[m[K,
[9.382s]                  from [01m[K/microros_ws/sllidar_ros2/sdk/src/dataunpacker/unpacker/handler_hqnode.cpp:39[m[K:
[9.382s] [01m[K/microros_ws/sllidar_ros2/./sdk/include/sl_lidar_protocol.h:66:16:[m[K [01;35m[Kwarning: [m[KISO C++ forbids zero-size array ‘[01m[Kdata[m[K’ [[01;35m[K-Wpedantic[m[K]
[9.382s]    66 |     sl_u8 data[[01;35m[K0[m[K];
[9.382s]       |                [01;35m[K^[m[K
[9.388s] In file included from [01m[K/microros_ws/sllidar_ros2/./sdk/include/rplidar_cmd.h:36[m[K,
[9.388s]                  from [01m[K/microros_ws/sllidar_ros2/./sdk/include/rplidar.h:40[m[K,
[9.388s]                  from [01m[K/microros_ws/sllidar_ros2/./sdk/src/sdkcommon.h:49[m[K,
[9.389s]                  from [01m[K/microros_ws/sllidar_ros2/sdk/src/dataunpacker/unpacker/../dataunnpacker_commondef.h:41[m[K,
[9.389s]                  from [01m[K/microros_ws/sllidar_ros2/sdk/src/dataunpacker/unpacker/handler_hqnode.cpp:39[m[K:
[9.389s] [01m[K/microros_ws/sllidar_ros2/./sdk/include/sl_lidar_cmd.h:324:20:[m[K [01;35m[Kwarning: [m[KISO C++ forbids zero-size array ‘[01m[Kpayload[m[K’ [[01;35m[K-Wpedantic[m[K]
[9.389s]   324 |     sl_u8  payload[[01;35m[K0[m[K];
[9.389s]       |                    [01;35m[K^[m[K
[10.006s] [ 45%] [32mBuilding CXX object CMakeFiles/sllidar_node.dir/sdk/src/dataunpacker/unpacker/handler_normalnode.cpp.o[0m
[10.326s] In file included from [01m[K/microros_ws/sllidar_ros2/sdk/src/dataunpacker/unpacker/handler_hqnode.cpp:40[m[K:
[10.327s] [01m[K/microros_ws/sllidar_ros2/sdk/src/dataunpacker/unpacker/../dataunpacker.h:[m[K In member function ‘[01m[Kvirtual void sl::internal::LIDARSampleDataListener::onCustomSampleDataDecoded(_u8, _u32, const void*, size_t)[m[K’:
[10.327s] [01m[K/microros_ws/sllidar_ros2/sdk/src/dataunpacker/unpacker/../dataunpacker.h:54:52:[m[K [01;35m[Kwarning: [m[Kunused parameter ‘[01m[KansType[m[K’ [[01;35m[K-Wunused-parameter[m[K]
[10.327s]    54 |         virtual void onCustomSampleDataDecoded([01;35m[K_u8 ansType[m[K, _u32 customCode, const void* data, size_t size) {}
[10.327s]       |                                                [01;35m[K~~~~^~~~~~~[m[K
[10.327s] [01m[K/microros_ws/sllidar_ros2/sdk/src/dataunpacker/unpacker/../dataunpacker.h:54:66:[m[K [01;35m[Kwarning: [m[Kunused parameter ‘[01m[KcustomCode[m[K’ [[01;35m[K-Wunused-parameter[m[K]
[10.327s]    54 |         virtual void onCustomSampleDataDecoded(_u8 ansType, [01;35m[K_u32 customCode[m[K, const void* data, size_t size) {}
[10.327s]       |                                                             [01;35m[K~~~~~^~~~~~~~~~[m[K
[10.327s] [01m[K/microros_ws/sllidar_ros2/sdk/src/dataunpacker/unpacker/../dataunpacker.h:54:90:[m[K [01;35m[Kwarning: [m[Kunused parameter ‘[01m[Kdata[m[K’ [[01;35m[K-Wunused-parameter[m[K]
[10.327s]    54 |         virtual void onCustomSampleDataDecoded(_u8 ansType, _u32 customCode, [01;35m[Kconst void* data[m[K, size_t size) {}
[10.327s]       |                                                                              [01;35m[K~~~~~~~~~~~~^~~~[m[K
[10.327s] [01m[K/microros_ws/sllidar_ros2/sdk/src/dataunpacker/unpacker/../dataunpacker.h:54:103:[m[K [01;35m[Kwarning: [m[Kunused parameter ‘[01m[Ksize[m[K’ [[01;35m[K-Wunused-parameter[m[K]
[10.328s]    54 |         virtual void onCustomSampleDataDecoded(_u8 ansType, _u32 customCode, const void* data, [01;35m[Ksize_t size[m[K) {}
[10.328s]       |                                                                                                [01;35m[K~~~~~~~^~~~[m[K
[10.328s] [01m[K/microros_ws/sllidar_ros2/sdk/src/dataunpacker/unpacker/../dataunpacker.h:[m[K In member function ‘[01m[Kvirtual void sl::internal::LIDARSampleDataListener::onDecodingError(int, _u8, const void*, size_t)[m[K’:
[10.328s] [01m[K/microros_ws/sllidar_ros2/sdk/src/dataunpacker/unpacker/../dataunpacker.h:56:42:[m[K [01;35m[Kwarning: [m[Kunused parameter ‘[01m[KerrMsg[m[K’ [[01;35m[K-Wunused-parameter[m[K]
[10.328s]    56 |         virtual void onDecodingError([01;35m[Kint errMsg[m[K, _u8 ansType, const void* payload, size_t size) {}
[10.328s]       |                                      [01;35m[K~~~~^~~~~~[m[K
[10.328s] [01m[K/microros_ws/sllidar_ros2/sdk/src/dataunpacker/unpacker/../dataunpacker.h:56:54:[m[K [01;35m[Kwarning: [m[Kunused parameter ‘[01m[KansType[m[K’ [[01;35m[K-Wunused-parameter[m[K]
[10.328s]    56 |         virtual void onDecodingError(int errMsg, [01;35m[K_u8 ansType[m[K, const void* payload, size_t size) {}
[10.328s]       |                                                  [01;35m[K~~~~^~~~~~~[m[K
[10.328s] [01m[K/microros_ws/sllidar_ros2/sdk/src/dataunpacker/unpacker/../dataunpacker.h:56:75:[m[K [01;35m[Kwarning: [m[Kunused parameter ‘[01m[Kpayload[m[K’ [[01;35m[K-Wunused-parameter[m[K]
[10.328s]    56 |         virtual void onDecodingError(int errMsg, _u8 ansType, [01;35m[Kconst void* payload[m[K, size_t size) {}
[10.328s]       |                                                               [01;35m[K~~~~~~~~~~~~^~~~~~~[m[K
[10.329s] [01m[K/microros_ws/sllidar_ros2/sdk/src/dataunpacker/unpacker/../dataunpacker.h:56:91:[m[K [01;35m[Kwarning: [m[Kunused parameter ‘[01m[Ksize[m[K’ [[01;35m[K-Wunused-parameter[m[K]
[10.329s]    56 |         virtual void onDecodingError(int errMsg, _u8 ansType, const void* payload, [01;35m[Ksize_t size[m[K) {}
[10.334s]       |                                                                                    [01;35m[K~~~~~~~^~~~[m[K
[10.784s] [ 50%] [32mBuilding CXX object CMakeFiles/sllidar_node.dir/sdk/src/hal/thread.cpp.o[0m
[12.149s] In file included from [01m[K/microros_ws/sllidar_ros2/./sdk/include/rplidar_protocol.h:36[m[K,
[12.150s]                  from [01m[K/microros_ws/sllidar_ros2/./sdk/include/rplidar.h:39[m[K,
[12.150s]                  from [01m[K/microros_ws/sllidar_ros2/./sdk/src/sdkcommon.h:49[m[K,
[12.150s]                  from [01m[K/microros_ws/sllidar_ros2/sdk/src/dataunpacker/unpacker/../dataunnpacker_commondef.h:41[m[K,
[12.150s]                  from [01m[K/microros_ws/sllidar_ros2/sdk/src/dataunpacker/unpacker/handler_normalnode.cpp:39[m[K:
[12.150s] [01m[K/microros_ws/sllidar_ros2/./sdk/include/sl_lidar_protocol.h:66:16:[m[K [01;35m[Kwarning: [m[KISO C++ forbids zero-size array ‘[01m[Kdata[m[K’ [[01;35m[K-Wpedantic[m[K]
[12.150s]    66 |     sl_u8 data[[01;35m[K0[m[K];
[12.150s]       |                [01;35m[K^[m[K
[12.159s] In file included from [01m[K/microros_ws/sllidar_ros2/./sdk/include/rplidar_cmd.h:36[m[K,
[12.159s]                  from [01m[K/microros_ws/sllidar_ros2/./sdk/include/rplidar.h:40[m[K,
[12.159s]                  from [01m[K/microros_ws/sllidar_ros2/./sdk/src/sdkcommon.h:49[m[K,
[12.160s]                  from [01m[K/microros_ws/sllidar_ros2/sdk/src/dataunpacker/unpacker/../dataunnpacker_commondef.h:41[m[K,
[12.160s]                  from [01m[K/microros_ws/sllidar_ros2/sdk/src/dataunpacker/unpacker/handler_normalnode.cpp:39[m[K:
[12.160s] [01m[K/microros_ws/sllidar_ros2/./sdk/include/sl_lidar_cmd.h:324:20:[m[K [01;35m[Kwarning: [m[KISO C++ forbids zero-size array ‘[01m[Kpayload[m[K’ [[01;35m[K-Wpedantic[m[K]
[12.160s]   324 |     sl_u8  payload[[01;35m[K0[m[K];
[12.160s]       |                    [01;35m[K^[m[K
[12.447s] In file included from [01m[K/microros_ws/sllidar_ros2/./sdk/include/rplidar_protocol.h:36[m[K,
[12.447s]                  from [01m[K/microros_ws/sllidar_ros2/./sdk/include/rplidar.h:39[m[K,
[12.447s]                  from [01m[K/microros_ws/sllidar_ros2/./sdk/src/sdkcommon.h:49[m[K,
[12.447s]                  from [01m[K/microros_ws/sllidar_ros2/sdk/src/hal/thread.cpp:35[m[K:
[12.447s] [01m[K/microros_ws/sllidar_ros2/./sdk/include/sl_lidar_protocol.h:66:16:[m[K [01;35m[Kwarning: [m[KISO C++ forbids zero-size array ‘[01m[Kdata[m[K’ [[01;35m[K-Wpedantic[m[K]
[12.447s]    66 |     sl_u8 data[[01;35m[K0[m[K];
[12.448s]       |                [01;35m[K^[m[K
[12.455s] In file included from [01m[K/microros_ws/sllidar_ros2/./sdk/include/rplidar_cmd.h:36[m[K,
[12.455s]                  from [01m[K/microros_ws/sllidar_ros2/./sdk/include/rplidar.h:40[m[K,
[12.456s]                  from [01m[K/microros_ws/sllidar_ros2/./sdk/src/sdkcommon.h:49[m[K,
[12.456s]                  from [01m[K/microros_ws/sllidar_ros2/sdk/src/hal/thread.cpp:35[m[K:
[12.456s] [01m[K/microros_ws/sllidar_ros2/./sdk/include/sl_lidar_cmd.h:324:20:[m[K [01;35m[Kwarning: [m[KISO C++ forbids zero-size array ‘[01m[Kpayload[m[K’ [[01;35m[K-Wpedantic[m[K]
[12.456s]   324 |     sl_u8  payload[[01;35m[K0[m[K];
[12.456s]       |                    [01;35m[K^[m[K
[12.799s] In file included from [01m[K/microros_ws/sllidar_ros2/sdk/src/hal/thread.cpp:43[m[K:
[12.800s] [01m[K/microros_ws/sllidar_ros2/./sdk/src/arch/linux/thread.hpp:[m[K In static member function ‘[01m[Kstatic rp::hal::Thread rp::hal::Thread::create(thread_proc_t, void*)[m[K’:
[12.800s] [01m[K/microros_ws/sllidar_ros2/./sdk/src/arch/linux/thread.hpp:52:57:[m[K [01;35m[Kwarning: [m[Kcast between incompatible function types from ‘[01m[Kthread_proc_t[m[K’ {aka ‘[01m[Klong unsigned int (*)(void*)[m[K’} to ‘[01m[Kvoid* (*)(void*)[m[K’ [[01;35m[K-Wcast-function-type[m[K]
[12.801s]    52 |     pthread_create((pthread_t *)&newborn._handle, NULL, [01;35m[K(void * (*)(void *))proc[m[K, data);
[12.801s]       |                                                         [01;35m[K^~~~~~~~~~~~~~~~~~~~~~~~[m[K
[12.811s] [01m[K/microros_ws/sllidar_ros2/./sdk/src/arch/linux/thread.hpp:[m[K In member function ‘[01m[Ku_result rp::hal::Thread::join(long unsigned int)[m[K’:
[12.811s] [01m[K/microros_ws/sllidar_ros2/./sdk/src/arch/linux/thread.hpp:176:37:[m[K [01;35m[Kwarning: [m[Kunused parameter ‘[01m[Ktimeout[m[K’ [[01;35m[K-Wunused-parameter[m[K]
[12.811s]   176 | u_result Thread::join([01;35m[Kunsigned long timeout[m[K)
[12.812s]       |                       [01;35m[K~~~~~~~~~~~~~~^~~~~~~[m[K
[13.246s] In file included from [01m[K/microros_ws/sllidar_ros2/sdk/src/dataunpacker/unpacker/handler_normalnode.cpp:40[m[K:
[13.248s] [01m[K/microros_ws/sllidar_ros2/sdk/src/dataunpacker/unpacker/../dataunpacker.h:[m[K In member function ‘[01m[Kvirtual void sl::internal::LIDARSampleDataListener::onCustomSampleDataDecoded(_u8, _u32, const void*, size_t)[m[K’:
[13.248s] [01m[K/microros_ws/sllidar_ros2/sdk/src/dataunpacker/unpacker/../dataunpacker.h:54:52:[m[K [01;35m[Kwarning: [m[Kunused parameter ‘[01m[KansType[m[K’ [[01;35m[K-Wunused-parameter[m[K]
[13.248s]    54 |         virtual void onCustomSampleDataDecoded([01;35m[K_u8 ansType[m[K, _u32 customCode, const void* data, size_t size) {}
[13.249s]       |                                                [01;35m[K~~~~^~~~~~~[m[K
[13.249s] [01m[K/microros_ws/sllidar_ros2/sdk/src/dataunpacker/unpacker/../dataunpacker.h:54:66:[m[K [01;35m[Kwarning: [m[Kunused parameter ‘[01m[KcustomCode[m[K’ [[01;35m[K-Wunused-parameter[m[K]
[13.249s]    54 |         virtual void onCustomSampleDataDecoded(_u8 ansType, [01;35m[K_u32 customCode[m[K, const void* data, size_t size) {}
[13.249s]       |                                                             [01;35m[K~~~~~^~~~~~~~~~[m[K
[13.254s] [01m[K/microros_ws/sllidar_ros2/sdk/src/dataunpacker/unpacker/../dataunpacker.h:54:90:[m[K [01;35m[Kwarning: [m[Kunused parameter ‘[01m[Kdata[m[K’ [[01;35m[K-Wunused-parameter[m[K]
[13.254s]    54 |         virtual void onCustomSampleDataDecoded(_u8 ansType, _u32 customCode, [01;35m[Kconst void* data[m[K, size_t size) {}
[13.254s]       |                                                                              [01;35m[K~~~~~~~~~~~~^~~~[m[K
[13.254s] [01m[K/microros_ws/sllidar_ros2/sdk/src/dataunpacker/unpacker/../dataunpacker.h:54:103:[m[K [01;35m[Kwarning: [m[Kunused parameter ‘[01m[Ksize[m[K’ [[01;35m[K-Wunused-parameter[m[K]
[13.255s]    54 |         virtual void onCustomSampleDataDecoded(_u8 ansType, _u32 customCode, const void* data, [01;35m[Ksize_t size[m[K) {}
[13.255s]       |                                                                                                [01;35m[K~~~~~~~^~~~[m[K
[13.255s] [01m[K/microros_ws/sllidar_ros2/sdk/src/dataunpacker/unpacker/../dataunpacker.h:[m[K In member function ‘[01m[Kvirtual void sl::internal::LIDARSampleDataListener::onDecodingError(int, _u8, const void*, size_t)[m[K’:
[13.255s] [01m[K/microros_ws/sllidar_ros2/sdk/src/dataunpacker/unpacker/../dataunpacker.h:56:42:[m[K [01;35m[Kwarning: [m[Kunused parameter ‘[01m[KerrMsg[m[K’ [[01;35m[K-Wunused-parameter[m[K]
[13.255s]    56 |         virtual void onDecodingError([01;35m[Kint errMsg[m[K, _u8 ansType, const void* payload, size_t size) {}
[13.255s]       |                                      [01;35m[K~~~~^~~~~~[m[K
[13.255s] [01m[K/microros_ws/sllidar_ros2/sdk/src/dataunpacker/unpacker/../dataunpacker.h:56:54:[m[K [01;35m[Kwarning: [m[Kunused parameter ‘[01m[KansType[m[K’ [[01;35m[K-Wunused-parameter[m[K]
[13.255s]    56 |         virtual void onDecodingError(int errMsg, [01;35m[K_u8 ansType[m[K, const void* payload, size_t size) {}
[13.255s]       |                                                  [01;35m[K~~~~^~~~~~~[m[K
[13.255s] [01m[K/microros_ws/sllidar_ros2/sdk/src/dataunpacker/unpacker/../dataunpacker.h:56:75:[m[K [01;35m[Kwarning: [m[Kunused parameter ‘[01m[Kpayload[m[K’ [[01;35m[K-Wunused-parameter[m[K]
[13.256s]    56 |         virtual void onDecodingError(int errMsg, _u8 ansType, [01;35m[Kconst void* payload[m[K, size_t size) {}
[13.256s]       |                                                               [01;35m[K~~~~~~~~~~~~^~~~~~~[m[K
[13.256s] [01m[K/microros_ws/sllidar_ros2/sdk/src/dataunpacker/unpacker/../dataunpacker.h:56:91:[m[K [01;35m[Kwarning: [m[Kunused parameter ‘[01m[Ksize[m[K’ [[01;35m[K-Wunused-parameter[m[K]
[13.256s]    56 |         virtual void onDecodingError(int errMsg, _u8 ansType, const void* payload, [01;35m[Ksize_t size[m[K) {}
[13.256s]       |                                                                                    [01;35m[K~~~~~~~^~~~[m[K
[13.335s] [ 55%] [32mBuilding CXX object CMakeFiles/sllidar_node.dir/sdk/src/rplidar_driver.cpp.o[0m
[13.886s] [ 60%] [32mBuilding CXX object CMakeFiles/sllidar_node.dir/sdk/src/sl_async_transceiver.cpp.o[0m
[15.180s] In file included from [01m[K/microros_ws/sllidar_ros2/./sdk/include/rplidar_protocol.h:36[m[K,
[15.181s]                  from [01m[K/microros_ws/sllidar_ros2/./sdk/include/rplidar.h:39[m[K,
[15.181s]                  from [01m[K/microros_ws/sllidar_ros2/sdk/src/sdkcommon.h:49[m[K,
[15.181s]                  from [01m[K/microros_ws/sllidar_ros2/sdk/src/sl_async_transceiver.cpp:35[m[K:
[15.181s] [01m[K/microros_ws/sllidar_ros2/./sdk/include/sl_lidar_protocol.h:66:16:[m[K [01;35m[Kwarning: [m[KISO C++ forbids zero-size array ‘[01m[Kdata[m[K’ [[01;35m[K-Wpedantic[m[K]
[15.181s]    66 |     sl_u8 data[[01;35m[K0[m[K];
[15.181s]       |                [01;35m[K^[m[K
[15.187s] In file included from [01m[K/microros_ws/sllidar_ros2/./sdk/include/rplidar_cmd.h:36[m[K,
[15.187s]                  from [01m[K/microros_ws/sllidar_ros2/./sdk/include/rplidar.h:40[m[K,
[15.187s]                  from [01m[K/microros_ws/sllidar_ros2/sdk/src/sdkcommon.h:49[m[K,
[15.187s]                  from [01m[K/microros_ws/sllidar_ros2/sdk/src/sl_async_transceiver.cpp:35[m[K:
[15.188s] [01m[K/microros_ws/sllidar_ros2/./sdk/include/sl_lidar_cmd.h:324:20:[m[K [01;35m[Kwarning: [m[KISO C++ forbids zero-size array ‘[01m[Kpayload[m[K’ [[01;35m[K-Wpedantic[m[K]
[15.191s]   324 |     sl_u8  payload[[01;35m[K0[m[K];
[15.191s]       |                    [01;35m[K^[m[K
[15.381s] In file included from [01m[K/microros_ws/sllidar_ros2/./sdk/include/rplidar_protocol.h:36[m[K,
[15.381s]                  from [01m[K/microros_ws/sllidar_ros2/./sdk/include/rplidar.h:39[m[K,
[15.381s]                  from [01m[K/microros_ws/sllidar_ros2/sdk/src/sdkcommon.h:49[m[K,
[15.381s]                  from [01m[K/microros_ws/sllidar_ros2/sdk/src/rplidar_driver.cpp:33[m[K:
[15.382s] [01m[K/microros_ws/sllidar_ros2/./sdk/include/sl_lidar_protocol.h:66:16:[m[K [01;35m[Kwarning: [m[KISO C++ forbids zero-size array ‘[01m[Kdata[m[K’ [[01;35m[K-Wpedantic[m[K]
[15.382s]    66 |     sl_u8 data[[01;35m[K0[m[K];
[15.382s]       |                [01;35m[K^[m[K
[15.382s] In file included from [01m[K/microros_ws/sllidar_ros2/./sdk/include/rplidar_cmd.h:36[m[K,
[15.382s]                  from [01m[K/microros_ws/sllidar_ros2/./sdk/include/rplidar.h:40[m[K,
[15.382s]                  from [01m[K/microros_ws/sllidar_ros2/sdk/src/sdkcommon.h:49[m[K,
[15.382s]                  from [01m[K/microros_ws/sllidar_ros2/sdk/src/rplidar_driver.cpp:33[m[K:
[15.383s] [01m[K/microros_ws/sllidar_ros2/./sdk/include/sl_lidar_cmd.h:324:20:[m[K [01;35m[Kwarning: [m[KISO C++ forbids zero-size array ‘[01m[Kpayload[m[K’ [[01;35m[K-Wpedantic[m[K]
[15.383s]   324 |     sl_u8  payload[[01;35m[K0[m[K];
[15.383s]       |                    [01;35m[K^[m[K
[15.470s] In file included from [01m[K/microros_ws/sllidar_ros2/sdk/src/sl_async_transceiver.cpp:44[m[K:
[15.471s] [01m[K/microros_ws/sllidar_ros2/sdk/src/sl_async_transceiver.h:[m[K In member function ‘[01m[Kvirtual void sl::internal::IAsyncProtocolCodec::onChannelError(u_result)[m[K’:
[15.471s] [01m[K/microros_ws/sllidar_ros2/sdk/src/sl_async_transceiver.h:90:48:[m[K [01;35m[Kwarning: [m[Kunused parameter ‘[01m[KerrCode[m[K’ [[01;35m[K-Wunused-parameter[m[K]
[15.471s]    90 |         virtual void   onChannelError([01;35m[Ku_result errCode[m[K) {}
[15.471s]       |                                       [01;35m[K~~~~~~~~~^~~~~~~[m[K
[15.560s] In file included from [01m[K/microros_ws/sllidar_ros2/./sdk/include/sl_lidar_cmd.h:41[m[K,
[15.560s]                  from [01m[K/microros_ws/sllidar_ros2/./sdk/include/sl_lidar_driver.h:54[m[K,
[15.560s]                  from [01m[K/microros_ws/sllidar_ros2/./sdk/include/sl_lidar.h:36[m[K,
[15.560s]                  from [01m[K/microros_ws/sllidar_ros2/src/sllidar_node.cpp:38[m[K:
[15.560s] [01m[K/microros_ws/sllidar_ros2/./sdk/include/sl_lidar_protocol.h:66:16:[m[K [01;35m[Kwarning: [m[KISO C++ forbids zero-size array ‘[01m[Kdata[m[K’ [[01;35m[K-Wpedantic[m[K]
[15.561s]    66 |     sl_u8 data[[01;35m[K0[m[K];
[15.561s]       |                [01;35m[K^[m[K
[15.561s] In file included from [01m[K/microros_ws/sllidar_ros2/./sdk/include/sl_lidar_driver.h:54[m[K,
[15.561s]                  from [01m[K/microros_ws/sllidar_ros2/./sdk/include/sl_lidar.h:36[m[K,
[15.561s]                  from [01m[K/microros_ws/sllidar_ros2/src/sllidar_node.cpp:38[m[K:
[15.561s] [01m[K/microros_ws/sllidar_ros2/./sdk/include/sl_lidar_cmd.h:324:20:[m[K [01;35m[Kwarning: [m[KISO C++ forbids zero-size array ‘[01m[Kpayload[m[K’ [[01;35m[K-Wpedantic[m[K]
[15.561s]   324 |     sl_u8  payload[[01;35m[K0[m[K];
[15.561s]       |                    [01;35m[K^[m[K
[15.808s] [01m[K/microros_ws/sllidar_ros2/sdk/src/rplidar_driver.cpp:[m[K In member function ‘[01m[Ku_result rp::standalone::rplidar::RPlidarDriver::connect(const char*, _u32, _u32)[m[K’:
[15.809s] [01m[K/microros_ws/sllidar_ros2/sdk/src/rplidar_driver.cpp:67:77:[m[K [01;35m[Kwarning: [m[Kunused parameter ‘[01m[Kflag[m[K’ [[01;35m[K-Wunused-parameter[m[K]
[15.809s]    67 |     u_result RPlidarDriver::connect(const char *path, _u32 portOrBaud, [01;35m[K_u32 flag[m[K)
[15.809s]       |                                                                        [01;35m[K~~~~~^~~~[m[K
[15.811s] [01m[K/microros_ws/sllidar_ros2/sdk/src/rplidar_driver.cpp:[m[K In member function ‘[01m[Ku_result rp::standalone::rplidar::RPlidarDriver::reset(_u32)[m[K’:
[15.811s] [01m[K/microros_ws/sllidar_ros2/sdk/src/rplidar_driver.cpp:101:40:[m[K [01;35m[Kwarning: [m[Kunused parameter ‘[01m[Ktimeout[m[K’ [[01;35m[K-Wunused-parameter[m[K]
[15.811s]   101 |     u_result RPlidarDriver::reset([01;35m[K_u32 timeout[m[K)
[15.811s]       |                                   [01;35m[K~~~~~^~~~~~~[m[K
[15.812s] [01m[K/microros_ws/sllidar_ros2/sdk/src/rplidar_driver.cpp:[m[K In member function ‘[01m[Ku_result rp::standalone::rplidar::RPlidarDriver::getScanDataWithInterval(rplidar_response_measurement_node_t*, size_t&)[m[K’:
[15.813s] [01m[K/microros_ws/sllidar_ros2/sdk/src/rplidar_driver.cpp:180:91:[m[K [01;35m[Kwarning: [m[Kunused parameter ‘[01m[Knodebuffer[m[K’ [[01;35m[K-Wunused-parameter[m[K]
[15.813s]   180 |     u_result RPlidarDriver::getScanDataWithInterval([01;35m[Krplidar_response_measurement_node_t * nodebuffer[m[K, size_t & count)
[15.813s]       |                                                     [01;35m[K~~~~~~~~~~~~~~~~~~~~~~~~~~~~~~~~~~~~~~^~~~~~~~~~[m[K
[15.814s] [01m[K/microros_ws/sllidar_ros2/sdk/src/rplidar_driver.cpp:180:112:[m[K [01;35m[Kwarning: [m[Kunused parameter ‘[01m[Kcount[m[K’ [[01;35m[K-Wunused-parameter[m[K]
[15.814s]   180 |     u_result RPlidarDriver::getScanDataWithInterval(rplidar_response_measurement_node_t * nodebuffer, [01;35m[Ksize_t & count[m[K)
[15.814s]       |                                                                                                       [01;35m[K~~~~~~~~~^~~~~[m[K
[15.873s] [ 65%] [32mBuilding CXX object CMakeFiles/sllidar_node.dir/sdk/src/sl_crc.cpp.o[0m
[15.977s] In file included from [01m[K/microros_ws/sllidar_ros2/./sdk/include/sl_lidar_cmd.h:41[m[K,
[15.977s]                  from [01m[K/microros_ws/sllidar_ros2/./sdk/include/sl_crc.h:36[m[K,
[15.977s]                  from [01m[K/microros_ws/sllidar_ros2/sdk/src/sl_crc.cpp:33[m[K:
[15.977s] [01m[K/microros_ws/sllidar_ros2/./sdk/include/sl_lidar_protocol.h:66:16:[m[K [01;35m[Kwarning: [m[KISO C++ forbids zero-size array ‘[01m[Kdata[m[K’ [[01;35m[K-Wpedantic[m[K]
[15.977s]    66 |     sl_u8 data[[01;35m[K0[m[K];
[15.977s]       |                [01;35m[K^[m[K
[15.979s] In file included from [01m[K/microros_ws/sllidar_ros2/./sdk/include/sl_crc.h:36[m[K,
[15.979s]                  from [01m[K/microros_ws/sllidar_ros2/sdk/src/sl_crc.cpp:33[m[K:
[15.979s] [01m[K/microros_ws/sllidar_ros2/./sdk/include/sl_lidar_cmd.h:324:20:[m[K [01;35m[Kwarning: [m[KISO C++ forbids zero-size array ‘[01m[Kpayload[m[K’ [[01;35m[K-Wpedantic[m[K]
[15.979s]   324 |     sl_u8  payload[[01;35m[K0[m[K];
[15.979s]       |                    [01;35m[K^[m[K
[16.043s] [ 70%] [32mBuilding CXX object CMakeFiles/sllidar_node.dir/sdk/src/sl_lidar_driver.cpp.o[0m
[16.070s] [ 75%] [32mBuilding CXX object CMakeFiles/sllidar_node.dir/sdk/src/sl_lidarprotocol_codec.cpp.o[0m
[17.446s] In file included from [01m[K/microros_ws/sllidar_ros2/./sdk/include/rplidar_protocol.h:36[m[K,
[17.446s]                  from [01m[K/microros_ws/sllidar_ros2/./sdk/include/rplidar.h:39[m[K,
[17.446s]                  from [01m[K/microros_ws/sllidar_ros2/sdk/src/sdkcommon.h:49[m[K,
[17.446s]                  from [01m[K/microros_ws/sllidar_ros2/sdk/src/sl_lidarprotocol_codec.cpp:35[m[K:
[17.447s] [01m[K/microros_ws/sllidar_ros2/./sdk/include/sl_lidar_protocol.h:66:16:[m[K [01;35m[Kwarning: [m[KISO C++ forbids zero-size array ‘[01m[Kdata[m[K’ [[01;35m[K-Wpedantic[m[K]
[17.447s]    66 |     sl_u8 data[[01;35m[K0[m[K];
[17.447s]       |                [01;35m[K^[m[K
[17.447s] In file included from [01m[K/microros_ws/sllidar_ros2/./sdk/include/rplidar_cmd.h:36[m[K,
[17.449s]                  from [01m[K/microros_ws/sllidar_ros2/./sdk/include/rplidar.h:40[m[K,
[17.449s]                  from [01m[K/microros_ws/sllidar_ros2/sdk/src/sdkcommon.h:49[m[K,
[17.449s]                  from [01m[K/microros_ws/sllidar_ros2/sdk/src/sl_lidarprotocol_codec.cpp:35[m[K:
[17.450s] [01m[K/microros_ws/sllidar_ros2/./sdk/include/sl_lidar_cmd.h:324:20:[m[K [01;35m[Kwarning: [m[KISO C++ forbids zero-size array ‘[01m[Kpayload[m[K’ [[01;35m[K-Wpedantic[m[K]
[17.450s]   324 |     sl_u8  payload[[01;35m[K0[m[K];
[17.450s]       |                    [01;35m[K^[m[K
[17.546s] In file included from [01m[K/microros_ws/sllidar_ros2/./sdk/include/rplidar_protocol.h:36[m[K,
[17.546s]                  from [01m[K/microros_ws/sllidar_ros2/./sdk/include/rplidar.h:39[m[K,
[17.546s]                  from [01m[K/microros_ws/sllidar_ros2/sdk/src/sdkcommon.h:49[m[K,
[17.549s]                  from [01m[K/microros_ws/sllidar_ros2/sdk/src/sl_lidar_driver.cpp:33[m[K:
[17.549s] [01m[K/microros_ws/sllidar_ros2/./sdk/include/sl_lidar_protocol.h:66:16:[m[K [01;35m[Kwarning: [m[KISO C++ forbids zero-size array ‘[01m[Kdata[m[K’ [[01;35m[K-Wpedantic[m[K]
[17.549s]    66 |     sl_u8 data[[01;35m[K0[m[K];
[17.549s]       |                [01;35m[K^[m[K
[17.549s] In file included from [01m[K/microros_ws/sllidar_ros2/./sdk/include/rplidar_cmd.h:36[m[K,
[17.550s]                  from [01m[K/microros_ws/sllidar_ros2/./sdk/include/rplidar.h:40[m[K,
[17.550s]                  from [01m[K/microros_ws/sllidar_ros2/sdk/src/sdkcommon.h:49[m[K,
[17.550s]                  from [01m[K/microros_ws/sllidar_ros2/sdk/src/sl_lidar_driver.cpp:33[m[K:
[17.550s] [01m[K/microros_ws/sllidar_ros2/./sdk/include/sl_lidar_cmd.h:324:20:[m[K [01;35m[Kwarning: [m[KISO C++ forbids zero-size array ‘[01m[Kpayload[m[K’ [[01;35m[K-Wpedantic[m[K]
[17.551s]   324 |     sl_u8  payload[[01;35m[K0[m[K];
[17.551s]       |                    [01;35m[K^[m[K
[18.077s] In file included from [01m[K/microros_ws/sllidar_ros2/sdk/src/sl_lidarprotocol_codec.cpp:49[m[K:
[18.081s] [01m[K/microros_ws/sllidar_ros2/sdk/src/sl_async_transceiver.h:[m[K In member function ‘[01m[Kvirtual void sl::internal::IAsyncProtocolCodec::onChannelError(u_result)[m[K’:
[18.081s] [01m[K/microros_ws/sllidar_ros2/sdk/src/sl_async_transceiver.h:90:48:[m[K [01;35m[Kwarning: [m[Kunused parameter ‘[01m[KerrCode[m[K’ [[01;35m[K-Wunused-parameter[m[K]
[18.081s]    90 |         virtual void   onChannelError([01;35m[Ku_result errCode[m[K) {}
[18.081s]       |                                       [01;35m[K~~~~~~~~~^~~~~~~[m[K
[18.376s] In file included from [01m[K/microros_ws/sllidar_ros2/sdk/src/sl_lidar_driver.cpp:50[m[K:
[18.376s] [01m[K/microros_ws/sllidar_ros2/sdk/src/dataunpacker/dataunpacker.h:[m[K In member function ‘[01m[Kvirtual void sl::internal::LIDARSampleDataListener::onCustomSampleDataDecoded(_u8, _u32, const void*, size_t)[m[K’:
[18.377s] [01m[K/microros_ws/sllidar_ros2/sdk/src/dataunpacker/dataunpacker.h:54:52:[m[K [01;35m[Kwarning: [m[Kunused parameter ‘[01m[KansType[m[K’ [[01;35m[K-Wunused-parameter[m[K]
[18.377s]    54 |         virtual void onCustomSampleDataDecoded([01;35m[K_u8 ansType[m[K, _u32 customCode, const void* data, size_t size) {}
[18.377s]       |                                                [01;35m[K~~~~^~~~~~~[m[K
[18.377s] [01m[K/microros_ws/sllidar_ros2/sdk/src/dataunpacker/dataunpacker.h:54:66:[m[K [01;35m[Kwarning: [m[Kunused parameter ‘[01m[KcustomCode[m[K’ [[01;35m[K-Wunused-parameter[m[K]
[18.377s]    54 |         virtual void onCustomSampleDataDecoded(_u8 ansType, [01;35m[K_u32 customCode[m[K, const void* data, size_t size) {}
[18.377s]       |                                                             [01;35m[K~~~~~^~~~~~~~~~[m[K
[18.377s] [01m[K/microros_ws/sllidar_ros2/sdk/src/dataunpacker/dataunpacker.h:54:90:[m[K [01;35m[Kwarning: [m[Kunused parameter ‘[01m[Kdata[m[K’ [[01;35m[K-Wunused-parameter[m[K]
[18.377s]    54 |         virtual void onCustomSampleDataDecoded(_u8 ansType, _u32 customCode, [01;35m[Kconst void* data[m[K, size_t size) {}
[18.378s]       |                                                                              [01;35m[K~~~~~~~~~~~~^~~~[m[K
[18.378s] [01m[K/microros_ws/sllidar_ros2/sdk/src/dataunpacker/dataunpacker.h:54:103:[m[K [01;35m[Kwarning: [m[Kunused parameter ‘[01m[Ksize[m[K’ [[01;35m[K-Wunused-parameter[m[K]
[18.378s]    54 |         virtual void onCustomSampleDataDecoded(_u8 ansType, _u32 customCode, const void* data, [01;35m[Ksize_t size[m[K) {}
[18.378s]       |                                                                                                [01;35m[K~~~~~~~^~~~[m[K
[18.381s] [01m[K/microros_ws/sllidar_ros2/sdk/src/dataunpacker/dataunpacker.h:[m[K In member function ‘[01m[Kvirtual void sl::internal::LIDARSampleDataListener::onDecodingError(int, _u8, const void*, size_t)[m[K’:
[18.382s] [01m[K/microros_ws/sllidar_ros2/sdk/src/dataunpacker/dataunpacker.h:56:42:[m[K [01;35m[Kwarning: [m[Kunused parameter ‘[01m[KerrMsg[m[K’ [[01;35m[K-Wunused-parameter[m[K]
[18.382s]    56 |         virtual void onDecodingError([01;35m[Kint errMsg[m[K, _u8 ansType, const void* payload, size_t size) {}
[18.382s]       |                                      [01;35m[K~~~~^~~~~~[m[K
[18.382s] [01m[K/microros_ws/sllidar_ros2/sdk/src/dataunpacker/dataunpacker.h:56:54:[m[K [01;35m[Kwarning: [m[Kunused parameter ‘[01m[KansType[m[K’ [[01;35m[K-Wunused-parameter[m[K]
[18.383s]    56 |         virtual void onDecodingError(int errMsg, [01;35m[K_u8 ansType[m[K, const void* payload, size_t size) {}
[18.383s]       |                                                  [01;35m[K~~~~^~~~~~~[m[K
[18.383s] [01m[K/microros_ws/sllidar_ros2/sdk/src/dataunpacker/dataunpacker.h:56:75:[m[K [01;35m[Kwarning: [m[Kunused parameter ‘[01m[Kpayload[m[K’ [[01;35m[K-Wunused-parameter[m[K]
[18.383s]    56 |         virtual void onDecodingError(int errMsg, _u8 ansType, [01;35m[Kconst void* payload[m[K, size_t size) {}
[18.383s]       |                                                               [01;35m[K~~~~~~~~~~~~^~~~~~~[m[K
[18.383s] [01m[K/microros_ws/sllidar_ros2/sdk/src/dataunpacker/dataunpacker.h:56:91:[m[K [01;35m[Kwarning: [m[Kunused parameter ‘[01m[Ksize[m[K’ [[01;35m[K-Wunused-parameter[m[K]
[18.383s]    56 |         virtual void onDecodingError(int errMsg, _u8 ansType, const void* payload, [01;35m[Ksize_t size[m[K) {}
[18.383s]       |                                                                                    [01;35m[K~~~~~~~^~~~[m[K
[18.402s] In file included from [01m[K/microros_ws/sllidar_ros2/sdk/src/sl_lidar_driver.cpp:51[m[K:
[18.403s] [01m[K/microros_ws/sllidar_ros2/sdk/src/sl_async_transceiver.h:[m[K In member function ‘[01m[Kvirtual void sl::internal::IAsyncProtocolCodec::onChannelError(u_result)[m[K’:
[18.403s] [01m[K/microros_ws/sllidar_ros2/sdk/src/sl_async_transceiver.h:90:48:[m[K [01;35m[Kwarning: [m[Kunused parameter ‘[01m[KerrCode[m[K’ [[01;35m[K-Wunused-parameter[m[K]
[18.411s]    90 |         virtual void   onChannelError([01;35m[Ku_result errCode[m[K) {}
[18.418s]       |                                       [01;35m[K~~~~~~~~~^~~~~~~[m[K
[18.489s] [01m[K/microros_ws/sllidar_ros2/sdk/src/sl_lidar_driver.cpp:[m[K In member function ‘[01m[Kvirtual sl_result sl::SlamtecLidarDriver::reset(sl_u32)[m[K’:
[18.490s] [01m[K/microros_ws/sllidar_ros2/sdk/src/sl_lidar_driver.cpp:511:32:[m[K [01;35m[Kwarning: [m[Kunused parameter ‘[01m[KtimeoutInMs[m[K’ [[01;35m[K-Wunused-parameter[m[K]
[18.490s]   511 |         sl_result reset([01;35m[Ksl_u32 timeoutInMs = DEFAULT_TIMEOUT[m[K)
[18.491s]       |                         [01;35m[K~~~~~~~^~~~~~~~~~~~~~~~~~~~~~~~~~~~~[m[K
[18.512s] [01m[K/microros_ws/sllidar_ros2/sdk/src/sl_lidar_driver.cpp:[m[K In member function ‘[01m[Kvirtual sl_result sl::SlamtecLidarDriver::startScan(bool, bool, sl_u32, sl::LidarScanMode*)[m[K’:
[18.515s] [01m[K/microros_ws/sllidar_ros2/sdk/src/sl_lidar_driver.cpp:586:69:[m[K [01;35m[Kwarning: [m[Kunused parameter ‘[01m[Koptions[m[K’ [[01;35m[K-Wunused-parameter[m[K]
[18.515s]   586 |         sl_result startScan(bool force, bool useTypicalScan, [01;35m[Ksl_u32 options = 0[m[K, LidarScanMode* outUsedScanMode = nullptr)
[18.515s]       |                                                              [01;35m[K~~~~~~~^~~~~~~~~~~[m[K
[18.523s] [01m[K/microros_ws/sllidar_ros2/sdk/src/sl_lidar_driver.cpp:[m[K In member function ‘[01m[Kvirtual sl_result sl::SlamtecLidarDriver::stop(sl_u32)[m[K’:
[18.523s] [01m[K/microros_ws/sllidar_ros2/sdk/src/sl_lidar_driver.cpp:763:31:[m[K [01;35m[Kwarning: [m[Kunused parameter ‘[01m[Ktimeout[m[K’ [[01;35m[K-Wunused-parameter[m[K]
[18.523s]   763 |         sl_result stop([01;35m[Ksl_u32 timeout = DEFAULT_TIMEOUT[m[K)
[18.523s]       |                        [01;35m[K~~~~~~~^~~~~~~~~~~~~~~~~~~~~~~~~[m[K
[18.531s] [01m[K/microros_ws/sllidar_ros2/sdk/src/sl_lidar_driver.cpp:[m[K In member function ‘[01m[Kvirtual sl_result sl::SlamtecLidarDriver::getFrequency(const sl::LidarScanMode&, const sl_lidar_response_measurement_node_hq_t*, size_t, float&)[m[K’:
[18.531s] [01m[K/microros_ws/sllidar_ros2/sdk/src/sl_lidar_driver.cpp:880:110:[m[K [01;35m[Kwarning: [m[Kunused parameter ‘[01m[Knodes[m[K’ [[01;35m[K-Wunused-parameter[m[K]
[18.531s]   880 |         sl_result getFrequency(const LidarScanMode& scanMode, [01;35m[Kconst sl_lidar_response_measurement_node_hq_t* nodes[m[K, size_t count, float& frequency)
[18.531s]       |                                                               [01;35m[K~~~~~~~~~~~~~~~~~~~~~~~~~~~~~~~~~~~~~~~~~~~~~~~^~~~~[m[K
[18.537s] [01m[K/microros_ws/sllidar_ros2/sdk/src/sl_lidar_driver.cpp:[m[K In member function ‘[01m[Kvirtual sl_result sl::SlamtecLidarDriver::getMotorInfo(sl::LidarMotorInfo&, sl_u32)[m[K’:
[18.537s] [01m[K/microros_ws/sllidar_ros2/sdk/src/sl_lidar_driver.cpp:1023:66:[m[K [01;35m[Kwarning: [m[Kunused parameter ‘[01m[KtimeoutInMs[m[K’ [[01;35m[K-Wunused-parameter[m[K]
[18.538s]  1023 |         sl_result getMotorInfo(LidarMotorInfo &motorInfo, [01;35m[Ksl_u32 timeoutInMs[m[K)
[18.538s]       |                                                           [01;35m[K~~~~~~~^~~~~~~~~~~[m[K
[18.543s] [01m[K/microros_ws/sllidar_ros2/sdk/src/sl_lidar_driver.cpp:[m[K In member function ‘[01m[Ku_result sl::SlamtecLidarDriver::getScanModeCount(sl_u16&, sl_u32)[m[K’:
[18.543s] [01m[K/microros_ws/sllidar_ros2/sdk/src/sl_lidar_driver.cpp:1199:61:[m[K [01;35m[Kwarning: [m[Kunused parameter ‘[01m[KtimeoutInMs[m[K’ [[01;35m[K-Wunused-parameter[m[K]
[18.543s]  1199 |         u_result getScanModeCount(sl_u16& modeCount, [01;35m[Ksl_u32 timeoutInMs = DEFAULT_TIMEOUT[m[K)
[18.543s]       |                                                      [01;35m[K~~~~~~~^~~~~~~~~~~~~~~~~~~~~~~~~~~~~[m[K
[18.592s] [ 80%] [32mBuilding CXX object CMakeFiles/sllidar_node.dir/sdk/src/sl_serial_channel.cpp.o[0m
[18.638s] /microros_ws/sllidar_ros2/sdk/src/sl_lidar_driver.cpp: In instantiation of ‘[01m[Kvoid sl::RawSampleNodeHolder<T>::pushNode(_u64, const T*) [with T = sl_lidar_response_measurement_node_hq_t; _u64 = long unsigned int][m[K’:
[18.638s] [01m[K/microros_ws/sllidar_ros2/sdk/src/sl_lidar_driver.cpp:1648:42:[m[K   required from here
[18.638s] [01m[K/microros_ws/sllidar_ros2/sdk/src/sl_lidar_driver.cpp:202:28:[m[K [01;35m[Kwarning: [m[Kunused parameter ‘[01m[Ktimestamp_uS[m[K’ [[01;35m[K-Wunused-parameter[m[K]
[18.639s]   202 |         void pushNode([01;35m[K_u64 timestamp_uS[m[K, const T* node)
[18.639s]       |                       [01;35m[K~~~~~^~~~~~~~~~~~[m[K
[18.940s] [01m[K/microros_ws/sllidar_ros2/sdk/src/sl_lidar_driver.cpp:[m[K At global scope:
[18.940s] [01m[K/microros_ws/sllidar_ros2/sdk/src/sl_lidar_driver.cpp:83:17:[m[K [01;35m[Kwarning: [m[K‘[01m[Kvoid sl::convert(const sl_lidar_response_measurement_node_hq_t&, sl_lidar_response_measurement_node_t&)[m[K’ defined but not used [[01;35m[K-Wunused-function[m[K]
[18.940s]    83 |     static void [01;35m[Kconvert[m[K(const sl_lidar_response_measurement_node_hq_t& from, sl_lidar_response_measurement_node_t& to)
[18.940s]       |                 [01;35m[K^~~~~~~[m[K
[18.940s] [01m[K/microros_ws/sllidar_ros2/sdk/src/sl_lidar_driver.cpp:75:17:[m[K [01;35m[Kwarning: [m[K‘[01m[Kvoid sl::convert(const sl_lidar_response_measurement_node_t&, sl_lidar_response_measurement_node_hq_t&)[m[K’ defined but not used [[01;35m[K-Wunused-function[m[K]
[18.941s]    75 |     static void [01;35m[Kconvert[m[K(const sl_lidar_response_measurement_node_t& from, sl_lidar_response_measurement_node_hq_t& to)
[18.941s]       |                 [01;35m[K^~~~~~~[m[K
[18.941s] [01m[K/microros_ws/sllidar_ros2/sdk/src/sl_lidar_driver.cpp:70:17:[m[K [01;35m[Kwarning: [m[K‘[01m[Kvoid sl::printDeprecationWarn(const char*, const char*)[m[K’ defined but not used [[01;35m[K-Wunused-function[m[K]
[18.941s]    70 |     static void [01;35m[KprintDeprecationWarn[m[K(const char* fn, const char* replacement)
[18.941s]       |                 [01;35m[K^~~~~~~~~~~~~~~~~~~~[m[K
[19.497s] In file included from [01m[K/microros_ws/sllidar_ros2/./sdk/include/sl_lidar_cmd.h:41[m[K,
[19.498s]                  from [01m[K/microros_ws/sllidar_ros2/./sdk/include/sl_lidar_driver.h:54[m[K,
[19.498s]                  from [01m[K/microros_ws/sllidar_ros2/sdk/src/sl_serial_channel.cpp:33[m[K:
[19.498s] [01m[K/microros_ws/sllidar_ros2/./sdk/include/sl_lidar_protocol.h:66:16:[m[K [01;35m[Kwarning: [m[KISO C++ forbids zero-size array ‘[01m[Kdata[m[K’ [[01;35m[K-Wpedantic[m[K]
[19.498s]    66 |     sl_u8 data[[01;35m[K0[m[K];
[19.499s]       |                [01;35m[K^[m[K
[19.502s] In file included from [01m[K/microros_ws/sllidar_ros2/./sdk/include/sl_lidar_driver.h:54[m[K,
[19.502s]                  from [01m[K/microros_ws/sllidar_ros2/sdk/src/sl_serial_channel.cpp:33[m[K:
[19.503s] [01m[K/microros_ws/sllidar_ros2/./sdk/include/sl_lidar_cmd.h:324:20:[m[K [01;35m[Kwarning: [m[KISO C++ forbids zero-size array ‘[01m[Kpayload[m[K’ [[01;35m[K-Wpedantic[m[K]
[19.503s]   324 |     sl_u8  payload[[01;35m[K0[m[K];
[19.503s]       |                    [01;35m[K^[m[K
[19.712s] [ 85%] [32mBuilding CXX object CMakeFiles/sllidar_node.dir/sdk/src/sl_tcp_channel.cpp.o[0m
[20.194s] [ 90%] [32mBuilding CXX object CMakeFiles/sllidar_node.dir/sdk/src/sl_udp_channel.cpp.o[0m
[20.389s] In file included from [01m[K/microros_ws/sllidar_ros2/./sdk/include/sl_lidar_cmd.h:41[m[K,
[20.394s]                  from [01m[K/microros_ws/sllidar_ros2/./sdk/include/sl_lidar_driver.h:54[m[K,
[20.394s]                  from [01m[K/microros_ws/sllidar_ros2/sdk/src/sl_tcp_channel.cpp:33[m[K:
[20.394s] [01m[K/microros_ws/sllidar_ros2/./sdk/include/sl_lidar_protocol.h:66:16:[m[K [01;35m[Kwarning: [m[KISO C++ forbids zero-size array ‘[01m[Kdata[m[K’ [[01;35m[K-Wpedantic[m[K]
[20.394s]    66 |     sl_u8 data[[01;35m[K0[m[K];
[20.395s]       |                [01;35m[K^[m[K
[20.395s] In file included from [01m[K/microros_ws/sllidar_ros2/./sdk/include/sl_lidar_driver.h:54[m[K,
[20.395s]                  from [01m[K/microros_ws/sllidar_ros2/sdk/src/sl_tcp_channel.cpp:33[m[K:
[20.395s] [01m[K/microros_ws/sllidar_ros2/./sdk/include/sl_lidar_cmd.h:324:20:[m[K [01;35m[Kwarning: [m[KISO C++ forbids zero-size array ‘[01m[Kpayload[m[K’ [[01;35m[K-Wpedantic[m[K]
[20.395s]   324 |     sl_u8  payload[[01;35m[K0[m[K];
[20.395s]       |                    [01;35m[K^[m[K
[20.401s] [01m[K/microros_ws/sllidar_ros2/sdk/src/sl_tcp_channel.cpp:[m[K In member function ‘[01m[Kvoid sl::TcpChannel::setStatus(_u32)[m[K’:
[20.402s] [01m[K/microros_ws/sllidar_ros2/sdk/src/sl_tcp_channel.cpp:109:29:[m[K [01;35m[Kwarning: [m[Kunused parameter ‘[01m[Kflag[m[K’ [[01;35m[K-Wunused-parameter[m[K]
[20.402s]   109 |         void setStatus([01;35m[K_u32 flag[m[K){}
[20.402s]       |                        [01;35m[K~~~~~^~~~[m[K
[20.858s] In file included from [01m[K/microros_ws/sllidar_ros2/./sdk/include/sl_lidar_cmd.h:41[m[K,
[20.858s]                  from [01m[K/microros_ws/sllidar_ros2/./sdk/include/sl_lidar_driver.h:54[m[K,
[20.859s]                  from [01m[K/microros_ws/sllidar_ros2/sdk/src/sl_udp_channel.cpp:33[m[K:
[20.859s] [01m[K/microros_ws/sllidar_ros2/./sdk/include/sl_lidar_protocol.h:66:16:[m[K [01;35m[Kwarning: [m[KISO C++ forbids zero-size array ‘[01m[Kdata[m[K’ [[01;35m[K-Wpedantic[m[K]
[20.859s]    66 |     sl_u8 data[[01;35m[K0[m[K];
[20.859s]       |                [01;35m[K^[m[K
[20.863s] In file included from [01m[K/microros_ws/sllidar_ros2/./sdk/include/sl_lidar_driver.h:54[m[K,
[20.863s]                  from [01m[K/microros_ws/sllidar_ros2/sdk/src/sl_udp_channel.cpp:33[m[K:
[20.864s] [01m[K/microros_ws/sllidar_ros2/./sdk/include/sl_lidar_cmd.h:324:20:[m[K [01;35m[Kwarning: [m[KISO C++ forbids zero-size array ‘[01m[Kpayload[m[K’ [[01;35m[K-Wpedantic[m[K]
[20.864s]   324 |     sl_u8  payload[[01;35m[K0[m[K];
[20.864s]       |                    [01;35m[K^[m[K
[20.873s] [01m[K/microros_ws/sllidar_ros2/sdk/src/sl_udp_channel.cpp:[m[K In member function ‘[01m[Kvoid sl::UdpChannel::setStatus(_u32)[m[K’:
[20.873s] [01m[K/microros_ws/sllidar_ros2/sdk/src/sl_udp_channel.cpp:112:29:[m[K [01;35m[Kwarning: [m[Kunused parameter ‘[01m[Kflag[m[K’ [[01;35m[K-Wunused-parameter[m[K]
[20.873s]   112 |         void setStatus([01;35m[K_u32 flag[m[K){}
[20.873s]       |                        [01;35m[K~~~~~^~~~[m[K
[23.149s] [ 95%] [32m[1mLinking CXX executable sllidar_node[0m
[24.047s] [ 95%] Built target sllidar_node
[32.453s] [100%] [32m[1mLinking CXX executable sllidar_client[0m
[34.454s] [100%] Built target sllidar_client
[34.524s] Invoked command in '/microros_ws/build/sllidar_ros2' returned '0': CMAKE_PREFIX_PATH=${CMAKE_PREFIX_PATH}:/opt/ros/humble /usr/bin/cmake --build /microros_ws/build/sllidar_ros2 -- -j4 -l4
[34.525s] Invoking command in '/microros_ws/build/sllidar_ros2': CMAKE_PREFIX_PATH=${CMAKE_PREFIX_PATH}:/opt/ros/humble /usr/bin/cmake --install /microros_ws/build/sllidar_ros2
[34.563s] -- Install configuration: ""
[34.566s] -- Installing: /microros_ws/install/sllidar_ros2/share/sllidar_ros2/launch
[34.569s] -- Installing: /microros_ws/install/sllidar_ros2/share/sllidar_ros2/launch/sllidar_a2m12_launch .py
[34.570s] -- Installing: /microros_ws/install/sllidar_ros2/share/sllidar_ros2/launch/view_sllidar_a2m7_launch.py
[34.570s] -- Installing: /microros_ws/install/sllidar_ros2/share/sllidar_ros2/launch/sllidar_a2m7_launch.py
[34.572s] -- Installing: /microros_ws/install/sllidar_ros2/share/sllidar_ros2/launch/view_sllidar_t1_launch.py
[34.573s] -- Installing: /microros_ws/install/sllidar_ros2/share/sllidar_ros2/launch/view_sllidar_s2e_launch.py
[34.573s] -- Installing: /microros_ws/install/sllidar_ros2/share/sllidar_ros2/launch/view_sllidar_s3_launch.py
[34.573s] -- Installing: /microros_ws/install/sllidar_ros2/share/sllidar_ros2/launch/sllidar_c1_launch.py
[34.573s] -- Installing: /microros_ws/install/sllidar_ros2/share/sllidar_ros2/launch/sllidar_a1_launch.py
[34.573s] -- Installing: /microros_ws/install/sllidar_ros2/share/sllidar_ros2/launch/view_sllidar_s1_launch.py
[34.573s] -- Installing: /microros_ws/install/sllidar_ros2/share/sllidar_ros2/launch/view_sllidar_a2m8_launch.py
[34.574s] -- Installing: /microros_ws/install/sllidar_ros2/share/sllidar_ros2/launch/view_sllidar_a2m12_launch.py
[34.577s] -- Installing: /microros_ws/install/sllidar_ros2/share/sllidar_ros2/launch/view_sllidar_a3_launch.py
[34.580s] -- Installing: /microros_ws/install/sllidar_ros2/share/sllidar_ros2/launch/sllidar_s3_launch.py
[34.580s] -- Installing: /microros_ws/install/sllidar_ros2/share/sllidar_ros2/launch/view_sllidar_s1_tcp_launch.py
[34.581s] -- Installing: /microros_ws/install/sllidar_ros2/share/sllidar_ros2/launch/sllidar_s2_launch.py
[34.581s] -- Installing: /microros_ws/install/sllidar_ros2/share/sllidar_ros2/launch/sllidar_s1_tcp_launch.py
[34.581s] -- Installing: /microros_ws/install/sllidar_ros2/share/sllidar_ros2/launch/view_sllidar_a1_launch.py
[34.581s] -- Installing: /microros_ws/install/sllidar_ros2/share/sllidar_ros2/launch/sllidar_a3_launch.py
[34.581s] -- Installing: /microros_ws/install/sllidar_ros2/share/sllidar_ros2/launch/view_sllidar_s2_launch.py
[34.581s] -- Installing: /microros_ws/install/sllidar_ros2/share/sllidar_ros2/launch/sllidar_a2m8_launch.py
[34.582s] -- Installing: /microros_ws/install/sllidar_ros2/share/sllidar_ros2/launch/view_sllidar_c1_launch.py
[34.582s] -- Installing: /microros_ws/install/sllidar_ros2/share/sllidar_ros2/launch/sllidar_s1_launch.py
[34.582s] -- Installing: /microros_ws/install/sllidar_ros2/share/sllidar_ros2/launch/sllidar_t1_launch.py
[34.583s] -- Installing: /microros_ws/install/sllidar_ros2/share/sllidar_ros2/launch/sllidar_s2e_launch.py
[34.583s] -- Installing: /microros_ws/install/sllidar_ros2/share/sllidar_ros2/rviz
[34.583s] -- Installing: /microros_ws/install/sllidar_ros2/share/sllidar_ros2/rviz/sllidar_ros2.rviz
[34.584s] -- Installing: /microros_ws/install/sllidar_ros2/lib/sllidar_ros2/sllidar_node
[34.591s] -- Set runtime path of "/microros_ws/install/sllidar_ros2/lib/sllidar_ros2/sllidar_node" to ""
[34.591s] -- Installing: /microros_ws/install/sllidar_ros2/lib/sllidar_ros2/sllidar_client
[34.601s] -- Set runtime path of "/microros_ws/install/sllidar_ros2/lib/sllidar_ros2/sllidar_client" to ""
[34.601s] -- Installing: /microros_ws/install/sllidar_ros2/share/ament_index/resource_index/package_run_dependencies/sllidar_ros2
[34.602s] -- Installing: /microros_ws/install/sllidar_ros2/share/ament_index/resource_index/parent_prefix_path/sllidar_ros2
[34.602s] -- Installing: /microros_ws/install/sllidar_ros2/share/sllidar_ros2/environment/ament_prefix_path.sh
[34.603s] -- Installing: /microros_ws/install/sllidar_ros2/share/sllidar_ros2/environment/ament_prefix_path.dsv
[34.604s] -- Installing: /microros_ws/install/sllidar_ros2/share/sllidar_ros2/environment/path.sh
[34.604s] -- Installing: /microros_ws/install/sllidar_ros2/share/sllidar_ros2/environment/path.dsv
[34.604s] -- Installing: /microros_ws/install/sllidar_ros2/share/sllidar_ros2/local_setup.bash
[34.604s] -- Installing: /microros_ws/install/sllidar_ros2/share/sllidar_ros2/local_setup.sh
[34.605s] -- Installing: /microros_ws/install/sllidar_ros2/share/sllidar_ros2/local_setup.zsh
[34.605s] -- Installing: /microros_ws/install/sllidar_ros2/share/sllidar_ros2/local_setup.dsv
[34.605s] -- Installing: /microros_ws/install/sllidar_ros2/share/sllidar_ros2/package.dsv
[34.607s] -- Installing: /microros_ws/install/sllidar_ros2/share/ament_index/resource_index/packages/sllidar_ros2
[34.607s] -- Installing: /microros_ws/install/sllidar_ros2/share/sllidar_ros2/cmake/ament_cmake_export_dependencies-extras.cmake
[34.607s] -- Installing: /microros_ws/install/sllidar_ros2/share/sllidar_ros2/cmake/ament_cmake_export_include_directories-extras.cmake
[34.610s] -- Installing: /microros_ws/install/sllidar_ros2/share/sllidar_ros2/cmake/sllidar_ros2Config.cmake
[34.610s] -- Installing: /microros_ws/install/sllidar_ros2/share/sllidar_ros2/cmake/sllidar_ros2Config-version.cmake
[34.611s] -- Installing: /microros_ws/install/sllidar_ros2/share/sllidar_ros2/package.xml
[34.625s] Invoked command in '/microros_ws/build/sllidar_ros2' returned '0': CMAKE_PREFIX_PATH=${CMAKE_PREFIX_PATH}:/opt/ros/humble /usr/bin/cmake --install /microros_ws/build/sllidar_ros2
