[1.387s] Invoking command in '/home/epiibots/ros2_ws/src/carrinho_base': DEBUGINFOD_URLS=https://debuginfod.ubuntu.com PYTHONPATH=/home/epiibots/ros2_ws/build/carrinho_base/prefix_override:/usr/lib/python3/dist-packages/colcon_core/task/python/colcon_distutils_commands:/home/epiibots/ros2_ws/install/carrinho_base/lib/python3.12/site-packages:${PYTHONPATH} /usr/bin/python3 -W ignore:setup.py install is deprecated -W ignore:easy_install command is deprecated setup.py egg_info --egg-base ../../build/carrinho_base build --build-base /home/epiibots/ros2_ws/build/carrinho_base/build install --record /home/epiibots/ros2_ws/build/carrinho_base/install.log --single-version-externally-managed install_data
[1.736s] running egg_info
[1.736s] creating ../../build/carrinho_base/carrinho_base.egg-info
[1.776s] writing ../../build/carrinho_base/carrinho_base.egg-info/PKG-INFO
[1.777s] writing dependency_links to ../../build/carrinho_base/carrinho_base.egg-info/dependency_links.txt
[1.777s] writing entry points to ../../build/carrinho_base/carrinho_base.egg-info/entry_points.txt
[1.777s] writing requirements to ../../build/carrinho_base/carrinho_base.egg-info/requires.txt
[1.778s] writing top-level names to ../../build/carrinho_base/carrinho_base.egg-info/top_level.txt
[1.778s] writing manifest file '../../build/carrinho_base/carrinho_base.egg-info/SOURCES.txt'
[1.832s] reading manifest file '../../build/carrinho_base/carrinho_base.egg-info/SOURCES.txt'
[1.833s] writing manifest file '../../build/carrinho_base/carrinho_base.egg-info/SOURCES.txt'
[1.833s] running build
[1.833s] running build_py
[1.833s] creating /home/epiibots/ros2_ws/build/carrinho_base/build
[1.833s] creating /home/epiibots/ros2_ws/build/carrinho_base/build/lib
[1.834s] creating /home/epiibots/ros2_ws/build/carrinho_base/build/lib/carrinho_base
[1.834s] copying carrinho_base/__init__.py -> /home/epiibots/ros2_ws/build/carrinho_base/build/lib/carrinho_base
[1.834s] copying carrinho_base/motor_control.py -> /home/epiibots/ros2_ws/build/carrinho_base/build/lib/carrinho_base
[1.834s] running install
[1.843s] running install_lib
[1.868s] creating /home/epiibots/ros2_ws/install/carrinho_base/lib/python3.12/site-packages/carrinho_base
[1.868s] copying /home/epiibots/ros2_ws/build/carrinho_base/build/lib/carrinho_base/__init__.py -> /home/epiibots/ros2_ws/install/carrinho_base/lib/python3.12/site-packages/carrinho_base
[1.868s] copying /home/epiibots/ros2_ws/build/carrinho_base/build/lib/carrinho_base/motor_control.py -> /home/epiibots/ros2_ws/install/carrinho_base/lib/python3.12/site-packages/carrinho_base
[1.869s] byte-compiling /home/epiibots/ros2_ws/install/carrinho_base/lib/python3.12/site-packages/carrinho_base/__init__.py to __init__.cpython-312.pyc
[1.869s] byte-compiling /home/epiibots/ros2_ws/install/carrinho_base/lib/python3.12/site-packages/carrinho_base/motor_control.py to motor_control.cpython-312.pyc
[1.871s] running install_data
[1.871s] creating /home/epiibots/ros2_ws/install/carrinho_base/share/ament_index
[1.871s] creating /home/epiibots/ros2_ws/install/carrinho_base/share/ament_index/resource_index
[1.871s] creating /home/epiibots/ros2_ws/install/carrinho_base/share/ament_index/resource_index/packages
[1.871s] copying resource/carrinho_base -> /home/epiibots/ros2_ws/install/carrinho_base/share/ament_index/resource_index/packages
[1.871s] copying package.xml -> /home/epiibots/ros2_ws/install/carrinho_base/share/carrinho_base
[1.871s] running install_egg_info
[1.898s] Copying ../../build/carrinho_base/carrinho_base.egg-info to /home/epiibots/ros2_ws/install/carrinho_base/lib/python3.12/site-packages/carrinho_base-0.0.0-py3.12.egg-info
[1.899s] running install_scripts
[2.075s] Installing motor_control script to /home/epiibots/ros2_ws/install/carrinho_base/lib/carrinho_base
[2.076s] writing list of installed files to '/home/epiibots/ros2_ws/build/carrinho_base/install.log'
[2.148s] Invoked command in '/home/epiibots/ros2_ws/src/carrinho_base' returned '0': DEBUGINFOD_URLS=https://debuginfod.ubuntu.com PYTHONPATH=/home/epiibots/ros2_ws/build/carrinho_base/prefix_override:/usr/lib/python3/dist-packages/colcon_core/task/python/colcon_distutils_commands:/home/epiibots/ros2_ws/install/carrinho_base/lib/python3.12/site-packages:${PYTHONPATH} /usr/bin/python3 -W ignore:setup.py install is deprecated -W ignore:easy_install command is deprecated setup.py egg_info --egg-base ../../build/carrinho_base build --build-base /home/epiibots/ros2_ws/build/carrinho_base/build install --record /home/epiibots/ros2_ws/build/carrinho_base/install.log --single-version-externally-managed install_data
