running develop
running egg_info
creating bno055.egg-info
writing bno055.egg-info/PKG-INFO
writing dependency_links to bno055.egg-info/dependency_links.txt
writing entry points to bno055.egg-info/entry_points.txt
writing requirements to bno055.egg-info/requires.txt
writing top-level names to bno055.egg-info/top_level.txt
writing manifest file 'bno055.egg-info/SOURCES.txt'
reading manifest file 'bno055.egg-info/SOURCES.txt'
writing manifest file 'bno055.egg-info/SOURCES.txt'
running build_ext
Creating /ros/install/bno055/lib/python3.10/site-packages/bno055.egg-link (link to .)
Installing bno055 script to /ros/install/bno055/lib/bno055

Installed /ros/build/bno055
running symlink_data
creating /ros/install/bno055/share/ament_index
creating /ros/install/bno055/share/ament_index/resource_index
creating /ros/install/bno055/share/ament_index/resource_index/packages
symbolically linking /ros/build/bno055/resource/bno055 -> /ros/install/bno055/share/ament_index/resource_index/packages
symbolically linking /ros/build/bno055/package.xml -> /ros/install/bno055/share/bno055
creating /ros/install/bno055/share/bno055/launch
symbolically linking /ros/build/bno055/launch/bno055.launch.py -> /ros/install/bno055/share/bno055/launch
creating /ros/install/bno055/share/bno055/config
symbolically linking /ros/build/bno055/bno055/params/bno055_params_test.yaml -> /ros/install/bno055/share/bno055/config
symbolically linking /ros/build/bno055/bno055/params/bno055_params.yaml -> /ros/install/bno055/share/bno055/config
symbolically linking /ros/build/bno055/bno055/params/bno055_params_i2c.yaml -> /ros/install/bno055/share/bno055/config
