running egg_info
writing ../../build/carrinho_base/carrinho_base.egg-info/PKG-INFO
writing dependency_links to ../../build/carrinho_base/carrinho_base.egg-info/dependency_links.txt
writing entry points to ../../build/carrinho_base/carrinho_base.egg-info/entry_points.txt
writing requirements to ../../build/carrinho_base/carrinho_base.egg-info/requires.txt
writing top-level names to ../../build/carrinho_base/carrinho_base.egg-info/top_level.txt
reading manifest file '../../build/carrinho_base/carrinho_base.egg-info/SOURCES.txt'
writing manifest file '../../build/carrinho_base/carrinho_base.egg-info/SOURCES.txt'
running build
running build_py
copying carrinho_base/checkpoint_recorder.py -> /home/epiibots/ros2_ws/build/carrinho_base/build/lib/carrinho_base
running install
running install_lib
copying /home/epiibots/ros2_ws/build/carrinho_base/build/lib/carrinho_base/checkpoint_recorder.py -> /home/epiibots/ros2_ws/install/carrinho_base/lib/python3.12/site-packages/carrinho_base
byte-compiling /home/epiibots/ros2_ws/install/carrinho_base/lib/python3.12/site-packages/carrinho_base/checkpoint_recorder.py to checkpoint_recorder.cpython-312.pyc
running install_data
running install_egg_info
removing '/home/epiibots/ros2_ws/install/carrinho_base/lib/python3.12/site-packages/carrinho_base-0.0.0-py3.12.egg-info' (and everything under it)
Copying ../../build/carrinho_base/carrinho_base.egg-info to /home/epiibots/ros2_ws/install/carrinho_base/lib/python3.12/site-packages/carrinho_base-0.0.0-py3.12.egg-info
running install_scripts
Installing checkpoint_player script to /home/epiibots/ros2_ws/install/carrinho_base/lib/carrinho_base
Installing checkpoint_recorder script to /home/epiibots/ros2_ws/install/carrinho_base/lib/carrinho_base
Installing motor_control script to /home/epiibots/ros2_ws/install/carrinho_base/lib/carrinho_base
writing list of installed files to '/home/epiibots/ros2_ws/build/carrinho_base/install.log'
