[2.559s] Invoking command in '/home/epiibots/ros2_ws/src/carrinho_base': DEBUGINFOD_URLS=https://debuginfod.ubuntu.com PYTHONPATH=/home/epiibots/ros2_ws/build/carrinho_base/prefix_override:/usr/lib/python3/dist-packages/colcon_core/task/python/colcon_distutils_commands:/home/epiibots/ros2_ws/install/carrinho_base/lib/python3.12/site-packages: /usr/bin/python3 -W ignore:setup.py install is deprecated -W ignore:easy_install command is deprecated setup.py egg_info --egg-base ../../build/carrinho_base build --build-base /home/epiibots/ros2_ws/build/carrinho_base/build install --record /home/epiibots/ros2_ws/build/carrinho_base/install.log --single-version-externally-managed install_data
[3.658s] running egg_info
[3.685s] writing ../../build/carrinho_base/carrinho_base.egg-info/PKG-INFO
[3.685s] writing dependency_links to ../../build/carrinho_base/carrinho_base.egg-info/dependency_links.txt
[3.695s] writing entry points to ../../build/carrinho_base/carrinho_base.egg-info/entry_points.txt
[3.695s] writing requirements to ../../build/carrinho_base/carrinho_base.egg-info/requires.txt
[3.696s] writing top-level names to ../../build/carrinho_base/carrinho_base.egg-info/top_level.txt
[3.811s] reading manifest file '../../build/carrinho_base/carrinho_base.egg-info/SOURCES.txt'
[3.818s] writing manifest file '../../build/carrinho_base/carrinho_base.egg-info/SOURCES.txt'
[3.818s] running build
[3.818s] running build_py
[3.819s] copying carrinho_base/checkpoint_recorder.py -> /home/epiibots/ros2_ws/build/carrinho_base/build/lib/carrinho_base
[3.830s] running install
[3.875s] running install_lib
[3.876s] copying /home/epiibots/ros2_ws/build/carrinho_base/build/lib/carrinho_base/checkpoint_recorder.py -> /home/epiibots/ros2_ws/install/carrinho_base/lib/python3.12/site-packages/carrinho_base
[3.876s] byte-compiling /home/epiibots/ros2_ws/install/carrinho_base/lib/python3.12/site-packages/carrinho_base/checkpoint_recorder.py to checkpoint_recorder.cpython-312.pyc
[3.877s] running install_data
[3.884s] running install_egg_info
[3.939s] removing '/home/epiibots/ros2_ws/install/carrinho_base/lib/python3.12/site-packages/carrinho_base-0.0.0-py3.12.egg-info' (and everything under it)
[3.939s] Copying ../../build/carrinho_base/carrinho_base.egg-info to /home/epiibots/ros2_ws/install/carrinho_base/lib/python3.12/site-packages/carrinho_base-0.0.0-py3.12.egg-info
[3.975s] running install_scripts
[4.317s] Installing checkpoint_player script to /home/epiibots/ros2_ws/install/carrinho_base/lib/carrinho_base
[4.363s] Installing checkpoint_recorder script to /home/epiibots/ros2_ws/install/carrinho_base/lib/carrinho_base
[4.366s] Installing motor_control script to /home/epiibots/ros2_ws/install/carrinho_base/lib/carrinho_base
[4.366s] writing list of installed files to '/home/epiibots/ros2_ws/build/carrinho_base/install.log'
[4.893s] Invoked command in '/home/epiibots/ros2_ws/src/carrinho_base' returned '0': DEBUGINFOD_URLS=https://debuginfod.ubuntu.com PYTHONPATH=/home/epiibots/ros2_ws/build/carrinho_base/prefix_override:/usr/lib/python3/dist-packages/colcon_core/task/python/colcon_distutils_commands:/home/epiibots/ros2_ws/install/carrinho_base/lib/python3.12/site-packages: /usr/bin/python3 -W ignore:setup.py install is deprecated -W ignore:easy_install command is deprecated setup.py egg_info --egg-base ../../build/carrinho_base build --build-base /home/epiibots/ros2_ws/build/carrinho_base/build install --record /home/epiibots/ros2_ws/build/carrinho_base/install.log --single-version-externally-managed install_data
