[0.042s] Invoking command in '/ros/build/micro_ros_msgs': CMAKE_PREFIX_PATH=${CMAKE_PREFIX_PATH}:/ros/install/lidar_teste:/ros/install/detector:/ros/install/bno055:/opt/ros/humble /usr/bin/cmake --build /ros/build/micro_ros_msgs -- -j4 -l4
[0.868s] [  2%] Built target micro_ros_msgs__rs
[0.869s] [ 12%] Built target micro_ros_msgs__rosidl_generator_c
[0.869s] [ 14%] Built target micro_ros_msgs__cpp
[0.869s] [ 14%] Built target ament_cmake_python_symlink_micro_ros_msgs
[0.869s] [ 25%] Built target micro_ros_msgs__rosidl_typesupport_c
[0.869s] [ 35%] Built target micro_ros_msgs__rosidl_typesupport_introspection_c
[0.870s] [ 45%] Built target micro_ros_msgs__rosidl_typesupport_fastrtps_c
[0.870s] [ 56%] Built target micro_ros_msgs__rosidl_typesupport_fastrtps_cpp
[0.870s] [ 66%] Built target micro_ros_msgs__rosidl_typesupport_cpp
[0.870s] [ 77%] Built target micro_ros_msgs__rosidl_typesupport_introspection_cpp
[0.870s] [ 77%] Built target micro_ros_msgs
[0.870s] [ 79%] Built target micro_ros_msgs__py
[0.870s] [ 87%] Built target micro_ros_msgs__rosidl_generator_py
[0.870s] [ 91%] Built target micro_ros_msgs__rosidl_typesupport_fastrtps_c__pyext
[0.871s] [ 95%] Built target micro_ros_msgs__rosidl_typesupport_c__pyext
[0.871s] [100%] Built target micro_ros_msgs__rosidl_typesupport_introspection_c__pyext
[0.871s] running egg_info
[0.871s] writing micro_ros_msgs.egg-info/PKG-INFO
[0.871s] writing dependency_links to micro_ros_msgs.egg-info/dependency_links.txt
[0.871s] writing top-level names to micro_ros_msgs.egg-info/top_level.txt
[0.872s] reading manifest file 'micro_ros_msgs.egg-info/SOURCES.txt'
[0.872s] writing manifest file 'micro_ros_msgs.egg-info/SOURCES.txt'
[0.872s] [100%] Built target ament_cmake_python_build_micro_ros_msgs_egg
[0.872s] Invoked command in '/ros/build/micro_ros_msgs' returned '0': CMAKE_PREFIX_PATH=${CMAKE_PREFIX_PATH}:/ros/install/lidar_teste:/ros/install/detector:/ros/install/bno055:/opt/ros/humble /usr/bin/cmake --build /ros/build/micro_ros_msgs -- -j4 -l4
[0.893s] Invoking command in '/ros/build/micro_ros_msgs': CMAKE_PREFIX_PATH=${CMAKE_PREFIX_PATH}:/ros/install/lidar_teste:/ros/install/detector:/ros/install/bno055:/opt/ros/humble /usr/bin/cmake --install /ros/build/micro_ros_msgs
[1.217s] -- Install configuration: ""
[1.218s] -- Execute custom install script
[1.218s] -- Up-to-date symlink: /ros/install/micro_ros_msgs/share/ament_index/resource_index/rosidl_interfaces/micro_ros_msgs
[1.218s] -- Up-to-date symlink: /ros/install/micro_ros_msgs/include/micro_ros_msgs/micro_ros_msgs/msg/detail/entity__functions.h
[1.218s] -- Up-to-date symlink: /ros/install/micro_ros_msgs/include/micro_ros_msgs/micro_ros_msgs/msg/detail/entity__struct.h
[1.218s] -- Up-to-date symlink: /ros/install/micro_ros_msgs/include/micro_ros_msgs/micro_ros_msgs/msg/detail/entity__type_support.h
[1.218s] -- Up-to-date symlink: /ros/install/micro_ros_msgs/include/micro_ros_msgs/micro_ros_msgs/msg/detail/graph__functions.h
[1.218s] -- Up-to-date symlink: /ros/install/micro_ros_msgs/include/micro_ros_msgs/micro_ros_msgs/msg/detail/graph__struct.h
[1.219s] -- Up-to-date symlink: /ros/install/micro_ros_msgs/include/micro_ros_msgs/micro_ros_msgs/msg/detail/graph__type_support.h
[1.219s] -- Up-to-date symlink: /ros/install/micro_ros_msgs/include/micro_ros_msgs/micro_ros_msgs/msg/detail/node__functions.h
[1.219s] -- Up-to-date symlink: /ros/install/micro_ros_msgs/include/micro_ros_msgs/micro_ros_msgs/msg/detail/node__struct.h
[1.219s] -- Up-to-date symlink: /ros/install/micro_ros_msgs/include/micro_ros_msgs/micro_ros_msgs/msg/detail/node__type_support.h
[1.219s] -- Up-to-date symlink: /ros/install/micro_ros_msgs/include/micro_ros_msgs/micro_ros_msgs/msg/entity.h
[1.219s] -- Up-to-date symlink: /ros/install/micro_ros_msgs/include/micro_ros_msgs/micro_ros_msgs/msg/graph.h
[1.219s] -- Up-to-date symlink: /ros/install/micro_ros_msgs/include/micro_ros_msgs/micro_ros_msgs/msg/node.h
[1.219s] -- Up-to-date symlink: /ros/install/micro_ros_msgs/include/micro_ros_msgs/micro_ros_msgs/msg/rosidl_generator_c__visibility_control.h
[1.219s] -- Up-to-date symlink: /ros/install/micro_ros_msgs/share/micro_ros_msgs/environment/library_path.sh
[1.219s] -- Up-to-date symlink: /ros/install/micro_ros_msgs/share/micro_ros_msgs/environment/library_path.dsv
[1.220s] -- Up-to-date symlink: /ros/install/micro_ros_msgs/include/micro_ros_msgs/micro_ros_msgs/msg/detail/entity__rosidl_typesupport_fastrtps_c.h
[1.220s] -- Up-to-date symlink: /ros/install/micro_ros_msgs/include/micro_ros_msgs/micro_ros_msgs/msg/detail/graph__rosidl_typesupport_fastrtps_c.h
[1.220s] -- Up-to-date symlink: /ros/install/micro_ros_msgs/include/micro_ros_msgs/micro_ros_msgs/msg/detail/node__rosidl_typesupport_fastrtps_c.h
[1.220s] -- Up-to-date symlink: /ros/install/micro_ros_msgs/include/micro_ros_msgs/micro_ros_msgs/msg/rosidl_typesupport_fastrtps_c__visibility_control.h
[1.220s] -- Up-to-date symlink: /ros/install/micro_ros_msgs/include/micro_ros_msgs/micro_ros_msgs/msg/detail/entity__rosidl_typesupport_introspection_c.h
[1.220s] -- Up-to-date symlink: /ros/install/micro_ros_msgs/include/micro_ros_msgs/micro_ros_msgs/msg/detail/graph__rosidl_typesupport_introspection_c.h
[1.220s] -- Up-to-date symlink: /ros/install/micro_ros_msgs/include/micro_ros_msgs/micro_ros_msgs/msg/detail/node__rosidl_typesupport_introspection_c.h
[1.220s] -- Up-to-date symlink: /ros/install/micro_ros_msgs/include/micro_ros_msgs/micro_ros_msgs/msg/rosidl_typesupport_introspection_c__visibility_control.h
[1.220s] -- Up-to-date symlink: /ros/install/micro_ros_msgs/include/micro_ros_msgs/micro_ros_msgs/msg/detail/entity__builder.hpp
[1.220s] -- Up-to-date symlink: /ros/install/micro_ros_msgs/include/micro_ros_msgs/micro_ros_msgs/msg/detail/entity__struct.hpp
[1.221s] -- Up-to-date symlink: /ros/install/micro_ros_msgs/include/micro_ros_msgs/micro_ros_msgs/msg/detail/entity__traits.hpp
[1.221s] -- Up-to-date symlink: /ros/install/micro_ros_msgs/include/micro_ros_msgs/micro_ros_msgs/msg/detail/entity__type_support.hpp
[1.221s] -- Up-to-date symlink: /ros/install/micro_ros_msgs/include/micro_ros_msgs/micro_ros_msgs/msg/detail/graph__builder.hpp
[1.221s] -- Up-to-date symlink: /ros/install/micro_ros_msgs/include/micro_ros_msgs/micro_ros_msgs/msg/detail/graph__struct.hpp
[1.221s] -- Up-to-date symlink: /ros/install/micro_ros_msgs/include/micro_ros_msgs/micro_ros_msgs/msg/detail/graph__traits.hpp
[1.221s] -- Up-to-date symlink: /ros/install/micro_ros_msgs/include/micro_ros_msgs/micro_ros_msgs/msg/detail/graph__type_support.hpp
[1.221s] -- Up-to-date symlink: /ros/install/micro_ros_msgs/include/micro_ros_msgs/micro_ros_msgs/msg/detail/node__builder.hpp
[1.221s] -- Up-to-date symlink: /ros/install/micro_ros_msgs/include/micro_ros_msgs/micro_ros_msgs/msg/detail/node__struct.hpp
[1.221s] -- Up-to-date symlink: /ros/install/micro_ros_msgs/include/micro_ros_msgs/micro_ros_msgs/msg/detail/node__traits.hpp
[1.221s] -- Up-to-date symlink: /ros/install/micro_ros_msgs/include/micro_ros_msgs/micro_ros_msgs/msg/detail/node__type_support.hpp
[1.221s] -- Up-to-date symlink: /ros/install/micro_ros_msgs/include/micro_ros_msgs/micro_ros_msgs/msg/entity.hpp
[1.222s] -- Up-to-date symlink: /ros/install/micro_ros_msgs/include/micro_ros_msgs/micro_ros_msgs/msg/graph.hpp
[1.222s] -- Up-to-date symlink: /ros/install/micro_ros_msgs/include/micro_ros_msgs/micro_ros_msgs/msg/node.hpp
[1.222s] -- Up-to-date symlink: /ros/install/micro_ros_msgs/include/micro_ros_msgs/micro_ros_msgs/msg/rosidl_generator_cpp__visibility_control.hpp
[1.222s] -- Up-to-date symlink: /ros/install/micro_ros_msgs/include/micro_ros_msgs/micro_ros_msgs/msg/detail/entity__rosidl_typesupport_fastrtps_cpp.hpp
[1.222s] -- Up-to-date symlink: /ros/install/micro_ros_msgs/include/micro_ros_msgs/micro_ros_msgs/msg/detail/graph__rosidl_typesupport_fastrtps_cpp.hpp
[1.222s] -- Up-to-date symlink: /ros/install/micro_ros_msgs/include/micro_ros_msgs/micro_ros_msgs/msg/detail/node__rosidl_typesupport_fastrtps_cpp.hpp
[1.222s] -- Up-to-date symlink: /ros/install/micro_ros_msgs/include/micro_ros_msgs/micro_ros_msgs/msg/rosidl_typesupport_fastrtps_cpp__visibility_control.h
[1.222s] -- Up-to-date symlink: /ros/install/micro_ros_msgs/include/micro_ros_msgs/micro_ros_msgs/msg/detail/entity__rosidl_typesupport_introspection_cpp.hpp
[1.225s] -- Up-to-date symlink: /ros/install/micro_ros_msgs/include/micro_ros_msgs/micro_ros_msgs/msg/detail/graph__rosidl_typesupport_introspection_cpp.hpp
[1.225s] -- Up-to-date symlink: /ros/install/micro_ros_msgs/include/micro_ros_msgs/micro_ros_msgs/msg/detail/node__rosidl_typesupport_introspection_cpp.hpp
[1.225s] -- Up-to-date symlink: /ros/install/micro_ros_msgs/share/micro_ros_msgs/environment/pythonpath.sh
[1.225s] -- Up-to-date symlink: /ros/install/micro_ros_msgs/share/micro_ros_msgs/environment/pythonpath.dsv
[1.225s] -- Up-to-date symlink: /ros/install/micro_ros_msgs/local/lib/python3.10/dist-packages/micro_ros_msgs-3.0.1-py3.10.egg-info/PKG-INFO
[1.225s] -- Up-to-date symlink: /ros/install/micro_ros_msgs/local/lib/python3.10/dist-packages/micro_ros_msgs-3.0.1-py3.10.egg-info/SOURCES.txt
[1.226s] -- Up-to-date symlink: /ros/install/micro_ros_msgs/local/lib/python3.10/dist-packages/micro_ros_msgs-3.0.1-py3.10.egg-info/dependency_links.txt
[1.226s] -- Up-to-date symlink: /ros/install/micro_ros_msgs/local/lib/python3.10/dist-packages/micro_ros_msgs-3.0.1-py3.10.egg-info/top_level.txt
[1.226s] -- Up-to-date symlink: /ros/install/micro_ros_msgs/local/lib/python3.10/dist-packages/micro_ros_msgs/__init__.py
[1.226s] -- Up-to-date symlink: /ros/install/micro_ros_msgs/local/lib/python3.10/dist-packages/micro_ros_msgs/_micro_ros_msgs_s.ep.rosidl_typesupport_c.c
[1.227s] -- Up-to-date symlink: /ros/install/micro_ros_msgs/local/lib/python3.10/dist-packages/micro_ros_msgs/_micro_ros_msgs_s.ep.rosidl_typesupport_fastrtps_c.c
[1.228s] -- Up-to-date symlink: /ros/install/micro_ros_msgs/local/lib/python3.10/dist-packages/micro_ros_msgs/_micro_ros_msgs_s.ep.rosidl_typesupport_introspection_c.c
[1.228s] -- Up-to-date symlink: /ros/install/micro_ros_msgs/local/lib/python3.10/dist-packages/micro_ros_msgs/libmicro_ros_msgs__rosidl_generator_py.so
[1.228s] -- Up-to-date symlink: /ros/install/micro_ros_msgs/local/lib/python3.10/dist-packages/micro_ros_msgs/micro_ros_msgs_s__rosidl_typesupport_c.cpython-310-aarch64-linux-gnu.so
[1.228s] -- Up-to-date symlink: /ros/install/micro_ros_msgs/local/lib/python3.10/dist-packages/micro_ros_msgs/micro_ros_msgs_s__rosidl_typesupport_fastrtps_c.cpython-310-aarch64-linux-gnu.so
[1.229s] -- Up-to-date symlink: /ros/install/micro_ros_msgs/local/lib/python3.10/dist-packages/micro_ros_msgs/micro_ros_msgs_s__rosidl_typesupport_introspection_c.cpython-310-aarch64-linux-gnu.so
[1.229s] -- Up-to-date symlink: /ros/install/micro_ros_msgs/local/lib/python3.10/dist-packages/micro_ros_msgs/msg/__init__.py
[1.229s] -- Up-to-date symlink: /ros/install/micro_ros_msgs/local/lib/python3.10/dist-packages/micro_ros_msgs/msg/_entity.py
[1.229s] -- Up-to-date symlink: /ros/install/micro_ros_msgs/local/lib/python3.10/dist-packages/micro_ros_msgs/msg/_entity_s.c
[1.229s] -- Up-to-date symlink: /ros/install/micro_ros_msgs/local/lib/python3.10/dist-packages/micro_ros_msgs/msg/_graph.py
[1.229s] -- Up-to-date symlink: /ros/install/micro_ros_msgs/local/lib/python3.10/dist-packages/micro_ros_msgs/msg/_graph_s.c
[1.229s] -- Up-to-date symlink: /ros/install/micro_ros_msgs/local/lib/python3.10/dist-packages/micro_ros_msgs/msg/_node.py
[1.229s] -- Up-to-date symlink: /ros/install/micro_ros_msgs/local/lib/python3.10/dist-packages/micro_ros_msgs/msg/_node_s.c
[1.229s] -- Up-to-date symlink: /ros/install/micro_ros_msgs/local/lib/python3.10/dist-packages/micro_ros_msgs/micro_ros_msgs_s__rosidl_typesupport_fastrtps_c.cpython-310-aarch64-linux-gnu.so
[1.230s] -- Up-to-date symlink: /ros/install/micro_ros_msgs/local/lib/python3.10/dist-packages/micro_ros_msgs/micro_ros_msgs_s__rosidl_typesupport_introspection_c.cpython-310-aarch64-linux-gnu.so
[1.230s] -- Up-to-date symlink: /ros/install/micro_ros_msgs/local/lib/python3.10/dist-packages/micro_ros_msgs/micro_ros_msgs_s__rosidl_typesupport_c.cpython-310-aarch64-linux-gnu.so
[1.230s] -- Up-to-date symlink: /ros/install/micro_ros_msgs/share/ament_index/resource_index/rust_packages/micro_ros_msgs
[1.230s] -- Up-to-date symlink: /ros/install/micro_ros_msgs/share/micro_ros_msgs/rust/Cargo.toml
[1.230s] -- Up-to-date symlink: /ros/install/micro_ros_msgs/share/micro_ros_msgs/rust/build.rs
[1.230s] -- Up-to-date symlink: /ros/install/micro_ros_msgs/share/micro_ros_msgs/rust/src/lib.rs
[1.230s] -- Up-to-date symlink: /ros/install/micro_ros_msgs/share/micro_ros_msgs/rust/src/msg.rs
[1.230s] -- Up-to-date symlink: /ros/install/micro_ros_msgs/share/micro_ros_msgs/rust/src/msg/rmw.rs
[1.230s] -- Up-to-date symlink: /ros/install/micro_ros_msgs/share/micro_ros_msgs/msg/Graph.idl
[1.230s] -- Up-to-date symlink: /ros/install/micro_ros_msgs/share/micro_ros_msgs/msg/Node.idl
[1.231s] -- Up-to-date symlink: /ros/install/micro_ros_msgs/share/micro_ros_msgs/msg/Entity.idl
[1.231s] -- Up-to-date symlink: /ros/install/micro_ros_msgs/share/micro_ros_msgs/msg/Graph.msg
[1.231s] -- Up-to-date symlink: /ros/install/micro_ros_msgs/share/micro_ros_msgs/msg/Node.msg
[1.231s] -- Up-to-date symlink: /ros/install/micro_ros_msgs/share/micro_ros_msgs/msg/Entity.msg
[1.231s] -- Up-to-date symlink: /ros/install/micro_ros_msgs/share/ament_index/resource_index/package_run_dependencies/micro_ros_msgs
[1.231s] -- Up-to-date symlink: /ros/install/micro_ros_msgs/share/ament_index/resource_index/parent_prefix_path/micro_ros_msgs
[1.231s] -- Up-to-date symlink: /ros/install/micro_ros_msgs/share/micro_ros_msgs/environment/ament_prefix_path.sh
[1.231s] -- Up-to-date symlink: /ros/install/micro_ros_msgs/share/micro_ros_msgs/environment/ament_prefix_path.dsv
[1.231s] -- Up-to-date symlink: /ros/install/micro_ros_msgs/share/micro_ros_msgs/environment/path.sh
[1.232s] -- Up-to-date symlink: /ros/install/micro_ros_msgs/share/micro_ros_msgs/environment/path.dsv
[1.232s] -- Up-to-date symlink: /ros/install/micro_ros_msgs/share/micro_ros_msgs/local_setup.bash
[1.232s] -- Up-to-date symlink: /ros/install/micro_ros_msgs/share/micro_ros_msgs/local_setup.sh
[1.232s] -- Up-to-date symlink: /ros/install/micro_ros_msgs/share/micro_ros_msgs/local_setup.zsh
[1.232s] -- Up-to-date symlink: /ros/install/micro_ros_msgs/share/micro_ros_msgs/local_setup.dsv
[1.232s] -- Symlinking: /ros/install/micro_ros_msgs/share/micro_ros_msgs/package.dsv
[1.233s] -- Up-to-date symlink: /ros/install/micro_ros_msgs/share/ament_index/resource_index/packages/micro_ros_msgs
[1.233s] -- Up-to-date symlink: /ros/install/micro_ros_msgs/share/micro_ros_msgs/cmake/rosidl_cmake-extras.cmake
[1.233s] -- Up-to-date symlink: /ros/install/micro_ros_msgs/share/micro_ros_msgs/cmake/ament_cmake_export_include_directories-extras.cmake
[1.233s] -- Up-to-date symlink: /ros/install/micro_ros_msgs/share/micro_ros_msgs/cmake/ament_cmake_export_libraries-extras.cmake
[1.233s] -- Up-to-date symlink: /ros/install/micro_ros_msgs/share/micro_ros_msgs/cmake/ament_cmake_export_targets-extras.cmake
[1.233s] -- Up-to-date symlink: /ros/install/micro_ros_msgs/share/micro_ros_msgs/cmake/rosidl_cmake_export_typesupport_targets-extras.cmake
[1.234s] -- Up-to-date symlink: /ros/install/micro_ros_msgs/share/micro_ros_msgs/cmake/ament_cmake_export_dependencies-extras.cmake
[1.234s] -- Up-to-date symlink: /ros/install/micro_ros_msgs/share/micro_ros_msgs/cmake/rosidl_cmake_export_typesupport_libraries-extras.cmake
[1.235s] -- Up-to-date symlink: /ros/install/micro_ros_msgs/share/micro_ros_msgs/cmake/micro_ros_msgsConfig.cmake
[1.235s] -- Up-to-date symlink: /ros/install/micro_ros_msgs/share/micro_ros_msgs/cmake/micro_ros_msgsConfig-version.cmake
[1.235s] -- Up-to-date symlink: /ros/install/micro_ros_msgs/share/micro_ros_msgs/package.xml
[1.235s] -- Up-to-date: /ros/install/micro_ros_msgs/lib/libmicro_ros_msgs__rosidl_generator_c.so
[1.235s] -- Up-to-date: /ros/install/micro_ros_msgs/lib/libmicro_ros_msgs__rosidl_typesupport_fastrtps_c.so
[1.235s] -- Up-to-date: /ros/install/micro_ros_msgs/lib/libmicro_ros_msgs__rosidl_typesupport_introspection_c.so
[1.236s] -- Up-to-date: /ros/install/micro_ros_msgs/lib/libmicro_ros_msgs__rosidl_typesupport_c.so
[1.236s] -- Up-to-date: /ros/install/micro_ros_msgs/lib/libmicro_ros_msgs__rosidl_typesupport_fastrtps_cpp.so
[1.237s] -- Up-to-date: /ros/install/micro_ros_msgs/lib/libmicro_ros_msgs__rosidl_typesupport_introspection_cpp.so
[1.237s] -- Up-to-date: /ros/install/micro_ros_msgs/lib/libmicro_ros_msgs__rosidl_typesupport_cpp.so
[1.238s] Listing '/ros/install/micro_ros_msgs/local/lib/python3.10/dist-packages/micro_ros_msgs'...
[1.238s] Listing '/ros/install/micro_ros_msgs/local/lib/python3.10/dist-packages/micro_ros_msgs/msg'...
[1.238s] -- Up-to-date: /ros/install/micro_ros_msgs/lib/libmicro_ros_msgs__rosidl_generator_py.so
[1.238s] -- Up-to-date: /ros/install/micro_ros_msgs/share/micro_ros_msgs/cmake/export_micro_ros_msgs__rosidl_generator_cExport.cmake
[1.238s] -- Up-to-date: /ros/install/micro_ros_msgs/share/micro_ros_msgs/cmake/export_micro_ros_msgs__rosidl_generator_cExport-noconfig.cmake
[1.238s] -- Up-to-date: /ros/install/micro_ros_msgs/share/micro_ros_msgs/cmake/export_micro_ros_msgs__rosidl_typesupport_fastrtps_cExport.cmake
[1.238s] -- Up-to-date: /ros/install/micro_ros_msgs/share/micro_ros_msgs/cmake/export_micro_ros_msgs__rosidl_typesupport_fastrtps_cExport-noconfig.cmake
[1.238s] -- Up-to-date: /ros/install/micro_ros_msgs/share/micro_ros_msgs/cmake/micro_ros_msgs__rosidl_typesupport_introspection_cExport.cmake
[1.239s] -- Up-to-date: /ros/install/micro_ros_msgs/share/micro_ros_msgs/cmake/micro_ros_msgs__rosidl_typesupport_introspection_cExport-noconfig.cmake
[1.239s] -- Up-to-date: /ros/install/micro_ros_msgs/share/micro_ros_msgs/cmake/micro_ros_msgs__rosidl_typesupport_cExport.cmake
[1.239s] -- Up-to-date: /ros/install/micro_ros_msgs/share/micro_ros_msgs/cmake/micro_ros_msgs__rosidl_typesupport_cExport-noconfig.cmake
[1.239s] -- Up-to-date: /ros/install/micro_ros_msgs/share/micro_ros_msgs/cmake/export_micro_ros_msgs__rosidl_generator_cppExport.cmake
[1.239s] -- Up-to-date: /ros/install/micro_ros_msgs/share/micro_ros_msgs/cmake/export_micro_ros_msgs__rosidl_typesupport_fastrtps_cppExport.cmake
[1.239s] -- Up-to-date: /ros/install/micro_ros_msgs/share/micro_ros_msgs/cmake/export_micro_ros_msgs__rosidl_typesupport_fastrtps_cppExport-noconfig.cmake
[1.239s] -- Up-to-date: /ros/install/micro_ros_msgs/share/micro_ros_msgs/cmake/micro_ros_msgs__rosidl_typesupport_introspection_cppExport.cmake
[1.240s] -- Up-to-date: /ros/install/micro_ros_msgs/share/micro_ros_msgs/cmake/micro_ros_msgs__rosidl_typesupport_introspection_cppExport-noconfig.cmake
[1.240s] -- Up-to-date: /ros/install/micro_ros_msgs/share/micro_ros_msgs/cmake/micro_ros_msgs__rosidl_typesupport_cppExport.cmake
[1.240s] -- Up-to-date: /ros/install/micro_ros_msgs/share/micro_ros_msgs/cmake/micro_ros_msgs__rosidl_typesupport_cppExport-noconfig.cmake
[1.240s] -- Up-to-date: /ros/install/micro_ros_msgs/share/micro_ros_msgs/cmake/export_micro_ros_msgs__rosidl_generator_pyExport.cmake
[1.240s] -- Up-to-date: /ros/install/micro_ros_msgs/share/micro_ros_msgs/cmake/export_micro_ros_msgs__rosidl_generator_pyExport-noconfig.cmake
[1.240s] Invoked command in '/ros/build/micro_ros_msgs' returned '0': CMAKE_PREFIX_PATH=${CMAKE_PREFIX_PATH}:/ros/install/lidar_teste:/ros/install/detector:/ros/install/bno055:/opt/ros/humble /usr/bin/cmake --install /ros/build/micro_ros_msgs
