[2.059s] Invoking command in '/home/epiibots/ros2_ws/src/detector': DEBUGINFOD_URLS=https://debuginfod.ubuntu.com PYTHONPATH=/home/epiibots/ros2_ws/build/detector/prefix_override:/usr/lib/python3/dist-packages/colcon_core/task/python/colcon_distutils_commands:/home/epiibots/ros2_ws/install/detector/lib/python3.12/site-packages:${PYTHONPATH} /usr/bin/python3 -W ignore:setup.py install is deprecated -W ignore:easy_install command is deprecated setup.py egg_info --egg-base ../../build/detector build --build-base /home/epiibots/ros2_ws/build/detector/build install --record /home/epiibots/ros2_ws/build/detector/install.log --single-version-externally-managed install_data
[2.821s] running egg_info
[2.848s] writing ../../build/detector/detector.egg-info/PKG-INFO
[2.849s] writing dependency_links to ../../build/detector/detector.egg-info/dependency_links.txt
[2.852s] writing entry points to ../../build/detector/detector.egg-info/entry_points.txt
[2.853s] writing requirements to ../../build/detector/detector.egg-info/requires.txt
[2.854s] writing top-level names to ../../build/detector/detector.egg-info/top_level.txt
[2.923s] reading manifest file '../../build/detector/detector.egg-info/SOURCES.txt'
[2.928s] adding license file 'LICENSE'
[2.929s] writing manifest file '../../build/detector/detector.egg-info/SOURCES.txt'
[2.929s] running build
[2.929s] running build_py
[2.930s] running install
[2.946s] running install_lib
[2.980s] running install_data
[2.980s] running install_egg_info
[3.015s] removing '/home/epiibots/ros2_ws/install/detector/lib/python3.12/site-packages/detector-0.0.0-py3.12.egg-info' (and everything under it)
[3.020s] Copying ../../build/detector/detector.egg-info to /home/epiibots/ros2_ws/install/detector/lib/python3.12/site-packages/detector-0.0.0-py3.12.egg-info
[3.020s] running install_scripts
[3.426s] Installing apriltags script to /home/epiibots/ros2_ws/install/detector/lib/detector
[3.427s] writing list of installed files to '/home/epiibots/ros2_ws/build/detector/install.log'
[3.847s] Invoked command in '/home/epiibots/ros2_ws/src/detector' returned '0': DEBUGINFOD_URLS=https://debuginfod.ubuntu.com PYTHONPATH=/home/epiibots/ros2_ws/build/detector/prefix_override:/usr/lib/python3/dist-packages/colcon_core/task/python/colcon_distutils_commands:/home/epiibots/ros2_ws/install/detector/lib/python3.12/site-packages:${PYTHONPATH} /usr/bin/python3 -W ignore:setup.py install is deprecated -W ignore:easy_install command is deprecated setup.py egg_info --egg-base ../../build/detector build --build-base /home/epiibots/ros2_ws/build/detector/build install --record /home/epiibots/ros2_ws/build/detector/install.log --single-version-externally-managed install_data
