[0.409s] Invoking command in '/home/epiibots/ros2_ws/build/micro_ros_msgs': CMAKE_PREFIX_PATH=${CMAKE_PREFIX_PATH}:/home/epiibots/ros2_ws/install/controlegeral_carrinho:/home/epiibots/ros2_ws/install/servo_steering:/home/epiibots/ros2_ws/install/lidar_teste:/home/epiibots/ros2_ws/install/detector:/home/epiibots/ros2_ws/install/carrinho_base:/home/epiibots/ros2_ws/install/bno055:/opt/ros/jazzy DEBUGINFOD_URLS=https://debuginfod.ubuntu.com /usr/bin/cmake --build /home/epiibots/ros2_ws/build/micro_ros_msgs -- -j4 -l4
[0.559s] [  1%] Built target micro_ros_msgs__rs
[0.598s] [  1%] Built target ament_cmake_python_copy_micro_ros_msgs
[0.607s] [  3%] Built target micro_ros_msgs__rosidl_generator_type_description
[0.724s] [  5%] Built target micro_ros_msgs__cpp
[0.733s] [ 25%] Built target micro_ros_msgs__rosidl_generator_c
[0.848s] [ 34%] Built target micro_ros_msgs__rosidl_typesupport_fastrtps_cpp
[0.848s] [ 43%] Built target micro_ros_msgs__rosidl_typesupport_fastrtps_c
[0.895s] [ 52%] Built target micro_ros_msgs__rosidl_typesupport_introspection_cpp
[0.913s] [ 61%] Built target micro_ros_msgs__rosidl_typesupport_cpp
[0.928s] [ 70%] Built target micro_ros_msgs__rosidl_typesupport_introspection_c
[0.979s] [ 80%] Built target micro_ros_msgs__rosidl_typesupport_c
[1.056s] [ 80%] Built target micro_ros_msgs
[1.108s] [ 81%] Built target micro_ros_msgs__py
[1.300s] [ 89%] Built target micro_ros_msgs__rosidl_generator_py
[1.565s] [ 92%] Built target micro_ros_msgs_s__rosidl_typesupport_c
[1.574s] [ 96%] Built target micro_ros_msgs_s__rosidl_typesupport_fastrtps_c
[1.663s] running egg_info
[1.678s] [100%] Built target micro_ros_msgs_s__rosidl_typesupport_introspection_c
[1.784s] writing micro_ros_msgs.egg-info/PKG-INFO
[1.788s] writing dependency_links to micro_ros_msgs.egg-info/dependency_links.txt
[1.792s] writing top-level names to micro_ros_msgs.egg-info/top_level.txt
[2.108s] reading manifest file 'micro_ros_msgs.egg-info/SOURCES.txt'
[2.108s] writing manifest file 'micro_ros_msgs.egg-info/SOURCES.txt'
[2.229s] [100%] Built target ament_cmake_python_build_micro_ros_msgs_egg
[2.519s] Invoked command in '/home/epiibots/ros2_ws/build/micro_ros_msgs' returned '0': CMAKE_PREFIX_PATH=${CMAKE_PREFIX_PATH}:/home/epiibots/ros2_ws/install/controlegeral_carrinho:/home/epiibots/ros2_ws/install/servo_steering:/home/epiibots/ros2_ws/install/lidar_teste:/home/epiibots/ros2_ws/install/detector:/home/epiibots/ros2_ws/install/carrinho_base:/home/epiibots/ros2_ws/install/bno055:/opt/ros/jazzy DEBUGINFOD_URLS=https://debuginfod.ubuntu.com /usr/bin/cmake --build /home/epiibots/ros2_ws/build/micro_ros_msgs -- -j4 -l4
[2.524s] Invoking command in '/home/epiibots/ros2_ws/build/micro_ros_msgs': CMAKE_PREFIX_PATH=${CMAKE_PREFIX_PATH}:/home/epiibots/ros2_ws/install/controlegeral_carrinho:/home/epiibots/ros2_ws/install/servo_steering:/home/epiibots/ros2_ws/install/lidar_teste:/home/epiibots/ros2_ws/install/detector:/home/epiibots/ros2_ws/install/carrinho_base:/home/epiibots/ros2_ws/install/bno055:/opt/ros/jazzy DEBUGINFOD_URLS=https://debuginfod.ubuntu.com /usr/bin/cmake --install /home/epiibots/ros2_ws/build/micro_ros_msgs
[2.570s] -- Install configuration: ""
[2.574s] -- Up-to-date: /home/epiibots/ros2_ws/install/micro_ros_msgs/share/ament_index/resource_index/rosidl_interfaces/micro_ros_msgs
[2.574s] -- Up-to-date: /home/epiibots/ros2_ws/install/micro_ros_msgs/share/micro_ros_msgs/msg/Graph.json
[2.578s] -- Up-to-date: /home/epiibots/ros2_ws/install/micro_ros_msgs/share/micro_ros_msgs/msg/Node.json
[2.580s] -- Up-to-date: /home/epiibots/ros2_ws/install/micro_ros_msgs/share/micro_ros_msgs/msg/Entity.json
[2.580s] -- Up-to-date: /home/epiibots/ros2_ws/install/micro_ros_msgs/include/micro_ros_msgs/micro_ros_msgs
[2.581s] -- Up-to-date: /home/epiibots/ros2_ws/install/micro_ros_msgs/include/micro_ros_msgs/micro_ros_msgs/msg
[2.581s] -- Up-to-date: /home/epiibots/ros2_ws/install/micro_ros_msgs/include/micro_ros_msgs/micro_ros_msgs/msg/entity.h
[2.581s] -- Up-to-date: /home/epiibots/ros2_ws/install/micro_ros_msgs/include/micro_ros_msgs/micro_ros_msgs/msg/graph.h
[2.581s] -- Up-to-date: /home/epiibots/ros2_ws/install/micro_ros_msgs/include/micro_ros_msgs/micro_ros_msgs/msg/node.h
[2.585s] -- Up-to-date: /home/epiibots/ros2_ws/install/micro_ros_msgs/include/micro_ros_msgs/micro_ros_msgs/msg/rosidl_generator_c__visibility_control.h
[2.586s] -- Up-to-date: /home/epiibots/ros2_ws/install/micro_ros_msgs/include/micro_ros_msgs/micro_ros_msgs/msg/detail
[2.587s] -- Up-to-date: /home/epiibots/ros2_ws/install/micro_ros_msgs/include/micro_ros_msgs/micro_ros_msgs/msg/detail/node__description.c
[2.587s] -- Up-to-date: /home/epiibots/ros2_ws/install/micro_ros_msgs/include/micro_ros_msgs/micro_ros_msgs/msg/detail/graph__struct.h
[2.588s] -- Up-to-date: /home/epiibots/ros2_ws/install/micro_ros_msgs/include/micro_ros_msgs/micro_ros_msgs/msg/detail/node__functions.h
[2.588s] -- Up-to-date: /home/epiibots/ros2_ws/install/micro_ros_msgs/include/micro_ros_msgs/micro_ros_msgs/msg/detail/entity__type_support.h
[2.589s] -- Up-to-date: /home/epiibots/ros2_ws/install/micro_ros_msgs/include/micro_ros_msgs/micro_ros_msgs/msg/detail/node__struct.h
[2.589s] -- Up-to-date: /home/epiibots/ros2_ws/install/micro_ros_msgs/include/micro_ros_msgs/micro_ros_msgs/msg/detail/graph__description.c
[2.590s] -- Up-to-date: /home/epiibots/ros2_ws/install/micro_ros_msgs/include/micro_ros_msgs/micro_ros_msgs/msg/detail/graph__type_support.h
[2.592s] -- Up-to-date: /home/epiibots/ros2_ws/install/micro_ros_msgs/include/micro_ros_msgs/micro_ros_msgs/msg/detail/graph__functions.h
[2.593s] -- Up-to-date: /home/epiibots/ros2_ws/install/micro_ros_msgs/include/micro_ros_msgs/micro_ros_msgs/msg/detail/entity__functions.c
[2.593s] -- Up-to-date: /home/epiibots/ros2_ws/install/micro_ros_msgs/include/micro_ros_msgs/micro_ros_msgs/msg/detail/graph__functions.c
[2.593s] -- Up-to-date: /home/epiibots/ros2_ws/install/micro_ros_msgs/include/micro_ros_msgs/micro_ros_msgs/msg/detail/node__functions.c
[2.593s] -- Up-to-date: /home/epiibots/ros2_ws/install/micro_ros_msgs/include/micro_ros_msgs/micro_ros_msgs/msg/detail/entity__struct.h
[2.593s] -- Installing: /home/epiibots/ros2_ws/install/micro_ros_msgs/include/micro_ros_msgs/micro_ros_msgs/msg/detail/node__type_support.c
[2.593s] -- Up-to-date: /home/epiibots/ros2_ws/install/micro_ros_msgs/include/micro_ros_msgs/micro_ros_msgs/msg/detail/node__type_support.h
[2.593s] -- Installing: /home/epiibots/ros2_ws/install/micro_ros_msgs/include/micro_ros_msgs/micro_ros_msgs/msg/detail/entity__type_support.c
[2.593s] -- Up-to-date: /home/epiibots/ros2_ws/install/micro_ros_msgs/include/micro_ros_msgs/micro_ros_msgs/msg/detail/entity__description.c
[2.593s] -- Installing: /home/epiibots/ros2_ws/install/micro_ros_msgs/include/micro_ros_msgs/micro_ros_msgs/msg/detail/graph__type_support.c
[2.594s] -- Up-to-date: /home/epiibots/ros2_ws/install/micro_ros_msgs/include/micro_ros_msgs/micro_ros_msgs/msg/detail/entity__functions.h
[2.594s] -- Up-to-date: /home/epiibots/ros2_ws/install/micro_ros_msgs/share/micro_ros_msgs/environment/library_path.sh
[2.594s] -- Up-to-date: /home/epiibots/ros2_ws/install/micro_ros_msgs/share/micro_ros_msgs/environment/library_path.dsv
[2.594s] -- Up-to-date: /home/epiibots/ros2_ws/install/micro_ros_msgs/lib/libmicro_ros_msgs__rosidl_generator_c.so
[2.595s] -- Up-to-date: /home/epiibots/ros2_ws/install/micro_ros_msgs/include/micro_ros_msgs/micro_ros_msgs
[2.598s] -- Up-to-date: /home/epiibots/ros2_ws/install/micro_ros_msgs/include/micro_ros_msgs/micro_ros_msgs/msg
[2.599s] -- Up-to-date: /home/epiibots/ros2_ws/install/micro_ros_msgs/include/micro_ros_msgs/micro_ros_msgs/msg/rosidl_typesupport_fastrtps_c__visibility_control.h
[2.599s] -- Up-to-date: /home/epiibots/ros2_ws/install/micro_ros_msgs/include/micro_ros_msgs/micro_ros_msgs/msg/detail
[2.600s] -- Up-to-date: /home/epiibots/ros2_ws/install/micro_ros_msgs/include/micro_ros_msgs/micro_ros_msgs/msg/detail/node__rosidl_typesupport_fastrtps_c.h
[2.600s] -- Up-to-date: /home/epiibots/ros2_ws/install/micro_ros_msgs/include/micro_ros_msgs/micro_ros_msgs/msg/detail/graph__rosidl_typesupport_fastrtps_c.h
[2.601s] -- Up-to-date: /home/epiibots/ros2_ws/install/micro_ros_msgs/include/micro_ros_msgs/micro_ros_msgs/msg/detail/entity__rosidl_typesupport_fastrtps_c.h
[2.601s] -- Up-to-date: /home/epiibots/ros2_ws/install/micro_ros_msgs/lib/libmicro_ros_msgs__rosidl_typesupport_fastrtps_c.so
[2.602s] -- Up-to-date: /home/epiibots/ros2_ws/install/micro_ros_msgs/include/micro_ros_msgs/micro_ros_msgs
[2.602s] -- Up-to-date: /home/epiibots/ros2_ws/install/micro_ros_msgs/include/micro_ros_msgs/micro_ros_msgs/msg
[2.602s] -- Up-to-date: /home/epiibots/ros2_ws/install/micro_ros_msgs/include/micro_ros_msgs/micro_ros_msgs/msg/rosidl_typesupport_introspection_c__visibility_control.h
[2.603s] -- Up-to-date: /home/epiibots/ros2_ws/install/micro_ros_msgs/include/micro_ros_msgs/micro_ros_msgs/msg/detail
[2.603s] -- Up-to-date: /home/epiibots/ros2_ws/install/micro_ros_msgs/include/micro_ros_msgs/micro_ros_msgs/msg/detail/graph__rosidl_typesupport_introspection_c.h
[2.604s] -- Up-to-date: /home/epiibots/ros2_ws/install/micro_ros_msgs/include/micro_ros_msgs/micro_ros_msgs/msg/detail/entity__rosidl_typesupport_introspection_c.h
[2.604s] -- Installing: /home/epiibots/ros2_ws/install/micro_ros_msgs/include/micro_ros_msgs/micro_ros_msgs/msg/detail/node__type_support.c
[2.605s] -- Up-to-date: /home/epiibots/ros2_ws/install/micro_ros_msgs/include/micro_ros_msgs/micro_ros_msgs/msg/detail/node__rosidl_typesupport_introspection_c.h
[2.605s] -- Installing: /home/epiibots/ros2_ws/install/micro_ros_msgs/include/micro_ros_msgs/micro_ros_msgs/msg/detail/entity__type_support.c
[2.605s] -- Installing: /home/epiibots/ros2_ws/install/micro_ros_msgs/include/micro_ros_msgs/micro_ros_msgs/msg/detail/graph__type_support.c
[2.606s] -- Up-to-date: /home/epiibots/ros2_ws/install/micro_ros_msgs/lib/libmicro_ros_msgs__rosidl_typesupport_introspection_c.so
[2.606s] -- Up-to-date: /home/epiibots/ros2_ws/install/micro_ros_msgs/lib/libmicro_ros_msgs__rosidl_typesupport_c.so
[2.607s] -- Up-to-date: /home/epiibots/ros2_ws/install/micro_ros_msgs/include/micro_ros_msgs/micro_ros_msgs
[2.607s] -- Up-to-date: /home/epiibots/ros2_ws/install/micro_ros_msgs/include/micro_ros_msgs/micro_ros_msgs/msg
[2.608s] -- Up-to-date: /home/epiibots/ros2_ws/install/micro_ros_msgs/include/micro_ros_msgs/micro_ros_msgs/msg/entity.hpp
[2.608s] -- Up-to-date: /home/epiibots/ros2_ws/install/micro_ros_msgs/include/micro_ros_msgs/micro_ros_msgs/msg/rosidl_generator_cpp__visibility_control.hpp
[2.609s] -- Up-to-date: /home/epiibots/ros2_ws/install/micro_ros_msgs/include/micro_ros_msgs/micro_ros_msgs/msg/graph.hpp
[2.609s] -- Up-to-date: /home/epiibots/ros2_ws/install/micro_ros_msgs/include/micro_ros_msgs/micro_ros_msgs/msg/detail
[2.610s] -- Up-to-date: /home/epiibots/ros2_ws/install/micro_ros_msgs/include/micro_ros_msgs/micro_ros_msgs/msg/detail/graph__type_support.hpp
[2.610s] -- Up-to-date: /home/epiibots/ros2_ws/install/micro_ros_msgs/include/micro_ros_msgs/micro_ros_msgs/msg/detail/node__builder.hpp
[2.611s] -- Up-to-date: /home/epiibots/ros2_ws/install/micro_ros_msgs/include/micro_ros_msgs/micro_ros_msgs/msg/detail/graph__traits.hpp
[2.611s] -- Up-to-date: /home/epiibots/ros2_ws/install/micro_ros_msgs/include/micro_ros_msgs/micro_ros_msgs/msg/detail/graph__builder.hpp
[2.612s] -- Up-to-date: /home/epiibots/ros2_ws/install/micro_ros_msgs/include/micro_ros_msgs/micro_ros_msgs/msg/detail/entity__type_support.hpp
[2.612s] -- Up-to-date: /home/epiibots/ros2_ws/install/micro_ros_msgs/include/micro_ros_msgs/micro_ros_msgs/msg/detail/node__type_support.hpp
[2.612s] -- Up-to-date: /home/epiibots/ros2_ws/install/micro_ros_msgs/include/micro_ros_msgs/micro_ros_msgs/msg/detail/entity__traits.hpp
[2.613s] -- Up-to-date: /home/epiibots/ros2_ws/install/micro_ros_msgs/include/micro_ros_msgs/micro_ros_msgs/msg/detail/node__struct.hpp
[2.613s] -- Up-to-date: /home/epiibots/ros2_ws/install/micro_ros_msgs/include/micro_ros_msgs/micro_ros_msgs/msg/detail/entity__struct.hpp
[2.614s] -- Up-to-date: /home/epiibots/ros2_ws/install/micro_ros_msgs/include/micro_ros_msgs/micro_ros_msgs/msg/detail/node__traits.hpp
[2.614s] -- Up-to-date: /home/epiibots/ros2_ws/install/micro_ros_msgs/include/micro_ros_msgs/micro_ros_msgs/msg/detail/entity__builder.hpp
[2.615s] -- Up-to-date: /home/epiibots/ros2_ws/install/micro_ros_msgs/include/micro_ros_msgs/micro_ros_msgs/msg/detail/graph__struct.hpp
[2.615s] -- Up-to-date: /home/epiibots/ros2_ws/install/micro_ros_msgs/include/micro_ros_msgs/micro_ros_msgs/msg/node.hpp
[2.616s] -- Up-to-date: /home/epiibots/ros2_ws/install/micro_ros_msgs/include/micro_ros_msgs/micro_ros_msgs
[2.616s] -- Up-to-date: /home/epiibots/ros2_ws/install/micro_ros_msgs/include/micro_ros_msgs/micro_ros_msgs/msg
[2.616s] -- Up-to-date: /home/epiibots/ros2_ws/install/micro_ros_msgs/include/micro_ros_msgs/micro_ros_msgs/msg/rosidl_typesupport_fastrtps_cpp__visibility_control.h
[2.616s] -- Up-to-date: /home/epiibots/ros2_ws/install/micro_ros_msgs/include/micro_ros_msgs/micro_ros_msgs/msg/detail
[2.617s] -- Up-to-date: /home/epiibots/ros2_ws/install/micro_ros_msgs/include/micro_ros_msgs/micro_ros_msgs/msg/detail/entity__rosidl_typesupport_fastrtps_cpp.hpp
[2.617s] -- Up-to-date: /home/epiibots/ros2_ws/install/micro_ros_msgs/include/micro_ros_msgs/micro_ros_msgs/msg/detail/graph__rosidl_typesupport_fastrtps_cpp.hpp
[2.617s] -- Up-to-date: /home/epiibots/ros2_ws/install/micro_ros_msgs/include/micro_ros_msgs/micro_ros_msgs/msg/detail/node__rosidl_typesupport_fastrtps_cpp.hpp
[2.617s] -- Up-to-date: /home/epiibots/ros2_ws/install/micro_ros_msgs/include/micro_ros_msgs/micro_ros_msgs/msg/detail/dds_fastrtps
[2.617s] -- Up-to-date: /home/epiibots/ros2_ws/install/micro_ros_msgs/lib/libmicro_ros_msgs__rosidl_typesupport_fastrtps_cpp.so
[2.618s] -- Up-to-date: /home/epiibots/ros2_ws/install/micro_ros_msgs/include/micro_ros_msgs/micro_ros_msgs
[2.618s] -- Up-to-date: /home/epiibots/ros2_ws/install/micro_ros_msgs/include/micro_ros_msgs/micro_ros_msgs/msg
[2.619s] -- Up-to-date: /home/epiibots/ros2_ws/install/micro_ros_msgs/include/micro_ros_msgs/micro_ros_msgs/msg/detail
[2.619s] -- Up-to-date: /home/epiibots/ros2_ws/install/micro_ros_msgs/include/micro_ros_msgs/micro_ros_msgs/msg/detail/graph__type_support.cpp
[2.619s] -- Up-to-date: /home/epiibots/ros2_ws/install/micro_ros_msgs/include/micro_ros_msgs/micro_ros_msgs/msg/detail/graph__rosidl_typesupport_introspection_cpp.hpp
[2.620s] -- Up-to-date: /home/epiibots/ros2_ws/install/micro_ros_msgs/include/micro_ros_msgs/micro_ros_msgs/msg/detail/node__type_support.cpp
[2.620s] -- Up-to-date: /home/epiibots/ros2_ws/install/micro_ros_msgs/include/micro_ros_msgs/micro_ros_msgs/msg/detail/node__rosidl_typesupport_introspection_cpp.hpp
[2.621s] -- Up-to-date: /home/epiibots/ros2_ws/install/micro_ros_msgs/include/micro_ros_msgs/micro_ros_msgs/msg/detail/entity__rosidl_typesupport_introspection_cpp.hpp
[2.621s] -- Up-to-date: /home/epiibots/ros2_ws/install/micro_ros_msgs/include/micro_ros_msgs/micro_ros_msgs/msg/detail/entity__type_support.cpp
[2.622s] -- Up-to-date: /home/epiibots/ros2_ws/install/micro_ros_msgs/lib/libmicro_ros_msgs__rosidl_typesupport_introspection_cpp.so
[2.622s] -- Up-to-date: /home/epiibots/ros2_ws/install/micro_ros_msgs/lib/libmicro_ros_msgs__rosidl_typesupport_cpp.so
[2.623s] -- Up-to-date: /home/epiibots/ros2_ws/install/micro_ros_msgs/share/micro_ros_msgs/environment/pythonpath.sh
[2.623s] -- Up-to-date: /home/epiibots/ros2_ws/install/micro_ros_msgs/share/micro_ros_msgs/environment/pythonpath.dsv
[2.624s] -- Up-to-date: /home/epiibots/ros2_ws/install/micro_ros_msgs/lib/python3.12/site-packages/micro_ros_msgs-5.0.2-py3.12.egg-info
[2.624s] -- Installing: /home/epiibots/ros2_ws/install/micro_ros_msgs/lib/python3.12/site-packages/micro_ros_msgs-5.0.2-py3.12.egg-info/top_level.txt
[2.625s] -- Installing: /home/epiibots/ros2_ws/install/micro_ros_msgs/lib/python3.12/site-packages/micro_ros_msgs-5.0.2-py3.12.egg-info/PKG-INFO
[2.626s] -- Installing: /home/epiibots/ros2_ws/install/micro_ros_msgs/lib/python3.12/site-packages/micro_ros_msgs-5.0.2-py3.12.egg-info/SOURCES.txt
[2.626s] -- Installing: /home/epiibots/ros2_ws/install/micro_ros_msgs/lib/python3.12/site-packages/micro_ros_msgs-5.0.2-py3.12.egg-info/dependency_links.txt
[2.627s] -- Up-to-date: /home/epiibots/ros2_ws/install/micro_ros_msgs/lib/python3.12/site-packages/micro_ros_msgs
[2.627s] -- Up-to-date: /home/epiibots/ros2_ws/install/micro_ros_msgs/lib/python3.12/site-packages/micro_ros_msgs/micro_ros_msgs_s__rosidl_typesupport_introspection_c.so
[2.627s] -- Up-to-date: /home/epiibots/ros2_ws/install/micro_ros_msgs/lib/python3.12/site-packages/micro_ros_msgs/msg
[2.628s] -- Up-to-date: /home/epiibots/ros2_ws/install/micro_ros_msgs/lib/python3.12/site-packages/micro_ros_msgs/msg/_entity_s.c
[2.629s] -- Up-to-date: /home/epiibots/ros2_ws/install/micro_ros_msgs/lib/python3.12/site-packages/micro_ros_msgs/msg/__init__.py
[2.629s] -- Up-to-date: /home/epiibots/ros2_ws/install/micro_ros_msgs/lib/python3.12/site-packages/micro_ros_msgs/msg/_entity.py
[2.630s] -- Up-to-date: /home/epiibots/ros2_ws/install/micro_ros_msgs/lib/python3.12/site-packages/micro_ros_msgs/msg/_graph.py
[2.630s] -- Up-to-date: /home/epiibots/ros2_ws/install/micro_ros_msgs/lib/python3.12/site-packages/micro_ros_msgs/msg/_node_s.c
[2.631s] -- Up-to-date: /home/epiibots/ros2_ws/install/micro_ros_msgs/lib/python3.12/site-packages/micro_ros_msgs/msg/_graph_s.c
[2.631s] -- Up-to-date: /home/epiibots/ros2_ws/install/micro_ros_msgs/lib/python3.12/site-packages/micro_ros_msgs/msg/_node.py
[2.631s] -- Up-to-date: /home/epiibots/ros2_ws/install/micro_ros_msgs/lib/python3.12/site-packages/micro_ros_msgs/__init__.py
[2.632s] -- Up-to-date: /home/epiibots/ros2_ws/install/micro_ros_msgs/lib/python3.12/site-packages/micro_ros_msgs/_micro_ros_msgs_s.ep.rosidl_typesupport_c.c
[2.632s] -- Up-to-date: /home/epiibots/ros2_ws/install/micro_ros_msgs/lib/python3.12/site-packages/micro_ros_msgs/_micro_ros_msgs_s.ep.rosidl_typesupport_introspection_c.c
[2.633s] -- Up-to-date: /home/epiibots/ros2_ws/install/micro_ros_msgs/lib/python3.12/site-packages/micro_ros_msgs/micro_ros_msgs_s__rosidl_typesupport_c.so
[2.634s] -- Up-to-date: /home/epiibots/ros2_ws/install/micro_ros_msgs/lib/python3.12/site-packages/micro_ros_msgs/micro_ros_msgs_s__rosidl_typesupport_fastrtps_c.so
[2.634s] -- Up-to-date: /home/epiibots/ros2_ws/install/micro_ros_msgs/lib/python3.12/site-packages/micro_ros_msgs/_micro_ros_msgs_s.ep.rosidl_typesupport_fastrtps_c.c
[2.658s] Listing '/home/epiibots/ros2_ws/install/micro_ros_msgs/lib/python3.12/site-packages/micro_ros_msgs'...
[2.658s] Listing '/home/epiibots/ros2_ws/install/micro_ros_msgs/lib/python3.12/site-packages/micro_ros_msgs/msg'...
[2.681s] -- Up-to-date: /home/epiibots/ros2_ws/install/micro_ros_msgs/lib/python3.12/site-packages/micro_ros_msgs/micro_ros_msgs_s__rosidl_typesupport_fastrtps_c.so
[2.681s] -- Up-to-date: /home/epiibots/ros2_ws/install/micro_ros_msgs/lib/python3.12/site-packages/micro_ros_msgs/micro_ros_msgs_s__rosidl_typesupport_introspection_c.so
[2.686s] -- Up-to-date: /home/epiibots/ros2_ws/install/micro_ros_msgs/lib/python3.12/site-packages/micro_ros_msgs/micro_ros_msgs_s__rosidl_typesupport_c.so
[2.690s] -- Up-to-date: /home/epiibots/ros2_ws/install/micro_ros_msgs/lib/libmicro_ros_msgs__rosidl_generator_py.so
[2.694s] -- Up-to-date: /home/epiibots/ros2_ws/install/micro_ros_msgs/share/ament_index/resource_index/rust_packages/micro_ros_msgs
[2.696s] -- Up-to-date: /home/epiibots/ros2_ws/install/micro_ros_msgs/share/micro_ros_msgs/rust
[2.696s] -- Up-to-date: /home/epiibots/ros2_ws/install/micro_ros_msgs/share/micro_ros_msgs/rust/build.rs
[2.697s] -- Up-to-date: /home/epiibots/ros2_ws/install/micro_ros_msgs/share/micro_ros_msgs/rust/src
[2.697s] -- Up-to-date: /home/epiibots/ros2_ws/install/micro_ros_msgs/share/micro_ros_msgs/rust/src/msg
[2.697s] -- Up-to-date: /home/epiibots/ros2_ws/install/micro_ros_msgs/share/micro_ros_msgs/rust/src/msg/rmw.rs
[2.697s] -- Up-to-date: /home/epiibots/ros2_ws/install/micro_ros_msgs/share/micro_ros_msgs/rust/src/lib.rs
[2.698s] -- Up-to-date: /home/epiibots/ros2_ws/install/micro_ros_msgs/share/micro_ros_msgs/rust/src/msg.rs
[2.702s] -- Up-to-date: /home/epiibots/ros2_ws/install/micro_ros_msgs/share/micro_ros_msgs/rust/Cargo.toml
[2.702s] -- Up-to-date: /home/epiibots/ros2_ws/install/micro_ros_msgs/share/micro_ros_msgs/msg/Graph.idl
[2.702s] -- Up-to-date: /home/epiibots/ros2_ws/install/micro_ros_msgs/share/micro_ros_msgs/msg/Node.idl
[2.703s] -- Up-to-date: /home/epiibots/ros2_ws/install/micro_ros_msgs/share/micro_ros_msgs/msg/Entity.idl
[2.703s] -- Up-to-date: /home/epiibots/ros2_ws/install/micro_ros_msgs/share/micro_ros_msgs/msg/Graph.msg
[2.703s] -- Up-to-date: /home/epiibots/ros2_ws/install/micro_ros_msgs/share/micro_ros_msgs/msg/Node.msg
[2.704s] -- Up-to-date: /home/epiibots/ros2_ws/install/micro_ros_msgs/share/micro_ros_msgs/msg/Entity.msg
[2.704s] -- Up-to-date: /home/epiibots/ros2_ws/install/micro_ros_msgs/share/ament_index/resource_index/package_run_dependencies/micro_ros_msgs
[2.704s] -- Up-to-date: /home/epiibots/ros2_ws/install/micro_ros_msgs/share/ament_index/resource_index/parent_prefix_path/micro_ros_msgs
[2.707s] -- Up-to-date: /home/epiibots/ros2_ws/install/micro_ros_msgs/share/micro_ros_msgs/environment/ament_prefix_path.sh
[2.708s] -- Up-to-date: /home/epiibots/ros2_ws/install/micro_ros_msgs/share/micro_ros_msgs/environment/ament_prefix_path.dsv
[2.708s] -- Up-to-date: /home/epiibots/ros2_ws/install/micro_ros_msgs/share/micro_ros_msgs/environment/path.sh
[2.710s] -- Up-to-date: /home/epiibots/ros2_ws/install/micro_ros_msgs/share/micro_ros_msgs/environment/path.dsv
[2.710s] -- Up-to-date: /home/epiibots/ros2_ws/install/micro_ros_msgs/share/micro_ros_msgs/local_setup.bash
[2.710s] -- Up-to-date: /home/epiibots/ros2_ws/install/micro_ros_msgs/share/micro_ros_msgs/local_setup.sh
[2.710s] -- Up-to-date: /home/epiibots/ros2_ws/install/micro_ros_msgs/share/micro_ros_msgs/local_setup.zsh
[2.711s] -- Up-to-date: /home/epiibots/ros2_ws/install/micro_ros_msgs/share/micro_ros_msgs/local_setup.dsv
[2.711s] -- Installing: /home/epiibots/ros2_ws/install/micro_ros_msgs/share/micro_ros_msgs/package.dsv
[2.711s] -- Up-to-date: /home/epiibots/ros2_ws/install/micro_ros_msgs/share/ament_index/resource_index/packages/micro_ros_msgs
[2.711s] -- Up-to-date: /home/epiibots/ros2_ws/install/micro_ros_msgs/share/micro_ros_msgs/cmake/export_micro_ros_msgs__rosidl_generator_cExport.cmake
[2.711s] -- Up-to-date: /home/epiibots/ros2_ws/install/micro_ros_msgs/share/micro_ros_msgs/cmake/export_micro_ros_msgs__rosidl_generator_cExport-noconfig.cmake
[2.712s] -- Up-to-date: /home/epiibots/ros2_ws/install/micro_ros_msgs/share/micro_ros_msgs/cmake/export_micro_ros_msgs__rosidl_typesupport_fastrtps_cExport.cmake
[2.712s] -- Up-to-date: /home/epiibots/ros2_ws/install/micro_ros_msgs/share/micro_ros_msgs/cmake/export_micro_ros_msgs__rosidl_typesupport_fastrtps_cExport-noconfig.cmake
[2.715s] -- Up-to-date: /home/epiibots/ros2_ws/install/micro_ros_msgs/share/micro_ros_msgs/cmake/micro_ros_msgs__rosidl_typesupport_introspection_cExport.cmake
[2.715s] -- Up-to-date: /home/epiibots/ros2_ws/install/micro_ros_msgs/share/micro_ros_msgs/cmake/micro_ros_msgs__rosidl_typesupport_introspection_cExport-noconfig.cmake
[2.715s] -- Up-to-date: /home/epiibots/ros2_ws/install/micro_ros_msgs/share/micro_ros_msgs/cmake/micro_ros_msgs__rosidl_typesupport_cExport.cmake
[2.716s] -- Up-to-date: /home/epiibots/ros2_ws/install/micro_ros_msgs/share/micro_ros_msgs/cmake/micro_ros_msgs__rosidl_typesupport_cExport-noconfig.cmake
[2.716s] -- Up-to-date: /home/epiibots/ros2_ws/install/micro_ros_msgs/share/micro_ros_msgs/cmake/export_micro_ros_msgs__rosidl_generator_cppExport.cmake
[2.716s] -- Up-to-date: /home/epiibots/ros2_ws/install/micro_ros_msgs/share/micro_ros_msgs/cmake/export_micro_ros_msgs__rosidl_typesupport_fastrtps_cppExport.cmake
[2.717s] -- Up-to-date: /home/epiibots/ros2_ws/install/micro_ros_msgs/share/micro_ros_msgs/cmake/export_micro_ros_msgs__rosidl_typesupport_fastrtps_cppExport-noconfig.cmake
[2.717s] -- Up-to-date: /home/epiibots/ros2_ws/install/micro_ros_msgs/share/micro_ros_msgs/cmake/micro_ros_msgs__rosidl_typesupport_introspection_cppExport.cmake
[2.719s] -- Up-to-date: /home/epiibots/ros2_ws/install/micro_ros_msgs/share/micro_ros_msgs/cmake/micro_ros_msgs__rosidl_typesupport_introspection_cppExport-noconfig.cmake
[2.720s] -- Up-to-date: /home/epiibots/ros2_ws/install/micro_ros_msgs/share/micro_ros_msgs/cmake/micro_ros_msgs__rosidl_typesupport_cppExport.cmake
[2.720s] -- Up-to-date: /home/epiibots/ros2_ws/install/micro_ros_msgs/share/micro_ros_msgs/cmake/micro_ros_msgs__rosidl_typesupport_cppExport-noconfig.cmake
[2.720s] -- Up-to-date: /home/epiibots/ros2_ws/install/micro_ros_msgs/share/micro_ros_msgs/cmake/export_micro_ros_msgs__rosidl_generator_pyExport.cmake
[2.721s] -- Up-to-date: /home/epiibots/ros2_ws/install/micro_ros_msgs/share/micro_ros_msgs/cmake/export_micro_ros_msgs__rosidl_generator_pyExport-noconfig.cmake
[2.721s] -- Up-to-date: /home/epiibots/ros2_ws/install/micro_ros_msgs/share/micro_ros_msgs/cmake/rosidl_cmake-extras.cmake
[2.721s] -- Up-to-date: /home/epiibots/ros2_ws/install/micro_ros_msgs/share/micro_ros_msgs/cmake/ament_cmake_export_include_directories-extras.cmake
[2.721s] -- Up-to-date: /home/epiibots/ros2_ws/install/micro_ros_msgs/share/micro_ros_msgs/cmake/ament_cmake_export_libraries-extras.cmake
[2.721s] -- Up-to-date: /home/epiibots/ros2_ws/install/micro_ros_msgs/share/micro_ros_msgs/cmake/ament_cmake_export_targets-extras.cmake
[2.722s] -- Up-to-date: /home/epiibots/ros2_ws/install/micro_ros_msgs/share/micro_ros_msgs/cmake/rosidl_cmake_export_typesupport_targets-extras.cmake
[2.722s] -- Up-to-date: /home/epiibots/ros2_ws/install/micro_ros_msgs/share/micro_ros_msgs/cmake/ament_cmake_export_dependencies-extras.cmake
[2.725s] -- Up-to-date: /home/epiibots/ros2_ws/install/micro_ros_msgs/share/micro_ros_msgs/cmake/rosidl_cmake_export_typesupport_libraries-extras.cmake
[2.726s] -- Up-to-date: /home/epiibots/ros2_ws/install/micro_ros_msgs/share/micro_ros_msgs/cmake/micro_ros_msgsConfig.cmake
[2.726s] -- Up-to-date: /home/epiibots/ros2_ws/install/micro_ros_msgs/share/micro_ros_msgs/cmake/micro_ros_msgsConfig-version.cmake
[2.726s] -- Up-to-date: /home/epiibots/ros2_ws/install/micro_ros_msgs/share/micro_ros_msgs/package.xml
[2.727s] Invoked command in '/home/epiibots/ros2_ws/build/micro_ros_msgs' returned '0': CMAKE_PREFIX_PATH=${CMAKE_PREFIX_PATH}:/home/epiibots/ros2_ws/install/controlegeral_carrinho:/home/epiibots/ros2_ws/install/servo_steering:/home/epiibots/ros2_ws/install/lidar_teste:/home/epiibots/ros2_ws/install/detector:/home/epiibots/ros2_ws/install/carrinho_base:/home/epiibots/ros2_ws/install/bno055:/opt/ros/jazzy DEBUGINFOD_URLS=https://debuginfod.ubuntu.com /usr/bin/cmake --install /home/epiibots/ros2_ws/build/micro_ros_msgs
