[1.996s] Invoking command in '/home/epiibots/ros2_ws/src/bno055': DEBUGINFOD_URLS=https://debuginfod.ubuntu.com PYTHONPATH=/home/epiibots/ros2_ws/build/bno055/prefix_override:/usr/lib/python3/dist-packages/colcon_core/task/python/colcon_distutils_commands:/home/epiibots/ros2_ws/install/bno055/lib/python3.12/site-packages: /usr/bin/python3 -W ignore:setup.py install is deprecated -W ignore:easy_install command is deprecated setup.py egg_info --egg-base ../../build/bno055 build --build-base /home/epiibots/ros2_ws/build/bno055/build install --record /home/epiibots/ros2_ws/build/bno055/install.log --single-version-externally-managed install_data
[2.555s] running egg_info
[2.599s] writing ../../build/bno055/bno055.egg-info/PKG-INFO
[2.608s] writing dependency_links to ../../build/bno055/bno055.egg-info/dependency_links.txt
[2.616s] writing entry points to ../../build/bno055/bno055.egg-info/entry_points.txt
[2.618s] writing requirements to ../../build/bno055/bno055.egg-info/requires.txt
[2.619s] writing top-level names to ../../build/bno055/bno055.egg-info/top_level.txt
[2.919s] reading manifest file '../../build/bno055/bno055.egg-info/SOURCES.txt'
[2.920s] adding license file 'LICENSE'
[2.920s] adding license file 'AUTHORS'
[2.930s] writing manifest file '../../build/bno055/bno055.egg-info/SOURCES.txt'
[2.931s] running build
[2.931s] running build_py
[2.939s] running install
[2.985s] running install_lib
[3.232s] running install_data
[3.233s] running install_egg_info
[3.420s] removing '/home/epiibots/ros2_ws/install/bno055/lib/python3.12/site-packages/bno055-0.5.0-py3.12.egg-info' (and everything under it)
[3.421s] Copying ../../build/bno055/bno055.egg-info to /home/epiibots/ros2_ws/install/bno055/lib/python3.12/site-packages/bno055-0.5.0-py3.12.egg-info
[3.427s] running install_scripts
[3.785s] Installing bno055 script to /home/epiibots/ros2_ws/install/bno055/lib/bno055
[3.796s] writing list of installed files to '/home/epiibots/ros2_ws/build/bno055/install.log'
[3.925s] Invoked command in '/home/epiibots/ros2_ws/src/bno055' returned '0': DEBUGINFOD_URLS=https://debuginfod.ubuntu.com PYTHONPATH=/home/epiibots/ros2_ws/build/bno055/prefix_override:/usr/lib/python3/dist-packages/colcon_core/task/python/colcon_distutils_commands:/home/epiibots/ros2_ws/install/bno055/lib/python3.12/site-packages: /usr/bin/python3 -W ignore:setup.py install is deprecated -W ignore:easy_install command is deprecated setup.py egg_info --egg-base ../../build/bno055 build --build-base /home/epiibots/ros2_ws/build/bno055/build install --record /home/epiibots/ros2_ws/build/bno055/install.log --single-version-externally-managed install_data
