[1.796s] Invoking command in '/home/epiibots/ros2_ws/src/carrinho_base': DEBUGINFOD_URLS=https://debuginfod.ubuntu.com PYTHONPATH=/home/epiibots/ros2_ws/build/carrinho_base/prefix_override:/usr/lib/python3/dist-packages/colcon_core/task/python/colcon_distutils_commands:/home/epiibots/ros2_ws/install/carrinho_base/lib/python3.12/site-packages: /usr/bin/python3 -W ignore:setup.py install is deprecated -W ignore:easy_install command is deprecated setup.py egg_info --egg-base ../../build/carrinho_base build --build-base /home/epiibots/ros2_ws/build/carrinho_base/build install --record /home/epiibots/ros2_ws/build/carrinho_base/install.log --single-version-externally-managed install_data
[2.303s] running egg_info
[2.321s] writing ../../build/carrinho_base/carrinho_base.egg-info/PKG-INFO
[2.322s] writing dependency_links to ../../build/carrinho_base/carrinho_base.egg-info/dependency_links.txt
[2.326s] writing entry points to ../../build/carrinho_base/carrinho_base.egg-info/entry_points.txt
[2.326s] writing requirements to ../../build/carrinho_base/carrinho_base.egg-info/requires.txt
[2.328s] writing top-level names to ../../build/carrinho_base/carrinho_base.egg-info/top_level.txt
[2.380s] reading manifest file '../../build/carrinho_base/carrinho_base.egg-info/SOURCES.txt'
[2.380s] writing manifest file '../../build/carrinho_base/carrinho_base.egg-info/SOURCES.txt'
[2.382s] running build
[2.383s] running build_py
[2.383s] running install
[2.392s] running install_lib
[2.413s] running install_data
[2.414s] running install_egg_info
[2.440s] removing '/home/epiibots/ros2_ws/install/carrinho_base/lib/python3.12/site-packages/carrinho_base-0.0.0-py3.12.egg-info' (and everything under it)
[2.447s] Copying ../../build/carrinho_base/carrinho_base.egg-info to /home/epiibots/ros2_ws/install/carrinho_base/lib/python3.12/site-packages/carrinho_base-0.0.0-py3.12.egg-info
[2.452s] running install_scripts
[2.672s] Installing checkpoint_player script to /home/epiibots/ros2_ws/install/carrinho_base/lib/carrinho_base
[2.672s] Installing checkpoint_recorder script to /home/epiibots/ros2_ws/install/carrinho_base/lib/carrinho_base
[2.672s] Installing motor_control script to /home/epiibots/ros2_ws/install/carrinho_base/lib/carrinho_base
[2.678s] writing list of installed files to '/home/epiibots/ros2_ws/build/carrinho_base/install.log'
[3.155s] Invoked command in '/home/epiibots/ros2_ws/src/carrinho_base' returned '0': DEBUGINFOD_URLS=https://debuginfod.ubuntu.com PYTHONPATH=/home/epiibots/ros2_ws/build/carrinho_base/prefix_override:/usr/lib/python3/dist-packages/colcon_core/task/python/colcon_distutils_commands:/home/epiibots/ros2_ws/install/carrinho_base/lib/python3.12/site-packages: /usr/bin/python3 -W ignore:setup.py install is deprecated -W ignore:easy_install command is deprecated setup.py egg_info --egg-base ../../build/carrinho_base build --build-base /home/epiibots/ros2_ws/build/carrinho_base/build install --record /home/epiibots/ros2_ws/build/carrinho_base/install.log --single-version-externally-managed install_data
