[3.655s] Invoking command in '/home/epiibots/ros2_ws/src/bno055': DEBUGINFOD_URLS=https://debuginfod.ubuntu.com PYTHONPATH=/home/epiibots/ros2_ws/build/bno055/prefix_override:/usr/lib/python3/dist-packages/colcon_core/task/python/colcon_distutils_commands:/home/epiibots/ros2_ws/install/bno055/lib/python3.12/site-packages:${PYTHONPATH} /usr/bin/python3 -W ignore:setup.py install is deprecated -W ignore:easy_install command is deprecated setup.py egg_info --egg-base ../../build/bno055 build --build-base /home/epiibots/ros2_ws/build/bno055/build install --record /home/epiibots/ros2_ws/build/bno055/install.log --single-version-externally-managed install_data
[5.312s] running egg_info
[5.383s] writing ../../build/bno055/bno055.egg-info/PKG-INFO
[5.384s] writing dependency_links to ../../build/bno055/bno055.egg-info/dependency_links.txt
[5.392s] writing entry points to ../../build/bno055/bno055.egg-info/entry_points.txt
[5.392s] writing requirements to ../../build/bno055/bno055.egg-info/requires.txt
[5.395s] writing top-level names to ../../build/bno055/bno055.egg-info/top_level.txt
[5.532s] reading manifest file '../../build/bno055/bno055.egg-info/SOURCES.txt'
[5.535s] adding license file 'LICENSE'
[5.538s] adding license file 'AUTHORS'
[5.540s] writing manifest file '../../build/bno055/bno055.egg-info/SOURCES.txt'
[5.543s] running build
[5.547s] running build_py
[5.548s] running install
[5.564s] running install_lib
[5.633s] running install_data
[5.635s] running install_egg_info
[5.705s] removing '/home/epiibots/ros2_ws/install/bno055/lib/python3.12/site-packages/bno055-0.5.0-py3.12.egg-info' (and everything under it)
[5.714s] Copying ../../build/bno055/bno055.egg-info to /home/epiibots/ros2_ws/install/bno055/lib/python3.12/site-packages/bno055-0.5.0-py3.12.egg-info
[5.719s] running install_scripts
[6.206s] Installing bno055 script to /home/epiibots/ros2_ws/install/bno055/lib/bno055
[6.209s] writing list of installed files to '/home/epiibots/ros2_ws/build/bno055/install.log'
[6.366s] Invoked command in '/home/epiibots/ros2_ws/src/bno055' returned '0': DEBUGINFOD_URLS=https://debuginfod.ubuntu.com PYTHONPATH=/home/epiibots/ros2_ws/build/bno055/prefix_override:/usr/lib/python3/dist-packages/colcon_core/task/python/colcon_distutils_commands:/home/epiibots/ros2_ws/install/bno055/lib/python3.12/site-packages:${PYTHONPATH} /usr/bin/python3 -W ignore:setup.py install is deprecated -W ignore:easy_install command is deprecated setup.py egg_info --egg-base ../../build/bno055 build --build-base /home/epiibots/ros2_ws/build/bno055/build install --record /home/epiibots/ros2_ws/build/bno055/install.log --single-version-externally-managed install_data
