[0.139s] Invoking command in '/ros/build/micro_ros_msgs': CMAKE_PREFIX_PATH=${CMAKE_PREFIX_PATH}:/ros/install/lidar_teste:/ros/install/detector:/opt/ros/humble /usr/bin/cmake --build /ros/build/micro_ros_msgs -- -j4 -l4
[2.075s] [35m[1mConsolidate compiler generated dependencies of target micro_ros_msgs__rosidl_generator_c[0m
[2.076s] [  2%] Built target micro_ros_msgs__cpp
[2.077s] [ 12%] Built target micro_ros_msgs__rosidl_generator_c
[2.077s] [ 14%] Built target micro_ros_msgs__rs
[2.077s] [35m[1mConsolidate compiler generated dependencies of target micro_ros_msgs__rosidl_typesupport_c[0m
[2.077s] [35m[1mConsolidate compiler generated dependencies of target micro_ros_msgs__rosidl_typesupport_introspection_cpp[0m
[2.078s] [35m[1mConsolidate compiler generated dependencies of target micro_ros_msgs__rosidl_typesupport_fastrtps_cpp[0m
[2.078s] [ 14%] Built target ament_cmake_python_symlink_micro_ros_msgs
[2.078s] [ 25%] Built target micro_ros_msgs__rosidl_typesupport_c
[2.078s] [ 35%] Built target micro_ros_msgs__rosidl_typesupport_introspection_cpp
[2.078s] [35m[1mConsolidate compiler generated dependencies of target micro_ros_msgs__rosidl_typesupport_cpp[0m
[2.078s] [ 45%] Built target micro_ros_msgs__rosidl_typesupport_fastrtps_cpp
[2.078s] [35m[1mConsolidate compiler generated dependencies of target micro_ros_msgs__rosidl_typesupport_introspection_c[0m
[2.078s] [ 56%] Built target micro_ros_msgs__rosidl_typesupport_cpp
[2.078s] [35m[1mConsolidate compiler generated dependencies of target micro_ros_msgs__rosidl_typesupport_fastrtps_c[0m
[2.079s] [ 66%] Built target micro_ros_msgs__rosidl_typesupport_introspection_c
[2.079s] [ 77%] Built target micro_ros_msgs__rosidl_typesupport_fastrtps_c
[2.079s] [ 77%] Built target micro_ros_msgs
[2.079s] [ 79%] Built target micro_ros_msgs__py
[2.079s] [35m[1mConsolidate compiler generated dependencies of target micro_ros_msgs__rosidl_generator_py[0m
[2.079s] [ 87%] Built target micro_ros_msgs__rosidl_generator_py
[2.079s] [35m[1mConsolidate compiler generated dependencies of target micro_ros_msgs__rosidl_typesupport_introspection_c__pyext[0m
[2.079s] [35m[1mConsolidate compiler generated dependencies of target micro_ros_msgs__rosidl_typesupport_c__pyext[0m
[2.079s] [35m[1mConsolidate compiler generated dependencies of target micro_ros_msgs__rosidl_typesupport_fastrtps_c__pyext[0m
[2.079s] [ 91%] Built target micro_ros_msgs__rosidl_typesupport_introspection_c__pyext
[2.080s] [ 95%] Built target micro_ros_msgs__rosidl_typesupport_c__pyext
[2.080s] [100%] Built target micro_ros_msgs__rosidl_typesupport_fastrtps_c__pyext
[2.080s] running egg_info
[2.080s] writing micro_ros_msgs.egg-info/PKG-INFO
[2.080s] writing dependency_links to micro_ros_msgs.egg-info/dependency_links.txt
[2.080s] writing top-level names to micro_ros_msgs.egg-info/top_level.txt
[2.080s] reading manifest file 'micro_ros_msgs.egg-info/SOURCES.txt'
[2.080s] writing manifest file 'micro_ros_msgs.egg-info/SOURCES.txt'
[2.080s] [100%] Built target ament_cmake_python_build_micro_ros_msgs_egg
[2.598s] Invoked command in '/ros/build/micro_ros_msgs' returned '0': CMAKE_PREFIX_PATH=${CMAKE_PREFIX_PATH}:/ros/install/lidar_teste:/ros/install/detector:/opt/ros/humble /usr/bin/cmake --build /ros/build/micro_ros_msgs -- -j4 -l4
[2.630s] Invoking command in '/ros/build/micro_ros_msgs': CMAKE_PREFIX_PATH=${CMAKE_PREFIX_PATH}:/ros/install/lidar_teste:/ros/install/detector:/opt/ros/humble /usr/bin/cmake --install /ros/build/micro_ros_msgs
[2.653s] -- Install configuration: ""
[2.654s] -- Execute custom install script
[2.654s] -- Up-to-date symlink: /ros/install/micro_ros_msgs/share/ament_index/resource_index/rosidl_interfaces/micro_ros_msgs
[2.654s] -- Up-to-date symlink: /ros/install/micro_ros_msgs/include/micro_ros_msgs/micro_ros_msgs/msg/detail/entity__functions.h
[2.654s] -- Up-to-date symlink: /ros/install/micro_ros_msgs/include/micro_ros_msgs/micro_ros_msgs/msg/detail/entity__struct.h
[2.654s] -- Up-to-date symlink: /ros/install/micro_ros_msgs/include/micro_ros_msgs/micro_ros_msgs/msg/detail/entity__type_support.h
[2.654s] -- Up-to-date symlink: /ros/install/micro_ros_msgs/include/micro_ros_msgs/micro_ros_msgs/msg/detail/graph__functions.h
[2.654s] -- Up-to-date symlink: /ros/install/micro_ros_msgs/include/micro_ros_msgs/micro_ros_msgs/msg/detail/graph__struct.h
[2.654s] -- Up-to-date symlink: /ros/install/micro_ros_msgs/include/micro_ros_msgs/micro_ros_msgs/msg/detail/graph__type_support.h
[2.655s] -- Up-to-date symlink: /ros/install/micro_ros_msgs/include/micro_ros_msgs/micro_ros_msgs/msg/detail/node__functions.h
[2.655s] -- Up-to-date symlink: /ros/install/micro_ros_msgs/include/micro_ros_msgs/micro_ros_msgs/msg/detail/node__struct.h
[2.655s] -- Up-to-date symlink: /ros/install/micro_ros_msgs/include/micro_ros_msgs/micro_ros_msgs/msg/detail/node__type_support.h
[2.655s] -- Up-to-date symlink: /ros/install/micro_ros_msgs/include/micro_ros_msgs/micro_ros_msgs/msg/entity.h
[2.658s] -- Up-to-date symlink: /ros/install/micro_ros_msgs/include/micro_ros_msgs/micro_ros_msgs/msg/graph.h
[2.658s] -- Up-to-date symlink: /ros/install/micro_ros_msgs/include/micro_ros_msgs/micro_ros_msgs/msg/node.h
[2.659s] -- Up-to-date symlink: /ros/install/micro_ros_msgs/include/micro_ros_msgs/micro_ros_msgs/msg/rosidl_generator_c__visibility_control.h
[2.659s] -- Up-to-date symlink: /ros/install/micro_ros_msgs/share/micro_ros_msgs/environment/library_path.sh
[2.659s] -- Up-to-date symlink: /ros/install/micro_ros_msgs/share/micro_ros_msgs/environment/library_path.dsv
[2.660s] -- Up-to-date symlink: /ros/install/micro_ros_msgs/include/micro_ros_msgs/micro_ros_msgs/msg/detail/entity__rosidl_typesupport_fastrtps_c.h
[2.660s] -- Up-to-date symlink: /ros/install/micro_ros_msgs/include/micro_ros_msgs/micro_ros_msgs/msg/detail/graph__rosidl_typesupport_fastrtps_c.h
[2.660s] -- Up-to-date symlink: /ros/install/micro_ros_msgs/include/micro_ros_msgs/micro_ros_msgs/msg/detail/node__rosidl_typesupport_fastrtps_c.h
[2.660s] -- Up-to-date symlink: /ros/install/micro_ros_msgs/include/micro_ros_msgs/micro_ros_msgs/msg/rosidl_typesupport_fastrtps_c__visibility_control.h
[2.660s] -- Up-to-date symlink: /ros/install/micro_ros_msgs/include/micro_ros_msgs/micro_ros_msgs/msg/detail/entity__rosidl_typesupport_introspection_c.h
[2.663s] -- Up-to-date symlink: /ros/install/micro_ros_msgs/include/micro_ros_msgs/micro_ros_msgs/msg/detail/graph__rosidl_typesupport_introspection_c.h
[2.663s] -- Up-to-date symlink: /ros/install/micro_ros_msgs/include/micro_ros_msgs/micro_ros_msgs/msg/detail/node__rosidl_typesupport_introspection_c.h
[2.664s] -- Up-to-date symlink: /ros/install/micro_ros_msgs/include/micro_ros_msgs/micro_ros_msgs/msg/rosidl_typesupport_introspection_c__visibility_control.h
[2.664s] -- Up-to-date symlink: /ros/install/micro_ros_msgs/include/micro_ros_msgs/micro_ros_msgs/msg/detail/entity__builder.hpp
[2.664s] -- Up-to-date symlink: /ros/install/micro_ros_msgs/include/micro_ros_msgs/micro_ros_msgs/msg/detail/entity__struct.hpp
[2.664s] -- Up-to-date symlink: /ros/install/micro_ros_msgs/include/micro_ros_msgs/micro_ros_msgs/msg/detail/entity__traits.hpp
[2.664s] -- Up-to-date symlink: /ros/install/micro_ros_msgs/include/micro_ros_msgs/micro_ros_msgs/msg/detail/entity__type_support.hpp
[2.665s] -- Up-to-date symlink: /ros/install/micro_ros_msgs/include/micro_ros_msgs/micro_ros_msgs/msg/detail/graph__builder.hpp
[2.665s] -- Up-to-date symlink: /ros/install/micro_ros_msgs/include/micro_ros_msgs/micro_ros_msgs/msg/detail/graph__struct.hpp
[2.666s] -- Up-to-date symlink: /ros/install/micro_ros_msgs/include/micro_ros_msgs/micro_ros_msgs/msg/detail/graph__traits.hpp
[2.667s] -- Up-to-date symlink: /ros/install/micro_ros_msgs/include/micro_ros_msgs/micro_ros_msgs/msg/detail/graph__type_support.hpp
[2.667s] -- Up-to-date symlink: /ros/install/micro_ros_msgs/include/micro_ros_msgs/micro_ros_msgs/msg/detail/node__builder.hpp
[2.669s] -- Up-to-date symlink: /ros/install/micro_ros_msgs/include/micro_ros_msgs/micro_ros_msgs/msg/detail/node__struct.hpp
[2.669s] -- Up-to-date symlink: /ros/install/micro_ros_msgs/include/micro_ros_msgs/micro_ros_msgs/msg/detail/node__traits.hpp
[2.669s] -- Up-to-date symlink: /ros/install/micro_ros_msgs/include/micro_ros_msgs/micro_ros_msgs/msg/detail/node__type_support.hpp
[2.670s] -- Up-to-date symlink: /ros/install/micro_ros_msgs/include/micro_ros_msgs/micro_ros_msgs/msg/entity.hpp
[2.670s] -- Up-to-date symlink: /ros/install/micro_ros_msgs/include/micro_ros_msgs/micro_ros_msgs/msg/graph.hpp
[2.670s] -- Up-to-date symlink: /ros/install/micro_ros_msgs/include/micro_ros_msgs/micro_ros_msgs/msg/node.hpp
[2.672s] -- Up-to-date symlink: /ros/install/micro_ros_msgs/include/micro_ros_msgs/micro_ros_msgs/msg/rosidl_generator_cpp__visibility_control.hpp
[2.673s] -- Up-to-date symlink: /ros/install/micro_ros_msgs/include/micro_ros_msgs/micro_ros_msgs/msg/detail/entity__rosidl_typesupport_fastrtps_cpp.hpp
[2.673s] -- Up-to-date symlink: /ros/install/micro_ros_msgs/include/micro_ros_msgs/micro_ros_msgs/msg/detail/graph__rosidl_typesupport_fastrtps_cpp.hpp
[2.674s] -- Up-to-date symlink: /ros/install/micro_ros_msgs/include/micro_ros_msgs/micro_ros_msgs/msg/detail/node__rosidl_typesupport_fastrtps_cpp.hpp
[2.674s] -- Up-to-date symlink: /ros/install/micro_ros_msgs/include/micro_ros_msgs/micro_ros_msgs/msg/rosidl_typesupport_fastrtps_cpp__visibility_control.h
[2.676s] -- Up-to-date symlink: /ros/install/micro_ros_msgs/include/micro_ros_msgs/micro_ros_msgs/msg/detail/entity__rosidl_typesupport_introspection_cpp.hpp
[2.685s] -- Up-to-date symlink: /ros/install/micro_ros_msgs/include/micro_ros_msgs/micro_ros_msgs/msg/detail/graph__rosidl_typesupport_introspection_cpp.hpp
[2.691s] -- Up-to-date symlink: /ros/install/micro_ros_msgs/include/micro_ros_msgs/micro_ros_msgs/msg/detail/node__rosidl_typesupport_introspection_cpp.hpp
[2.692s] -- Up-to-date symlink: /ros/install/micro_ros_msgs/share/micro_ros_msgs/environment/pythonpath.sh
[2.692s] -- Up-to-date symlink: /ros/install/micro_ros_msgs/share/micro_ros_msgs/environment/pythonpath.dsv
[2.692s] -- Up-to-date symlink: /ros/install/micro_ros_msgs/local/lib/python3.10/dist-packages/micro_ros_msgs-3.0.1-py3.10.egg-info/PKG-INFO
[2.692s] -- Up-to-date symlink: /ros/install/micro_ros_msgs/local/lib/python3.10/dist-packages/micro_ros_msgs-3.0.1-py3.10.egg-info/SOURCES.txt
[2.692s] -- Up-to-date symlink: /ros/install/micro_ros_msgs/local/lib/python3.10/dist-packages/micro_ros_msgs-3.0.1-py3.10.egg-info/dependency_links.txt
[2.700s] -- Up-to-date symlink: /ros/install/micro_ros_msgs/local/lib/python3.10/dist-packages/micro_ros_msgs-3.0.1-py3.10.egg-info/top_level.txt
[2.702s] -- Up-to-date symlink: /ros/install/micro_ros_msgs/local/lib/python3.10/dist-packages/micro_ros_msgs/__init__.py
[2.703s] -- Up-to-date symlink: /ros/install/micro_ros_msgs/local/lib/python3.10/dist-packages/micro_ros_msgs/_micro_ros_msgs_s.ep.rosidl_typesupport_c.c
[2.704s] -- Up-to-date symlink: /ros/install/micro_ros_msgs/local/lib/python3.10/dist-packages/micro_ros_msgs/_micro_ros_msgs_s.ep.rosidl_typesupport_fastrtps_c.c
[2.706s] -- Up-to-date symlink: /ros/install/micro_ros_msgs/local/lib/python3.10/dist-packages/micro_ros_msgs/_micro_ros_msgs_s.ep.rosidl_typesupport_introspection_c.c
[2.707s] -- Up-to-date symlink: /ros/install/micro_ros_msgs/local/lib/python3.10/dist-packages/micro_ros_msgs/libmicro_ros_msgs__rosidl_generator_py.so
[2.709s] -- Up-to-date symlink: /ros/install/micro_ros_msgs/local/lib/python3.10/dist-packages/micro_ros_msgs/micro_ros_msgs_s__rosidl_typesupport_c.cpython-310-aarch64-linux-gnu.so
[2.712s] -- Up-to-date symlink: /ros/install/micro_ros_msgs/local/lib/python3.10/dist-packages/micro_ros_msgs/micro_ros_msgs_s__rosidl_typesupport_fastrtps_c.cpython-310-aarch64-linux-gnu.so
[2.718s] -- Up-to-date symlink: /ros/install/micro_ros_msgs/local/lib/python3.10/dist-packages/micro_ros_msgs/micro_ros_msgs_s__rosidl_typesupport_introspection_c.cpython-310-aarch64-linux-gnu.so
[2.722s] -- Up-to-date symlink: /ros/install/micro_ros_msgs/local/lib/python3.10/dist-packages/micro_ros_msgs/msg/__init__.py
[2.724s] -- Up-to-date symlink: /ros/install/micro_ros_msgs/local/lib/python3.10/dist-packages/micro_ros_msgs/msg/_entity.py
[2.725s] -- Up-to-date symlink: /ros/install/micro_ros_msgs/local/lib/python3.10/dist-packages/micro_ros_msgs/msg/_entity_s.c
[2.726s] -- Up-to-date symlink: /ros/install/micro_ros_msgs/local/lib/python3.10/dist-packages/micro_ros_msgs/msg/_graph.py
[2.726s] -- Up-to-date symlink: /ros/install/micro_ros_msgs/local/lib/python3.10/dist-packages/micro_ros_msgs/msg/_graph_s.c
[2.728s] -- Up-to-date symlink: /ros/install/micro_ros_msgs/local/lib/python3.10/dist-packages/micro_ros_msgs/msg/_node.py
[2.729s] -- Up-to-date symlink: /ros/install/micro_ros_msgs/local/lib/python3.10/dist-packages/micro_ros_msgs/msg/_node_s.c
[2.730s] -- Up-to-date symlink: /ros/install/micro_ros_msgs/local/lib/python3.10/dist-packages/micro_ros_msgs/micro_ros_msgs_s__rosidl_typesupport_fastrtps_c.cpython-310-aarch64-linux-gnu.so
[2.730s] -- Up-to-date symlink: /ros/install/micro_ros_msgs/local/lib/python3.10/dist-packages/micro_ros_msgs/micro_ros_msgs_s__rosidl_typesupport_introspection_c.cpython-310-aarch64-linux-gnu.so
[2.730s] -- Up-to-date symlink: /ros/install/micro_ros_msgs/local/lib/python3.10/dist-packages/micro_ros_msgs/micro_ros_msgs_s__rosidl_typesupport_c.cpython-310-aarch64-linux-gnu.so
[2.732s] -- Up-to-date symlink: /ros/install/micro_ros_msgs/share/ament_index/resource_index/rust_packages/micro_ros_msgs
[2.732s] -- Up-to-date symlink: /ros/install/micro_ros_msgs/share/micro_ros_msgs/rust/Cargo.toml
[2.734s] -- Up-to-date symlink: /ros/install/micro_ros_msgs/share/micro_ros_msgs/rust/build.rs
[2.735s] -- Up-to-date symlink: /ros/install/micro_ros_msgs/share/micro_ros_msgs/rust/src/lib.rs
[2.736s] -- Up-to-date symlink: /ros/install/micro_ros_msgs/share/micro_ros_msgs/rust/src/msg.rs
[2.737s] -- Up-to-date symlink: /ros/install/micro_ros_msgs/share/micro_ros_msgs/rust/src/msg/rmw.rs
[2.738s] -- Up-to-date symlink: /ros/install/micro_ros_msgs/share/micro_ros_msgs/msg/Graph.idl
[2.740s] -- Up-to-date symlink: /ros/install/micro_ros_msgs/share/micro_ros_msgs/msg/Node.idl
[2.741s] -- Up-to-date symlink: /ros/install/micro_ros_msgs/share/micro_ros_msgs/msg/Entity.idl
[2.742s] -- Up-to-date symlink: /ros/install/micro_ros_msgs/share/micro_ros_msgs/msg/Graph.msg
[2.743s] -- Up-to-date symlink: /ros/install/micro_ros_msgs/share/micro_ros_msgs/msg/Node.msg
[2.744s] -- Up-to-date symlink: /ros/install/micro_ros_msgs/share/micro_ros_msgs/msg/Entity.msg
[2.745s] -- Up-to-date symlink: /ros/install/micro_ros_msgs/share/ament_index/resource_index/package_run_dependencies/micro_ros_msgs
[2.745s] -- Up-to-date symlink: /ros/install/micro_ros_msgs/share/ament_index/resource_index/parent_prefix_path/micro_ros_msgs
[2.748s] -- Up-to-date symlink: /ros/install/micro_ros_msgs/share/micro_ros_msgs/environment/ament_prefix_path.sh
[2.748s] -- Up-to-date symlink: /ros/install/micro_ros_msgs/share/micro_ros_msgs/environment/ament_prefix_path.dsv
[2.749s] -- Up-to-date symlink: /ros/install/micro_ros_msgs/share/micro_ros_msgs/environment/path.sh
[2.749s] -- Up-to-date symlink: /ros/install/micro_ros_msgs/share/micro_ros_msgs/environment/path.dsv
[2.749s] -- Up-to-date symlink: /ros/install/micro_ros_msgs/share/micro_ros_msgs/local_setup.bash
[2.750s] -- Up-to-date symlink: /ros/install/micro_ros_msgs/share/micro_ros_msgs/local_setup.sh
[2.752s] -- Up-to-date symlink: /ros/install/micro_ros_msgs/share/micro_ros_msgs/local_setup.zsh
[2.753s] -- Up-to-date symlink: /ros/install/micro_ros_msgs/share/micro_ros_msgs/local_setup.dsv
[2.755s] -- Symlinking: /ros/install/micro_ros_msgs/share/micro_ros_msgs/package.dsv
[2.785s] -- Up-to-date symlink: /ros/install/micro_ros_msgs/share/ament_index/resource_index/packages/micro_ros_msgs
[2.786s] -- Up-to-date symlink: /ros/install/micro_ros_msgs/share/micro_ros_msgs/cmake/rosidl_cmake-extras.cmake
[2.791s] -- Up-to-date symlink: /ros/install/micro_ros_msgs/share/micro_ros_msgs/cmake/ament_cmake_export_include_directories-extras.cmake
[2.796s] -- Up-to-date symlink: /ros/install/micro_ros_msgs/share/micro_ros_msgs/cmake/ament_cmake_export_libraries-extras.cmake
[2.797s] -- Up-to-date symlink: /ros/install/micro_ros_msgs/share/micro_ros_msgs/cmake/ament_cmake_export_targets-extras.cmake
[2.798s] -- Up-to-date symlink: /ros/install/micro_ros_msgs/share/micro_ros_msgs/cmake/rosidl_cmake_export_typesupport_targets-extras.cmake
[2.801s] -- Up-to-date symlink: /ros/install/micro_ros_msgs/share/micro_ros_msgs/cmake/ament_cmake_export_dependencies-extras.cmake
[2.802s] -- Up-to-date symlink: /ros/install/micro_ros_msgs/share/micro_ros_msgs/cmake/rosidl_cmake_export_typesupport_libraries-extras.cmake
[2.802s] -- Up-to-date symlink: /ros/install/micro_ros_msgs/share/micro_ros_msgs/cmake/micro_ros_msgsConfig.cmake
[2.802s] -- Up-to-date symlink: /ros/install/micro_ros_msgs/share/micro_ros_msgs/cmake/micro_ros_msgsConfig-version.cmake
[2.802s] -- Up-to-date symlink: /ros/install/micro_ros_msgs/share/micro_ros_msgs/package.xml
[2.803s] -- Up-to-date: /ros/install/micro_ros_msgs/lib/libmicro_ros_msgs__rosidl_generator_c.so
[2.805s] -- Up-to-date: /ros/install/micro_ros_msgs/lib/libmicro_ros_msgs__rosidl_typesupport_fastrtps_c.so
[2.811s] -- Up-to-date: /ros/install/micro_ros_msgs/lib/libmicro_ros_msgs__rosidl_typesupport_introspection_c.so
[2.812s] -- Up-to-date: /ros/install/micro_ros_msgs/lib/libmicro_ros_msgs__rosidl_typesupport_c.so
[2.813s] -- Up-to-date: /ros/install/micro_ros_msgs/lib/libmicro_ros_msgs__rosidl_typesupport_fastrtps_cpp.so
[2.814s] -- Up-to-date: /ros/install/micro_ros_msgs/lib/libmicro_ros_msgs__rosidl_typesupport_introspection_cpp.so
[2.816s] -- Up-to-date: /ros/install/micro_ros_msgs/lib/libmicro_ros_msgs__rosidl_typesupport_cpp.so
[3.032s] Listing '/ros/install/micro_ros_msgs/local/lib/python3.10/dist-packages/micro_ros_msgs'...
[3.033s] Listing '/ros/install/micro_ros_msgs/local/lib/python3.10/dist-packages/micro_ros_msgs/msg'...
[3.065s] -- Up-to-date: /ros/install/micro_ros_msgs/lib/libmicro_ros_msgs__rosidl_generator_py.so
[3.065s] -- Up-to-date: /ros/install/micro_ros_msgs/share/micro_ros_msgs/cmake/export_micro_ros_msgs__rosidl_generator_cExport.cmake
[3.065s] -- Up-to-date: /ros/install/micro_ros_msgs/share/micro_ros_msgs/cmake/export_micro_ros_msgs__rosidl_generator_cExport-noconfig.cmake
[3.066s] -- Up-to-date: /ros/install/micro_ros_msgs/share/micro_ros_msgs/cmake/export_micro_ros_msgs__rosidl_typesupport_fastrtps_cExport.cmake
[3.066s] -- Up-to-date: /ros/install/micro_ros_msgs/share/micro_ros_msgs/cmake/export_micro_ros_msgs__rosidl_typesupport_fastrtps_cExport-noconfig.cmake
[3.066s] -- Up-to-date: /ros/install/micro_ros_msgs/share/micro_ros_msgs/cmake/micro_ros_msgs__rosidl_typesupport_introspection_cExport.cmake
[3.067s] -- Up-to-date: /ros/install/micro_ros_msgs/share/micro_ros_msgs/cmake/micro_ros_msgs__rosidl_typesupport_introspection_cExport-noconfig.cmake
[3.070s] -- Up-to-date: /ros/install/micro_ros_msgs/share/micro_ros_msgs/cmake/micro_ros_msgs__rosidl_typesupport_cExport.cmake
[3.070s] -- Up-to-date: /ros/install/micro_ros_msgs/share/micro_ros_msgs/cmake/micro_ros_msgs__rosidl_typesupport_cExport-noconfig.cmake
[3.071s] -- Up-to-date: /ros/install/micro_ros_msgs/share/micro_ros_msgs/cmake/export_micro_ros_msgs__rosidl_generator_cppExport.cmake
[3.071s] -- Up-to-date: /ros/install/micro_ros_msgs/share/micro_ros_msgs/cmake/export_micro_ros_msgs__rosidl_typesupport_fastrtps_cppExport.cmake
[3.071s] -- Up-to-date: /ros/install/micro_ros_msgs/share/micro_ros_msgs/cmake/export_micro_ros_msgs__rosidl_typesupport_fastrtps_cppExport-noconfig.cmake
[3.071s] -- Up-to-date: /ros/install/micro_ros_msgs/share/micro_ros_msgs/cmake/micro_ros_msgs__rosidl_typesupport_introspection_cppExport.cmake
[3.071s] -- Up-to-date: /ros/install/micro_ros_msgs/share/micro_ros_msgs/cmake/micro_ros_msgs__rosidl_typesupport_introspection_cppExport-noconfig.cmake
[3.072s] -- Up-to-date: /ros/install/micro_ros_msgs/share/micro_ros_msgs/cmake/micro_ros_msgs__rosidl_typesupport_cppExport.cmake
[3.072s] -- Up-to-date: /ros/install/micro_ros_msgs/share/micro_ros_msgs/cmake/micro_ros_msgs__rosidl_typesupport_cppExport-noconfig.cmake
[3.072s] -- Up-to-date: /ros/install/micro_ros_msgs/share/micro_ros_msgs/cmake/export_micro_ros_msgs__rosidl_generator_pyExport.cmake
[3.073s] -- Up-to-date: /ros/install/micro_ros_msgs/share/micro_ros_msgs/cmake/export_micro_ros_msgs__rosidl_generator_pyExport-noconfig.cmake
[3.079s] Invoked command in '/ros/build/micro_ros_msgs' returned '0': CMAKE_PREFIX_PATH=${CMAKE_PREFIX_PATH}:/ros/install/lidar_teste:/ros/install/detector:/opt/ros/humble /usr/bin/cmake --install /ros/build/micro_ros_msgs
