[1.707s] Invoking command in '/home/epiibots/ros2_ws/src/detector': DEBUGINFOD_URLS=https://debuginfod.ubuntu.com PYTHONPATH=/home/epiibots/ros2_ws/build/detector/prefix_override:/usr/lib/python3/dist-packages/colcon_core/task/python/colcon_distutils_commands:/home/epiibots/ros2_ws/install/detector/lib/python3.12/site-packages: /usr/bin/python3 -W ignore:setup.py install is deprecated -W ignore:easy_install command is deprecated setup.py egg_info --egg-base ../../build/detector build --build-base /home/epiibots/ros2_ws/build/detector/build install --record /home/epiibots/ros2_ws/build/detector/install.log --single-version-externally-managed install_data
[2.342s] running egg_info
[2.380s] writing ../../build/detector/detector.egg-info/PKG-INFO
[2.383s] writing dependency_links to ../../build/detector/detector.egg-info/dependency_links.txt
[2.387s] writing entry points to ../../build/detector/detector.egg-info/entry_points.txt
[2.388s] writing requirements to ../../build/detector/detector.egg-info/requires.txt
[2.390s] writing top-level names to ../../build/detector/detector.egg-info/top_level.txt
[2.459s] reading manifest file '../../build/detector/detector.egg-info/SOURCES.txt'
[2.464s] adding license file 'LICENSE'
[2.466s] writing manifest file '../../build/detector/detector.egg-info/SOURCES.txt'
[2.468s] running build
[2.468s] running build_py
[2.469s] running install
[2.479s] running install_lib
[2.509s] running install_data
[2.509s] running install_egg_info
[2.538s] removing '/home/epiibots/ros2_ws/install/detector/lib/python3.12/site-packages/detector-0.0.0-py3.12.egg-info' (and everything under it)
[2.538s] Copying ../../build/detector/detector.egg-info to /home/epiibots/ros2_ws/install/detector/lib/python3.12/site-packages/detector-0.0.0-py3.12.egg-info
[2.543s] running install_scripts
[2.711s] Installing apriltags script to /home/epiibots/ros2_ws/install/detector/lib/detector
[2.711s] writing list of installed files to '/home/epiibots/ros2_ws/build/detector/install.log'
[2.931s] Invoked command in '/home/epiibots/ros2_ws/src/detector' returned '0': DEBUGINFOD_URLS=https://debuginfod.ubuntu.com PYTHONPATH=/home/epiibots/ros2_ws/build/detector/prefix_override:/usr/lib/python3/dist-packages/colcon_core/task/python/colcon_distutils_commands:/home/epiibots/ros2_ws/install/detector/lib/python3.12/site-packages: /usr/bin/python3 -W ignore:setup.py install is deprecated -W ignore:easy_install command is deprecated setup.py egg_info --egg-base ../../build/detector build --build-base /home/epiibots/ros2_ws/build/detector/build install --record /home/epiibots/ros2_ws/build/detector/install.log --single-version-externally-managed install_data
