[3.924s] Invoking command in '/home/epiibots/ros2_ws/src/detector': DEBUGINFOD_URLS=https://debuginfod.ubuntu.com PYTHONPATH=/home/epiibots/ros2_ws/build/detector/prefix_override:/usr/lib/python3/dist-packages/colcon_core/task/python/colcon_distutils_commands:/home/epiibots/ros2_ws/install/detector/lib/python3.12/site-packages:${PYTHONPATH} /usr/bin/python3 -W ignore:setup.py install is deprecated -W ignore:easy_install command is deprecated setup.py egg_info --egg-base ../../build/detector build --build-base /home/epiibots/ros2_ws/build/detector/build install --record /home/epiibots/ros2_ws/build/detector/install.log --single-version-externally-managed install_data
[4.931s] running egg_info
[5.017s] writing ../../build/detector/detector.egg-info/PKG-INFO
[5.018s] writing dependency_links to ../../build/detector/detector.egg-info/dependency_links.txt
[5.025s] writing entry points to ../../build/detector/detector.egg-info/entry_points.txt
[5.027s] writing requirements to ../../build/detector/detector.egg-info/requires.txt
[5.027s] writing top-level names to ../../build/detector/detector.egg-info/top_level.txt
[5.184s] reading manifest file '../../build/detector/detector.egg-info/SOURCES.txt'
[5.185s] adding license file 'LICENSE'
[5.187s] writing manifest file '../../build/detector/detector.egg-info/SOURCES.txt'
[5.191s] running build
[5.195s] running build_py
[5.198s] running install
[5.202s] running install_lib
[5.281s] running install_data
[5.287s] running install_egg_info
[5.539s] removing '/home/epiibots/ros2_ws/install/detector/lib/python3.12/site-packages/detector-0.0.0-py3.12.egg-info' (and everything under it)
[5.546s] Copying ../../build/detector/detector.egg-info to /home/epiibots/ros2_ws/install/detector/lib/python3.12/site-packages/detector-0.0.0-py3.12.egg-info
[5.576s] running install_scripts
[6.227s] Installing apriltags script to /home/epiibots/ros2_ws/install/detector/lib/detector
[6.228s] writing list of installed files to '/home/epiibots/ros2_ws/build/detector/install.log'
[6.381s] Invoked command in '/home/epiibots/ros2_ws/src/detector' returned '0': DEBUGINFOD_URLS=https://debuginfod.ubuntu.com PYTHONPATH=/home/epiibots/ros2_ws/build/detector/prefix_override:/usr/lib/python3/dist-packages/colcon_core/task/python/colcon_distutils_commands:/home/epiibots/ros2_ws/install/detector/lib/python3.12/site-packages:${PYTHONPATH} /usr/bin/python3 -W ignore:setup.py install is deprecated -W ignore:easy_install command is deprecated setup.py egg_info --egg-base ../../build/detector build --build-base /home/epiibots/ros2_ws/build/detector/build install --record /home/epiibots/ros2_ws/build/detector/install.log --single-version-externally-managed install_data
