[1.864s] Invoking command in '/home/epiibots/ros2_ws/src/detector': DEBUGINFOD_URLS=https://debuginfod.ubuntu.com PYTHONPATH=/home/epiibots/ros2_ws/build/detector/prefix_override:/usr/lib/python3/dist-packages/colcon_core/task/python/colcon_distutils_commands:/home/epiibots/ros2_ws/install/detector/lib/python3.12/site-packages:${PYTHONPATH} /usr/bin/python3 -W ignore:setup.py install is deprecated -W ignore:easy_install command is deprecated setup.py egg_info --egg-base ../../build/detector build --build-base /home/epiibots/ros2_ws/build/detector/build install --record /home/epiibots/ros2_ws/build/detector/install.log --single-version-externally-managed install_data
[2.426s] running egg_info
[2.457s] writing ../../build/detector/detector.egg-info/PKG-INFO
[2.457s] writing dependency_links to ../../build/detector/detector.egg-info/dependency_links.txt
[2.461s] writing entry points to ../../build/detector/detector.egg-info/entry_points.txt
[2.461s] writing requirements to ../../build/detector/detector.egg-info/requires.txt
[2.462s] writing top-level names to ../../build/detector/detector.egg-info/top_level.txt
[2.514s] reading manifest file '../../build/detector/detector.egg-info/SOURCES.txt'
[2.515s] adding license file 'LICENSE'
[2.516s] writing manifest file '../../build/detector/detector.egg-info/SOURCES.txt'
[2.516s] running build
[2.517s] running build_py
[2.517s] running install
[2.526s] running install_lib
[2.553s] running install_data
[2.554s] running install_egg_info
[2.584s] removing '/home/epiibots/ros2_ws/install/detector/lib/python3.12/site-packages/detector-0.0.0-py3.12.egg-info' (and everything under it)
[2.587s] Copying ../../build/detector/detector.egg-info to /home/epiibots/ros2_ws/install/detector/lib/python3.12/site-packages/detector-0.0.0-py3.12.egg-info
[2.587s] running install_scripts
[2.804s] Installing apriltags script to /home/epiibots/ros2_ws/install/detector/lib/detector
[2.804s] writing list of installed files to '/home/epiibots/ros2_ws/build/detector/install.log'
[3.088s] Invoked command in '/home/epiibots/ros2_ws/src/detector' returned '0': DEBUGINFOD_URLS=https://debuginfod.ubuntu.com PYTHONPATH=/home/epiibots/ros2_ws/build/detector/prefix_override:/usr/lib/python3/dist-packages/colcon_core/task/python/colcon_distutils_commands:/home/epiibots/ros2_ws/install/detector/lib/python3.12/site-packages:${PYTHONPATH} /usr/bin/python3 -W ignore:setup.py install is deprecated -W ignore:easy_install command is deprecated setup.py egg_info --egg-base ../../build/detector build --build-base /home/epiibots/ros2_ws/build/detector/build install --record /home/epiibots/ros2_ws/build/detector/install.log --single-version-externally-managed install_data
