[3.084s] Invoking command in '/home/epiibots/ros2_ws/src/bno055': DEBUGINFOD_URLS=https://debuginfod.ubuntu.com PYTHONPATH=/home/epiibots/ros2_ws/build/bno055/prefix_override:/usr/lib/python3/dist-packages/colcon_core/task/python/colcon_distutils_commands:/home/epiibots/ros2_ws/install/bno055/lib/python3.12/site-packages:${PYTHONPATH} /usr/bin/python3 -W ignore:setup.py install is deprecated -W ignore:easy_install command is deprecated setup.py egg_info --egg-base ../../build/bno055 build --build-base /home/epiibots/ros2_ws/build/bno055/build install --record /home/epiibots/ros2_ws/build/bno055/install.log --single-version-externally-managed install_data
[3.889s] running egg_info
[3.926s] writing ../../build/bno055/bno055.egg-info/PKG-INFO
[3.928s] writing dependency_links to ../../build/bno055/bno055.egg-info/dependency_links.txt
[3.932s] writing entry points to ../../build/bno055/bno055.egg-info/entry_points.txt
[3.936s] writing requirements to ../../build/bno055/bno055.egg-info/requires.txt
[3.936s] writing top-level names to ../../build/bno055/bno055.egg-info/top_level.txt
[4.008s] reading manifest file '../../build/bno055/bno055.egg-info/SOURCES.txt'
[4.013s] adding license file 'LICENSE'
[4.014s] adding license file 'AUTHORS'
[4.014s] writing manifest file '../../build/bno055/bno055.egg-info/SOURCES.txt'
[4.014s] running build
[4.014s] running build_py
[4.018s] running install
[4.036s] running install_lib
[4.088s] running install_data
[4.089s] running install_egg_info
[4.131s] removing '/home/epiibots/ros2_ws/install/bno055/lib/python3.12/site-packages/bno055-0.5.0-py3.12.egg-info' (and everything under it)
[4.136s] Copying ../../build/bno055/bno055.egg-info to /home/epiibots/ros2_ws/install/bno055/lib/python3.12/site-packages/bno055-0.5.0-py3.12.egg-info
[4.142s] running install_scripts
[4.479s] Installing bno055 script to /home/epiibots/ros2_ws/install/bno055/lib/bno055
[4.481s] writing list of installed files to '/home/epiibots/ros2_ws/build/bno055/install.log'
[4.702s] Invoked command in '/home/epiibots/ros2_ws/src/bno055' returned '0': DEBUGINFOD_URLS=https://debuginfod.ubuntu.com PYTHONPATH=/home/epiibots/ros2_ws/build/bno055/prefix_override:/usr/lib/python3/dist-packages/colcon_core/task/python/colcon_distutils_commands:/home/epiibots/ros2_ws/install/bno055/lib/python3.12/site-packages:${PYTHONPATH} /usr/bin/python3 -W ignore:setup.py install is deprecated -W ignore:easy_install command is deprecated setup.py egg_info --egg-base ../../build/bno055 build --build-base /home/epiibots/ros2_ws/build/bno055/build install --record /home/epiibots/ros2_ws/build/bno055/install.log --single-version-externally-managed install_data
