[0.132s] Invoking command in '/ros/build/micro_ros_msgs': CMAKE_PREFIX_PATH=${CMAKE_PREFIX_PATH}:/ros/install/bno055:/ros/install/lidar_teste:/ros/install/detector:/opt/ros/humble /usr/bin/cmake --build /ros/build/micro_ros_msgs -- -j4 -l4
[1.737s] [  2%] Built target micro_ros_msgs__cpp
[1.741s] [  4%] Built target micro_ros_msgs__rs
[1.742s] [ 14%] Built target micro_ros_msgs__rosidl_generator_c
[1.742s] [ 14%] Built target ament_cmake_python_symlink_micro_ros_msgs
[1.742s] [ 25%] Built target micro_ros_msgs__rosidl_typesupport_cpp
[1.743s] [ 35%] Built target micro_ros_msgs__rosidl_typesupport_fastrtps_cpp
[1.743s] [ 45%] Built target micro_ros_msgs__rosidl_typesupport_introspection_cpp
[1.743s] [ 56%] Built target micro_ros_msgs__rosidl_typesupport_introspection_c
[1.743s] [ 66%] Built target micro_ros_msgs__rosidl_typesupport_c
[1.743s] [ 77%] Built target micro_ros_msgs__rosidl_typesupport_fastrtps_c
[1.743s] [ 77%] Built target micro_ros_msgs
[1.743s] [ 79%] Built target micro_ros_msgs__py
[1.743s] [ 87%] Built target micro_ros_msgs__rosidl_generator_py
[1.743s] [ 91%] Built target micro_ros_msgs__rosidl_typesupport_c__pyext
[1.744s] [ 95%] Built target micro_ros_msgs__rosidl_typesupport_fastrtps_c__pyext
[1.744s] [100%] Built target micro_ros_msgs__rosidl_typesupport_introspection_c__pyext
[1.744s] running egg_info
[1.744s] writing micro_ros_msgs.egg-info/PKG-INFO
[1.744s] writing dependency_links to micro_ros_msgs.egg-info/dependency_links.txt
[1.744s] writing top-level names to micro_ros_msgs.egg-info/top_level.txt
[1.744s] reading manifest file 'micro_ros_msgs.egg-info/SOURCES.txt'
[1.744s] writing manifest file 'micro_ros_msgs.egg-info/SOURCES.txt'
[1.744s] [100%] Built target ament_cmake_python_build_micro_ros_msgs_egg
[2.220s] Invoked command in '/ros/build/micro_ros_msgs' returned '0': CMAKE_PREFIX_PATH=${CMAKE_PREFIX_PATH}:/ros/install/bno055:/ros/install/lidar_teste:/ros/install/detector:/opt/ros/humble /usr/bin/cmake --build /ros/build/micro_ros_msgs -- -j4 -l4
[2.260s] Invoking command in '/ros/build/micro_ros_msgs': CMAKE_PREFIX_PATH=${CMAKE_PREFIX_PATH}:/ros/install/bno055:/ros/install/lidar_teste:/ros/install/detector:/opt/ros/humble /usr/bin/cmake --install /ros/build/micro_ros_msgs
[2.285s] -- Install configuration: ""
[2.286s] -- Execute custom install script
[2.287s] -- Up-to-date symlink: /ros/install/micro_ros_msgs/share/ament_index/resource_index/rosidl_interfaces/micro_ros_msgs
[2.289s] -- Up-to-date symlink: /ros/install/micro_ros_msgs/include/micro_ros_msgs/micro_ros_msgs/msg/detail/entity__functions.h
[2.289s] -- Up-to-date symlink: /ros/install/micro_ros_msgs/include/micro_ros_msgs/micro_ros_msgs/msg/detail/entity__struct.h
[2.289s] -- Up-to-date symlink: /ros/install/micro_ros_msgs/include/micro_ros_msgs/micro_ros_msgs/msg/detail/entity__type_support.h
[2.291s] -- Up-to-date symlink: /ros/install/micro_ros_msgs/include/micro_ros_msgs/micro_ros_msgs/msg/detail/graph__functions.h
[2.292s] -- Up-to-date symlink: /ros/install/micro_ros_msgs/include/micro_ros_msgs/micro_ros_msgs/msg/detail/graph__struct.h
[2.302s] -- Up-to-date symlink: /ros/install/micro_ros_msgs/include/micro_ros_msgs/micro_ros_msgs/msg/detail/graph__type_support.h
[2.302s] -- Up-to-date symlink: /ros/install/micro_ros_msgs/include/micro_ros_msgs/micro_ros_msgs/msg/detail/node__functions.h
[2.303s] -- Up-to-date symlink: /ros/install/micro_ros_msgs/include/micro_ros_msgs/micro_ros_msgs/msg/detail/node__struct.h
[2.303s] -- Up-to-date symlink: /ros/install/micro_ros_msgs/include/micro_ros_msgs/micro_ros_msgs/msg/detail/node__type_support.h
[2.303s] -- Up-to-date symlink: /ros/install/micro_ros_msgs/include/micro_ros_msgs/micro_ros_msgs/msg/entity.h
[2.303s] -- Up-to-date symlink: /ros/install/micro_ros_msgs/include/micro_ros_msgs/micro_ros_msgs/msg/graph.h
[2.304s] -- Up-to-date symlink: /ros/install/micro_ros_msgs/include/micro_ros_msgs/micro_ros_msgs/msg/node.h
[2.307s] -- Up-to-date symlink: /ros/install/micro_ros_msgs/include/micro_ros_msgs/micro_ros_msgs/msg/rosidl_generator_c__visibility_control.h
[2.307s] -- Up-to-date symlink: /ros/install/micro_ros_msgs/share/micro_ros_msgs/environment/library_path.sh
[2.307s] -- Up-to-date symlink: /ros/install/micro_ros_msgs/share/micro_ros_msgs/environment/library_path.dsv
[2.307s] -- Up-to-date symlink: /ros/install/micro_ros_msgs/include/micro_ros_msgs/micro_ros_msgs/msg/detail/entity__rosidl_typesupport_fastrtps_c.h
[2.307s] -- Up-to-date symlink: /ros/install/micro_ros_msgs/include/micro_ros_msgs/micro_ros_msgs/msg/detail/graph__rosidl_typesupport_fastrtps_c.h
[2.308s] -- Up-to-date symlink: /ros/install/micro_ros_msgs/include/micro_ros_msgs/micro_ros_msgs/msg/detail/node__rosidl_typesupport_fastrtps_c.h
[2.308s] -- Up-to-date symlink: /ros/install/micro_ros_msgs/include/micro_ros_msgs/micro_ros_msgs/msg/rosidl_typesupport_fastrtps_c__visibility_control.h
[2.308s] -- Up-to-date symlink: /ros/install/micro_ros_msgs/include/micro_ros_msgs/micro_ros_msgs/msg/detail/entity__rosidl_typesupport_introspection_c.h
[2.308s] -- Up-to-date symlink: /ros/install/micro_ros_msgs/include/micro_ros_msgs/micro_ros_msgs/msg/detail/graph__rosidl_typesupport_introspection_c.h
[2.308s] -- Up-to-date symlink: /ros/install/micro_ros_msgs/include/micro_ros_msgs/micro_ros_msgs/msg/detail/node__rosidl_typesupport_introspection_c.h
[2.308s] -- Up-to-date symlink: /ros/install/micro_ros_msgs/include/micro_ros_msgs/micro_ros_msgs/msg/rosidl_typesupport_introspection_c__visibility_control.h
[2.308s] -- Up-to-date symlink: /ros/install/micro_ros_msgs/include/micro_ros_msgs/micro_ros_msgs/msg/detail/entity__builder.hpp
[2.308s] -- Up-to-date symlink: /ros/install/micro_ros_msgs/include/micro_ros_msgs/micro_ros_msgs/msg/detail/entity__struct.hpp
[2.309s] -- Up-to-date symlink: /ros/install/micro_ros_msgs/include/micro_ros_msgs/micro_ros_msgs/msg/detail/entity__traits.hpp
[2.309s] -- Up-to-date symlink: /ros/install/micro_ros_msgs/include/micro_ros_msgs/micro_ros_msgs/msg/detail/entity__type_support.hpp
[2.311s] -- Up-to-date symlink: /ros/install/micro_ros_msgs/include/micro_ros_msgs/micro_ros_msgs/msg/detail/graph__builder.hpp
[2.312s] -- Up-to-date symlink: /ros/install/micro_ros_msgs/include/micro_ros_msgs/micro_ros_msgs/msg/detail/graph__struct.hpp
[2.312s] -- Up-to-date symlink: /ros/install/micro_ros_msgs/include/micro_ros_msgs/micro_ros_msgs/msg/detail/graph__traits.hpp
[2.312s] -- Up-to-date symlink: /ros/install/micro_ros_msgs/include/micro_ros_msgs/micro_ros_msgs/msg/detail/graph__type_support.hpp
[2.312s] -- Up-to-date symlink: /ros/install/micro_ros_msgs/include/micro_ros_msgs/micro_ros_msgs/msg/detail/node__builder.hpp
[2.313s] -- Up-to-date symlink: /ros/install/micro_ros_msgs/include/micro_ros_msgs/micro_ros_msgs/msg/detail/node__struct.hpp
[2.313s] -- Up-to-date symlink: /ros/install/micro_ros_msgs/include/micro_ros_msgs/micro_ros_msgs/msg/detail/node__traits.hpp
[2.314s] -- Up-to-date symlink: /ros/install/micro_ros_msgs/include/micro_ros_msgs/micro_ros_msgs/msg/detail/node__type_support.hpp
[2.314s] -- Up-to-date symlink: /ros/install/micro_ros_msgs/include/micro_ros_msgs/micro_ros_msgs/msg/entity.hpp
[2.314s] -- Up-to-date symlink: /ros/install/micro_ros_msgs/include/micro_ros_msgs/micro_ros_msgs/msg/graph.hpp
[2.314s] -- Up-to-date symlink: /ros/install/micro_ros_msgs/include/micro_ros_msgs/micro_ros_msgs/msg/node.hpp
[2.314s] -- Up-to-date symlink: /ros/install/micro_ros_msgs/include/micro_ros_msgs/micro_ros_msgs/msg/rosidl_generator_cpp__visibility_control.hpp
[2.314s] -- Up-to-date symlink: /ros/install/micro_ros_msgs/include/micro_ros_msgs/micro_ros_msgs/msg/detail/entity__rosidl_typesupport_fastrtps_cpp.hpp
[2.315s] -- Up-to-date symlink: /ros/install/micro_ros_msgs/include/micro_ros_msgs/micro_ros_msgs/msg/detail/graph__rosidl_typesupport_fastrtps_cpp.hpp
[2.318s] -- Up-to-date symlink: /ros/install/micro_ros_msgs/include/micro_ros_msgs/micro_ros_msgs/msg/detail/node__rosidl_typesupport_fastrtps_cpp.hpp
[2.318s] -- Up-to-date symlink: /ros/install/micro_ros_msgs/include/micro_ros_msgs/micro_ros_msgs/msg/rosidl_typesupport_fastrtps_cpp__visibility_control.h
[2.318s] -- Up-to-date symlink: /ros/install/micro_ros_msgs/include/micro_ros_msgs/micro_ros_msgs/msg/detail/entity__rosidl_typesupport_introspection_cpp.hpp
[2.318s] -- Up-to-date symlink: /ros/install/micro_ros_msgs/include/micro_ros_msgs/micro_ros_msgs/msg/detail/graph__rosidl_typesupport_introspection_cpp.hpp
[2.319s] -- Up-to-date symlink: /ros/install/micro_ros_msgs/include/micro_ros_msgs/micro_ros_msgs/msg/detail/node__rosidl_typesupport_introspection_cpp.hpp
[2.319s] -- Up-to-date symlink: /ros/install/micro_ros_msgs/share/micro_ros_msgs/environment/pythonpath.sh
[2.319s] -- Up-to-date symlink: /ros/install/micro_ros_msgs/share/micro_ros_msgs/environment/pythonpath.dsv
[2.319s] -- Up-to-date symlink: /ros/install/micro_ros_msgs/local/lib/python3.10/dist-packages/micro_ros_msgs-3.0.1-py3.10.egg-info/PKG-INFO
[2.319s] -- Up-to-date symlink: /ros/install/micro_ros_msgs/local/lib/python3.10/dist-packages/micro_ros_msgs-3.0.1-py3.10.egg-info/SOURCES.txt
[2.319s] -- Up-to-date symlink: /ros/install/micro_ros_msgs/local/lib/python3.10/dist-packages/micro_ros_msgs-3.0.1-py3.10.egg-info/dependency_links.txt
[2.319s] -- Up-to-date symlink: /ros/install/micro_ros_msgs/local/lib/python3.10/dist-packages/micro_ros_msgs-3.0.1-py3.10.egg-info/top_level.txt
[2.319s] -- Up-to-date symlink: /ros/install/micro_ros_msgs/local/lib/python3.10/dist-packages/micro_ros_msgs/__init__.py
[2.319s] -- Up-to-date symlink: /ros/install/micro_ros_msgs/local/lib/python3.10/dist-packages/micro_ros_msgs/_micro_ros_msgs_s.ep.rosidl_typesupport_c.c
[2.320s] -- Up-to-date symlink: /ros/install/micro_ros_msgs/local/lib/python3.10/dist-packages/micro_ros_msgs/_micro_ros_msgs_s.ep.rosidl_typesupport_fastrtps_c.c
[2.320s] -- Up-to-date symlink: /ros/install/micro_ros_msgs/local/lib/python3.10/dist-packages/micro_ros_msgs/_micro_ros_msgs_s.ep.rosidl_typesupport_introspection_c.c
[2.320s] -- Up-to-date symlink: /ros/install/micro_ros_msgs/local/lib/python3.10/dist-packages/micro_ros_msgs/libmicro_ros_msgs__rosidl_generator_py.so
[2.320s] -- Up-to-date symlink: /ros/install/micro_ros_msgs/local/lib/python3.10/dist-packages/micro_ros_msgs/micro_ros_msgs_s__rosidl_typesupport_c.cpython-310-aarch64-linux-gnu.so
[2.320s] -- Up-to-date symlink: /ros/install/micro_ros_msgs/local/lib/python3.10/dist-packages/micro_ros_msgs/micro_ros_msgs_s__rosidl_typesupport_fastrtps_c.cpython-310-aarch64-linux-gnu.so
[2.320s] -- Up-to-date symlink: /ros/install/micro_ros_msgs/local/lib/python3.10/dist-packages/micro_ros_msgs/micro_ros_msgs_s__rosidl_typesupport_introspection_c.cpython-310-aarch64-linux-gnu.so
[2.320s] -- Up-to-date symlink: /ros/install/micro_ros_msgs/local/lib/python3.10/dist-packages/micro_ros_msgs/msg/__init__.py
[2.320s] -- Up-to-date symlink: /ros/install/micro_ros_msgs/local/lib/python3.10/dist-packages/micro_ros_msgs/msg/_entity.py
[2.321s] -- Up-to-date symlink: /ros/install/micro_ros_msgs/local/lib/python3.10/dist-packages/micro_ros_msgs/msg/_entity_s.c
[2.321s] -- Up-to-date symlink: /ros/install/micro_ros_msgs/local/lib/python3.10/dist-packages/micro_ros_msgs/msg/_graph.py
[2.321s] -- Up-to-date symlink: /ros/install/micro_ros_msgs/local/lib/python3.10/dist-packages/micro_ros_msgs/msg/_graph_s.c
[2.321s] -- Up-to-date symlink: /ros/install/micro_ros_msgs/local/lib/python3.10/dist-packages/micro_ros_msgs/msg/_node.py
[2.321s] -- Up-to-date symlink: /ros/install/micro_ros_msgs/local/lib/python3.10/dist-packages/micro_ros_msgs/msg/_node_s.c
[2.321s] -- Up-to-date symlink: /ros/install/micro_ros_msgs/local/lib/python3.10/dist-packages/micro_ros_msgs/micro_ros_msgs_s__rosidl_typesupport_fastrtps_c.cpython-310-aarch64-linux-gnu.so
[2.321s] -- Up-to-date symlink: /ros/install/micro_ros_msgs/local/lib/python3.10/dist-packages/micro_ros_msgs/micro_ros_msgs_s__rosidl_typesupport_introspection_c.cpython-310-aarch64-linux-gnu.so
[2.321s] -- Up-to-date symlink: /ros/install/micro_ros_msgs/local/lib/python3.10/dist-packages/micro_ros_msgs/micro_ros_msgs_s__rosidl_typesupport_c.cpython-310-aarch64-linux-gnu.so
[2.322s] -- Up-to-date symlink: /ros/install/micro_ros_msgs/share/ament_index/resource_index/rust_packages/micro_ros_msgs
[2.322s] -- Up-to-date symlink: /ros/install/micro_ros_msgs/share/micro_ros_msgs/rust/Cargo.toml
[2.322s] -- Up-to-date symlink: /ros/install/micro_ros_msgs/share/micro_ros_msgs/rust/build.rs
[2.322s] -- Up-to-date symlink: /ros/install/micro_ros_msgs/share/micro_ros_msgs/rust/src/lib.rs
[2.322s] -- Up-to-date symlink: /ros/install/micro_ros_msgs/share/micro_ros_msgs/rust/src/msg.rs
[2.322s] -- Up-to-date symlink: /ros/install/micro_ros_msgs/share/micro_ros_msgs/rust/src/msg/rmw.rs
[2.322s] -- Up-to-date symlink: /ros/install/micro_ros_msgs/share/micro_ros_msgs/msg/Graph.idl
[2.322s] -- Up-to-date symlink: /ros/install/micro_ros_msgs/share/micro_ros_msgs/msg/Node.idl
[2.329s] -- Up-to-date symlink: /ros/install/micro_ros_msgs/share/micro_ros_msgs/msg/Entity.idl
[2.329s] -- Up-to-date symlink: /ros/install/micro_ros_msgs/share/micro_ros_msgs/msg/Graph.msg
[2.329s] -- Up-to-date symlink: /ros/install/micro_ros_msgs/share/micro_ros_msgs/msg/Node.msg
[2.329s] -- Up-to-date symlink: /ros/install/micro_ros_msgs/share/micro_ros_msgs/msg/Entity.msg
[2.329s] -- Up-to-date symlink: /ros/install/micro_ros_msgs/share/ament_index/resource_index/package_run_dependencies/micro_ros_msgs
[2.329s] -- Up-to-date symlink: /ros/install/micro_ros_msgs/share/ament_index/resource_index/parent_prefix_path/micro_ros_msgs
[2.330s] -- Up-to-date symlink: /ros/install/micro_ros_msgs/share/micro_ros_msgs/environment/ament_prefix_path.sh
[2.341s] -- Up-to-date symlink: /ros/install/micro_ros_msgs/share/micro_ros_msgs/environment/ament_prefix_path.dsv
[2.350s] -- Up-to-date symlink: /ros/install/micro_ros_msgs/share/micro_ros_msgs/environment/path.sh
[2.351s] -- Up-to-date symlink: /ros/install/micro_ros_msgs/share/micro_ros_msgs/environment/path.dsv
[2.351s] -- Up-to-date symlink: /ros/install/micro_ros_msgs/share/micro_ros_msgs/local_setup.bash
[2.351s] -- Up-to-date symlink: /ros/install/micro_ros_msgs/share/micro_ros_msgs/local_setup.sh
[2.351s] -- Up-to-date symlink: /ros/install/micro_ros_msgs/share/micro_ros_msgs/local_setup.zsh
[2.351s] -- Up-to-date symlink: /ros/install/micro_ros_msgs/share/micro_ros_msgs/local_setup.dsv
[2.351s] -- Symlinking: /ros/install/micro_ros_msgs/share/micro_ros_msgs/package.dsv
[2.386s] -- Up-to-date symlink: /ros/install/micro_ros_msgs/share/ament_index/resource_index/packages/micro_ros_msgs
[2.388s] -- Up-to-date symlink: /ros/install/micro_ros_msgs/share/micro_ros_msgs/cmake/rosidl_cmake-extras.cmake
[2.390s] -- Up-to-date symlink: /ros/install/micro_ros_msgs/share/micro_ros_msgs/cmake/ament_cmake_export_include_directories-extras.cmake
[2.392s] -- Up-to-date symlink: /ros/install/micro_ros_msgs/share/micro_ros_msgs/cmake/ament_cmake_export_libraries-extras.cmake
[2.394s] -- Up-to-date symlink: /ros/install/micro_ros_msgs/share/micro_ros_msgs/cmake/ament_cmake_export_targets-extras.cmake
[2.397s] -- Up-to-date symlink: /ros/install/micro_ros_msgs/share/micro_ros_msgs/cmake/rosidl_cmake_export_typesupport_targets-extras.cmake
[2.399s] -- Up-to-date symlink: /ros/install/micro_ros_msgs/share/micro_ros_msgs/cmake/ament_cmake_export_dependencies-extras.cmake
[2.400s] -- Up-to-date symlink: /ros/install/micro_ros_msgs/share/micro_ros_msgs/cmake/rosidl_cmake_export_typesupport_libraries-extras.cmake
[2.402s] -- Up-to-date symlink: /ros/install/micro_ros_msgs/share/micro_ros_msgs/cmake/micro_ros_msgsConfig.cmake
[2.404s] -- Up-to-date symlink: /ros/install/micro_ros_msgs/share/micro_ros_msgs/cmake/micro_ros_msgsConfig-version.cmake
[2.406s] -- Up-to-date symlink: /ros/install/micro_ros_msgs/share/micro_ros_msgs/package.xml
[2.407s] -- Up-to-date: /ros/install/micro_ros_msgs/lib/libmicro_ros_msgs__rosidl_generator_c.so
[2.409s] -- Up-to-date: /ros/install/micro_ros_msgs/lib/libmicro_ros_msgs__rosidl_typesupport_fastrtps_c.so
[2.414s] -- Up-to-date: /ros/install/micro_ros_msgs/lib/libmicro_ros_msgs__rosidl_typesupport_introspection_c.so
[2.414s] -- Up-to-date: /ros/install/micro_ros_msgs/lib/libmicro_ros_msgs__rosidl_typesupport_c.so
[2.416s] -- Up-to-date: /ros/install/micro_ros_msgs/lib/libmicro_ros_msgs__rosidl_typesupport_fastrtps_cpp.so
[2.421s] -- Up-to-date: /ros/install/micro_ros_msgs/lib/libmicro_ros_msgs__rosidl_typesupport_introspection_cpp.so
[2.421s] -- Up-to-date: /ros/install/micro_ros_msgs/lib/libmicro_ros_msgs__rosidl_typesupport_cpp.so
[2.640s] Listing '/ros/install/micro_ros_msgs/local/lib/python3.10/dist-packages/micro_ros_msgs'...
[2.643s] Listing '/ros/install/micro_ros_msgs/local/lib/python3.10/dist-packages/micro_ros_msgs/msg'...
[2.710s] -- Up-to-date: /ros/install/micro_ros_msgs/lib/libmicro_ros_msgs__rosidl_generator_py.so
[2.711s] -- Up-to-date: /ros/install/micro_ros_msgs/share/micro_ros_msgs/cmake/export_micro_ros_msgs__rosidl_generator_cExport.cmake
[2.713s] -- Up-to-date: /ros/install/micro_ros_msgs/share/micro_ros_msgs/cmake/export_micro_ros_msgs__rosidl_generator_cExport-noconfig.cmake
[2.713s] -- Up-to-date: /ros/install/micro_ros_msgs/share/micro_ros_msgs/cmake/export_micro_ros_msgs__rosidl_typesupport_fastrtps_cExport.cmake
[2.714s] -- Up-to-date: /ros/install/micro_ros_msgs/share/micro_ros_msgs/cmake/export_micro_ros_msgs__rosidl_typesupport_fastrtps_cExport-noconfig.cmake
[2.715s] -- Up-to-date: /ros/install/micro_ros_msgs/share/micro_ros_msgs/cmake/micro_ros_msgs__rosidl_typesupport_introspection_cExport.cmake
[2.715s] -- Up-to-date: /ros/install/micro_ros_msgs/share/micro_ros_msgs/cmake/micro_ros_msgs__rosidl_typesupport_introspection_cExport-noconfig.cmake
[2.715s] -- Up-to-date: /ros/install/micro_ros_msgs/share/micro_ros_msgs/cmake/micro_ros_msgs__rosidl_typesupport_cExport.cmake
[2.715s] -- Up-to-date: /ros/install/micro_ros_msgs/share/micro_ros_msgs/cmake/micro_ros_msgs__rosidl_typesupport_cExport-noconfig.cmake
[2.719s] -- Up-to-date: /ros/install/micro_ros_msgs/share/micro_ros_msgs/cmake/export_micro_ros_msgs__rosidl_generator_cppExport.cmake
[2.719s] -- Up-to-date: /ros/install/micro_ros_msgs/share/micro_ros_msgs/cmake/export_micro_ros_msgs__rosidl_typesupport_fastrtps_cppExport.cmake
[2.721s] -- Up-to-date: /ros/install/micro_ros_msgs/share/micro_ros_msgs/cmake/export_micro_ros_msgs__rosidl_typesupport_fastrtps_cppExport-noconfig.cmake
[2.721s] -- Up-to-date: /ros/install/micro_ros_msgs/share/micro_ros_msgs/cmake/micro_ros_msgs__rosidl_typesupport_introspection_cppExport.cmake
[2.723s] -- Up-to-date: /ros/install/micro_ros_msgs/share/micro_ros_msgs/cmake/micro_ros_msgs__rosidl_typesupport_introspection_cppExport-noconfig.cmake
[2.724s] -- Up-to-date: /ros/install/micro_ros_msgs/share/micro_ros_msgs/cmake/micro_ros_msgs__rosidl_typesupport_cppExport.cmake
[2.725s] -- Up-to-date: /ros/install/micro_ros_msgs/share/micro_ros_msgs/cmake/micro_ros_msgs__rosidl_typesupport_cppExport-noconfig.cmake
[2.726s] -- Up-to-date: /ros/install/micro_ros_msgs/share/micro_ros_msgs/cmake/export_micro_ros_msgs__rosidl_generator_pyExport.cmake
[2.726s] -- Up-to-date: /ros/install/micro_ros_msgs/share/micro_ros_msgs/cmake/export_micro_ros_msgs__rosidl_generator_pyExport-noconfig.cmake
[2.747s] Invoked command in '/ros/build/micro_ros_msgs' returned '0': CMAKE_PREFIX_PATH=${CMAKE_PREFIX_PATH}:/ros/install/bno055:/ros/install/lidar_teste:/ros/install/detector:/opt/ros/humble /usr/bin/cmake --install /ros/build/micro_ros_msgs
