[3.395s] Invoking command in '/home/epiibots/ros2_ws/src/detector': DEBUGINFOD_URLS=https://debuginfod.ubuntu.com PYTHONPATH=/home/epiibots/ros2_ws/build/detector/prefix_override:/usr/lib/python3/dist-packages/colcon_core/task/python/colcon_distutils_commands:/home/epiibots/ros2_ws/install/detector/lib/python3.12/site-packages:${PYTHONPATH} /usr/bin/python3 -W ignore:setup.py install is deprecated -W ignore:easy_install command is deprecated setup.py egg_info --egg-base ../../build/detector build --build-base /home/epiibots/ros2_ws/build/detector/build install --record /home/epiibots/ros2_ws/build/detector/install.log --single-version-externally-managed install_data
[4.364s] running egg_info
[4.427s] writing ../../build/detector/detector.egg-info/PKG-INFO
[4.428s] writing dependency_links to ../../build/detector/detector.egg-info/dependency_links.txt
[4.431s] writing entry points to ../../build/detector/detector.egg-info/entry_points.txt
[4.434s] writing requirements to ../../build/detector/detector.egg-info/requires.txt
[4.435s] writing top-level names to ../../build/detector/detector.egg-info/top_level.txt
[4.569s] reading manifest file '../../build/detector/detector.egg-info/SOURCES.txt'
[4.585s] adding license file 'LICENSE'
[4.586s] writing manifest file '../../build/detector/detector.egg-info/SOURCES.txt'
[4.586s] running build
[4.586s] running build_py
[4.587s] running install
[4.599s] running install_lib
[4.683s] running install_data
[4.683s] running install_egg_info
[4.762s] removing '/home/epiibots/ros2_ws/install/detector/lib/python3.12/site-packages/detector-0.0.0-py3.12.egg-info' (and everything under it)
[4.769s] Copying ../../build/detector/detector.egg-info to /home/epiibots/ros2_ws/install/detector/lib/python3.12/site-packages/detector-0.0.0-py3.12.egg-info
[4.772s] running install_scripts
[5.179s] Installing apriltags script to /home/epiibots/ros2_ws/install/detector/lib/detector
[5.180s] writing list of installed files to '/home/epiibots/ros2_ws/build/detector/install.log'
[5.878s] Invoked command in '/home/epiibots/ros2_ws/src/detector' returned '0': DEBUGINFOD_URLS=https://debuginfod.ubuntu.com PYTHONPATH=/home/epiibots/ros2_ws/build/detector/prefix_override:/usr/lib/python3/dist-packages/colcon_core/task/python/colcon_distutils_commands:/home/epiibots/ros2_ws/install/detector/lib/python3.12/site-packages:${PYTHONPATH} /usr/bin/python3 -W ignore:setup.py install is deprecated -W ignore:easy_install command is deprecated setup.py egg_info --egg-base ../../build/detector build --build-base /home/epiibots/ros2_ws/build/detector/build install --record /home/epiibots/ros2_ws/build/detector/install.log --single-version-externally-managed install_data
