[1.906s] Invoking command in '/ros/src/bno055': PYTHONPATH=/ros/build/bno055/prefix_override:/usr/lib/python3/dist-packages/colcon_core/task/python/colcon_distutils_commands:/ros/install/bno055/lib/python3.10/site-packages:${PYTHONPATH} /usr/bin/python3 -W ignore:setup.py install is deprecated -W ignore:easy_install command is deprecated setup.py egg_info --egg-base ../../build/bno055 build --build-base /ros/build/bno055/build install --record /ros/build/bno055/install.log --single-version-externally-managed install_data
[2.309s] running egg_info
[2.310s] writing ../../build/bno055/bno055.egg-info/PKG-INFO
[2.311s] writing dependency_links to ../../build/bno055/bno055.egg-info/dependency_links.txt
[2.312s] writing entry points to ../../build/bno055/bno055.egg-info/entry_points.txt
[2.312s] writing requirements to ../../build/bno055/bno055.egg-info/requires.txt
[2.313s] writing top-level names to ../../build/bno055/bno055.egg-info/top_level.txt
[2.317s] reading manifest file '../../build/bno055/bno055.egg-info/SOURCES.txt'
[2.317s] adding license file 'LICENSE'
[2.318s] adding license file 'AUTHORS'
[2.320s] writing manifest file '../../build/bno055/bno055.egg-info/SOURCES.txt'
[2.320s] running build
[2.320s] running build_py
[2.321s] running install
[2.322s] running install_lib
[2.325s] running install_data
[2.326s] running install_egg_info
[2.329s] removing '/ros/install/bno055/lib/python3.10/site-packages/bno055-0.5.0-py3.10.egg-info' (and everything under it)
[2.330s] Copying ../../build/bno055/bno055.egg-info to /ros/install/bno055/lib/python3.10/site-packages/bno055-0.5.0-py3.10.egg-info
[2.333s] running install_scripts
[2.369s] Installing bno055 script to /ros/install/bno055/lib/bno055
[2.371s] writing list of installed files to '/ros/build/bno055/install.log'
[2.479s] Invoked command in '/ros/src/bno055' returned '0': PYTHONPATH=/ros/build/bno055/prefix_override:/usr/lib/python3/dist-packages/colcon_core/task/python/colcon_distutils_commands:/ros/install/bno055/lib/python3.10/site-packages:${PYTHONPATH} /usr/bin/python3 -W ignore:setup.py install is deprecated -W ignore:easy_install command is deprecated setup.py egg_info --egg-base ../../build/bno055 build --build-base /ros/build/bno055/build install --record /ros/build/bno055/install.log --single-version-externally-managed install_data
