[1.255s] Invoking command in '/home/epiibots/ros2_ws/src/servo_steering': DEBUGINFOD_URLS=https://debuginfod.ubuntu.com PYTHONPATH=/home/epiibots/ros2_ws/build/servo_steering/prefix_override:/usr/lib/python3/dist-packages/colcon_core/task/python/colcon_distutils_commands:/home/epiibots/ros2_ws/install/servo_steering/lib/python3.12/site-packages:${PYTHONPATH} /usr/bin/python3 -W ignore:setup.py install is deprecated -W ignore:easy_install command is deprecated setup.py egg_info --egg-base ../../build/servo_steering build --build-base /home/epiibots/ros2_ws/build/servo_steering/build install --record /home/epiibots/ros2_ws/build/servo_steering/install.log --single-version-externally-managed install_data
[1.674s] running egg_info
[1.702s] writing ../../build/servo_steering/servo_steering.egg-info/PKG-INFO
[1.702s] writing dependency_links to ../../build/servo_steering/servo_steering.egg-info/dependency_links.txt
[1.706s] writing entry points to ../../build/servo_steering/servo_steering.egg-info/entry_points.txt
[1.708s] writing requirements to ../../build/servo_steering/servo_steering.egg-info/requires.txt
[1.708s] writing top-level names to ../../build/servo_steering/servo_steering.egg-info/top_level.txt
[1.762s] reading manifest file '../../build/servo_steering/servo_steering.egg-info/SOURCES.txt'
[1.763s] writing manifest file '../../build/servo_steering/servo_steering.egg-info/SOURCES.txt'
[1.764s] running build
[1.764s] running build_py
[1.764s] copying servo_steering/servo_node.py -> /home/epiibots/ros2_ws/build/servo_steering/build/lib/servo_steering
[1.764s] running install
[1.774s] running install_lib
[1.799s] copying /home/epiibots/ros2_ws/build/servo_steering/build/lib/servo_steering/servo_node.py -> /home/epiibots/ros2_ws/install/servo_steering/lib/python3.12/site-packages/servo_steering
[1.800s] byte-compiling /home/epiibots/ros2_ws/install/servo_steering/lib/python3.12/site-packages/servo_steering/servo_node.py to servo_node.cpython-312.pyc
[1.801s] running install_data
[1.801s] running install_egg_info
[1.828s] removing '/home/epiibots/ros2_ws/install/servo_steering/lib/python3.12/site-packages/servo_steering-0.1.0-py3.12.egg-info' (and everything under it)
[1.829s] Copying ../../build/servo_steering/servo_steering.egg-info to /home/epiibots/ros2_ws/install/servo_steering/lib/python3.12/site-packages/servo_steering-0.1.0-py3.12.egg-info
[1.830s] running install_scripts
[2.005s] Installing motor_node script to /home/epiibots/ros2_ws/install/servo_steering/lib/servo_steering
[2.006s] Installing servo_node script to /home/epiibots/ros2_ws/install/servo_steering/lib/servo_steering
[2.009s] Installing teleop_kei script to /home/epiibots/ros2_ws/install/servo_steering/lib/servo_steering
[2.009s] Installing teleop_key script to /home/epiibots/ros2_ws/install/servo_steering/lib/servo_steering
[2.011s] writing list of installed files to '/home/epiibots/ros2_ws/build/servo_steering/install.log'
[2.097s] Invoked command in '/home/epiibots/ros2_ws/src/servo_steering' returned '0': DEBUGINFOD_URLS=https://debuginfod.ubuntu.com PYTHONPATH=/home/epiibots/ros2_ws/build/servo_steering/prefix_override:/usr/lib/python3/dist-packages/colcon_core/task/python/colcon_distutils_commands:/home/epiibots/ros2_ws/install/servo_steering/lib/python3.12/site-packages:${PYTHONPATH} /usr/bin/python3 -W ignore:setup.py install is deprecated -W ignore:easy_install command is deprecated setup.py egg_info --egg-base ../../build/servo_steering build --build-base /home/epiibots/ros2_ws/build/servo_steering/build install --record /home/epiibots/ros2_ws/build/servo_steering/install.log --single-version-externally-managed install_data
