[2.567s] Invoking command in '/home/epiibots/ros2_ws/src/servo_steering': DEBUGINFOD_URLS=https://debuginfod.ubuntu.com PYTHONPATH=/home/epiibots/ros2_ws/build/servo_steering/prefix_override:/usr/lib/python3/dist-packages/colcon_core/task/python/colcon_distutils_commands:/home/epiibots/ros2_ws/install/servo_steering/lib/python3.12/site-packages:${PYTHONPATH} /usr/bin/python3 -W ignore:setup.py install is deprecated -W ignore:easy_install command is deprecated setup.py egg_info --egg-base ../../build/servo_steering build --build-base /home/epiibots/ros2_ws/build/servo_steering/build install --record /home/epiibots/ros2_ws/build/servo_steering/install.log --single-version-externally-managed install_data
[3.199s] running egg_info
[3.290s] writing ../../build/servo_steering/servo_steering.egg-info/PKG-INFO
[3.294s] writing dependency_links to ../../build/servo_steering/servo_steering.egg-info/dependency_links.txt
[3.295s] writing entry points to ../../build/servo_steering/servo_steering.egg-info/entry_points.txt
[3.295s] writing requirements to ../../build/servo_steering/servo_steering.egg-info/requires.txt
[3.296s] writing top-level names to ../../build/servo_steering/servo_steering.egg-info/top_level.txt
[3.395s] reading manifest file '../../build/servo_steering/servo_steering.egg-info/SOURCES.txt'
[3.399s] writing manifest file '../../build/servo_steering/servo_steering.egg-info/SOURCES.txt'
[3.399s] running build
[3.399s] running build_py
[3.399s] running install
[3.415s] running install_lib
[3.458s] running install_data
[3.459s] running install_egg_info
[3.511s] removing '/home/epiibots/ros2_ws/install/servo_steering/lib/python3.12/site-packages/servo_steering-0.1.0-py3.12.egg-info' (and everything under it)
[3.511s] Copying ../../build/servo_steering/servo_steering.egg-info to /home/epiibots/ros2_ws/install/servo_steering/lib/python3.12/site-packages/servo_steering-0.1.0-py3.12.egg-info
[3.514s] running install_scripts
[3.817s] Installing motor_node script to /home/epiibots/ros2_ws/install/servo_steering/lib/servo_steering
[3.817s] Installing servo_node script to /home/epiibots/ros2_ws/install/servo_steering/lib/servo_steering
[3.821s] Installing teleop_key script to /home/epiibots/ros2_ws/install/servo_steering/lib/servo_steering
[3.827s] writing list of installed files to '/home/epiibots/ros2_ws/build/servo_steering/install.log'
[3.962s] Invoked command in '/home/epiibots/ros2_ws/src/servo_steering' returned '0': DEBUGINFOD_URLS=https://debuginfod.ubuntu.com PYTHONPATH=/home/epiibots/ros2_ws/build/servo_steering/prefix_override:/usr/lib/python3/dist-packages/colcon_core/task/python/colcon_distutils_commands:/home/epiibots/ros2_ws/install/servo_steering/lib/python3.12/site-packages:${PYTHONPATH} /usr/bin/python3 -W ignore:setup.py install is deprecated -W ignore:easy_install command is deprecated setup.py egg_info --egg-base ../../build/servo_steering build --build-base /home/epiibots/ros2_ws/build/servo_steering/build install --record /home/epiibots/ros2_ws/build/servo_steering/install.log --single-version-externally-managed install_data
