[2.058s] Invoking command in '/home/epiibots/ros2_ws/src/servo_steering': DEBUGINFOD_URLS=https://debuginfod.ubuntu.com PYTHONPATH=/home/epiibots/ros2_ws/build/servo_steering/prefix_override:/usr/lib/python3/dist-packages/colcon_core/task/python/colcon_distutils_commands:/home/epiibots/ros2_ws/install/servo_steering/lib/python3.12/site-packages:${PYTHONPATH} /usr/bin/python3 -W ignore:setup.py install is deprecated -W ignore:easy_install command is deprecated setup.py egg_info --egg-base ../../build/servo_steering build --build-base /home/epiibots/ros2_ws/build/servo_steering/build install --record /home/epiibots/ros2_ws/build/servo_steering/install.log --single-version-externally-managed install_data
[2.752s] running egg_info
[2.812s] writing ../../build/servo_steering/servo_steering.egg-info/PKG-INFO
[2.813s] writing dependency_links to ../../build/servo_steering/servo_steering.egg-info/dependency_links.txt
[2.816s] writing entry points to ../../build/servo_steering/servo_steering.egg-info/entry_points.txt
[2.819s] writing requirements to ../../build/servo_steering/servo_steering.egg-info/requires.txt
[2.820s] writing top-level names to ../../build/servo_steering/servo_steering.egg-info/top_level.txt
[2.885s] reading manifest file '../../build/servo_steering/servo_steering.egg-info/SOURCES.txt'
[2.887s] writing manifest file '../../build/servo_steering/servo_steering.egg-info/SOURCES.txt'
[2.887s] running build
[2.887s] running build_py
[2.887s] copying servo_steering/teleop_kei.py -> /home/epiibots/ros2_ws/build/servo_steering/build/lib/servo_steering
[2.888s] running install
[2.898s] running install_lib
[2.925s] copying /home/epiibots/ros2_ws/build/servo_steering/build/lib/servo_steering/teleop_kei.py -> /home/epiibots/ros2_ws/install/servo_steering/lib/python3.12/site-packages/servo_steering
[2.926s] byte-compiling /home/epiibots/ros2_ws/install/servo_steering/lib/python3.12/site-packages/servo_steering/teleop_kei.py to teleop_kei.cpython-312.pyc
[2.928s] running install_data
[2.928s] running install_egg_info
[2.974s] removing '/home/epiibots/ros2_ws/install/servo_steering/lib/python3.12/site-packages/servo_steering-0.1.0-py3.12.egg-info' (and everything under it)
[2.978s] Copying ../../build/servo_steering/servo_steering.egg-info to /home/epiibots/ros2_ws/install/servo_steering/lib/python3.12/site-packages/servo_steering-0.1.0-py3.12.egg-info
[2.980s] running install_scripts
[3.188s] Installing motor_node script to /home/epiibots/ros2_ws/install/servo_steering/lib/servo_steering
[3.188s] Installing servo_node script to /home/epiibots/ros2_ws/install/servo_steering/lib/servo_steering
[3.191s] Installing teleop_kei script to /home/epiibots/ros2_ws/install/servo_steering/lib/servo_steering
[3.192s] Installing teleop_key script to /home/epiibots/ros2_ws/install/servo_steering/lib/servo_steering
[3.193s] writing list of installed files to '/home/epiibots/ros2_ws/build/servo_steering/install.log'
[3.287s] Invoked command in '/home/epiibots/ros2_ws/src/servo_steering' returned '0': DEBUGINFOD_URLS=https://debuginfod.ubuntu.com PYTHONPATH=/home/epiibots/ros2_ws/build/servo_steering/prefix_override:/usr/lib/python3/dist-packages/colcon_core/task/python/colcon_distutils_commands:/home/epiibots/ros2_ws/install/servo_steering/lib/python3.12/site-packages:${PYTHONPATH} /usr/bin/python3 -W ignore:setup.py install is deprecated -W ignore:easy_install command is deprecated setup.py egg_info --egg-base ../../build/servo_steering build --build-base /home/epiibots/ros2_ws/build/servo_steering/build install --record /home/epiibots/ros2_ws/build/servo_steering/install.log --single-version-externally-managed install_data
