[2.542s] Invoking command in '/home/epiibots/ros2_ws/src/carrinho_base': DEBUGINFOD_URLS=https://debuginfod.ubuntu.com PYTHONPATH=/home/epiibots/ros2_ws/build/carrinho_base/prefix_override:/usr/lib/python3/dist-packages/colcon_core/task/python/colcon_distutils_commands:/home/epiibots/ros2_ws/install/carrinho_base/lib/python3.12/site-packages: /usr/bin/python3 -W ignore:setup.py install is deprecated -W ignore:easy_install command is deprecated setup.py egg_info --egg-base ../../build/carrinho_base build --build-base /home/epiibots/ros2_ws/build/carrinho_base/build install --record /home/epiibots/ros2_ws/build/carrinho_base/install.log --single-version-externally-managed install_data
[3.065s] running egg_info
[3.084s] writing ../../build/carrinho_base/carrinho_base.egg-info/PKG-INFO
[3.084s] writing dependency_links to ../../build/carrinho_base/carrinho_base.egg-info/dependency_links.txt
[3.089s] writing entry points to ../../build/carrinho_base/carrinho_base.egg-info/entry_points.txt
[3.090s] writing requirements to ../../build/carrinho_base/carrinho_base.egg-info/requires.txt
[3.092s] writing top-level names to ../../build/carrinho_base/carrinho_base.egg-info/top_level.txt
[3.144s] reading manifest file '../../build/carrinho_base/carrinho_base.egg-info/SOURCES.txt'
[3.154s] writing manifest file '../../build/carrinho_base/carrinho_base.egg-info/SOURCES.txt'
[3.154s] running build
[3.154s] running build_py
[3.154s] copying carrinho_base/checkpoint_player.py -> /home/epiibots/ros2_ws/build/carrinho_base/build/lib/carrinho_base
[3.154s] copying carrinho_base/checkpoint_recorder.py -> /home/epiibots/ros2_ws/build/carrinho_base/build/lib/carrinho_base
[3.155s] copying carrinho_base/motor_control.py -> /home/epiibots/ros2_ws/build/carrinho_base/build/lib/carrinho_base
[3.161s] running install
[3.189s] running install_lib
[3.251s] copying /home/epiibots/ros2_ws/build/carrinho_base/build/lib/carrinho_base/checkpoint_player.py -> /home/epiibots/ros2_ws/install/carrinho_base/lib/python3.12/site-packages/carrinho_base
[3.251s] copying /home/epiibots/ros2_ws/build/carrinho_base/build/lib/carrinho_base/checkpoint_recorder.py -> /home/epiibots/ros2_ws/install/carrinho_base/lib/python3.12/site-packages/carrinho_base
[3.251s] copying /home/epiibots/ros2_ws/build/carrinho_base/build/lib/carrinho_base/motor_control.py -> /home/epiibots/ros2_ws/install/carrinho_base/lib/python3.12/site-packages/carrinho_base
[3.258s] byte-compiling /home/epiibots/ros2_ws/install/carrinho_base/lib/python3.12/site-packages/carrinho_base/checkpoint_player.py to checkpoint_player.cpython-312.pyc
[3.258s] byte-compiling /home/epiibots/ros2_ws/install/carrinho_base/lib/python3.12/site-packages/carrinho_base/checkpoint_recorder.py to checkpoint_recorder.cpython-312.pyc
[3.263s] byte-compiling /home/epiibots/ros2_ws/install/carrinho_base/lib/python3.12/site-packages/carrinho_base/motor_control.py to motor_control.cpython-312.pyc
[3.280s] running install_data
[3.280s] copying package.xml -> /home/epiibots/ros2_ws/install/carrinho_base/share/carrinho_base
[3.280s] running install_egg_info
[3.310s] removing '/home/epiibots/ros2_ws/install/carrinho_base/lib/python3.12/site-packages/carrinho_base-0.0.0-py3.12.egg-info' (and everything under it)
[3.310s] Copying ../../build/carrinho_base/carrinho_base.egg-info to /home/epiibots/ros2_ws/install/carrinho_base/lib/python3.12/site-packages/carrinho_base-0.0.0-py3.12.egg-info
[3.314s] running install_scripts
[3.626s] Installing checkpoint_player script to /home/epiibots/ros2_ws/install/carrinho_base/lib/carrinho_base
[3.626s] Installing checkpoint_recorder script to /home/epiibots/ros2_ws/install/carrinho_base/lib/carrinho_base
[3.627s] Installing motor_control script to /home/epiibots/ros2_ws/install/carrinho_base/lib/carrinho_base
[3.630s] writing list of installed files to '/home/epiibots/ros2_ws/build/carrinho_base/install.log'
[4.152s] Invoked command in '/home/epiibots/ros2_ws/src/carrinho_base' returned '0': DEBUGINFOD_URLS=https://debuginfod.ubuntu.com PYTHONPATH=/home/epiibots/ros2_ws/build/carrinho_base/prefix_override:/usr/lib/python3/dist-packages/colcon_core/task/python/colcon_distutils_commands:/home/epiibots/ros2_ws/install/carrinho_base/lib/python3.12/site-packages: /usr/bin/python3 -W ignore:setup.py install is deprecated -W ignore:easy_install command is deprecated setup.py egg_info --egg-base ../../build/carrinho_base build --build-base /home/epiibots/ros2_ws/build/carrinho_base/build install --record /home/epiibots/ros2_ws/build/carrinho_base/install.log --single-version-externally-managed install_data
