[1.824s] Invoking command in '/home/epiibots/ros2_ws/src/detector': DEBUGINFOD_URLS=https://debuginfod.ubuntu.com PYTHONPATH=/home/epiibots/ros2_ws/build/detector/prefix_override:/usr/lib/python3/dist-packages/colcon_core/task/python/colcon_distutils_commands:/home/epiibots/ros2_ws/install/detector/lib/python3.12/site-packages:${PYTHONPATH} /usr/bin/python3 -W ignore:setup.py install is deprecated -W ignore:easy_install command is deprecated setup.py egg_info --egg-base ../../build/detector build --build-base /home/epiibots/ros2_ws/build/detector/build install --record /home/epiibots/ros2_ws/build/detector/install.log --single-version-externally-managed install_data
[2.398s] running egg_info
[2.429s] writing ../../build/detector/detector.egg-info/PKG-INFO
[2.429s] writing dependency_links to ../../build/detector/detector.egg-info/dependency_links.txt
[2.430s] writing entry points to ../../build/detector/detector.egg-info/entry_points.txt
[2.431s] writing requirements to ../../build/detector/detector.egg-info/requires.txt
[2.431s] writing top-level names to ../../build/detector/detector.egg-info/top_level.txt
[2.496s] reading manifest file '../../build/detector/detector.egg-info/SOURCES.txt'
[2.500s] adding license file 'LICENSE'
[2.500s] writing manifest file '../../build/detector/detector.egg-info/SOURCES.txt'
[2.501s] running build
[2.501s] running build_py
[2.511s] running install
[2.518s] running install_lib
[2.552s] running install_data
[2.553s] running install_egg_info
[2.592s] removing '/home/epiibots/ros2_ws/install/detector/lib/python3.12/site-packages/detector-0.0.0-py3.12.egg-info' (and everything under it)
[2.593s] Copying ../../build/detector/detector.egg-info to /home/epiibots/ros2_ws/install/detector/lib/python3.12/site-packages/detector-0.0.0-py3.12.egg-info
[2.598s] running install_scripts
[2.848s] Installing apriltags script to /home/epiibots/ros2_ws/install/detector/lib/detector
[2.854s] writing list of installed files to '/home/epiibots/ros2_ws/build/detector/install.log'
[3.040s] Invoked command in '/home/epiibots/ros2_ws/src/detector' returned '0': DEBUGINFOD_URLS=https://debuginfod.ubuntu.com PYTHONPATH=/home/epiibots/ros2_ws/build/detector/prefix_override:/usr/lib/python3/dist-packages/colcon_core/task/python/colcon_distutils_commands:/home/epiibots/ros2_ws/install/detector/lib/python3.12/site-packages:${PYTHONPATH} /usr/bin/python3 -W ignore:setup.py install is deprecated -W ignore:easy_install command is deprecated setup.py egg_info --egg-base ../../build/detector build --build-base /home/epiibots/ros2_ws/build/detector/build install --record /home/epiibots/ros2_ws/build/detector/install.log --single-version-externally-managed install_data
