[1.127s] Invoking command in '/home/epiibots/ros2_ws/src/servo_steering': DEBUGINFOD_URLS=https://debuginfod.ubuntu.com PYTHONPATH=/home/epiibots/ros2_ws/build/servo_steering/prefix_override:/usr/lib/python3/dist-packages/colcon_core/task/python/colcon_distutils_commands:/home/epiibots/ros2_ws/install/servo_steering/lib/python3.12/site-packages:${PYTHONPATH} /usr/bin/python3 -W ignore:setup.py install is deprecated -W ignore:easy_install command is deprecated setup.py egg_info --egg-base ../../build/servo_steering build --build-base /home/epiibots/ros2_ws/build/servo_steering/build install --record /home/epiibots/ros2_ws/build/servo_steering/install.log --single-version-externally-managed install_data
[1.471s] running egg_info
[1.494s] writing ../../build/servo_steering/servo_steering.egg-info/PKG-INFO
[1.494s] writing dependency_links to ../../build/servo_steering/servo_steering.egg-info/dependency_links.txt
[1.498s] writing entry points to ../../build/servo_steering/servo_steering.egg-info/entry_points.txt
[1.498s] writing requirements to ../../build/servo_steering/servo_steering.egg-info/requires.txt
[1.499s] writing top-level names to ../../build/servo_steering/servo_steering.egg-info/top_level.txt
[1.550s] reading manifest file '../../build/servo_steering/servo_steering.egg-info/SOURCES.txt'
[1.551s] writing manifest file '../../build/servo_steering/servo_steering.egg-info/SOURCES.txt'
[1.551s] running build
[1.551s] running build_py
[1.552s] running install
[1.561s] running install_lib
[1.585s] running install_data
[1.586s] running install_egg_info
[1.611s] removing '/home/epiibots/ros2_ws/install/servo_steering/lib/python3.12/site-packages/servo_steering-0.1.0-py3.12.egg-info' (and everything under it)
[1.611s] Copying ../../build/servo_steering/servo_steering.egg-info to /home/epiibots/ros2_ws/install/servo_steering/lib/python3.12/site-packages/servo_steering-0.1.0-py3.12.egg-info
[1.613s] running install_scripts
[1.778s] Installing motor_node script to /home/epiibots/ros2_ws/install/servo_steering/lib/servo_steering
[1.779s] Installing servo_node script to /home/epiibots/ros2_ws/install/servo_steering/lib/servo_steering
[1.782s] Installing teleop_kei script to /home/epiibots/ros2_ws/install/servo_steering/lib/servo_steering
[1.782s] Installing teleop_key script to /home/epiibots/ros2_ws/install/servo_steering/lib/servo_steering
[1.784s] writing list of installed files to '/home/epiibots/ros2_ws/build/servo_steering/install.log'
[1.867s] Invoked command in '/home/epiibots/ros2_ws/src/servo_steering' returned '0': DEBUGINFOD_URLS=https://debuginfod.ubuntu.com PYTHONPATH=/home/epiibots/ros2_ws/build/servo_steering/prefix_override:/usr/lib/python3/dist-packages/colcon_core/task/python/colcon_distutils_commands:/home/epiibots/ros2_ws/install/servo_steering/lib/python3.12/site-packages:${PYTHONPATH} /usr/bin/python3 -W ignore:setup.py install is deprecated -W ignore:easy_install command is deprecated setup.py egg_info --egg-base ../../build/servo_steering build --build-base /home/epiibots/ros2_ws/build/servo_steering/build install --record /home/epiibots/ros2_ws/build/servo_steering/install.log --single-version-externally-managed install_data
