[4.236s] Invoking command in '/home/epiibots/ros2_ws/src/bno055': DEBUGINFOD_URLS=https://debuginfod.ubuntu.com PYTHONPATH=/home/epiibots/ros2_ws/build/bno055/prefix_override:/usr/lib/python3/dist-packages/colcon_core/task/python/colcon_distutils_commands:/home/epiibots/ros2_ws/install/bno055/lib/python3.12/site-packages:${PYTHONPATH} /usr/bin/python3 -W ignore:setup.py install is deprecated -W ignore:easy_install command is deprecated setup.py egg_info --egg-base ../../build/bno055 build --build-base /home/epiibots/ros2_ws/build/bno055/build install --record /home/epiibots/ros2_ws/build/bno055/install.log --single-version-externally-managed install_data
[5.713s] running egg_info
[5.779s] writing ../../build/bno055/bno055.egg-info/PKG-INFO
[5.784s] writing dependency_links to ../../build/bno055/bno055.egg-info/dependency_links.txt
[5.789s] writing entry points to ../../build/bno055/bno055.egg-info/entry_points.txt
[5.790s] writing requirements to ../../build/bno055/bno055.egg-info/requires.txt
[5.792s] writing top-level names to ../../build/bno055/bno055.egg-info/top_level.txt
[6.106s] reading manifest file '../../build/bno055/bno055.egg-info/SOURCES.txt'
[6.118s] adding license file 'LICENSE'
[6.118s] adding license file 'AUTHORS'
[6.118s] writing manifest file '../../build/bno055/bno055.egg-info/SOURCES.txt'
[6.121s] running build
[6.122s] running build_py
[6.138s] running install
[6.225s] running install_lib
[6.311s] running install_data
[6.311s] running install_egg_info
[6.369s] removing '/home/epiibots/ros2_ws/install/bno055/lib/python3.12/site-packages/bno055-0.5.0-py3.12.egg-info' (and everything under it)
[6.373s] Copying ../../build/bno055/bno055.egg-info to /home/epiibots/ros2_ws/install/bno055/lib/python3.12/site-packages/bno055-0.5.0-py3.12.egg-info
[6.389s] running install_scripts
[6.776s] Installing bno055 script to /home/epiibots/ros2_ws/install/bno055/lib/bno055
[6.779s] writing list of installed files to '/home/epiibots/ros2_ws/build/bno055/install.log'
[6.918s] Invoked command in '/home/epiibots/ros2_ws/src/bno055' returned '0': DEBUGINFOD_URLS=https://debuginfod.ubuntu.com PYTHONPATH=/home/epiibots/ros2_ws/build/bno055/prefix_override:/usr/lib/python3/dist-packages/colcon_core/task/python/colcon_distutils_commands:/home/epiibots/ros2_ws/install/bno055/lib/python3.12/site-packages:${PYTHONPATH} /usr/bin/python3 -W ignore:setup.py install is deprecated -W ignore:easy_install command is deprecated setup.py egg_info --egg-base ../../build/bno055 build --build-base /home/epiibots/ros2_ws/build/bno055/build install --record /home/epiibots/ros2_ws/build/bno055/install.log --single-version-externally-managed install_data
