running egg_info
creating ../../build/controlegeral_carrinho/controlegeral_carrinho.egg-info
writing ../../build/controlegeral_carrinho/controlegeral_carrinho.egg-info/PKG-INFO
writing dependency_links to ../../build/controlegeral_carrinho/controlegeral_carrinho.egg-info/dependency_links.txt
writing requirements to ../../build/controlegeral_carrinho/controlegeral_carrinho.egg-info/requires.txt
writing top-level names to ../../build/controlegeral_carrinho/controlegeral_carrinho.egg-info/top_level.txt
writing manifest file '../../build/controlegeral_carrinho/controlegeral_carrinho.egg-info/SOURCES.txt'
reading manifest file '../../build/controlegeral_carrinho/controlegeral_carrinho.egg-info/SOURCES.txt'
adding license file 'LICENSE'
writing manifest file '../../build/controlegeral_carrinho/controlegeral_carrinho.egg-info/SOURCES.txt'
running build
running build_py
creating /home/epiibots/ros2_ws/build/controlegeral_carrinho/build
creating /home/epiibots/ros2_ws/build/controlegeral_carrinho/build/lib
creating /home/epiibots/ros2_ws/build/controlegeral_carrinho/build/lib/controlegeral_carrinho
copying controlegeral_carrinho/__init__.py -> /home/epiibots/ros2_ws/build/controlegeral_carrinho/build/lib/controlegeral_carrinho
running install
running install_lib
creating /home/epiibots/ros2_ws/install/controlegeral_carrinho/lib/python3.12/site-packages/controlegeral_carrinho
copying /home/epiibots/ros2_ws/build/controlegeral_carrinho/build/lib/controlegeral_carrinho/__init__.py -> /home/epiibots/ros2_ws/install/controlegeral_carrinho/lib/python3.12/site-packages/controlegeral_carrinho
byte-compiling /home/epiibots/ros2_ws/install/controlegeral_carrinho/lib/python3.12/site-packages/controlegeral_carrinho/__init__.py to __init__.cpython-312.pyc
running install_data
creating /home/epiibots/ros2_ws/install/controlegeral_carrinho/share/ament_index
creating /home/epiibots/ros2_ws/install/controlegeral_carrinho/share/ament_index/resource_index
creating /home/epiibots/ros2_ws/install/controlegeral_carrinho/share/ament_index/resource_index/packages
copying resource/controlegeral_carrinho -> /home/epiibots/ros2_ws/install/controlegeral_carrinho/share/ament_index/resource_index/packages
copying package.xml -> /home/epiibots/ros2_ws/install/controlegeral_carrinho/share/controlegeral_carrinho
running install_egg_info
Copying ../../build/controlegeral_carrinho/controlegeral_carrinho.egg-info to /home/epiibots/ros2_ws/install/controlegeral_carrinho/lib/python3.12/site-packages/controlegeral_carrinho-0.0.0-py3.12.egg-info
running install_scripts
writing list of installed files to '/home/epiibots/ros2_ws/build/controlegeral_carrinho/install.log'
