[5.072s] Invoking command in '/home/epiibots/ros2_ws/src/detector': DEBUGINFOD_URLS=https://debuginfod.ubuntu.com PYTHONPATH=/home/epiibots/ros2_ws/build/detector/prefix_override:/usr/lib/python3/dist-packages/colcon_core/task/python/colcon_distutils_commands:/home/epiibots/ros2_ws/install/detector/lib/python3.12/site-packages:${PYTHONPATH} /usr/bin/python3 -W ignore:setup.py install is deprecated -W ignore:easy_install command is deprecated setup.py egg_info --egg-base ../../build/detector build --build-base /home/epiibots/ros2_ws/build/detector/build install --record /home/epiibots/ros2_ws/build/detector/install.log --single-version-externally-managed install_data
[5.764s] running egg_info
[5.803s] writing ../../build/detector/detector.egg-info/PKG-INFO
[5.806s] writing dependency_links to ../../build/detector/detector.egg-info/dependency_links.txt
[5.809s] writing entry points to ../../build/detector/detector.egg-info/entry_points.txt
[5.814s] writing requirements to ../../build/detector/detector.egg-info/requires.txt
[5.814s] writing top-level names to ../../build/detector/detector.egg-info/top_level.txt
[6.011s] reading manifest file '../../build/detector/detector.egg-info/SOURCES.txt'
[6.011s] adding license file 'LICENSE'
[6.011s] writing manifest file '../../build/detector/detector.egg-info/SOURCES.txt'
[6.011s] running build
[6.011s] running build_py
[6.012s] running install
[6.023s] running install_lib
[6.108s] running install_data
[6.108s] running install_egg_info
[6.190s] removing '/home/epiibots/ros2_ws/install/detector/lib/python3.12/site-packages/detector-0.0.0-py3.12.egg-info' (and everything under it)
[6.190s] Copying ../../build/detector/detector.egg-info to /home/epiibots/ros2_ws/install/detector/lib/python3.12/site-packages/detector-0.0.0-py3.12.egg-info
[6.190s] running install_scripts
[6.672s] Installing apriltags script to /home/epiibots/ros2_ws/install/detector/lib/detector
[6.673s] writing list of installed files to '/home/epiibots/ros2_ws/build/detector/install.log'
[7.374s] Invoked command in '/home/epiibots/ros2_ws/src/detector' returned '0': DEBUGINFOD_URLS=https://debuginfod.ubuntu.com PYTHONPATH=/home/epiibots/ros2_ws/build/detector/prefix_override:/usr/lib/python3/dist-packages/colcon_core/task/python/colcon_distutils_commands:/home/epiibots/ros2_ws/install/detector/lib/python3.12/site-packages:${PYTHONPATH} /usr/bin/python3 -W ignore:setup.py install is deprecated -W ignore:easy_install command is deprecated setup.py egg_info --egg-base ../../build/detector build --build-base /home/epiibots/ros2_ws/build/detector/build install --record /home/epiibots/ros2_ws/build/detector/install.log --single-version-externally-managed install_data
