[0.015s] Invoking command in '/home/epiibots/ros2_ws/build/drive_base_msgs': CMAKE_PREFIX_PATH=${CMAKE_PREFIX_PATH}:/home/epiibots/ros2_ws/install/controlegeral_carrinho:/home/epiibots/ros2_ws/install/servo_steering:/home/epiibots/ros2_ws/install/lidar_teste:/home/epiibots/ros2_ws/install/detector:/home/epiibots/ros2_ws/install/carrinho_base:/home/epiibots/ros2_ws/install/bno055:/opt/ros/jazzy DEBUGINFOD_URLS=https://debuginfod.ubuntu.com /usr/bin/cmake --build /home/epiibots/ros2_ws/build/drive_base_msgs -- -j4 -l4
[0.198s] [  1%] Built target drive_base_msgs__rosidl_generator_type_description
[0.198s] [  3%] Built target drive_base_msgs__rs
[0.245s] [  3%] Built target ament_cmake_python_copy_drive_base_msgs
[0.273s] [ 24%] Built target drive_base_msgs__rosidl_generator_c
[0.293s] [ 26%] Built target drive_base_msgs__cpp
[0.383s] [ 35%] Built target drive_base_msgs__rosidl_typesupport_fastrtps_c
[0.396s] [ 44%] Built target drive_base_msgs__rosidl_typesupport_introspection_c
[0.409s] [ 53%] Built target drive_base_msgs__rosidl_typesupport_c
[0.516s] [ 63%] Built target drive_base_msgs__rosidl_typesupport_introspection_cpp
[0.525s] [ 72%] Built target drive_base_msgs__rosidl_typesupport_fastrtps_cpp
[0.532s] [ 81%] Built target drive_base_msgs__rosidl_typesupport_cpp
[0.634s] [ 81%] Built target drive_base_msgs
[0.740s] [ 83%] Built target drive_base_msgs__py
[0.785s] running egg_info
[0.818s] writing drive_base_msgs.egg-info/PKG-INFO
[0.819s] writing dependency_links to drive_base_msgs.egg-info/dependency_links.txt
[0.824s] writing top-level names to drive_base_msgs.egg-info/top_level.txt
[0.837s] [ 90%] Built target drive_base_msgs__rosidl_generator_py
[0.939s] [ 93%] Built target drive_base_msgs_s__rosidl_typesupport_fastrtps_c
[0.942s] [ 96%] Built target drive_base_msgs_s__rosidl_typesupport_introspection_c
[0.951s] [100%] Built target drive_base_msgs_s__rosidl_typesupport_c
[0.973s] reading manifest file 'drive_base_msgs.egg-info/SOURCES.txt'
[0.974s] writing manifest file 'drive_base_msgs.egg-info/SOURCES.txt'
[1.082s] [100%] Built target ament_cmake_python_build_drive_base_msgs_egg
[1.120s] Invoked command in '/home/epiibots/ros2_ws/build/drive_base_msgs' returned '0': CMAKE_PREFIX_PATH=${CMAKE_PREFIX_PATH}:/home/epiibots/ros2_ws/install/controlegeral_carrinho:/home/epiibots/ros2_ws/install/servo_steering:/home/epiibots/ros2_ws/install/lidar_teste:/home/epiibots/ros2_ws/install/detector:/home/epiibots/ros2_ws/install/carrinho_base:/home/epiibots/ros2_ws/install/bno055:/opt/ros/jazzy DEBUGINFOD_URLS=https://debuginfod.ubuntu.com /usr/bin/cmake --build /home/epiibots/ros2_ws/build/drive_base_msgs -- -j4 -l4
[1.121s] Invoking command in '/home/epiibots/ros2_ws/build/drive_base_msgs': CMAKE_PREFIX_PATH=${CMAKE_PREFIX_PATH}:/home/epiibots/ros2_ws/install/controlegeral_carrinho:/home/epiibots/ros2_ws/install/servo_steering:/home/epiibots/ros2_ws/install/lidar_teste:/home/epiibots/ros2_ws/install/detector:/home/epiibots/ros2_ws/install/carrinho_base:/home/epiibots/ros2_ws/install/bno055:/opt/ros/jazzy DEBUGINFOD_URLS=https://debuginfod.ubuntu.com /usr/bin/cmake --install /home/epiibots/ros2_ws/build/drive_base_msgs
[1.145s] -- Install configuration: ""
[1.146s] -- Up-to-date: /home/epiibots/ros2_ws/install/drive_base_msgs/share/ament_index/resource_index/rosidl_interfaces/drive_base_msgs
[1.149s] -- Up-to-date: /home/epiibots/ros2_ws/install/drive_base_msgs/share/drive_base_msgs/msg/CommandHeader.json
[1.149s] -- Up-to-date: /home/epiibots/ros2_ws/install/drive_base_msgs/share/drive_base_msgs/msg/BaseInfo.json
[1.149s] -- Up-to-date: /home/epiibots/ros2_ws/install/drive_base_msgs/share/drive_base_msgs/msg/CommandStatus.json
[1.150s] -- Up-to-date: /home/epiibots/ros2_ws/install/drive_base_msgs/share/drive_base_msgs/msg/TRVCommand.json
[1.150s] -- Up-to-date: /home/epiibots/ros2_ws/install/drive_base_msgs/include/drive_base_msgs/drive_base_msgs
[1.150s] -- Up-to-date: /home/epiibots/ros2_ws/install/drive_base_msgs/include/drive_base_msgs/drive_base_msgs/msg
[1.150s] -- Up-to-date: /home/epiibots/ros2_ws/install/drive_base_msgs/include/drive_base_msgs/drive_base_msgs/msg/trv_command.h
[1.150s] -- Up-to-date: /home/epiibots/ros2_ws/install/drive_base_msgs/include/drive_base_msgs/drive_base_msgs/msg/command_status.h
[1.150s] -- Up-to-date: /home/epiibots/ros2_ws/install/drive_base_msgs/include/drive_base_msgs/drive_base_msgs/msg/base_info.h
[1.150s] -- Up-to-date: /home/epiibots/ros2_ws/install/drive_base_msgs/include/drive_base_msgs/drive_base_msgs/msg/rosidl_generator_c__visibility_control.h
[1.150s] -- Up-to-date: /home/epiibots/ros2_ws/install/drive_base_msgs/include/drive_base_msgs/drive_base_msgs/msg/detail
[1.151s] -- Up-to-date: /home/epiibots/ros2_ws/install/drive_base_msgs/include/drive_base_msgs/drive_base_msgs/msg/detail/command_header__functions.c
[1.151s] -- Up-to-date: /home/epiibots/ros2_ws/install/drive_base_msgs/include/drive_base_msgs/drive_base_msgs/msg/detail/trv_command__type_support.h
[1.151s] -- Up-to-date: /home/epiibots/ros2_ws/install/drive_base_msgs/include/drive_base_msgs/drive_base_msgs/msg/detail/trv_command__functions.c
[1.151s] -- Up-to-date: /home/epiibots/ros2_ws/install/drive_base_msgs/include/drive_base_msgs/drive_base_msgs/msg/detail/base_info__functions.h
[1.151s] -- Up-to-date: /home/epiibots/ros2_ws/install/drive_base_msgs/include/drive_base_msgs/drive_base_msgs/msg/detail/command_header__description.c
[1.151s] -- Up-to-date: /home/epiibots/ros2_ws/install/drive_base_msgs/include/drive_base_msgs/drive_base_msgs/msg/detail/trv_command__functions.h
[1.151s] -- Up-to-date: /home/epiibots/ros2_ws/install/drive_base_msgs/include/drive_base_msgs/drive_base_msgs/msg/detail/command_header__type_support.h
[1.151s] -- Installing: /home/epiibots/ros2_ws/install/drive_base_msgs/include/drive_base_msgs/drive_base_msgs/msg/detail/command_status__type_support.c
[1.151s] -- Up-to-date: /home/epiibots/ros2_ws/install/drive_base_msgs/include/drive_base_msgs/drive_base_msgs/msg/detail/command_status__functions.c
[1.151s] -- Up-to-date: /home/epiibots/ros2_ws/install/drive_base_msgs/include/drive_base_msgs/drive_base_msgs/msg/detail/base_info__description.c
[1.152s] -- Up-to-date: /home/epiibots/ros2_ws/install/drive_base_msgs/include/drive_base_msgs/drive_base_msgs/msg/detail/command_status__type_support.h
[1.152s] -- Up-to-date: /home/epiibots/ros2_ws/install/drive_base_msgs/include/drive_base_msgs/drive_base_msgs/msg/detail/base_info__functions.c
[1.152s] -- Up-to-date: /home/epiibots/ros2_ws/install/drive_base_msgs/include/drive_base_msgs/drive_base_msgs/msg/detail/base_info__type_support.h
[1.152s] -- Up-to-date: /home/epiibots/ros2_ws/install/drive_base_msgs/include/drive_base_msgs/drive_base_msgs/msg/detail/trv_command__struct.h
[1.152s] -- Up-to-date: /home/epiibots/ros2_ws/install/drive_base_msgs/include/drive_base_msgs/drive_base_msgs/msg/detail/command_status__functions.h
[1.152s] -- Up-to-date: /home/epiibots/ros2_ws/install/drive_base_msgs/include/drive_base_msgs/drive_base_msgs/msg/detail/command_header__struct.h
[1.155s] -- Installing: /home/epiibots/ros2_ws/install/drive_base_msgs/include/drive_base_msgs/drive_base_msgs/msg/detail/trv_command__type_support.c
[1.155s] -- Up-to-date: /home/epiibots/ros2_ws/install/drive_base_msgs/include/drive_base_msgs/drive_base_msgs/msg/detail/command_status__description.c
[1.155s] -- Installing: /home/epiibots/ros2_ws/install/drive_base_msgs/include/drive_base_msgs/drive_base_msgs/msg/detail/command_header__type_support.c
[1.155s] -- Up-to-date: /home/epiibots/ros2_ws/install/drive_base_msgs/include/drive_base_msgs/drive_base_msgs/msg/detail/command_header__functions.h
[1.156s] -- Up-to-date: /home/epiibots/ros2_ws/install/drive_base_msgs/include/drive_base_msgs/drive_base_msgs/msg/detail/trv_command__description.c
[1.156s] -- Up-to-date: /home/epiibots/ros2_ws/install/drive_base_msgs/include/drive_base_msgs/drive_base_msgs/msg/detail/command_status__struct.h
[1.156s] -- Installing: /home/epiibots/ros2_ws/install/drive_base_msgs/include/drive_base_msgs/drive_base_msgs/msg/detail/base_info__type_support.c
[1.156s] -- Up-to-date: /home/epiibots/ros2_ws/install/drive_base_msgs/include/drive_base_msgs/drive_base_msgs/msg/detail/base_info__struct.h
[1.156s] -- Up-to-date: /home/epiibots/ros2_ws/install/drive_base_msgs/include/drive_base_msgs/drive_base_msgs/msg/command_header.h
[1.156s] -- Up-to-date: /home/epiibots/ros2_ws/install/drive_base_msgs/share/drive_base_msgs/environment/library_path.sh
[1.156s] -- Up-to-date: /home/epiibots/ros2_ws/install/drive_base_msgs/share/drive_base_msgs/environment/library_path.dsv
[1.156s] -- Up-to-date: /home/epiibots/ros2_ws/install/drive_base_msgs/lib/libdrive_base_msgs__rosidl_generator_c.so
[1.156s] -- Up-to-date: /home/epiibots/ros2_ws/install/drive_base_msgs/include/drive_base_msgs/drive_base_msgs
[1.156s] -- Up-to-date: /home/epiibots/ros2_ws/install/drive_base_msgs/include/drive_base_msgs/drive_base_msgs/msg
[1.157s] -- Up-to-date: /home/epiibots/ros2_ws/install/drive_base_msgs/include/drive_base_msgs/drive_base_msgs/msg/rosidl_typesupport_fastrtps_c__visibility_control.h
[1.157s] -- Up-to-date: /home/epiibots/ros2_ws/install/drive_base_msgs/include/drive_base_msgs/drive_base_msgs/msg/detail
[1.157s] -- Up-to-date: /home/epiibots/ros2_ws/install/drive_base_msgs/include/drive_base_msgs/drive_base_msgs/msg/detail/trv_command__rosidl_typesupport_fastrtps_c.h
[1.157s] -- Up-to-date: /home/epiibots/ros2_ws/install/drive_base_msgs/include/drive_base_msgs/drive_base_msgs/msg/detail/base_info__rosidl_typesupport_fastrtps_c.h
[1.157s] -- Up-to-date: /home/epiibots/ros2_ws/install/drive_base_msgs/include/drive_base_msgs/drive_base_msgs/msg/detail/command_header__rosidl_typesupport_fastrtps_c.h
[1.157s] -- Up-to-date: /home/epiibots/ros2_ws/install/drive_base_msgs/include/drive_base_msgs/drive_base_msgs/msg/detail/command_status__rosidl_typesupport_fastrtps_c.h
[1.158s] -- Up-to-date: /home/epiibots/ros2_ws/install/drive_base_msgs/lib/libdrive_base_msgs__rosidl_typesupport_fastrtps_c.so
[1.158s] -- Up-to-date: /home/epiibots/ros2_ws/install/drive_base_msgs/include/drive_base_msgs/drive_base_msgs
[1.158s] -- Up-to-date: /home/epiibots/ros2_ws/install/drive_base_msgs/include/drive_base_msgs/drive_base_msgs/msg
[1.158s] -- Up-to-date: /home/epiibots/ros2_ws/install/drive_base_msgs/include/drive_base_msgs/drive_base_msgs/msg/base_info.hpp
[1.158s] -- Up-to-date: /home/epiibots/ros2_ws/install/drive_base_msgs/include/drive_base_msgs/drive_base_msgs/msg/command_header.hpp
[1.158s] -- Up-to-date: /home/epiibots/ros2_ws/install/drive_base_msgs/include/drive_base_msgs/drive_base_msgs/msg/rosidl_generator_cpp__visibility_control.hpp
[1.158s] -- Up-to-date: /home/epiibots/ros2_ws/install/drive_base_msgs/include/drive_base_msgs/drive_base_msgs/msg/trv_command.hpp
[1.158s] -- Up-to-date: /home/epiibots/ros2_ws/install/drive_base_msgs/include/drive_base_msgs/drive_base_msgs/msg/detail
[1.158s] -- Up-to-date: /home/epiibots/ros2_ws/install/drive_base_msgs/include/drive_base_msgs/drive_base_msgs/msg/detail/command_status__struct.hpp
[1.158s] -- Up-to-date: /home/epiibots/ros2_ws/install/drive_base_msgs/include/drive_base_msgs/drive_base_msgs/msg/detail/base_info__builder.hpp
[1.158s] -- Up-to-date: /home/epiibots/ros2_ws/install/drive_base_msgs/include/drive_base_msgs/drive_base_msgs/msg/detail/command_status__builder.hpp
[1.159s] -- Up-to-date: /home/epiibots/ros2_ws/install/drive_base_msgs/include/drive_base_msgs/drive_base_msgs/msg/detail/command_status__traits.hpp
[1.159s] -- Up-to-date: /home/epiibots/ros2_ws/install/drive_base_msgs/include/drive_base_msgs/drive_base_msgs/msg/detail/base_info__struct.hpp
[1.159s] -- Up-to-date: /home/epiibots/ros2_ws/install/drive_base_msgs/include/drive_base_msgs/drive_base_msgs/msg/detail/command_status__type_support.hpp
[1.161s] -- Up-to-date: /home/epiibots/ros2_ws/install/drive_base_msgs/include/drive_base_msgs/drive_base_msgs/msg/detail/command_header__traits.hpp
[1.161s] -- Up-to-date: /home/epiibots/ros2_ws/install/drive_base_msgs/include/drive_base_msgs/drive_base_msgs/msg/detail/trv_command__builder.hpp
[1.161s] -- Up-to-date: /home/epiibots/ros2_ws/install/drive_base_msgs/include/drive_base_msgs/drive_base_msgs/msg/detail/trv_command__type_support.hpp
[1.162s] -- Up-to-date: /home/epiibots/ros2_ws/install/drive_base_msgs/include/drive_base_msgs/drive_base_msgs/msg/detail/command_header__type_support.hpp
[1.162s] -- Up-to-date: /home/epiibots/ros2_ws/install/drive_base_msgs/include/drive_base_msgs/drive_base_msgs/msg/detail/base_info__type_support.hpp
[1.162s] -- Up-to-date: /home/epiibots/ros2_ws/install/drive_base_msgs/include/drive_base_msgs/drive_base_msgs/msg/detail/command_header__struct.hpp
[1.162s] -- Up-to-date: /home/epiibots/ros2_ws/install/drive_base_msgs/include/drive_base_msgs/drive_base_msgs/msg/detail/base_info__traits.hpp
[1.162s] -- Up-to-date: /home/epiibots/ros2_ws/install/drive_base_msgs/include/drive_base_msgs/drive_base_msgs/msg/detail/trv_command__struct.hpp
[1.163s] -- Up-to-date: /home/epiibots/ros2_ws/install/drive_base_msgs/include/drive_base_msgs/drive_base_msgs/msg/detail/trv_command__traits.hpp
[1.163s] -- Up-to-date: /home/epiibots/ros2_ws/install/drive_base_msgs/include/drive_base_msgs/drive_base_msgs/msg/detail/command_header__builder.hpp
[1.164s] -- Up-to-date: /home/epiibots/ros2_ws/install/drive_base_msgs/include/drive_base_msgs/drive_base_msgs/msg/command_status.hpp
[1.164s] -- Up-to-date: /home/epiibots/ros2_ws/install/drive_base_msgs/include/drive_base_msgs/drive_base_msgs
[1.164s] -- Up-to-date: /home/epiibots/ros2_ws/install/drive_base_msgs/include/drive_base_msgs/drive_base_msgs/msg
[1.164s] -- Up-to-date: /home/epiibots/ros2_ws/install/drive_base_msgs/include/drive_base_msgs/drive_base_msgs/msg/rosidl_typesupport_fastrtps_cpp__visibility_control.h
[1.165s] -- Up-to-date: /home/epiibots/ros2_ws/install/drive_base_msgs/include/drive_base_msgs/drive_base_msgs/msg/detail
[1.166s] -- Up-to-date: /home/epiibots/ros2_ws/install/drive_base_msgs/include/drive_base_msgs/drive_base_msgs/msg/detail/base_info__rosidl_typesupport_fastrtps_cpp.hpp
[1.166s] -- Up-to-date: /home/epiibots/ros2_ws/install/drive_base_msgs/include/drive_base_msgs/drive_base_msgs/msg/detail/command_status__rosidl_typesupport_fastrtps_cpp.hpp
[1.166s] -- Up-to-date: /home/epiibots/ros2_ws/install/drive_base_msgs/include/drive_base_msgs/drive_base_msgs/msg/detail/trv_command__rosidl_typesupport_fastrtps_cpp.hpp
[1.167s] -- Up-to-date: /home/epiibots/ros2_ws/install/drive_base_msgs/include/drive_base_msgs/drive_base_msgs/msg/detail/dds_fastrtps
[1.168s] -- Up-to-date: /home/epiibots/ros2_ws/install/drive_base_msgs/include/drive_base_msgs/drive_base_msgs/msg/detail/command_header__rosidl_typesupport_fastrtps_cpp.hpp
[1.168s] -- Up-to-date: /home/epiibots/ros2_ws/install/drive_base_msgs/lib/libdrive_base_msgs__rosidl_typesupport_fastrtps_cpp.so
[1.168s] -- Up-to-date: /home/epiibots/ros2_ws/install/drive_base_msgs/include/drive_base_msgs/drive_base_msgs
[1.168s] -- Up-to-date: /home/epiibots/ros2_ws/install/drive_base_msgs/include/drive_base_msgs/drive_base_msgs/msg
[1.168s] -- Up-to-date: /home/epiibots/ros2_ws/install/drive_base_msgs/include/drive_base_msgs/drive_base_msgs/msg/rosidl_typesupport_introspection_c__visibility_control.h
[1.168s] -- Up-to-date: /home/epiibots/ros2_ws/install/drive_base_msgs/include/drive_base_msgs/drive_base_msgs/msg/detail
[1.168s] -- Up-to-date: /home/epiibots/ros2_ws/install/drive_base_msgs/include/drive_base_msgs/drive_base_msgs/msg/detail/command_status__rosidl_typesupport_introspection_c.h
[1.168s] -- Installing: /home/epiibots/ros2_ws/install/drive_base_msgs/include/drive_base_msgs/drive_base_msgs/msg/detail/command_status__type_support.c
[1.168s] -- Up-to-date: /home/epiibots/ros2_ws/install/drive_base_msgs/include/drive_base_msgs/drive_base_msgs/msg/detail/command_header__rosidl_typesupport_introspection_c.h
[1.169s] -- Up-to-date: /home/epiibots/ros2_ws/install/drive_base_msgs/include/drive_base_msgs/drive_base_msgs/msg/detail/base_info__rosidl_typesupport_introspection_c.h
[1.169s] -- Installing: /home/epiibots/ros2_ws/install/drive_base_msgs/include/drive_base_msgs/drive_base_msgs/msg/detail/trv_command__type_support.c
[1.169s] -- Installing: /home/epiibots/ros2_ws/install/drive_base_msgs/include/drive_base_msgs/drive_base_msgs/msg/detail/command_header__type_support.c
[1.169s] -- Installing: /home/epiibots/ros2_ws/install/drive_base_msgs/include/drive_base_msgs/drive_base_msgs/msg/detail/base_info__type_support.c
[1.173s] -- Up-to-date: /home/epiibots/ros2_ws/install/drive_base_msgs/include/drive_base_msgs/drive_base_msgs/msg/detail/trv_command__rosidl_typesupport_introspection_c.h
[1.174s] -- Up-to-date: /home/epiibots/ros2_ws/install/drive_base_msgs/lib/libdrive_base_msgs__rosidl_typesupport_introspection_c.so
[1.174s] -- Up-to-date: /home/epiibots/ros2_ws/install/drive_base_msgs/lib/libdrive_base_msgs__rosidl_typesupport_c.so
[1.174s] -- Up-to-date: /home/epiibots/ros2_ws/install/drive_base_msgs/include/drive_base_msgs/drive_base_msgs
[1.174s] -- Up-to-date: /home/epiibots/ros2_ws/install/drive_base_msgs/include/drive_base_msgs/drive_base_msgs/msg
[1.174s] -- Up-to-date: /home/epiibots/ros2_ws/install/drive_base_msgs/include/drive_base_msgs/drive_base_msgs/msg/detail
[1.174s] -- Up-to-date: /home/epiibots/ros2_ws/install/drive_base_msgs/include/drive_base_msgs/drive_base_msgs/msg/detail/base_info__type_support.cpp
[1.174s] -- Up-to-date: /home/epiibots/ros2_ws/install/drive_base_msgs/include/drive_base_msgs/drive_base_msgs/msg/detail/trv_command__rosidl_typesupport_introspection_cpp.hpp
[1.174s] -- Up-to-date: /home/epiibots/ros2_ws/install/drive_base_msgs/include/drive_base_msgs/drive_base_msgs/msg/detail/base_info__rosidl_typesupport_introspection_cpp.hpp
[1.174s] -- Up-to-date: /home/epiibots/ros2_ws/install/drive_base_msgs/include/drive_base_msgs/drive_base_msgs/msg/detail/trv_command__type_support.cpp
[1.175s] -- Up-to-date: /home/epiibots/ros2_ws/install/drive_base_msgs/include/drive_base_msgs/drive_base_msgs/msg/detail/command_header__rosidl_typesupport_introspection_cpp.hpp
[1.175s] -- Up-to-date: /home/epiibots/ros2_ws/install/drive_base_msgs/include/drive_base_msgs/drive_base_msgs/msg/detail/command_status__rosidl_typesupport_introspection_cpp.hpp
[1.175s] -- Up-to-date: /home/epiibots/ros2_ws/install/drive_base_msgs/include/drive_base_msgs/drive_base_msgs/msg/detail/command_header__type_support.cpp
[1.175s] -- Up-to-date: /home/epiibots/ros2_ws/install/drive_base_msgs/include/drive_base_msgs/drive_base_msgs/msg/detail/command_status__type_support.cpp
[1.175s] -- Up-to-date: /home/epiibots/ros2_ws/install/drive_base_msgs/lib/libdrive_base_msgs__rosidl_typesupport_introspection_cpp.so
[1.175s] -- Up-to-date: /home/epiibots/ros2_ws/install/drive_base_msgs/lib/libdrive_base_msgs__rosidl_typesupport_cpp.so
[1.175s] -- Up-to-date: /home/epiibots/ros2_ws/install/drive_base_msgs/share/drive_base_msgs/environment/pythonpath.sh
[1.175s] -- Up-to-date: /home/epiibots/ros2_ws/install/drive_base_msgs/share/drive_base_msgs/environment/pythonpath.dsv
[1.175s] -- Up-to-date: /home/epiibots/ros2_ws/install/drive_base_msgs/lib/python3.12/site-packages/drive_base_msgs-0.0.0-py3.12.egg-info
[1.175s] -- Installing: /home/epiibots/ros2_ws/install/drive_base_msgs/lib/python3.12/site-packages/drive_base_msgs-0.0.0-py3.12.egg-info/top_level.txt
[1.176s] -- Installing: /home/epiibots/ros2_ws/install/drive_base_msgs/lib/python3.12/site-packages/drive_base_msgs-0.0.0-py3.12.egg-info/PKG-INFO
[1.176s] -- Installing: /home/epiibots/ros2_ws/install/drive_base_msgs/lib/python3.12/site-packages/drive_base_msgs-0.0.0-py3.12.egg-info/SOURCES.txt
[1.176s] -- Installing: /home/epiibots/ros2_ws/install/drive_base_msgs/lib/python3.12/site-packages/drive_base_msgs-0.0.0-py3.12.egg-info/dependency_links.txt
[1.176s] -- Up-to-date: /home/epiibots/ros2_ws/install/drive_base_msgs/lib/python3.12/site-packages/drive_base_msgs
[1.179s] -- Up-to-date: /home/epiibots/ros2_ws/install/drive_base_msgs/lib/python3.12/site-packages/drive_base_msgs/msg
[1.179s] -- Up-to-date: /home/epiibots/ros2_ws/install/drive_base_msgs/lib/python3.12/site-packages/drive_base_msgs/msg/_command_header_s.c
[1.179s] -- Up-to-date: /home/epiibots/ros2_ws/install/drive_base_msgs/lib/python3.12/site-packages/drive_base_msgs/msg/_trv_command.py
[1.180s] -- Up-to-date: /home/epiibots/ros2_ws/install/drive_base_msgs/lib/python3.12/site-packages/drive_base_msgs/msg/_trv_command_s.c
[1.180s] -- Up-to-date: /home/epiibots/ros2_ws/install/drive_base_msgs/lib/python3.12/site-packages/drive_base_msgs/msg/__init__.py
[1.180s] -- Up-to-date: /home/epiibots/ros2_ws/install/drive_base_msgs/lib/python3.12/site-packages/drive_base_msgs/msg/_base_info.py
[1.180s] -- Up-to-date: /home/epiibots/ros2_ws/install/drive_base_msgs/lib/python3.12/site-packages/drive_base_msgs/msg/_command_status.py
[1.180s] -- Up-to-date: /home/epiibots/ros2_ws/install/drive_base_msgs/lib/python3.12/site-packages/drive_base_msgs/msg/_command_header.py
[1.180s] -- Up-to-date: /home/epiibots/ros2_ws/install/drive_base_msgs/lib/python3.12/site-packages/drive_base_msgs/msg/_base_info_s.c
[1.180s] -- Up-to-date: /home/epiibots/ros2_ws/install/drive_base_msgs/lib/python3.12/site-packages/drive_base_msgs/msg/_command_status_s.c
[1.180s] -- Up-to-date: /home/epiibots/ros2_ws/install/drive_base_msgs/lib/python3.12/site-packages/drive_base_msgs/__init__.py
[1.180s] -- Up-to-date: /home/epiibots/ros2_ws/install/drive_base_msgs/lib/python3.12/site-packages/drive_base_msgs/_drive_base_msgs_s.ep.rosidl_typesupport_introspection_c.c
[1.180s] -- Up-to-date: /home/epiibots/ros2_ws/install/drive_base_msgs/lib/python3.12/site-packages/drive_base_msgs/drive_base_msgs_s__rosidl_typesupport_fastrtps_c.so
[1.181s] -- Up-to-date: /home/epiibots/ros2_ws/install/drive_base_msgs/lib/python3.12/site-packages/drive_base_msgs/_drive_base_msgs_s.ep.rosidl_typesupport_fastrtps_c.c
[1.181s] -- Up-to-date: /home/epiibots/ros2_ws/install/drive_base_msgs/lib/python3.12/site-packages/drive_base_msgs/_drive_base_msgs_s.ep.rosidl_typesupport_c.c
[1.181s] -- Up-to-date: /home/epiibots/ros2_ws/install/drive_base_msgs/lib/python3.12/site-packages/drive_base_msgs/drive_base_msgs_s__rosidl_typesupport_introspection_c.so
[1.181s] -- Up-to-date: /home/epiibots/ros2_ws/install/drive_base_msgs/lib/python3.12/site-packages/drive_base_msgs/drive_base_msgs_s__rosidl_typesupport_c.so
[1.225s] Listing '/home/epiibots/ros2_ws/install/drive_base_msgs/lib/python3.12/site-packages/drive_base_msgs'...
[1.225s] Listing '/home/epiibots/ros2_ws/install/drive_base_msgs/lib/python3.12/site-packages/drive_base_msgs/msg'...
[1.243s] -- Up-to-date: /home/epiibots/ros2_ws/install/drive_base_msgs/lib/python3.12/site-packages/drive_base_msgs/drive_base_msgs_s__rosidl_typesupport_fastrtps_c.so
[1.245s] -- Up-to-date: /home/epiibots/ros2_ws/install/drive_base_msgs/lib/python3.12/site-packages/drive_base_msgs/drive_base_msgs_s__rosidl_typesupport_introspection_c.so
[1.250s] -- Up-to-date: /home/epiibots/ros2_ws/install/drive_base_msgs/lib/python3.12/site-packages/drive_base_msgs/drive_base_msgs_s__rosidl_typesupport_c.so
[1.251s] -- Up-to-date: /home/epiibots/ros2_ws/install/drive_base_msgs/lib/libdrive_base_msgs__rosidl_generator_py.so
[1.251s] -- Up-to-date: /home/epiibots/ros2_ws/install/drive_base_msgs/share/ament_index/resource_index/rust_packages/drive_base_msgs
[1.252s] -- Up-to-date: /home/epiibots/ros2_ws/install/drive_base_msgs/share/drive_base_msgs/rust
[1.252s] -- Up-to-date: /home/epiibots/ros2_ws/install/drive_base_msgs/share/drive_base_msgs/rust/build.rs
[1.252s] -- Up-to-date: /home/epiibots/ros2_ws/install/drive_base_msgs/share/drive_base_msgs/rust/src
[1.252s] -- Up-to-date: /home/epiibots/ros2_ws/install/drive_base_msgs/share/drive_base_msgs/rust/src/msg
[1.252s] -- Up-to-date: /home/epiibots/ros2_ws/install/drive_base_msgs/share/drive_base_msgs/rust/src/msg/rmw.rs
[1.252s] -- Up-to-date: /home/epiibots/ros2_ws/install/drive_base_msgs/share/drive_base_msgs/rust/src/lib.rs
[1.252s] -- Up-to-date: /home/epiibots/ros2_ws/install/drive_base_msgs/share/drive_base_msgs/rust/src/msg.rs
[1.252s] -- Up-to-date: /home/epiibots/ros2_ws/install/drive_base_msgs/share/drive_base_msgs/rust/Cargo.toml
[1.252s] -- Up-to-date: /home/epiibots/ros2_ws/install/drive_base_msgs/share/drive_base_msgs/msg/CommandHeader.idl
[1.252s] -- Up-to-date: /home/epiibots/ros2_ws/install/drive_base_msgs/share/drive_base_msgs/msg/BaseInfo.idl
[1.253s] -- Up-to-date: /home/epiibots/ros2_ws/install/drive_base_msgs/share/drive_base_msgs/msg/CommandStatus.idl
[1.253s] -- Up-to-date: /home/epiibots/ros2_ws/install/drive_base_msgs/share/drive_base_msgs/msg/TRVCommand.idl
[1.253s] -- Up-to-date: /home/epiibots/ros2_ws/install/drive_base_msgs/share/drive_base_msgs/msg/CommandHeader.msg
[1.253s] -- Up-to-date: /home/epiibots/ros2_ws/install/drive_base_msgs/share/drive_base_msgs/msg/BaseInfo.msg
[1.254s] -- Up-to-date: /home/epiibots/ros2_ws/install/drive_base_msgs/share/drive_base_msgs/msg/CommandStatus.msg
[1.254s] -- Up-to-date: /home/epiibots/ros2_ws/install/drive_base_msgs/share/drive_base_msgs/msg/TRVCommand.msg
[1.254s] -- Up-to-date: /home/epiibots/ros2_ws/install/drive_base_msgs/share/ament_index/resource_index/package_run_dependencies/drive_base_msgs
[1.254s] -- Up-to-date: /home/epiibots/ros2_ws/install/drive_base_msgs/share/ament_index/resource_index/parent_prefix_path/drive_base_msgs
[1.256s] -- Up-to-date: /home/epiibots/ros2_ws/install/drive_base_msgs/share/drive_base_msgs/environment/ament_prefix_path.sh
[1.256s] -- Up-to-date: /home/epiibots/ros2_ws/install/drive_base_msgs/share/drive_base_msgs/environment/ament_prefix_path.dsv
[1.256s] -- Up-to-date: /home/epiibots/ros2_ws/install/drive_base_msgs/share/drive_base_msgs/environment/path.sh
[1.257s] -- Up-to-date: /home/epiibots/ros2_ws/install/drive_base_msgs/share/drive_base_msgs/environment/path.dsv
[1.257s] -- Up-to-date: /home/epiibots/ros2_ws/install/drive_base_msgs/share/drive_base_msgs/local_setup.bash
[1.257s] -- Up-to-date: /home/epiibots/ros2_ws/install/drive_base_msgs/share/drive_base_msgs/local_setup.sh
[1.257s] -- Up-to-date: /home/epiibots/ros2_ws/install/drive_base_msgs/share/drive_base_msgs/local_setup.zsh
[1.257s] -- Up-to-date: /home/epiibots/ros2_ws/install/drive_base_msgs/share/drive_base_msgs/local_setup.dsv
[1.257s] -- Installing: /home/epiibots/ros2_ws/install/drive_base_msgs/share/drive_base_msgs/package.dsv
[1.257s] -- Up-to-date: /home/epiibots/ros2_ws/install/drive_base_msgs/share/ament_index/resource_index/packages/drive_base_msgs
[1.257s] -- Up-to-date: /home/epiibots/ros2_ws/install/drive_base_msgs/share/drive_base_msgs/cmake/export_drive_base_msgs__rosidl_generator_cExport.cmake
[1.257s] -- Up-to-date: /home/epiibots/ros2_ws/install/drive_base_msgs/share/drive_base_msgs/cmake/export_drive_base_msgs__rosidl_generator_cExport-noconfig.cmake
[1.257s] -- Up-to-date: /home/epiibots/ros2_ws/install/drive_base_msgs/share/drive_base_msgs/cmake/export_drive_base_msgs__rosidl_typesupport_fastrtps_cExport.cmake
[1.258s] -- Up-to-date: /home/epiibots/ros2_ws/install/drive_base_msgs/share/drive_base_msgs/cmake/export_drive_base_msgs__rosidl_typesupport_fastrtps_cExport-noconfig.cmake
[1.258s] -- Up-to-date: /home/epiibots/ros2_ws/install/drive_base_msgs/share/drive_base_msgs/cmake/export_drive_base_msgs__rosidl_generator_cppExport.cmake
[1.258s] -- Up-to-date: /home/epiibots/ros2_ws/install/drive_base_msgs/share/drive_base_msgs/cmake/export_drive_base_msgs__rosidl_typesupport_fastrtps_cppExport.cmake
[1.258s] -- Up-to-date: /home/epiibots/ros2_ws/install/drive_base_msgs/share/drive_base_msgs/cmake/export_drive_base_msgs__rosidl_typesupport_fastrtps_cppExport-noconfig.cmake
[1.261s] -- Up-to-date: /home/epiibots/ros2_ws/install/drive_base_msgs/share/drive_base_msgs/cmake/drive_base_msgs__rosidl_typesupport_introspection_cExport.cmake
[1.261s] -- Up-to-date: /home/epiibots/ros2_ws/install/drive_base_msgs/share/drive_base_msgs/cmake/drive_base_msgs__rosidl_typesupport_introspection_cExport-noconfig.cmake
[1.261s] -- Up-to-date: /home/epiibots/ros2_ws/install/drive_base_msgs/share/drive_base_msgs/cmake/drive_base_msgs__rosidl_typesupport_cExport.cmake
[1.262s] -- Up-to-date: /home/epiibots/ros2_ws/install/drive_base_msgs/share/drive_base_msgs/cmake/drive_base_msgs__rosidl_typesupport_cExport-noconfig.cmake
[1.262s] -- Up-to-date: /home/epiibots/ros2_ws/install/drive_base_msgs/share/drive_base_msgs/cmake/drive_base_msgs__rosidl_typesupport_introspection_cppExport.cmake
[1.262s] -- Up-to-date: /home/epiibots/ros2_ws/install/drive_base_msgs/share/drive_base_msgs/cmake/drive_base_msgs__rosidl_typesupport_introspection_cppExport-noconfig.cmake
[1.262s] -- Up-to-date: /home/epiibots/ros2_ws/install/drive_base_msgs/share/drive_base_msgs/cmake/drive_base_msgs__rosidl_typesupport_cppExport.cmake
[1.262s] -- Up-to-date: /home/epiibots/ros2_ws/install/drive_base_msgs/share/drive_base_msgs/cmake/drive_base_msgs__rosidl_typesupport_cppExport-noconfig.cmake
[1.262s] -- Up-to-date: /home/epiibots/ros2_ws/install/drive_base_msgs/share/drive_base_msgs/cmake/export_drive_base_msgs__rosidl_generator_pyExport.cmake
[1.262s] -- Up-to-date: /home/epiibots/ros2_ws/install/drive_base_msgs/share/drive_base_msgs/cmake/export_drive_base_msgs__rosidl_generator_pyExport-noconfig.cmake
[1.262s] -- Up-to-date: /home/epiibots/ros2_ws/install/drive_base_msgs/share/drive_base_msgs/cmake/rosidl_cmake-extras.cmake
[1.262s] -- Up-to-date: /home/epiibots/ros2_ws/install/drive_base_msgs/share/drive_base_msgs/cmake/ament_cmake_export_dependencies-extras.cmake
[1.262s] -- Up-to-date: /home/epiibots/ros2_ws/install/drive_base_msgs/share/drive_base_msgs/cmake/ament_cmake_export_include_directories-extras.cmake
[1.263s] -- Up-to-date: /home/epiibots/ros2_ws/install/drive_base_msgs/share/drive_base_msgs/cmake/ament_cmake_export_libraries-extras.cmake
[1.263s] -- Up-to-date: /home/epiibots/ros2_ws/install/drive_base_msgs/share/drive_base_msgs/cmake/ament_cmake_export_targets-extras.cmake
[1.263s] -- Up-to-date: /home/epiibots/ros2_ws/install/drive_base_msgs/share/drive_base_msgs/cmake/rosidl_cmake_export_typesupport_targets-extras.cmake
[1.263s] -- Up-to-date: /home/epiibots/ros2_ws/install/drive_base_msgs/share/drive_base_msgs/cmake/rosidl_cmake_export_typesupport_libraries-extras.cmake
[1.268s] -- Up-to-date: /home/epiibots/ros2_ws/install/drive_base_msgs/share/drive_base_msgs/cmake/drive_base_msgsConfig.cmake
[1.268s] -- Up-to-date: /home/epiibots/ros2_ws/install/drive_base_msgs/share/drive_base_msgs/cmake/drive_base_msgsConfig-version.cmake
[1.268s] -- Up-to-date: /home/epiibots/ros2_ws/install/drive_base_msgs/share/drive_base_msgs/package.xml
[1.268s] Invoked command in '/home/epiibots/ros2_ws/build/drive_base_msgs' returned '0': CMAKE_PREFIX_PATH=${CMAKE_PREFIX_PATH}:/home/epiibots/ros2_ws/install/controlegeral_carrinho:/home/epiibots/ros2_ws/install/servo_steering:/home/epiibots/ros2_ws/install/lidar_teste:/home/epiibots/ros2_ws/install/detector:/home/epiibots/ros2_ws/install/carrinho_base:/home/epiibots/ros2_ws/install/bno055:/opt/ros/jazzy DEBUGINFOD_URLS=https://debuginfod.ubuntu.com /usr/bin/cmake --install /home/epiibots/ros2_ws/build/drive_base_msgs
