[0.059s] Invoking command in '/ros/build/micro_ros_msgs': CMAKE_PREFIX_PATH=/opt/ros/humble /usr/bin/cmake /ros/src/microros_ws/src/uros/micro_ros_msgs -DCMAKE_INSTALL_PREFIX=/ros/install/micro_ros_msgs
[0.814s] -- Found ament_cmake: 1.3.14 (/opt/ros/humble/share/ament_cmake/cmake)
[0.815s] -- Override CMake install command with custom implementation using symlinks instead of copying resources
[0.815s] -- Found rosidl_default_generators: 1.2.1 (/opt/ros/humble/share/rosidl_default_generators/cmake)
[0.816s] -- Using all available rosidl_typesupport_c: rosidl_typesupport_fastrtps_c;rosidl_typesupport_introspection_c
[0.816s] -- Found rosidl_adapter: 3.1.8 (/opt/ros/humble/share/rosidl_adapter/cmake)
[0.816s] -- Using all available rosidl_typesupport_cpp: rosidl_typesupport_fastrtps_cpp;rosidl_typesupport_introspection_cpp
[0.816s] -- Found ament_lint_auto: 0.12.15 (/opt/ros/humble/share/ament_lint_auto/cmake)
[1.050s] -- Found ament_cmake_ros: 0.10.0 (/opt/ros/humble/share/ament_cmake_ros/cmake)
[1.379s] -- Using all available rosidl_typesupport_c: rosidl_typesupport_fastrtps_c;rosidl_typesupport_introspection_c
[1.879s] -- Using all available rosidl_typesupport_cpp: rosidl_typesupport_fastrtps_cpp;rosidl_typesupport_introspection_cpp
[1.957s] -- Found python_cmake_module: 0.10.0 (/opt/ros/humble/share/python_cmake_module/cmake)
[1.993s] -- Using PYTHON_EXECUTABLE: /usr/bin/python3
[1.994s] -- Using PYTHON_INCLUDE_DIRS: /usr/include/python3.10
[1.994s] -- Using PYTHON_LIBRARIES: /usr/lib/aarch64-linux-gnu/libpython3.10.so
[2.159s] -- Added test 'copyright' to check source files copyright and LICENSE
[2.187s] -- Added test 'lint_cmake' to check CMake code style
[2.197s] -- Added test 'xmllint' to check XML markup files
[2.226s] -- Configuring done
[2.411s] -- Generating done
[2.453s] -- Build files have been written to: /ros/build/micro_ros_msgs
[2.486s] Invoked command in '/ros/build/micro_ros_msgs' returned '0': CMAKE_PREFIX_PATH=/opt/ros/humble /usr/bin/cmake /ros/src/microros_ws/src/uros/micro_ros_msgs -DCMAKE_INSTALL_PREFIX=/ros/install/micro_ros_msgs
[2.486s] Invoking command in '/ros/build/micro_ros_msgs': CMAKE_PREFIX_PATH=/opt/ros/humble /usr/bin/cmake --build /ros/build/micro_ros_msgs -- -j4 -l4
[2.702s] [  2%] Built target micro_ros_msgs__cpp
[2.702s] [35m[1mConsolidate compiler generated dependencies of target micro_ros_msgs__rosidl_generator_c[0m
[2.725s] [  4%] Built target micro_ros_msgs__rs
[2.740s] [  4%] Built target ament_cmake_python_symlink_micro_ros_msgs
[2.760s] [35m[1mConsolidate compiler generated dependencies of target micro_ros_msgs__rosidl_typesupport_fastrtps_cpp[0m
[2.763s] [ 14%] Built target micro_ros_msgs__rosidl_generator_c
[2.786s] [35m[1mConsolidate compiler generated dependencies of target micro_ros_msgs__rosidl_typesupport_cpp[0m
[2.789s] [35m[1mConsolidate compiler generated dependencies of target micro_ros_msgs__rosidl_typesupport_introspection_cpp[0m
[2.806s] [ 25%] Built target micro_ros_msgs__rosidl_typesupport_fastrtps_cpp
[2.856s] [ 37%] Built target micro_ros_msgs__rosidl_typesupport_cpp
[2.863s] [ 45%] Built target micro_ros_msgs__rosidl_typesupport_introspection_cpp
[2.870s] [35m[1mConsolidate compiler generated dependencies of target micro_ros_msgs__rosidl_typesupport_introspection_c[0m
[2.919s] [35m[1mConsolidate compiler generated dependencies of target micro_ros_msgs__rosidl_typesupport_c[0m
[2.924s] [35m[1mConsolidate compiler generated dependencies of target micro_ros_msgs__rosidl_typesupport_fastrtps_c[0m
[2.932s] [ 56%] Built target micro_ros_msgs__rosidl_typesupport_introspection_c
[2.982s] [ 66%] Built target micro_ros_msgs__rosidl_typesupport_c
[2.990s] [ 77%] Built target micro_ros_msgs__rosidl_typesupport_fastrtps_c
[3.090s] [ 77%] Built target micro_ros_msgs
[3.165s] [ 79%] Built target micro_ros_msgs__py
[3.223s] [35m[1mConsolidate compiler generated dependencies of target micro_ros_msgs__rosidl_generator_py[0m
[3.292s] [ 87%] Built target micro_ros_msgs__rosidl_generator_py
[3.338s] [35m[1mConsolidate compiler generated dependencies of target micro_ros_msgs__rosidl_typesupport_fastrtps_c__pyext[0m
[3.348s] [35m[1mConsolidate compiler generated dependencies of target micro_ros_msgs__rosidl_typesupport_introspection_c__pyext[0m
[3.353s] [35m[1mConsolidate compiler generated dependencies of target micro_ros_msgs__rosidl_typesupport_c__pyext[0m
[3.368s] [ 91%] Built target micro_ros_msgs__rosidl_typesupport_fastrtps_c__pyext
[3.384s] running egg_info
[3.385s] writing micro_ros_msgs.egg-info/PKG-INFO
[3.393s] writing dependency_links to micro_ros_msgs.egg-info/dependency_links.txt
[3.394s] writing top-level names to micro_ros_msgs.egg-info/top_level.txt
[3.400s] [ 95%] Built target micro_ros_msgs__rosidl_typesupport_c__pyext
[3.405s] reading manifest file 'micro_ros_msgs.egg-info/SOURCES.txt'
[3.411s] writing manifest file 'micro_ros_msgs.egg-info/SOURCES.txt'
[3.416s] [100%] Built target micro_ros_msgs__rosidl_typesupport_introspection_c__pyext
[3.541s] [100%] Built target ament_cmake_python_build_micro_ros_msgs_egg
[3.562s] Invoked command in '/ros/build/micro_ros_msgs' returned '0': CMAKE_PREFIX_PATH=/opt/ros/humble /usr/bin/cmake --build /ros/build/micro_ros_msgs -- -j4 -l4
[3.592s] Invoking command in '/ros/build/micro_ros_msgs': CMAKE_PREFIX_PATH=/opt/ros/humble /usr/bin/cmake --install /ros/build/micro_ros_msgs
[3.617s] -- Install configuration: ""
[3.622s] -- Execute custom install script
[3.628s] -- Up-to-date symlink: /ros/install/micro_ros_msgs/share/ament_index/resource_index/rosidl_interfaces/micro_ros_msgs
[3.634s] -- Up-to-date symlink: /ros/install/micro_ros_msgs/include/micro_ros_msgs/micro_ros_msgs/msg/detail/entity__functions.h
[3.635s] -- Up-to-date symlink: /ros/install/micro_ros_msgs/include/micro_ros_msgs/micro_ros_msgs/msg/detail/entity__struct.h
[3.636s] -- Up-to-date symlink: /ros/install/micro_ros_msgs/include/micro_ros_msgs/micro_ros_msgs/msg/detail/entity__type_support.h
[3.636s] -- Up-to-date symlink: /ros/install/micro_ros_msgs/include/micro_ros_msgs/micro_ros_msgs/msg/detail/graph__functions.h
[3.637s] -- Up-to-date symlink: /ros/install/micro_ros_msgs/include/micro_ros_msgs/micro_ros_msgs/msg/detail/graph__struct.h
[3.639s] -- Up-to-date symlink: /ros/install/micro_ros_msgs/include/micro_ros_msgs/micro_ros_msgs/msg/detail/graph__type_support.h
[3.642s] -- Up-to-date symlink: /ros/install/micro_ros_msgs/include/micro_ros_msgs/micro_ros_msgs/msg/detail/node__functions.h
[3.642s] -- Up-to-date symlink: /ros/install/micro_ros_msgs/include/micro_ros_msgs/micro_ros_msgs/msg/detail/node__struct.h
[3.644s] -- Up-to-date symlink: /ros/install/micro_ros_msgs/include/micro_ros_msgs/micro_ros_msgs/msg/detail/node__type_support.h
[3.644s] -- Up-to-date symlink: /ros/install/micro_ros_msgs/include/micro_ros_msgs/micro_ros_msgs/msg/entity.h
[3.645s] -- Up-to-date symlink: /ros/install/micro_ros_msgs/include/micro_ros_msgs/micro_ros_msgs/msg/graph.h
[3.645s] -- Up-to-date symlink: /ros/install/micro_ros_msgs/include/micro_ros_msgs/micro_ros_msgs/msg/node.h
[3.646s] -- Up-to-date symlink: /ros/install/micro_ros_msgs/include/micro_ros_msgs/micro_ros_msgs/msg/rosidl_generator_c__visibility_control.h
[3.647s] -- Up-to-date symlink: /ros/install/micro_ros_msgs/share/micro_ros_msgs/environment/library_path.sh
[3.647s] -- Up-to-date symlink: /ros/install/micro_ros_msgs/share/micro_ros_msgs/environment/library_path.dsv
[3.651s] -- Up-to-date symlink: /ros/install/micro_ros_msgs/include/micro_ros_msgs/micro_ros_msgs/msg/detail/entity__rosidl_typesupport_fastrtps_c.h
[3.652s] -- Up-to-date symlink: /ros/install/micro_ros_msgs/include/micro_ros_msgs/micro_ros_msgs/msg/detail/graph__rosidl_typesupport_fastrtps_c.h
[3.652s] -- Up-to-date symlink: /ros/install/micro_ros_msgs/include/micro_ros_msgs/micro_ros_msgs/msg/detail/node__rosidl_typesupport_fastrtps_c.h
[3.652s] -- Up-to-date symlink: /ros/install/micro_ros_msgs/include/micro_ros_msgs/micro_ros_msgs/msg/rosidl_typesupport_fastrtps_c__visibility_control.h
[3.653s] -- Up-to-date symlink: /ros/install/micro_ros_msgs/include/micro_ros_msgs/micro_ros_msgs/msg/detail/entity__rosidl_typesupport_introspection_c.h
[3.654s] -- Up-to-date symlink: /ros/install/micro_ros_msgs/include/micro_ros_msgs/micro_ros_msgs/msg/detail/graph__rosidl_typesupport_introspection_c.h
[3.654s] -- Up-to-date symlink: /ros/install/micro_ros_msgs/include/micro_ros_msgs/micro_ros_msgs/msg/detail/node__rosidl_typesupport_introspection_c.h
[3.655s] -- Up-to-date symlink: /ros/install/micro_ros_msgs/include/micro_ros_msgs/micro_ros_msgs/msg/rosidl_typesupport_introspection_c__visibility_control.h
[3.656s] -- Up-to-date symlink: /ros/install/micro_ros_msgs/include/micro_ros_msgs/micro_ros_msgs/msg/detail/entity__builder.hpp
[3.657s] -- Up-to-date symlink: /ros/install/micro_ros_msgs/include/micro_ros_msgs/micro_ros_msgs/msg/detail/entity__struct.hpp
[3.658s] -- Up-to-date symlink: /ros/install/micro_ros_msgs/include/micro_ros_msgs/micro_ros_msgs/msg/detail/entity__traits.hpp
[3.658s] -- Up-to-date symlink: /ros/install/micro_ros_msgs/include/micro_ros_msgs/micro_ros_msgs/msg/detail/entity__type_support.hpp
[3.659s] -- Up-to-date symlink: /ros/install/micro_ros_msgs/include/micro_ros_msgs/micro_ros_msgs/msg/detail/graph__builder.hpp
[3.659s] -- Up-to-date symlink: /ros/install/micro_ros_msgs/include/micro_ros_msgs/micro_ros_msgs/msg/detail/graph__struct.hpp
[3.660s] -- Up-to-date symlink: /ros/install/micro_ros_msgs/include/micro_ros_msgs/micro_ros_msgs/msg/detail/graph__traits.hpp
[3.661s] -- Up-to-date symlink: /ros/install/micro_ros_msgs/include/micro_ros_msgs/micro_ros_msgs/msg/detail/graph__type_support.hpp
[3.661s] -- Up-to-date symlink: /ros/install/micro_ros_msgs/include/micro_ros_msgs/micro_ros_msgs/msg/detail/node__builder.hpp
[3.662s] -- Up-to-date symlink: /ros/install/micro_ros_msgs/include/micro_ros_msgs/micro_ros_msgs/msg/detail/node__struct.hpp
[3.663s] -- Up-to-date symlink: /ros/install/micro_ros_msgs/include/micro_ros_msgs/micro_ros_msgs/msg/detail/node__traits.hpp
[3.663s] -- Up-to-date symlink: /ros/install/micro_ros_msgs/include/micro_ros_msgs/micro_ros_msgs/msg/detail/node__type_support.hpp
[3.664s] -- Up-to-date symlink: /ros/install/micro_ros_msgs/include/micro_ros_msgs/micro_ros_msgs/msg/entity.hpp
[3.665s] -- Up-to-date symlink: /ros/install/micro_ros_msgs/include/micro_ros_msgs/micro_ros_msgs/msg/graph.hpp
[3.665s] -- Up-to-date symlink: /ros/install/micro_ros_msgs/include/micro_ros_msgs/micro_ros_msgs/msg/node.hpp
[3.667s] -- Up-to-date symlink: /ros/install/micro_ros_msgs/include/micro_ros_msgs/micro_ros_msgs/msg/rosidl_generator_cpp__visibility_control.hpp
[3.667s] -- Up-to-date symlink: /ros/install/micro_ros_msgs/include/micro_ros_msgs/micro_ros_msgs/msg/detail/entity__rosidl_typesupport_fastrtps_cpp.hpp
[3.668s] -- Up-to-date symlink: /ros/install/micro_ros_msgs/include/micro_ros_msgs/micro_ros_msgs/msg/detail/graph__rosidl_typesupport_fastrtps_cpp.hpp
[3.669s] -- Up-to-date symlink: /ros/install/micro_ros_msgs/include/micro_ros_msgs/micro_ros_msgs/msg/detail/node__rosidl_typesupport_fastrtps_cpp.hpp
[3.670s] -- Up-to-date symlink: /ros/install/micro_ros_msgs/include/micro_ros_msgs/micro_ros_msgs/msg/rosidl_typesupport_fastrtps_cpp__visibility_control.h
[3.671s] -- Up-to-date symlink: /ros/install/micro_ros_msgs/include/micro_ros_msgs/micro_ros_msgs/msg/detail/entity__rosidl_typesupport_introspection_cpp.hpp
[3.672s] -- Up-to-date symlink: /ros/install/micro_ros_msgs/include/micro_ros_msgs/micro_ros_msgs/msg/detail/graph__rosidl_typesupport_introspection_cpp.hpp
[3.672s] -- Up-to-date symlink: /ros/install/micro_ros_msgs/include/micro_ros_msgs/micro_ros_msgs/msg/detail/node__rosidl_typesupport_introspection_cpp.hpp
[3.673s] -- Up-to-date symlink: /ros/install/micro_ros_msgs/share/micro_ros_msgs/environment/pythonpath.sh
[3.674s] -- Up-to-date symlink: /ros/install/micro_ros_msgs/share/micro_ros_msgs/environment/pythonpath.dsv
[3.678s] -- Up-to-date symlink: /ros/install/micro_ros_msgs/local/lib/python3.10/dist-packages/micro_ros_msgs-3.0.1-py3.10.egg-info/PKG-INFO
[3.678s] -- Up-to-date symlink: /ros/install/micro_ros_msgs/local/lib/python3.10/dist-packages/micro_ros_msgs-3.0.1-py3.10.egg-info/SOURCES.txt
[3.679s] -- Up-to-date symlink: /ros/install/micro_ros_msgs/local/lib/python3.10/dist-packages/micro_ros_msgs-3.0.1-py3.10.egg-info/dependency_links.txt
[3.680s] -- Up-to-date symlink: /ros/install/micro_ros_msgs/local/lib/python3.10/dist-packages/micro_ros_msgs-3.0.1-py3.10.egg-info/top_level.txt
[3.681s] -- Up-to-date symlink: /ros/install/micro_ros_msgs/local/lib/python3.10/dist-packages/micro_ros_msgs/__init__.py
[3.682s] -- Up-to-date symlink: /ros/install/micro_ros_msgs/local/lib/python3.10/dist-packages/micro_ros_msgs/_micro_ros_msgs_s.ep.rosidl_typesupport_c.c
[3.683s] -- Up-to-date symlink: /ros/install/micro_ros_msgs/local/lib/python3.10/dist-packages/micro_ros_msgs/_micro_ros_msgs_s.ep.rosidl_typesupport_fastrtps_c.c
[3.685s] -- Up-to-date symlink: /ros/install/micro_ros_msgs/local/lib/python3.10/dist-packages/micro_ros_msgs/_micro_ros_msgs_s.ep.rosidl_typesupport_introspection_c.c
[3.685s] -- Up-to-date symlink: /ros/install/micro_ros_msgs/local/lib/python3.10/dist-packages/micro_ros_msgs/libmicro_ros_msgs__rosidl_generator_py.so
[3.688s] -- Up-to-date symlink: /ros/install/micro_ros_msgs/local/lib/python3.10/dist-packages/micro_ros_msgs/micro_ros_msgs_s__rosidl_typesupport_c.cpython-310-aarch64-linux-gnu.so
[3.688s] -- Up-to-date symlink: /ros/install/micro_ros_msgs/local/lib/python3.10/dist-packages/micro_ros_msgs/micro_ros_msgs_s__rosidl_typesupport_fastrtps_c.cpython-310-aarch64-linux-gnu.so
[3.688s] -- Up-to-date symlink: /ros/install/micro_ros_msgs/local/lib/python3.10/dist-packages/micro_ros_msgs/micro_ros_msgs_s__rosidl_typesupport_introspection_c.cpython-310-aarch64-linux-gnu.so
[3.688s] -- Up-to-date symlink: /ros/install/micro_ros_msgs/local/lib/python3.10/dist-packages/micro_ros_msgs/msg/__init__.py
[3.689s] -- Up-to-date symlink: /ros/install/micro_ros_msgs/local/lib/python3.10/dist-packages/micro_ros_msgs/msg/_entity.py
[3.689s] -- Up-to-date symlink: /ros/install/micro_ros_msgs/local/lib/python3.10/dist-packages/micro_ros_msgs/msg/_entity_s.c
[3.690s] -- Up-to-date symlink: /ros/install/micro_ros_msgs/local/lib/python3.10/dist-packages/micro_ros_msgs/msg/_graph.py
[3.690s] -- Up-to-date symlink: /ros/install/micro_ros_msgs/local/lib/python3.10/dist-packages/micro_ros_msgs/msg/_graph_s.c
[3.691s] -- Up-to-date symlink: /ros/install/micro_ros_msgs/local/lib/python3.10/dist-packages/micro_ros_msgs/msg/_node.py
[3.693s] -- Up-to-date symlink: /ros/install/micro_ros_msgs/local/lib/python3.10/dist-packages/micro_ros_msgs/msg/_node_s.c
[3.693s] -- Up-to-date symlink: /ros/install/micro_ros_msgs/local/lib/python3.10/dist-packages/micro_ros_msgs/micro_ros_msgs_s__rosidl_typesupport_fastrtps_c.cpython-310-aarch64-linux-gnu.so
[3.693s] -- Up-to-date symlink: /ros/install/micro_ros_msgs/local/lib/python3.10/dist-packages/micro_ros_msgs/micro_ros_msgs_s__rosidl_typesupport_introspection_c.cpython-310-aarch64-linux-gnu.so
[3.693s] -- Up-to-date symlink: /ros/install/micro_ros_msgs/local/lib/python3.10/dist-packages/micro_ros_msgs/micro_ros_msgs_s__rosidl_typesupport_c.cpython-310-aarch64-linux-gnu.so
[3.694s] -- Up-to-date symlink: /ros/install/micro_ros_msgs/share/ament_index/resource_index/rust_packages/micro_ros_msgs
[3.696s] -- Up-to-date symlink: /ros/install/micro_ros_msgs/share/micro_ros_msgs/rust/Cargo.toml
[3.697s] -- Up-to-date symlink: /ros/install/micro_ros_msgs/share/micro_ros_msgs/rust/build.rs
[3.698s] -- Up-to-date symlink: /ros/install/micro_ros_msgs/share/micro_ros_msgs/rust/src/lib.rs
[3.699s] -- Up-to-date symlink: /ros/install/micro_ros_msgs/share/micro_ros_msgs/rust/src/msg.rs
[3.700s] -- Up-to-date symlink: /ros/install/micro_ros_msgs/share/micro_ros_msgs/rust/src/msg/rmw.rs
[3.701s] -- Up-to-date symlink: /ros/install/micro_ros_msgs/share/micro_ros_msgs/msg/Graph.idl
[3.702s] -- Up-to-date symlink: /ros/install/micro_ros_msgs/share/micro_ros_msgs/msg/Node.idl
[3.703s] -- Up-to-date symlink: /ros/install/micro_ros_msgs/share/micro_ros_msgs/msg/Entity.idl
[3.703s] -- Up-to-date symlink: /ros/install/micro_ros_msgs/share/micro_ros_msgs/msg/Graph.msg
[3.703s] -- Up-to-date symlink: /ros/install/micro_ros_msgs/share/micro_ros_msgs/msg/Node.msg
[3.703s] -- Up-to-date symlink: /ros/install/micro_ros_msgs/share/micro_ros_msgs/msg/Entity.msg
[3.704s] -- Up-to-date symlink: /ros/install/micro_ros_msgs/share/ament_index/resource_index/package_run_dependencies/micro_ros_msgs
[3.706s] -- Up-to-date symlink: /ros/install/micro_ros_msgs/share/ament_index/resource_index/parent_prefix_path/micro_ros_msgs
[3.707s] -- Up-to-date symlink: /ros/install/micro_ros_msgs/share/micro_ros_msgs/environment/ament_prefix_path.sh
[3.708s] -- Up-to-date symlink: /ros/install/micro_ros_msgs/share/micro_ros_msgs/environment/ament_prefix_path.dsv
[3.709s] -- Up-to-date symlink: /ros/install/micro_ros_msgs/share/micro_ros_msgs/environment/path.sh
[3.709s] -- Up-to-date symlink: /ros/install/micro_ros_msgs/share/micro_ros_msgs/environment/path.dsv
[3.709s] -- Up-to-date symlink: /ros/install/micro_ros_msgs/share/micro_ros_msgs/local_setup.bash
[3.710s] -- Up-to-date symlink: /ros/install/micro_ros_msgs/share/micro_ros_msgs/local_setup.sh
[3.712s] -- Up-to-date symlink: /ros/install/micro_ros_msgs/share/micro_ros_msgs/local_setup.zsh
[3.713s] -- Up-to-date symlink: /ros/install/micro_ros_msgs/share/micro_ros_msgs/local_setup.dsv
[3.713s] -- Symlinking: /ros/install/micro_ros_msgs/share/micro_ros_msgs/package.dsv
[3.734s] -- Up-to-date symlink: /ros/install/micro_ros_msgs/share/ament_index/resource_index/packages/micro_ros_msgs
[3.738s] -- Up-to-date symlink: /ros/install/micro_ros_msgs/share/micro_ros_msgs/cmake/rosidl_cmake-extras.cmake
[3.738s] -- Up-to-date symlink: /ros/install/micro_ros_msgs/share/micro_ros_msgs/cmake/ament_cmake_export_include_directories-extras.cmake
[3.738s] -- Up-to-date symlink: /ros/install/micro_ros_msgs/share/micro_ros_msgs/cmake/ament_cmake_export_libraries-extras.cmake
[3.739s] -- Up-to-date symlink: /ros/install/micro_ros_msgs/share/micro_ros_msgs/cmake/ament_cmake_export_targets-extras.cmake
[3.739s] -- Up-to-date symlink: /ros/install/micro_ros_msgs/share/micro_ros_msgs/cmake/rosidl_cmake_export_typesupport_targets-extras.cmake
[3.741s] -- Up-to-date symlink: /ros/install/micro_ros_msgs/share/micro_ros_msgs/cmake/ament_cmake_export_dependencies-extras.cmake
[3.741s] -- Up-to-date symlink: /ros/install/micro_ros_msgs/share/micro_ros_msgs/cmake/rosidl_cmake_export_typesupport_libraries-extras.cmake
[3.741s] -- Up-to-date symlink: /ros/install/micro_ros_msgs/share/micro_ros_msgs/cmake/micro_ros_msgsConfig.cmake
[3.741s] -- Up-to-date symlink: /ros/install/micro_ros_msgs/share/micro_ros_msgs/cmake/micro_ros_msgsConfig-version.cmake
[3.742s] -- Up-to-date symlink: /ros/install/micro_ros_msgs/share/micro_ros_msgs/package.xml
[3.746s] -- Up-to-date: /ros/install/micro_ros_msgs/lib/libmicro_ros_msgs__rosidl_generator_c.so
[3.748s] -- Up-to-date: /ros/install/micro_ros_msgs/lib/libmicro_ros_msgs__rosidl_typesupport_fastrtps_c.so
[3.750s] -- Up-to-date: /ros/install/micro_ros_msgs/lib/libmicro_ros_msgs__rosidl_typesupport_introspection_c.so
[3.752s] -- Up-to-date: /ros/install/micro_ros_msgs/lib/libmicro_ros_msgs__rosidl_typesupport_c.so
[3.754s] -- Up-to-date: /ros/install/micro_ros_msgs/lib/libmicro_ros_msgs__rosidl_typesupport_fastrtps_cpp.so
[3.756s] -- Up-to-date: /ros/install/micro_ros_msgs/lib/libmicro_ros_msgs__rosidl_typesupport_introspection_cpp.so
[3.758s] -- Up-to-date: /ros/install/micro_ros_msgs/lib/libmicro_ros_msgs__rosidl_typesupport_cpp.so
[3.833s] Listing '/ros/install/micro_ros_msgs/local/lib/python3.10/dist-packages/micro_ros_msgs'...
[3.833s] Compiling '/ros/install/micro_ros_msgs/local/lib/python3.10/dist-packages/micro_ros_msgs/__init__.py'...
[3.833s] Listing '/ros/install/micro_ros_msgs/local/lib/python3.10/dist-packages/micro_ros_msgs/msg'...
[3.849s] -- Up-to-date: /ros/install/micro_ros_msgs/lib/libmicro_ros_msgs__rosidl_generator_py.so
[3.849s] -- Up-to-date: /ros/install/micro_ros_msgs/share/micro_ros_msgs/cmake/export_micro_ros_msgs__rosidl_generator_cExport.cmake
[3.850s] -- Up-to-date: /ros/install/micro_ros_msgs/share/micro_ros_msgs/cmake/export_micro_ros_msgs__rosidl_generator_cExport-noconfig.cmake
[3.850s] -- Up-to-date: /ros/install/micro_ros_msgs/share/micro_ros_msgs/cmake/export_micro_ros_msgs__rosidl_typesupport_fastrtps_cExport.cmake
[3.851s] -- Up-to-date: /ros/install/micro_ros_msgs/share/micro_ros_msgs/cmake/export_micro_ros_msgs__rosidl_typesupport_fastrtps_cExport-noconfig.cmake
[3.851s] -- Up-to-date: /ros/install/micro_ros_msgs/share/micro_ros_msgs/cmake/micro_ros_msgs__rosidl_typesupport_introspection_cExport.cmake
[3.851s] -- Up-to-date: /ros/install/micro_ros_msgs/share/micro_ros_msgs/cmake/micro_ros_msgs__rosidl_typesupport_introspection_cExport-noconfig.cmake
[3.851s] -- Up-to-date: /ros/install/micro_ros_msgs/share/micro_ros_msgs/cmake/micro_ros_msgs__rosidl_typesupport_cExport.cmake
[3.852s] -- Up-to-date: /ros/install/micro_ros_msgs/share/micro_ros_msgs/cmake/micro_ros_msgs__rosidl_typesupport_cExport-noconfig.cmake
[3.852s] -- Up-to-date: /ros/install/micro_ros_msgs/share/micro_ros_msgs/cmake/export_micro_ros_msgs__rosidl_generator_cppExport.cmake
[3.854s] -- Up-to-date: /ros/install/micro_ros_msgs/share/micro_ros_msgs/cmake/export_micro_ros_msgs__rosidl_typesupport_fastrtps_cppExport.cmake
[3.854s] -- Up-to-date: /ros/install/micro_ros_msgs/share/micro_ros_msgs/cmake/export_micro_ros_msgs__rosidl_typesupport_fastrtps_cppExport-noconfig.cmake
[3.854s] -- Up-to-date: /ros/install/micro_ros_msgs/share/micro_ros_msgs/cmake/micro_ros_msgs__rosidl_typesupport_introspection_cppExport.cmake
[3.854s] -- Up-to-date: /ros/install/micro_ros_msgs/share/micro_ros_msgs/cmake/micro_ros_msgs__rosidl_typesupport_introspection_cppExport-noconfig.cmake
[3.854s] -- Up-to-date: /ros/install/micro_ros_msgs/share/micro_ros_msgs/cmake/micro_ros_msgs__rosidl_typesupport_cppExport.cmake
[3.855s] -- Up-to-date: /ros/install/micro_ros_msgs/share/micro_ros_msgs/cmake/micro_ros_msgs__rosidl_typesupport_cppExport-noconfig.cmake
[3.855s] -- Up-to-date: /ros/install/micro_ros_msgs/share/micro_ros_msgs/cmake/export_micro_ros_msgs__rosidl_generator_pyExport.cmake
[3.855s] -- Up-to-date: /ros/install/micro_ros_msgs/share/micro_ros_msgs/cmake/export_micro_ros_msgs__rosidl_generator_pyExport-noconfig.cmake
[3.860s] Invoked command in '/ros/build/micro_ros_msgs' returned '0': CMAKE_PREFIX_PATH=/opt/ros/humble /usr/bin/cmake --install /ros/build/micro_ros_msgs
