[2.732s] Invoking command in '/home/epiibots/ros2_ws/src/detector': DEBUGINFOD_URLS=https://debuginfod.ubuntu.com PYTHONPATH=/home/epiibots/ros2_ws/build/detector/prefix_override:/usr/lib/python3/dist-packages/colcon_core/task/python/colcon_distutils_commands:/home/epiibots/ros2_ws/install/detector/lib/python3.12/site-packages:${PYTHONPATH} /usr/bin/python3 -W ignore:setup.py install is deprecated -W ignore:easy_install command is deprecated setup.py egg_info --egg-base ../../build/detector build --build-base /home/epiibots/ros2_ws/build/detector/build install --record /home/epiibots/ros2_ws/build/detector/install.log --single-version-externally-managed install_data
[4.019s] running egg_info
[4.053s] writing ../../build/detector/detector.egg-info/PKG-INFO
[4.054s] writing dependency_links to ../../build/detector/detector.egg-info/dependency_links.txt
[4.058s] writing entry points to ../../build/detector/detector.egg-info/entry_points.txt
[4.058s] writing requirements to ../../build/detector/detector.egg-info/requires.txt
[4.059s] writing top-level names to ../../build/detector/detector.egg-info/top_level.txt
[4.159s] reading manifest file '../../build/detector/detector.egg-info/SOURCES.txt'
[4.166s] adding license file 'LICENSE'
[4.166s] writing manifest file '../../build/detector/detector.egg-info/SOURCES.txt'
[4.168s] running build
[4.169s] running build_py
[4.169s] running install
[4.197s] running install_lib
[4.326s] running install_data
[4.326s] running install_egg_info
[4.420s] removing '/home/epiibots/ros2_ws/install/detector/lib/python3.12/site-packages/detector-0.0.0-py3.12.egg-info' (and everything under it)
[4.446s] Copying ../../build/detector/detector.egg-info to /home/epiibots/ros2_ws/install/detector/lib/python3.12/site-packages/detector-0.0.0-py3.12.egg-info
[4.459s] running install_scripts
[4.933s] Installing apriltags script to /home/epiibots/ros2_ws/install/detector/lib/detector
[4.934s] writing list of installed files to '/home/epiibots/ros2_ws/build/detector/install.log'
[5.123s] Invoked command in '/home/epiibots/ros2_ws/src/detector' returned '0': DEBUGINFOD_URLS=https://debuginfod.ubuntu.com PYTHONPATH=/home/epiibots/ros2_ws/build/detector/prefix_override:/usr/lib/python3/dist-packages/colcon_core/task/python/colcon_distutils_commands:/home/epiibots/ros2_ws/install/detector/lib/python3.12/site-packages:${PYTHONPATH} /usr/bin/python3 -W ignore:setup.py install is deprecated -W ignore:easy_install command is deprecated setup.py egg_info --egg-base ../../build/detector build --build-base /home/epiibots/ros2_ws/build/detector/build install --record /home/epiibots/ros2_ws/build/detector/install.log --single-version-externally-managed install_data
