[1.963s] Invoking command in '/home/epiibots/ros2_ws/src/detector': DEBUGINFOD_URLS=https://debuginfod.ubuntu.com PYTHONPATH=/home/epiibots/ros2_ws/build/detector/prefix_override:/usr/lib/python3/dist-packages/colcon_core/task/python/colcon_distutils_commands:/home/epiibots/ros2_ws/install/detector/lib/python3.12/site-packages: /usr/bin/python3 -W ignore:setup.py install is deprecated -W ignore:easy_install command is deprecated setup.py egg_info --egg-base ../../build/detector build --build-base /home/epiibots/ros2_ws/build/detector/build install --record /home/epiibots/ros2_ws/build/detector/install.log --single-version-externally-managed install_data
[2.656s] running egg_info
[2.678s] writing ../../build/detector/detector.egg-info/PKG-INFO
[2.678s] writing dependency_links to ../../build/detector/detector.egg-info/dependency_links.txt
[2.683s] writing entry points to ../../build/detector/detector.egg-info/entry_points.txt
[2.684s] writing requirements to ../../build/detector/detector.egg-info/requires.txt
[2.686s] writing top-level names to ../../build/detector/detector.egg-info/top_level.txt
[2.811s] reading manifest file '../../build/detector/detector.egg-info/SOURCES.txt'
[2.817s] adding license file 'LICENSE'
[2.823s] writing manifest file '../../build/detector/detector.egg-info/SOURCES.txt'
[2.823s] running build
[2.823s] running build_py
[2.823s] running install
[2.847s] running install_lib
[2.892s] running install_data
[2.892s] running install_egg_info
[2.943s] removing '/home/epiibots/ros2_ws/install/detector/lib/python3.12/site-packages/detector-0.0.0-py3.12.egg-info' (and everything under it)
[2.943s] Copying ../../build/detector/detector.egg-info to /home/epiibots/ros2_ws/install/detector/lib/python3.12/site-packages/detector-0.0.0-py3.12.egg-info
[2.972s] running install_scripts
[3.269s] Installing apriltags script to /home/epiibots/ros2_ws/install/detector/lib/detector
[3.271s] writing list of installed files to '/home/epiibots/ros2_ws/build/detector/install.log'
[4.038s] Invoked command in '/home/epiibots/ros2_ws/src/detector' returned '0': DEBUGINFOD_URLS=https://debuginfod.ubuntu.com PYTHONPATH=/home/epiibots/ros2_ws/build/detector/prefix_override:/usr/lib/python3/dist-packages/colcon_core/task/python/colcon_distutils_commands:/home/epiibots/ros2_ws/install/detector/lib/python3.12/site-packages: /usr/bin/python3 -W ignore:setup.py install is deprecated -W ignore:easy_install command is deprecated setup.py egg_info --egg-base ../../build/detector build --build-base /home/epiibots/ros2_ws/build/detector/build install --record /home/epiibots/ros2_ws/build/detector/install.log --single-version-externally-managed install_data
