[1.431s] Invoking command in '/home/epiibots/ros2_ws/src/servo_steering': DEBUGINFOD_URLS=https://debuginfod.ubuntu.com PYTHONPATH=/home/epiibots/ros2_ws/build/servo_steering/prefix_override:/usr/lib/python3/dist-packages/colcon_core/task/python/colcon_distutils_commands:/home/epiibots/ros2_ws/install/servo_steering/lib/python3.12/site-packages:${PYTHONPATH} /usr/bin/python3 -W ignore:setup.py install is deprecated -W ignore:easy_install command is deprecated setup.py egg_info --egg-base ../../build/servo_steering build --build-base /home/epiibots/ros2_ws/build/servo_steering/build install --record /home/epiibots/ros2_ws/build/servo_steering/install.log --single-version-externally-managed install_data
[1.831s] running egg_info
[1.869s] writing ../../build/servo_steering/servo_steering.egg-info/PKG-INFO
[1.869s] writing dependency_links to ../../build/servo_steering/servo_steering.egg-info/dependency_links.txt
[1.870s] writing entry points to ../../build/servo_steering/servo_steering.egg-info/entry_points.txt
[1.871s] writing requirements to ../../build/servo_steering/servo_steering.egg-info/requires.txt
[1.871s] writing top-level names to ../../build/servo_steering/servo_steering.egg-info/top_level.txt
[1.925s] reading manifest file '../../build/servo_steering/servo_steering.egg-info/SOURCES.txt'
[1.926s] writing manifest file '../../build/servo_steering/servo_steering.egg-info/SOURCES.txt'
[1.926s] running build
[1.927s] running build_py
[1.927s] running install
[1.937s] running install_lib
[1.966s] running install_data
[1.967s] running install_egg_info
[1.995s] removing '/home/epiibots/ros2_ws/install/servo_steering/lib/python3.12/site-packages/servo_steering-0.1.0-py3.12.egg-info' (and everything under it)
[1.995s] Copying ../../build/servo_steering/servo_steering.egg-info to /home/epiibots/ros2_ws/install/servo_steering/lib/python3.12/site-packages/servo_steering-0.1.0-py3.12.egg-info
[1.995s] running install_scripts
[2.171s] Installing motor_node script to /home/epiibots/ros2_ws/install/servo_steering/lib/servo_steering
[2.171s] Installing servo_node script to /home/epiibots/ros2_ws/install/servo_steering/lib/servo_steering
[2.173s] Installing teleopo script to /home/epiibots/ros2_ws/install/servo_steering/lib/servo_steering
[2.175s] writing list of installed files to '/home/epiibots/ros2_ws/build/servo_steering/install.log'
[2.255s] Invoked command in '/home/epiibots/ros2_ws/src/servo_steering' returned '0': DEBUGINFOD_URLS=https://debuginfod.ubuntu.com PYTHONPATH=/home/epiibots/ros2_ws/build/servo_steering/prefix_override:/usr/lib/python3/dist-packages/colcon_core/task/python/colcon_distutils_commands:/home/epiibots/ros2_ws/install/servo_steering/lib/python3.12/site-packages:${PYTHONPATH} /usr/bin/python3 -W ignore:setup.py install is deprecated -W ignore:easy_install command is deprecated setup.py egg_info --egg-base ../../build/servo_steering build --build-base /home/epiibots/ros2_ws/build/servo_steering/build install --record /home/epiibots/ros2_ws/build/servo_steering/install.log --single-version-externally-managed install_data
