[0.356s] Invoking command in '/home/epiibots/ros2_ws/build/sllidar_ros2': CMAKE_PREFIX_PATH=${CMAKE_PREFIX_PATH}:/opt/ros/jazzy DEBUGINFOD_URLS=https://debuginfod.ubuntu.com /usr/bin/cmake --build /home/epiibots/ros2_ws/build/sllidar_ros2 -- -j4 -l4
[0.900s] [ 90%] Built target sllidar_node
[0.900s] [100%] Built target sllidar_client
[0.956s] Invoked command in '/home/epiibots/ros2_ws/build/sllidar_ros2' returned '0': CMAKE_PREFIX_PATH=${CMAKE_PREFIX_PATH}:/opt/ros/jazzy DEBUGINFOD_URLS=https://debuginfod.ubuntu.com /usr/bin/cmake --build /home/epiibots/ros2_ws/build/sllidar_ros2 -- -j4 -l4
[1.010s] Invoking command in '/home/epiibots/ros2_ws/build/sllidar_ros2': CMAKE_PREFIX_PATH=${CMAKE_PREFIX_PATH}:/opt/ros/jazzy DEBUGINFOD_URLS=https://debuginfod.ubuntu.com /usr/bin/cmake --install /home/epiibots/ros2_ws/build/sllidar_ros2
[1.082s] -- Install configuration: ""
[1.083s] -- Execute custom install script
[1.091s] -- Up-to-date symlink: /home/epiibots/ros2_ws/install/sllidar_ros2/share/sllidar_ros2/launch/sllidar_a1_launch.py
[1.092s] -- Up-to-date symlink: /home/epiibots/ros2_ws/install/sllidar_ros2/share/sllidar_ros2/launch/sllidar_a2m12_launch .py
[1.094s] -- Up-to-date symlink: /home/epiibots/ros2_ws/install/sllidar_ros2/share/sllidar_ros2/launch/sllidar_a2m7_launch.py
[1.095s] -- Up-to-date symlink: /home/epiibots/ros2_ws/install/sllidar_ros2/share/sllidar_ros2/launch/sllidar_a2m8_launch.py
[1.096s] -- Up-to-date symlink: /home/epiibots/ros2_ws/install/sllidar_ros2/share/sllidar_ros2/launch/sllidar_a3_launch.py
[1.102s] -- Up-to-date symlink: /home/epiibots/ros2_ws/install/sllidar_ros2/share/sllidar_ros2/launch/sllidar_c1_launch.py
[1.105s] -- Up-to-date symlink: /home/epiibots/ros2_ws/install/sllidar_ros2/share/sllidar_ros2/launch/sllidar_s1_launch.py
[1.107s] -- Up-to-date symlink: /home/epiibots/ros2_ws/install/sllidar_ros2/share/sllidar_ros2/launch/sllidar_s1_tcp_launch.py
[1.110s] -- Up-to-date symlink: /home/epiibots/ros2_ws/install/sllidar_ros2/share/sllidar_ros2/launch/sllidar_s2_launch.py
[1.111s] -- Up-to-date symlink: /home/epiibots/ros2_ws/install/sllidar_ros2/share/sllidar_ros2/launch/sllidar_s2e_launch.py
[1.116s] -- Up-to-date symlink: /home/epiibots/ros2_ws/install/sllidar_ros2/share/sllidar_ros2/launch/sllidar_s3_launch.py
[1.116s] -- Up-to-date symlink: /home/epiibots/ros2_ws/install/sllidar_ros2/share/sllidar_ros2/launch/sllidar_t1_launch.py
[1.116s] -- Up-to-date symlink: /home/epiibots/ros2_ws/install/sllidar_ros2/share/sllidar_ros2/launch/view_sllidar_a1_launch.py
[1.116s] -- Up-to-date symlink: /home/epiibots/ros2_ws/install/sllidar_ros2/share/sllidar_ros2/launch/view_sllidar_a2m12_launch.py
[1.116s] -- Up-to-date symlink: /home/epiibots/ros2_ws/install/sllidar_ros2/share/sllidar_ros2/launch/view_sllidar_a2m7_launch.py
[1.117s] -- Up-to-date symlink: /home/epiibots/ros2_ws/install/sllidar_ros2/share/sllidar_ros2/launch/view_sllidar_a2m8_launch.py
[1.117s] -- Up-to-date symlink: /home/epiibots/ros2_ws/install/sllidar_ros2/share/sllidar_ros2/launch/view_sllidar_a3_launch.py
[1.117s] -- Up-to-date symlink: /home/epiibots/ros2_ws/install/sllidar_ros2/share/sllidar_ros2/launch/view_sllidar_c1_launch.py
[1.119s] -- Up-to-date symlink: /home/epiibots/ros2_ws/install/sllidar_ros2/share/sllidar_ros2/launch/view_sllidar_s1_launch.py
[1.120s] -- Up-to-date symlink: /home/epiibots/ros2_ws/install/sllidar_ros2/share/sllidar_ros2/launch/view_sllidar_s1_tcp_launch.py
[1.124s] -- Up-to-date symlink: /home/epiibots/ros2_ws/install/sllidar_ros2/share/sllidar_ros2/launch/view_sllidar_s2_launch.py
[1.128s] -- Up-to-date symlink: /home/epiibots/ros2_ws/install/sllidar_ros2/share/sllidar_ros2/launch/view_sllidar_s2e_launch.py
[1.129s] -- Up-to-date symlink: /home/epiibots/ros2_ws/install/sllidar_ros2/share/sllidar_ros2/launch/view_sllidar_s3_launch.py
[1.129s] -- Up-to-date symlink: /home/epiibots/ros2_ws/install/sllidar_ros2/share/sllidar_ros2/launch/view_sllidar_t1_launch.py
[1.134s] -- Up-to-date symlink: /home/epiibots/ros2_ws/install/sllidar_ros2/share/sllidar_ros2/rviz/sllidar_ros2.rviz
[1.135s] -- Up-to-date symlink: /home/epiibots/ros2_ws/install/sllidar_ros2/lib/sllidar_ros2/sllidar_node
[1.136s] -- Up-to-date symlink: /home/epiibots/ros2_ws/install/sllidar_ros2/lib/sllidar_ros2/sllidar_client
[1.137s] -- Up-to-date symlink: /home/epiibots/ros2_ws/install/sllidar_ros2/share/ament_index/resource_index/package_run_dependencies/sllidar_ros2
[1.137s] -- Up-to-date symlink: /home/epiibots/ros2_ws/install/sllidar_ros2/share/ament_index/resource_index/parent_prefix_path/sllidar_ros2
[1.138s] -- Up-to-date symlink: /home/epiibots/ros2_ws/install/sllidar_ros2/share/sllidar_ros2/environment/ament_prefix_path.sh
[1.139s] -- Up-to-date symlink: /home/epiibots/ros2_ws/install/sllidar_ros2/share/sllidar_ros2/environment/ament_prefix_path.dsv
[1.140s] -- Up-to-date symlink: /home/epiibots/ros2_ws/install/sllidar_ros2/share/sllidar_ros2/environment/path.sh
[1.141s] -- Up-to-date symlink: /home/epiibots/ros2_ws/install/sllidar_ros2/share/sllidar_ros2/environment/path.dsv
[1.142s] -- Up-to-date symlink: /home/epiibots/ros2_ws/install/sllidar_ros2/share/sllidar_ros2/local_setup.bash
[1.143s] -- Up-to-date symlink: /home/epiibots/ros2_ws/install/sllidar_ros2/share/sllidar_ros2/local_setup.sh
[1.144s] -- Up-to-date symlink: /home/epiibots/ros2_ws/install/sllidar_ros2/share/sllidar_ros2/local_setup.zsh
[1.145s] -- Up-to-date symlink: /home/epiibots/ros2_ws/install/sllidar_ros2/share/sllidar_ros2/local_setup.dsv
[1.147s] -- Symlinking: /home/epiibots/ros2_ws/install/sllidar_ros2/share/sllidar_ros2/package.dsv
[1.175s] -- Up-to-date symlink: /home/epiibots/ros2_ws/install/sllidar_ros2/share/ament_index/resource_index/packages/sllidar_ros2
[1.177s] -- Up-to-date symlink: /home/epiibots/ros2_ws/install/sllidar_ros2/share/sllidar_ros2/cmake/ament_cmake_export_dependencies-extras.cmake
[1.178s] -- Up-to-date symlink: /home/epiibots/ros2_ws/install/sllidar_ros2/share/sllidar_ros2/cmake/ament_cmake_export_include_directories-extras.cmake
[1.179s] -- Up-to-date symlink: /home/epiibots/ros2_ws/install/sllidar_ros2/share/sllidar_ros2/cmake/sllidar_ros2Config.cmake
[1.181s] -- Up-to-date symlink: /home/epiibots/ros2_ws/install/sllidar_ros2/share/sllidar_ros2/cmake/sllidar_ros2Config-version.cmake
[1.182s] -- Up-to-date symlink: /home/epiibots/ros2_ws/install/sllidar_ros2/share/sllidar_ros2/package.xml
[1.184s] Invoked command in '/home/epiibots/ros2_ws/build/sllidar_ros2' returned '0': CMAKE_PREFIX_PATH=${CMAKE_PREFIX_PATH}:/opt/ros/jazzy DEBUGINFOD_URLS=https://debuginfod.ubuntu.com /usr/bin/cmake --install /home/epiibots/ros2_ws/build/sllidar_ros2
