[5.750s] Invoking command in '/home/epiibots/ros2_ws/src/bno055': DEBUGINFOD_URLS=https://debuginfod.ubuntu.com PYTHONPATH=/home/epiibots/ros2_ws/build/bno055/prefix_override:/usr/lib/python3/dist-packages/colcon_core/task/python/colcon_distutils_commands:/home/epiibots/ros2_ws/install/bno055/lib/python3.12/site-packages:${PYTHONPATH} /usr/bin/python3 -W ignore:setup.py install is deprecated -W ignore:easy_install command is deprecated setup.py egg_info --egg-base ../../build/bno055 build --build-base /home/epiibots/ros2_ws/build/bno055/build install --record /home/epiibots/ros2_ws/build/bno055/install.log --single-version-externally-managed install_data
[6.703s] running egg_info
[6.741s] writing ../../build/bno055/bno055.egg-info/PKG-INFO
[6.742s] writing dependency_links to ../../build/bno055/bno055.egg-info/dependency_links.txt
[6.747s] writing entry points to ../../build/bno055/bno055.egg-info/entry_points.txt
[6.749s] writing requirements to ../../build/bno055/bno055.egg-info/requires.txt
[6.752s] writing top-level names to ../../build/bno055/bno055.egg-info/top_level.txt
[6.959s] reading manifest file '../../build/bno055/bno055.egg-info/SOURCES.txt'
[6.962s] adding license file 'LICENSE'
[6.965s] adding license file 'AUTHORS'
[6.971s] writing manifest file '../../build/bno055/bno055.egg-info/SOURCES.txt'
[6.971s] running build
[6.972s] running build_py
[6.984s] running install
[7.003s] running install_lib
[7.098s] running install_data
[7.099s] running install_egg_info
[7.212s] removing '/home/epiibots/ros2_ws/install/bno055/lib/python3.12/site-packages/bno055-0.5.0-py3.12.egg-info' (and everything under it)
[7.215s] Copying ../../build/bno055/bno055.egg-info to /home/epiibots/ros2_ws/install/bno055/lib/python3.12/site-packages/bno055-0.5.0-py3.12.egg-info
[7.225s] running install_scripts
[7.822s] Installing bno055 script to /home/epiibots/ros2_ws/install/bno055/lib/bno055
[7.822s] writing list of installed files to '/home/epiibots/ros2_ws/build/bno055/install.log'
[8.152s] Invoked command in '/home/epiibots/ros2_ws/src/bno055' returned '0': DEBUGINFOD_URLS=https://debuginfod.ubuntu.com PYTHONPATH=/home/epiibots/ros2_ws/build/bno055/prefix_override:/usr/lib/python3/dist-packages/colcon_core/task/python/colcon_distutils_commands:/home/epiibots/ros2_ws/install/bno055/lib/python3.12/site-packages:${PYTHONPATH} /usr/bin/python3 -W ignore:setup.py install is deprecated -W ignore:easy_install command is deprecated setup.py egg_info --egg-base ../../build/bno055 build --build-base /home/epiibots/ros2_ws/build/bno055/build install --record /home/epiibots/ros2_ws/build/bno055/install.log --single-version-externally-managed install_data
